[ 2016-09-17T08:51:14+08:00 ] 127.0.0.1 /sign-f2f/wx/indexApi
INFO: [ app_init ] --START--
INFO: Run Behavior\BuildLiteBehavior [ RunTime:0.000016s ]
INFO: [ app_init ] --END-- [ RunTime:0.000118s ]
INFO: [ app_begin ] --START--
INFO: Run Behavior\ReadHtmlCacheBehavior [ RunTime:0.000054s ]
INFO: [ app_begin ] --END-- [ RunTime:0.000097s ]
NOTIC: [8] Undefined index: persistent /weixin/webdata/sign-f2f/ThinkPHP/Library/Think/Cache/Driver/Redis.class.php 第 41 行.
NOTIC: [8] Undefined index: timeout /weixin/webdata/sign-f2f/ThinkPHP/Library/Think/Cache/Driver/Redis.class.php 第 43 行.
NOTIC: [8] Undefined index: timeout /weixin/webdata/sign-f2f/ThinkPHP/Library/Think/Cache/Driver/Redis.class.php 第 45 行.
SQL: SHOW COLUMNS FROM `ini` [ RunTime:0.0007s ]
SQL: SELECT * FROM `ini`  [ RunTime:0.0001s ]
SQL: SHOW COLUMNS FROM `common` [ RunTime:0.0005s ]
SQL: SELECT * FROM `common` WHERE `power` = 0  [ RunTime:0.0001s ]

[ 2016-09-17T08:51:19+08:00 ] 127.0.0.1 /sign-f2f/wx/adminApi/getSignHistory
INFO: [ app_init ] --START--
INFO: Run Behavior\BuildLiteBehavior [ RunTime:0.000023s ]
INFO: [ app_init ] --END-- [ RunTime:0.000165s ]
INFO: [ app_begin ] --START--
INFO: Run Behavior\ReadHtmlCacheBehavior [ RunTime:0.000078s ]
INFO: [ app_begin ] --END-- [ RunTime:0.000149s ]
NOTIC: [8] Undefined index: persistent /weixin/webdata/sign-f2f/ThinkPHP/Library/Think/Cache/Driver/Redis.class.php 第 41 行.
NOTIC: [8] Undefined index: timeout /weixin/webdata/sign-f2f/ThinkPHP/Library/Think/Cache/Driver/Redis.class.php 第 43 行.
NOTIC: [8] Undefined index: timeout /weixin/webdata/sign-f2f/ThinkPHP/Library/Think/Cache/Driver/Redis.class.php 第 45 行.
SQL: SHOW COLUMNS FROM `ini` [ RunTime:0.0007s ]
SQL: SELECT * FROM `ini`  [ RunTime:0.0001s ]

[ 2016-09-17T08:51:20+08:00 ] 127.0.0.1 /sign-f2f/wx/indexApi
INFO: [ app_init ] --START--
INFO: Run Behavior\BuildLiteBehavior [ RunTime:0.000022s ]
INFO: [ app_init ] --END-- [ RunTime:0.000145s ]
INFO: [ app_begin ] --START--
INFO: Run Behavior\ReadHtmlCacheBehavior [ RunTime:0.000062s ]
INFO: [ app_begin ] --END-- [ RunTime:0.000131s ]
NOTIC: [8] Undefined index: persistent /weixin/webdata/sign-f2f/ThinkPHP/Library/Think/Cache/Driver/Redis.class.php 第 41 行.
NOTIC: [8] Undefined index: timeout /weixin/webdata/sign-f2f/ThinkPHP/Library/Think/Cache/Driver/Redis.class.php 第 43 行.
NOTIC: [8] Undefined index: timeout /weixin/webdata/sign-f2f/ThinkPHP/Library/Think/Cache/Driver/Redis.class.php 第 45 行.
SQL: SHOW COLUMNS FROM `ini` [ RunTime:0.0010s ]
SQL: SELECT * FROM `ini`  [ RunTime:0.0002s ]
SQL: SHOW COLUMNS FROM `common` [ RunTime:0.0009s ]
SQL: SELECT * FROM `common` WHERE `power` = 0  [ RunTime:0.0001s ]

[ 2016-09-17T08:51:23+08:00 ] 127.0.0.1 /sign-f2f/wx/adminApi/getSignSpace
INFO: [ app_init ] --START--
INFO: Run Behavior\BuildLiteBehavior [ RunTime:0.000023s ]
INFO: [ app_init ] --END-- [ RunTime:0.000176s ]
INFO: [ app_begin ] --START--
INFO: Run Behavior\ReadHtmlCacheBehavior [ RunTime:0.000092s ]
INFO: [ app_begin ] --END-- [ RunTime:0.000163s ]
NOTIC: [8] Undefined index: persistent /weixin/webdata/sign-f2f/ThinkPHP/Library/Think/Cache/Driver/Redis.class.php 第 41 行.
NOTIC: [8] Undefined index: timeout /weixin/webdata/sign-f2f/ThinkPHP/Library/Think/Cache/Driver/Redis.class.php 第 43 行.
NOTIC: [8] Undefined index: timeout /weixin/webdata/sign-f2f/ThinkPHP/Library/Think/Cache/Driver/Redis.class.php 第 45 行.
SQL: SHOW COLUMNS FROM `ini` [ RunTime:0.0010s ]
SQL: SELECT * FROM `ini`  [ RunTime:0.0002s ]

[ 2016-09-17T08:51:25+08:00 ] 127.0.0.1 /sign-f2f/wx/indexApi
INFO: [ app_init ] --START--
INFO: Run Behavior\BuildLiteBehavior [ RunTime:0.000022s ]
INFO: [ app_init ] --END-- [ RunTime:0.000148s ]
INFO: [ app_begin ] --START--
INFO: Run Behavior\ReadHtmlCacheBehavior [ RunTime:0.000063s ]
INFO: [ app_begin ] --END-- [ RunTime:0.000132s ]
NOTIC: [8] Undefined index: persistent /weixin/webdata/sign-f2f/ThinkPHP/Library/Think/Cache/Driver/Redis.class.php 第 41 行.
NOTIC: [8] Undefined index: timeout /weixin/webdata/sign-f2f/ThinkPHP/Library/Think/Cache/Driver/Redis.class.php 第 43 行.
NOTIC: [8] Undefined index: timeout /weixin/webdata/sign-f2f/ThinkPHP/Library/Think/Cache/Driver/Redis.class.php 第 45 行.
SQL: SHOW COLUMNS FROM `ini` [ RunTime:0.0010s ]
SQL: SELECT * FROM `ini`  [ RunTime:0.0002s ]
SQL: SHOW COLUMNS FROM `common` [ RunTime:0.0008s ]
SQL: SELECT * FROM `common` WHERE `power` = 0  [ RunTime:0.0001s ]

[ 2016-09-17T11:57:34+08:00 ] 127.0.0.1 /sign-f2f/wx/indexApi
INFO: [ app_init ] --START--
INFO: Run Behavior\BuildLiteBehavior [ RunTime:0.000027s ]
INFO: [ app_init ] --END-- [ RunTime:0.000221s ]
INFO: [ app_begin ] --START--
INFO: Run Behavior\ReadHtmlCacheBehavior [ RunTime:0.000093s ]
INFO: [ app_begin ] --END-- [ RunTime:0.000164s ]
NOTIC: [8] Undefined index: persistent /weixin/webdata/sign-f2f/ThinkPHP/Library/Think/Cache/Driver/Redis.class.php 第 41 行.
NOTIC: [8] Undefined index: timeout /weixin/webdata/sign-f2f/ThinkPHP/Library/Think/Cache/Driver/Redis.class.php 第 43 行.
NOTIC: [8] Undefined index: timeout /weixin/webdata/sign-f2f/ThinkPHP/Library/Think/Cache/Driver/Redis.class.php 第 45 行.
SQL: SHOW COLUMNS FROM `ini` [ RunTime:0.0135s ]
SQL: SELECT * FROM `ini`  [ RunTime:0.0002s ]
SQL: SHOW COLUMNS FROM `common` [ RunTime:0.0009s ]
SQL: SELECT * FROM `common` WHERE `power` = 0  [ RunTime:0.0002s ]

[ 2016-09-17T12:09:13+08:00 ] 127.0.0.1 /sign-f2f/wx/indexApi
INFO: [ app_init ] --START--
INFO: Run Behavior\BuildLiteBehavior [ RunTime:0.000015s ]
INFO: [ app_init ] --END-- [ RunTime:0.000122s ]
INFO: [ app_begin ] --START--
INFO: Run Behavior\ReadHtmlCacheBehavior [ RunTime:0.000047s ]
INFO: [ app_begin ] --END-- [ RunTime:0.000088s ]
NOTIC: [8] Undefined index: persistent /weixin/webdata/sign-f2f/ThinkPHP/Library/Think/Cache/Driver/Redis.class.php 第 41 行.
NOTIC: [8] Undefined index: timeout /weixin/webdata/sign-f2f/ThinkPHP/Library/Think/Cache/Driver/Redis.class.php 第 43 行.
NOTIC: [8] Undefined index: timeout /weixin/webdata/sign-f2f/ThinkPHP/Library/Think/Cache/Driver/Redis.class.php 第 45 行.
SQL: SHOW COLUMNS FROM `ini` [ RunTime:0.0007s ]
SQL: SELECT * FROM `ini`  [ RunTime:0.0001s ]
SQL: SHOW COLUMNS FROM `common` [ RunTime:0.0005s ]
SQL: SELECT * FROM `common` WHERE `power` = 0  [ RunTime:0.0001s ]

[ 2016-09-17T12:09:17+08:00 ] 127.0.0.1 /sign-f2f/wx/studentApi/getConfig?url=http:%2F%2Fwechat.hnust.cn%2Fsign-f2f%2Fwx%3Fv%3D160531
INFO: [ app_init ] --START--
INFO: Run Behavior\BuildLiteBehavior [ RunTime:0.000031s ]
INFO: [ app_init ] --END-- [ RunTime:0.000176s ]
INFO: [ app_begin ] --START--
INFO: Run Behavior\ReadHtmlCacheBehavior [ RunTime:0.000078s ]
INFO: [ app_begin ] --END-- [ RunTime:0.000155s ]
NOTIC: [8] Undefined index: persistent /weixin/webdata/sign-f2f/ThinkPHP/Library/Think/Cache/Driver/Redis.class.php 第 41 行.
NOTIC: [8] Undefined index: timeout /weixin/webdata/sign-f2f/ThinkPHP/Library/Think/Cache/Driver/Redis.class.php 第 43 行.
NOTIC: [8] Undefined index: timeout /weixin/webdata/sign-f2f/ThinkPHP/Library/Think/Cache/Driver/Redis.class.php 第 45 行.
SQL: SHOW COLUMNS FROM `ini` [ RunTime:0.0010s ]
SQL: SELECT * FROM `ini`  [ RunTime:0.0002s ]

[ 2016-09-17T12:09:18+08:00 ] 127.0.0.1 /sign-f2f/wx/indexApi
INFO: [ app_init ] --START--
INFO: Run Behavior\BuildLiteBehavior [ RunTime:0.000020s ]
INFO: [ app_init ] --END-- [ RunTime:0.000139s ]
INFO: [ app_begin ] --START--
INFO: Run Behavior\ReadHtmlCacheBehavior [ RunTime:0.000063s ]
INFO: [ app_begin ] --END-- [ RunTime:0.000131s ]
NOTIC: [8] Undefined index: persistent /weixin/webdata/sign-f2f/ThinkPHP/Library/Think/Cache/Driver/Redis.class.php 第 41 行.
NOTIC: [8] Undefined index: timeout /weixin/webdata/sign-f2f/ThinkPHP/Library/Think/Cache/Driver/Redis.class.php 第 43 行.
NOTIC: [8] Undefined index: timeout /weixin/webdata/sign-f2f/ThinkPHP/Library/Think/Cache/Driver/Redis.class.php 第 45 行.
SQL: SHOW COLUMNS FROM `ini` [ RunTime:0.0010s ]
SQL: SELECT * FROM `ini`  [ RunTime:0.0002s ]
SQL: SHOW COLUMNS FROM `common` [ RunTime:0.0008s ]
SQL: SELECT * FROM `common` WHERE `power` = 0  [ RunTime:0.0001s ]

[ 2016-09-17T12:09:19+08:00 ] 127.0.0.1 /sign-f2f/wx/studentApi/getQRCode
INFO: [ app_init ] --START--
INFO: Run Behavior\BuildLiteBehavior [ RunTime:0.000023s ]
INFO: [ app_init ] --END-- [ RunTime:0.000193s ]
INFO: [ app_begin ] --START--
INFO: Run Behavior\ReadHtmlCacheBehavior [ RunTime:0.000068s ]
INFO: [ app_begin ] --END-- [ RunTime:0.000137s ]
NOTIC: [8] Undefined index: persistent /weixin/webdata/sign-f2f/ThinkPHP/Library/Think/Cache/Driver/Redis.class.php 第 41 行.
NOTIC: [8] Undefined index: timeout /weixin/webdata/sign-f2f/ThinkPHP/Library/Think/Cache/Driver/Redis.class.php 第 43 行.
NOTIC: [8] Undefined index: timeout /weixin/webdata/sign-f2f/ThinkPHP/Library/Think/Cache/Driver/Redis.class.php 第 45 行.
SQL: SHOW COLUMNS FROM `ini` [ RunTime:0.0010s ]
SQL: SELECT * FROM `ini`  [ RunTime:0.0002s ]
SQL: SHOW COLUMNS FROM `sign_launch_temp` [ RunTime:0.0011s ]
SQL: SELECT * FROM `sign_launch_temp` WHERE `id` = 382 LIMIT 1   [ RunTime:0.0007s ]

[ 2016-09-17T12:09:20+08:00 ] 127.0.0.1 /sign-f2f/wx/adminApi/getSignHistory
INFO: [ app_init ] --START--
INFO: Run Behavior\BuildLiteBehavior [ RunTime:0.000022s ]
INFO: [ app_init ] --END-- [ RunTime:0.000153s ]
INFO: [ app_begin ] --START--
INFO: Run Behavior\ReadHtmlCacheBehavior [ RunTime:0.000086s ]
INFO: [ app_begin ] --END-- [ RunTime:0.000148s ]
NOTIC: [8] Undefined index: persistent /weixin/webdata/sign-f2f/ThinkPHP/Library/Think/Cache/Driver/Redis.class.php 第 41 行.
NOTIC: [8] Undefined index: timeout /weixin/webdata/sign-f2f/ThinkPHP/Library/Think/Cache/Driver/Redis.class.php 第 43 行.
NOTIC: [8] Undefined index: timeout /weixin/webdata/sign-f2f/ThinkPHP/Library/Think/Cache/Driver/Redis.class.php 第 45 行.
SQL: SHOW COLUMNS FROM `ini` [ RunTime:0.0010s ]
SQL: SELECT * FROM `ini`  [ RunTime:0.0002s ]

[ 2016-09-17T12:09:27+08:00 ] 127.0.0.1 /sign-f2f/wx/adminApi/getSignList?signid=382&signname=%E4%B8%AD%E7%A7%8B%E8%8A%82%E8%8C%B6%E8%AF%9D%E4%BC%9A%E6%9A%A8%E7%A0%94%E7%A9%B6%E7%94%9F%E6%96%B0%E7%94%9F%E6%AC%A2%E8%BF%8E%E4%BC%9A
INFO: [ app_init ] --START--
INFO: Run Behavior\BuildLiteBehavior [ RunTime:0.000022s ]
INFO: [ app_init ] --END-- [ RunTime:0.000187s ]
INFO: [ app_begin ] --START--
INFO: Run Behavior\ReadHtmlCacheBehavior [ RunTime:0.000086s ]
INFO: [ app_begin ] --END-- [ RunTime:0.000155s ]
NOTIC: [8] Undefined index: persistent /weixin/webdata/sign-f2f/ThinkPHP/Library/Think/Cache/Driver/Redis.class.php 第 41 行.
NOTIC: [8] Undefined index: timeout /weixin/webdata/sign-f2f/ThinkPHP/Library/Think/Cache/Driver/Redis.class.php 第 43 行.
NOTIC: [8] Undefined index: timeout /weixin/webdata/sign-f2f/ThinkPHP/Library/Think/Cache/Driver/Redis.class.php 第 45 行.
SQL: SHOW COLUMNS FROM `ini` [ RunTime:0.0010s ]
SQL: SELECT * FROM `ini`  [ RunTime:0.0002s ]

[ 2016-09-17T12:09:44+08:00 ] 127.0.0.1 /sign-f2f/wx/adminApi/getSignHistory
INFO: [ app_init ] --START--
INFO: Run Behavior\BuildLiteBehavior [ RunTime:0.000015s ]
INFO: [ app_init ] --END-- [ RunTime:0.000119s ]
INFO: [ app_begin ] --START--
INFO: Run Behavior\ReadHtmlCacheBehavior [ RunTime:0.000067s ]
INFO: [ app_begin ] --END-- [ RunTime:0.000110s ]
NOTIC: [8] Undefined index: persistent /weixin/webdata/sign-f2f/ThinkPHP/Library/Think/Cache/Driver/Redis.class.php 第 41 行.
NOTIC: [8] Undefined index: timeout /weixin/webdata/sign-f2f/ThinkPHP/Library/Think/Cache/Driver/Redis.class.php 第 43 行.
NOTIC: [8] Undefined index: timeout /weixin/webdata/sign-f2f/ThinkPHP/Library/Think/Cache/Driver/Redis.class.php 第 45 行.
SQL: SHOW COLUMNS FROM `ini` [ RunTime:0.0007s ]
SQL: SELECT * FROM `ini`  [ RunTime:0.0001s ]

[ 2016-09-17T12:09:45+08:00 ] 127.0.0.1 /sign-f2f/wx/indexApi
INFO: [ app_init ] --START--
INFO: Run Behavior\BuildLiteBehavior [ RunTime:0.000022s ]
INFO: [ app_init ] --END-- [ RunTime:0.000148s ]
INFO: [ app_begin ] --START--
INFO: Run Behavior\ReadHtmlCacheBehavior [ RunTime:0.000063s ]
INFO: [ app_begin ] --END-- [ RunTime:0.000131s ]
NOTIC: [8] Undefined index: persistent /weixin/webdata/sign-f2f/ThinkPHP/Library/Think/Cache/Driver/Redis.class.php 第 41 行.
NOTIC: [8] Undefined index: timeout /weixin/webdata/sign-f2f/ThinkPHP/Library/Think/Cache/Driver/Redis.class.php 第 43 行.
NOTIC: [8] Undefined index: timeout /weixin/webdata/sign-f2f/ThinkPHP/Library/Think/Cache/Driver/Redis.class.php 第 45 行.
SQL: SHOW COLUMNS FROM `ini` [ RunTime:0.0010s ]
SQL: SELECT * FROM `ini`  [ RunTime:0.0002s ]
SQL: SHOW COLUMNS FROM `common` [ RunTime:0.0006s ]
SQL: SELECT * FROM `common` WHERE `power` = 0  [ RunTime:0.0001s ]

[ 2016-09-17T12:13:33+08:00 ] 127.0.0.1 /sign-f2f/wx/indexApi
INFO: [ app_init ] --START--
INFO: Run Behavior\BuildLiteBehavior [ RunTime:0.000015s ]
INFO: [ app_init ] --END-- [ RunTime:0.000104s ]
INFO: [ app_begin ] --START--
INFO: Run Behavior\ReadHtmlCacheBehavior [ RunTime:0.000047s ]
INFO: [ app_begin ] --END-- [ RunTime:0.000089s ]
NOTIC: [8] Undefined index: persistent /weixin/webdata/sign-f2f/ThinkPHP/Library/Think/Cache/Driver/Redis.class.php 第 41 行.
NOTIC: [8] Undefined index: timeout /weixin/webdata/sign-f2f/ThinkPHP/Library/Think/Cache/Driver/Redis.class.php 第 43 行.
NOTIC: [8] Undefined index: timeout /weixin/webdata/sign-f2f/ThinkPHP/Library/Think/Cache/Driver/Redis.class.php 第 45 行.
SQL: SHOW COLUMNS FROM `ini` [ RunTime:0.0007s ]
SQL: SELECT * FROM `ini`  [ RunTime:0.0001s ]
SQL: SHOW COLUMNS FROM `common` [ RunTime:0.0005s ]
SQL: SELECT * FROM `common` WHERE `power` = 0  [ RunTime:0.0001s ]

[ 2016-09-17T12:40:53+08:00 ] 127.0.0.1 /sign-f2f/wx/indexApi
INFO: [ app_init ] --START--
INFO: Run Behavior\BuildLiteBehavior [ RunTime:0.000015s ]
INFO: [ app_init ] --END-- [ RunTime:0.000104s ]
INFO: [ app_begin ] --START--
INFO: Run Behavior\ReadHtmlCacheBehavior [ RunTime:0.000052s ]
INFO: [ app_begin ] --END-- [ RunTime:0.000095s ]
NOTIC: [8] Undefined index: persistent /weixin/webdata/sign-f2f/ThinkPHP/Library/Think/Cache/Driver/Redis.class.php 第 41 行.
NOTIC: [8] Undefined index: timeout /weixin/webdata/sign-f2f/ThinkPHP/Library/Think/Cache/Driver/Redis.class.php 第 43 行.
NOTIC: [8] Undefined index: timeout /weixin/webdata/sign-f2f/ThinkPHP/Library/Think/Cache/Driver/Redis.class.php 第 45 行.

[ 2016-09-17T12:40:56+08:00 ] 127.0.0.1 /sign-f2f/wx/indexApi
INFO: [ app_init ] --START--
INFO: Run Behavior\BuildLiteBehavior [ RunTime:0.000022s ]
INFO: [ app_init ] --END-- [ RunTime:0.000194s ]
INFO: [ app_begin ] --START--
INFO: Run Behavior\ReadHtmlCacheBehavior [ RunTime:0.000076s ]
INFO: [ app_begin ] --END-- [ RunTime:0.000144s ]
NOTIC: [8] Undefined index: persistent /weixin/webdata/sign-f2f/ThinkPHP/Library/Think/Cache/Driver/Redis.class.php 第 41 行.
NOTIC: [8] Undefined index: timeout /weixin/webdata/sign-f2f/ThinkPHP/Library/Think/Cache/Driver/Redis.class.php 第 43 行.
NOTIC: [8] Undefined index: timeout /weixin/webdata/sign-f2f/ThinkPHP/Library/Think/Cache/Driver/Redis.class.php 第 45 行.
SQL: SHOW COLUMNS FROM `ini` [ RunTime:0.0007s ]
SQL: SELECT * FROM `ini`  [ RunTime:0.0001s ]
SQL: SHOW COLUMNS FROM `common` [ RunTime:0.0006s ]
SQL: SELECT * FROM `common` WHERE `power` = 0  [ RunTime:0.0001s ]

[ 2016-09-17T12:41:58+08:00 ] 127.0.0.1 /sign-f2f/wx/indexApi
INFO: [ app_init ] --START--
INFO: Run Behavior\BuildLiteBehavior [ RunTime:0.000015s ]
INFO: [ app_init ] --END-- [ RunTime:0.000112s ]
INFO: [ app_begin ] --START--
INFO: Run Behavior\ReadHtmlCacheBehavior [ RunTime:0.000048s ]
INFO: [ app_begin ] --END-- [ RunTime:0.000090s ]
NOTIC: [8] Undefined index: persistent /weixin/webdata/sign-f2f/ThinkPHP/Library/Think/Cache/Driver/Redis.class.php 第 41 行.
NOTIC: [8] Undefined index: timeout /weixin/webdata/sign-f2f/ThinkPHP/Library/Think/Cache/Driver/Redis.class.php 第 43 行.
NOTIC: [8] Undefined index: timeout /weixin/webdata/sign-f2f/ThinkPHP/Library/Think/Cache/Driver/Redis.class.php 第 45 行.
SQL: SHOW COLUMNS FROM `ini` [ RunTime:0.0007s ]
SQL: SELECT * FROM `ini`  [ RunTime:0.0001s ]
SQL: SHOW COLUMNS FROM `common` [ RunTime:0.0006s ]
SQL: SELECT * FROM `common` WHERE `power` = 0  [ RunTime:0.0001s ]

[ 2016-09-17T14:31:26+08:00 ] 127.0.0.1 /sign-f2f/wx/indexApi
INFO: [ app_init ] --START--
INFO: Run Behavior\BuildLiteBehavior [ RunTime:0.000023s ]
INFO: [ app_init ] --END-- [ RunTime:0.000166s ]
INFO: [ app_begin ] --START--
INFO: Run Behavior\ReadHtmlCacheBehavior [ RunTime:0.000079s ]
INFO: [ app_begin ] --END-- [ RunTime:0.000148s ]
NOTIC: [8] Undefined index: persistent /weixin/webdata/sign-f2f/ThinkPHP/Library/Think/Cache/Driver/Redis.class.php 第 41 行.
NOTIC: [8] Undefined index: timeout /weixin/webdata/sign-f2f/ThinkPHP/Library/Think/Cache/Driver/Redis.class.php 第 43 行.
NOTIC: [8] Undefined index: timeout /weixin/webdata/sign-f2f/ThinkPHP/Library/Think/Cache/Driver/Redis.class.php 第 45 行.
SQL: SHOW COLUMNS FROM `ini` [ RunTime:0.0008s ]
SQL: SELECT * FROM `ini`  [ RunTime:0.0001s ]
SQL: SHOW COLUMNS FROM `common` [ RunTime:0.0005s ]
SQL: SELECT * FROM `common` WHERE `power` = 0  [ RunTime:0.0001s ]

[ 2016-09-17T14:59:28+08:00 ] 127.0.0.1 /sign-f2f/wx/indexApi
INFO: [ app_init ] --START--
INFO: Run Behavior\BuildLiteBehavior [ RunTime:0.000014s ]
INFO: [ app_init ] --END-- [ RunTime:0.000112s ]
INFO: [ app_begin ] --START--
INFO: Run Behavior\ReadHtmlCacheBehavior [ RunTime:0.000047s ]
INFO: [ app_begin ] --END-- [ RunTime:0.000089s ]
NOTIC: [8] Undefined index: persistent /weixin/webdata/sign-f2f/ThinkPHP/Library/Think/Cache/Driver/Redis.class.php 第 41 行.
NOTIC: [8] Undefined index: timeout /weixin/webdata/sign-f2f/ThinkPHP/Library/Think/Cache/Driver/Redis.class.php 第 43 行.
NOTIC: [8] Undefined index: timeout /weixin/webdata/sign-f2f/ThinkPHP/Library/Think/Cache/Driver/Redis.class.php 第 45 行.

[ 2016-09-17T16:04:28+08:00 ] 127.0.0.1 /sign-f2f/wx/indexApi
INFO: [ app_init ] --START--
INFO: Run Behavior\BuildLiteBehavior [ RunTime:0.000021s ]
INFO: [ app_init ] --END-- [ RunTime:0.000152s ]
INFO: [ app_begin ] --START--
INFO: Run Behavior\ReadHtmlCacheBehavior [ RunTime:0.000097s ]
INFO: [ app_begin ] --END-- [ RunTime:0.000170s ]
NOTIC: [8] Undefined index: persistent /weixin/webdata/sign-f2f/ThinkPHP/Library/Think/Cache/Driver/Redis.class.php 第 41 行.
NOTIC: [8] Undefined index: timeout /weixin/webdata/sign-f2f/ThinkPHP/Library/Think/Cache/Driver/Redis.class.php 第 43 行.
NOTIC: [8] Undefined index: timeout /weixin/webdata/sign-f2f/ThinkPHP/Library/Think/Cache/Driver/Redis.class.php 第 45 行.

[ 2016-09-17T16:04:30+08:00 ] 127.0.0.1 /sign-f2f/wx/indexApi
INFO: [ app_init ] --START--
INFO: Run Behavior\BuildLiteBehavior [ RunTime:0.000014s ]
INFO: [ app_init ] --END-- [ RunTime:0.000091s ]
INFO: [ app_begin ] --START--
INFO: Run Behavior\ReadHtmlCacheBehavior [ RunTime:0.000038s ]
INFO: [ app_begin ] --END-- [ RunTime:0.000079s ]
NOTIC: [8] Undefined index: persistent /weixin/webdata/sign-f2f/ThinkPHP/Library/Think/Cache/Driver/Redis.class.php 第 41 行.
NOTIC: [8] Undefined index: timeout /weixin/webdata/sign-f2f/ThinkPHP/Library/Think/Cache/Driver/Redis.class.php 第 43 行.
NOTIC: [8] Undefined index: timeout /weixin/webdata/sign-f2f/ThinkPHP/Library/Think/Cache/Driver/Redis.class.php 第 45 行.
SQL: SHOW COLUMNS FROM `ini` [ RunTime:0.0008s ]
SQL: SELECT * FROM `ini`  [ RunTime:0.0001s ]
SQL: SHOW COLUMNS FROM `common` [ RunTime:0.0006s ]
SQL: SELECT * FROM `common` WHERE `power` = 0  [ RunTime:0.0001s ]

[ 2016-09-17T16:24:41+08:00 ] 127.0.0.1 /sign-f2f/wx/indexApi
INFO: [ app_init ] --START--
INFO: Run Behavior\BuildLiteBehavior [ RunTime:0.000023s ]
INFO: [ app_init ] --END-- [ RunTime:0.000186s ]
INFO: [ app_begin ] --START--
INFO: Run Behavior\ReadHtmlCacheBehavior [ RunTime:0.000087s ]
INFO: [ app_begin ] --END-- [ RunTime:0.000164s ]
NOTIC: [8] Undefined index: persistent /weixin/webdata/sign-f2f/ThinkPHP/Library/Think/Cache/Driver/Redis.class.php 第 41 行.
NOTIC: [8] Undefined index: timeout /weixin/webdata/sign-f2f/ThinkPHP/Library/Think/Cache/Driver/Redis.class.php 第 43 行.
NOTIC: [8] Undefined index: timeout /weixin/webdata/sign-f2f/ThinkPHP/Library/Think/Cache/Driver/Redis.class.php 第 45 行.
SQL: SHOW COLUMNS FROM `ini` [ RunTime:0.0010s ]
SQL: SELECT * FROM `ini`  [ RunTime:0.0001s ]
SQL: SHOW COLUMNS FROM `common` [ RunTime:0.0006s ]
SQL: SELECT * FROM `common` WHERE `power` = 0  [ RunTime:0.0001s ]

[ 2016-09-17T16:53:15+08:00 ] 127.0.0.1 /sign-f2f/wx/indexApi
INFO: [ app_init ] --START--
INFO: Run Behavior\BuildLiteBehavior [ RunTime:0.000023s ]
INFO: [ app_init ] --END-- [ RunTime:0.000175s ]
INFO: [ app_begin ] --START--
INFO: Run Behavior\ReadHtmlCacheBehavior [ RunTime:0.000078s ]
INFO: [ app_begin ] --END-- [ RunTime:0.000149s ]
NOTIC: [8] Undefined index: persistent /weixin/webdata/sign-f2f/ThinkPHP/Library/Think/Cache/Driver/Redis.class.php 第 41 行.
NOTIC: [8] Undefined index: timeout /weixin/webdata/sign-f2f/ThinkPHP/Library/Think/Cache/Driver/Redis.class.php 第 43 行.
NOTIC: [8] Undefined index: timeout /weixin/webdata/sign-f2f/ThinkPHP/Library/Think/Cache/Driver/Redis.class.php 第 45 行.

[ 2016-09-17T16:53:18+08:00 ] 127.0.0.1 /sign-f2f/wx/indexApi
INFO: [ app_init ] --START--
INFO: Run Behavior\BuildLiteBehavior [ RunTime:0.000023s ]
INFO: [ app_init ] --END-- [ RunTime:0.000161s ]
INFO: [ app_begin ] --START--
INFO: Run Behavior\ReadHtmlCacheBehavior [ RunTime:0.000093s ]
INFO: [ app_begin ] --END-- [ RunTime:0.000165s ]
NOTIC: [8] Undefined index: persistent /weixin/webdata/sign-f2f/ThinkPHP/Library/Think/Cache/Driver/Redis.class.php 第 41 行.
NOTIC: [8] Undefined index: timeout /weixin/webdata/sign-f2f/ThinkPHP/Library/Think/Cache/Driver/Redis.class.php 第 43 行.
NOTIC: [8] Undefined index: timeout /weixin/webdata/sign-f2f/ThinkPHP/Library/Think/Cache/Driver/Redis.class.php 第 45 行.
SQL: SHOW COLUMNS FROM `ini` [ RunTime:0.0011s ]
SQL: SELECT * FROM `ini`  [ RunTime:0.0002s ]
SQL: SHOW COLUMNS FROM `common` [ RunTime:0.0009s ]
SQL: SELECT * FROM `common` WHERE `power` = 0  [ RunTime:0.0002s ]

[ 2016-09-17T17:37:49+08:00 ] 127.0.0.1 /sign-f2f/wx/indexApi
INFO: [ app_init ] --START--
INFO: Run Behavior\BuildLiteBehavior [ RunTime:0.000023s ]
INFO: [ app_init ] --END-- [ RunTime:0.000172s ]
INFO: [ app_begin ] --START--
INFO: Run Behavior\ReadHtmlCacheBehavior [ RunTime:0.000075s ]
INFO: [ app_begin ] --END-- [ RunTime:0.000146s ]
NOTIC: [8] Undefined index: persistent /weixin/webdata/sign-f2f/ThinkPHP/Library/Think/Cache/Driver/Redis.class.php 第 41 行.
NOTIC: [8] Undefined index: timeout /weixin/webdata/sign-f2f/ThinkPHP/Library/Think/Cache/Driver/Redis.class.php 第 43 行.
NOTIC: [8] Undefined index: timeout /weixin/webdata/sign-f2f/ThinkPHP/Library/Think/Cache/Driver/Redis.class.php 第 45 行.
SQL: SHOW COLUMNS FROM `ini` [ RunTime:0.0012s ]
SQL: SELECT * FROM `ini`  [ RunTime:0.0002s ]
SQL: SHOW COLUMNS FROM `common` [ RunTime:0.0008s ]
SQL: SELECT * FROM `common` WHERE `power` = 0  [ RunTime:0.0001s ]

[ 2016-09-17T17:37:59+08:00 ] 127.0.0.1 /sign-f2f/wx/studentApi/getConfig?url=http:%2F%2Fwechat.hnust.cn%2Fsign-f2f%2Fwx%3Fv%3D160531
INFO: [ app_init ] --START--
INFO: Run Behavior\BuildLiteBehavior [ RunTime:0.000022s ]
INFO: [ app_init ] --END-- [ RunTime:0.000170s ]
INFO: [ app_begin ] --START--
INFO: Run Behavior\ReadHtmlCacheBehavior [ RunTime:0.000083s ]
INFO: [ app_begin ] --END-- [ RunTime:0.000151s ]
NOTIC: [8] Undefined index: persistent /weixin/webdata/sign-f2f/ThinkPHP/Library/Think/Cache/Driver/Redis.class.php 第 41 行.
NOTIC: [8] Undefined index: timeout /weixin/webdata/sign-f2f/ThinkPHP/Library/Think/Cache/Driver/Redis.class.php 第 43 行.
NOTIC: [8] Undefined index: timeout /weixin/webdata/sign-f2f/ThinkPHP/Library/Think/Cache/Driver/Redis.class.php 第 45 行.
SQL: SHOW COLUMNS FROM `ini` [ RunTime:0.0010s ]
SQL: SELECT * FROM `ini`  [ RunTime:0.0002s ]

[ 2016-09-17T17:38:01+08:00 ] 127.0.0.1 /sign-f2f/wx/studentApi/fetchSignInfo
INFO: [ app_init ] --START--
INFO: Run Behavior\BuildLiteBehavior [ RunTime:0.000023s ]
INFO: [ app_init ] --END-- [ RunTime:0.000159s ]
INFO: [ app_begin ] --START--
INFO: Run Behavior\ReadHtmlCacheBehavior [ RunTime:0.000066s ]
INFO: [ app_begin ] --END-- [ RunTime:0.000139s ]
NOTIC: [8] Undefined index: persistent /weixin/webdata/sign-f2f/ThinkPHP/Library/Think/Cache/Driver/Redis.class.php 第 41 行.
NOTIC: [8] Undefined index: timeout /weixin/webdata/sign-f2f/ThinkPHP/Library/Think/Cache/Driver/Redis.class.php 第 43 行.
NOTIC: [8] Undefined index: timeout /weixin/webdata/sign-f2f/ThinkPHP/Library/Think/Cache/Driver/Redis.class.php 第 45 行.
SQL: SHOW COLUMNS FROM `ini` [ RunTime:0.0010s ]
SQL: SELECT * FROM `ini`  [ RunTime:0.0002s ]
SQL: SHOW COLUMNS FROM `sign_launch` [ RunTime:0.0010s ]
NOTIC: [8192] mysql_connect(): The mysql extension is deprecated and will be removed in the future: use mysqli or PDO instead /weixin/webdata/sign-f2f/Application/Wx/Model/SignLaunchModel.class.php 第 149 行.

[ 2016-09-17T17:38:08+08:00 ] 127.0.0.1 /sign-f2f/wx/indexApi
INFO: [ app_init ] --START--
INFO: Run Behavior\BuildLiteBehavior [ RunTime:0.000030s ]
INFO: [ app_init ] --END-- [ RunTime:0.000195s ]
INFO: [ app_begin ] --START--
INFO: Run Behavior\ReadHtmlCacheBehavior [ RunTime:0.000077s ]
INFO: [ app_begin ] --END-- [ RunTime:0.000145s ]
NOTIC: [8] Undefined index: persistent /weixin/webdata/sign-f2f/ThinkPHP/Library/Think/Cache/Driver/Redis.class.php 第 41 行.
NOTIC: [8] Undefined index: timeout /weixin/webdata/sign-f2f/ThinkPHP/Library/Think/Cache/Driver/Redis.class.php 第 43 行.
NOTIC: [8] Undefined index: timeout /weixin/webdata/sign-f2f/ThinkPHP/Library/Think/Cache/Driver/Redis.class.php 第 45 行.
SQL: SHOW COLUMNS FROM `ini` [ RunTime:0.0008s ]
SQL: SELECT * FROM `ini`  [ RunTime:0.0001s ]
SQL: SHOW COLUMNS FROM `common` [ RunTime:0.0005s ]
SQL: SELECT * FROM `common` WHERE `power` = 0  [ RunTime:0.0001s ]

[ 2016-09-17T17:38:16+08:00 ] 127.0.0.1 /sign-f2f/wx/studentApi/signLaunch
INFO: [ app_init ] --START--
INFO: Run Behavior\BuildLiteBehavior [ RunTime:0.000022s ]
INFO: [ app_init ] --END-- [ RunTime:0.000159s ]
INFO: [ app_begin ] --START--
INFO: Run Behavior\ReadHtmlCacheBehavior [ RunTime:0.000068s ]
INFO: [ app_begin ] --END-- [ RunTime:0.000139s ]
NOTIC: [8] Undefined index: persistent /weixin/webdata/sign-f2f/ThinkPHP/Library/Think/Cache/Driver/Redis.class.php 第 41 行.
NOTIC: [8] Undefined index: timeout /weixin/webdata/sign-f2f/ThinkPHP/Library/Think/Cache/Driver/Redis.class.php 第 43 行.
NOTIC: [8] Undefined index: timeout /weixin/webdata/sign-f2f/ThinkPHP/Library/Think/Cache/Driver/Redis.class.php 第 45 行.
SQL: SHOW COLUMNS FROM `ini` [ RunTime:0.0010s ]
SQL: SELECT * FROM `ini`  [ RunTime:0.0002s ]
SQL: SHOW COLUMNS FROM `sign_launch` [ RunTime:0.0010s ]
NOTIC: [8192] mysql_connect(): The mysql extension is deprecated and will be removed in the future: use mysqli or PDO instead /weixin/webdata/sign-f2f/Application/Wx/Model/SignLaunchModel.class.php 第 170 行.
NOTIC: [8] Undefined variable: signname /weixin/webdata/sign-f2f/Application/Wx/Model/SignLaunchModel.class.php 第 118 行.
NOTIC: [8] Undefined variable: flag /weixin/webdata/sign-f2f/Application/Wx/Model/SignLaunchModel.class.php 第 120 行.

[ 2016-09-17T17:38:36+08:00 ] 127.0.0.1 /sign-f2f/wx/adminApi/getSignList?signid=398&signname=%E5%BC%A0%E5%85%89%E5%BE%B7_1474105096
INFO: [ app_init ] --START--
INFO: Run Behavior\BuildLiteBehavior [ RunTime:0.000015s ]
INFO: [ app_init ] --END-- [ RunTime:0.000134s ]
INFO: [ app_begin ] --START--
INFO: Run Behavior\ReadHtmlCacheBehavior [ RunTime:0.000045s ]
INFO: [ app_begin ] --END-- [ RunTime:0.000087s ]
NOTIC: [8] Undefined index: persistent /weixin/webdata/sign-f2f/ThinkPHP/Library/Think/Cache/Driver/Redis.class.php 第 41 行.
NOTIC: [8] Undefined index: timeout /weixin/webdata/sign-f2f/ThinkPHP/Library/Think/Cache/Driver/Redis.class.php 第 43 行.
NOTIC: [8] Undefined index: timeout /weixin/webdata/sign-f2f/ThinkPHP/Library/Think/Cache/Driver/Redis.class.php 第 45 行.
SQL: SHOW COLUMNS FROM `ini` [ RunTime:0.0010s ]
SQL: SELECT * FROM `ini`  [ RunTime:0.0002s ]

[ 2016-09-17T17:38:38+08:00 ] 127.0.0.1 /sign-f2f/wx/indexApi
INFO: [ app_init ] --START--
INFO: Run Behavior\BuildLiteBehavior [ RunTime:0.000020s ]
INFO: [ app_init ] --END-- [ RunTime:0.000131s ]
INFO: [ app_begin ] --START--
INFO: Run Behavior\ReadHtmlCacheBehavior [ RunTime:0.000063s ]
INFO: [ app_begin ] --END-- [ RunTime:0.000131s ]
NOTIC: [8] Undefined index: persistent /weixin/webdata/sign-f2f/ThinkPHP/Library/Think/Cache/Driver/Redis.class.php 第 41 行.
NOTIC: [8] Undefined index: timeout /weixin/webdata/sign-f2f/ThinkPHP/Library/Think/Cache/Driver/Redis.class.php 第 43 行.
NOTIC: [8] Undefined index: timeout /weixin/webdata/sign-f2f/ThinkPHP/Library/Think/Cache/Driver/Redis.class.php 第 45 行.
SQL: SHOW COLUMNS FROM `ini` [ RunTime:0.0009s ]
SQL: SELECT * FROM `ini`  [ RunTime:0.0002s ]
SQL: SHOW COLUMNS FROM `common` [ RunTime:0.0008s ]
SQL: SELECT * FROM `common` WHERE `power` = 0  [ RunTime:0.0001s ]

[ 2016-09-17T17:42:05+08:00 ] 127.0.0.1 /sign-f2f/wx/indexApi
INFO: [ app_init ] --START--
INFO: Run Behavior\BuildLiteBehavior [ RunTime:0.000029s ]
INFO: [ app_init ] --END-- [ RunTime:0.000185s ]
INFO: [ app_begin ] --START--
INFO: Run Behavior\ReadHtmlCacheBehavior [ RunTime:0.000089s ]
INFO: [ app_begin ] --END-- [ RunTime:0.000160s ]
NOTIC: [8] Undefined index: persistent /weixin/webdata/sign-f2f/ThinkPHP/Library/Think/Cache/Driver/Redis.class.php 第 41 行.
NOTIC: [8] Undefined index: timeout /weixin/webdata/sign-f2f/ThinkPHP/Library/Think/Cache/Driver/Redis.class.php 第 43 行.
NOTIC: [8] Undefined index: timeout /weixin/webdata/sign-f2f/ThinkPHP/Library/Think/Cache/Driver/Redis.class.php 第 45 行.

[ 2016-09-17T17:42:06+08:00 ] 127.0.0.1 /sign-f2f/wx/indexApi
INFO: [ app_init ] --START--
INFO: Run Behavior\BuildLiteBehavior [ RunTime:0.000022s ]
INFO: [ app_init ] --END-- [ RunTime:0.000158s ]
INFO: [ app_begin ] --START--
INFO: Run Behavior\ReadHtmlCacheBehavior [ RunTime:0.000075s ]
INFO: [ app_begin ] --END-- [ RunTime:0.000143s ]
NOTIC: [8] Undefined index: persistent /weixin/webdata/sign-f2f/ThinkPHP/Library/Think/Cache/Driver/Redis.class.php 第 41 行.
NOTIC: [8] Undefined index: timeout /weixin/webdata/sign-f2f/ThinkPHP/Library/Think/Cache/Driver/Redis.class.php 第 43 行.
NOTIC: [8] Undefined index: timeout /weixin/webdata/sign-f2f/ThinkPHP/Library/Think/Cache/Driver/Redis.class.php 第 45 行.
SQL: SHOW COLUMNS FROM `ini` [ RunTime:0.0010s ]
SQL: SELECT * FROM `ini`  [ RunTime:0.0002s ]
SQL: SHOW COLUMNS FROM `common` [ RunTime:0.0008s ]
SQL: SELECT * FROM `common` WHERE `power` = 0  [ RunTime:0.0001s ]

[ 2016-09-17T23:05:52+08:00 ] 127.0.0.1 /sign-f2f/wx/indexApi
INFO: [ app_init ] --START--
INFO: Run Behavior\BuildLiteBehavior [ RunTime:0.000016s ]
INFO: [ app_init ] --END-- [ RunTime:0.000115s ]
INFO: [ app_begin ] --START--
INFO: Run Behavior\ReadHtmlCacheBehavior [ RunTime:0.000047s ]
INFO: [ app_begin ] --END-- [ RunTime:0.000089s ]
NOTIC: [8] Undefined index: persistent /weixin/webdata/sign-f2f/ThinkPHP/Library/Think/Cache/Driver/Redis.class.php 第 41 行.
NOTIC: [8] Undefined index: timeout /weixin/webdata/sign-f2f/ThinkPHP/Library/Think/Cache/Driver/Redis.class.php 第 43 行.
NOTIC: [8] Undefined index: timeout /weixin/webdata/sign-f2f/ThinkPHP/Library/Think/Cache/Driver/Redis.class.php 第 45 行.
SQL: SHOW COLUMNS FROM `ini` [ RunTime:0.0010s ]
SQL: SELECT * FROM `ini`  [ RunTime:0.0002s ]
SQL: SHOW COLUMNS FROM `common` [ RunTime:0.0008s ]
SQL: SELECT * FROM `common` WHERE `power` = 0  [ RunTime:0.0001s ]

