[ 2016-10-07T00:08:18+08:00 ] 127.0.0.1 /sign-f2f/wx/indexApi
INFO: [ app_init ] --START--
INFO: Run Behavior\BuildLiteBehavior [ RunTime:0.000015s ]
INFO: [ app_init ] --END-- [ RunTime:0.000104s ]
INFO: [ app_begin ] --START--
INFO: Run Behavior\ReadHtmlCacheBehavior [ RunTime:0.000052s ]
INFO: [ app_begin ] --END-- [ RunTime:0.000096s ]
NOTIC: [8] Undefined index: persistent /weixin/webdata/sign-f2f/ThinkPHP/Library/Think/Cache/Driver/Redis.class.php 第 41 行.
NOTIC: [8] Undefined index: timeout /weixin/webdata/sign-f2f/ThinkPHP/Library/Think/Cache/Driver/Redis.class.php 第 43 行.
NOTIC: [8] Undefined index: timeout /weixin/webdata/sign-f2f/ThinkPHP/Library/Think/Cache/Driver/Redis.class.php 第 45 行.
SQL: SHOW COLUMNS FROM `ini` [ RunTime:0.0015s ]
SQL: SELECT * FROM `ini`  [ RunTime:0.0002s ]
SQL: SHOW COLUMNS FROM `common` [ RunTime:0.0009s ]
SQL: SELECT * FROM `common` WHERE `power` = 0  [ RunTime:0.0001s ]

[ 2016-10-07T00:19:40+08:00 ] 127.0.0.1 /sign-f2f/wx/indexApi
INFO: [ app_init ] --START--
INFO: Run Behavior\BuildLiteBehavior [ RunTime:0.000038s ]
INFO: [ app_init ] --END-- [ RunTime:0.000188s ]
INFO: [ app_begin ] --START--
INFO: Run Behavior\ReadHtmlCacheBehavior [ RunTime:0.000086s ]
INFO: [ app_begin ] --END-- [ RunTime:0.000155s ]
NOTIC: [8] Undefined index: persistent /weixin/webdata/sign-f2f/ThinkPHP/Library/Think/Cache/Driver/Redis.class.php 第 41 行.
NOTIC: [8] Undefined index: timeout /weixin/webdata/sign-f2f/ThinkPHP/Library/Think/Cache/Driver/Redis.class.php 第 43 行.
NOTIC: [8] Undefined index: timeout /weixin/webdata/sign-f2f/ThinkPHP/Library/Think/Cache/Driver/Redis.class.php 第 45 行.

[ 2016-10-07T00:19:43+08:00 ] 127.0.0.1 /sign-f2f/wx/indexApi
INFO: [ app_init ] --START--
INFO: Run Behavior\BuildLiteBehavior [ RunTime:0.000022s ]
INFO: [ app_init ] --END-- [ RunTime:0.000157s ]
INFO: [ app_begin ] --START--
INFO: Run Behavior\ReadHtmlCacheBehavior [ RunTime:0.000092s ]
INFO: [ app_begin ] --END-- [ RunTime:0.000212s ]
NOTIC: [8] Undefined index: persistent /weixin/webdata/sign-f2f/ThinkPHP/Library/Think/Cache/Driver/Redis.class.php 第 41 行.
NOTIC: [8] Undefined index: timeout /weixin/webdata/sign-f2f/ThinkPHP/Library/Think/Cache/Driver/Redis.class.php 第 43 行.
NOTIC: [8] Undefined index: timeout /weixin/webdata/sign-f2f/ThinkPHP/Library/Think/Cache/Driver/Redis.class.php 第 45 行.
SQL: SHOW COLUMNS FROM `ini` [ RunTime:0.0015s ]
SQL: SELECT * FROM `ini`  [ RunTime:0.0002s ]
SQL: SHOW COLUMNS FROM `common` [ RunTime:0.0009s ]
SQL: SELECT * FROM `common` WHERE `power` = 0  [ RunTime:0.0002s ]

[ 2016-10-07T01:47:31+08:00 ] 127.0.0.1 /sign-f2f/wx/indexApi
INFO: [ app_init ] --START--
INFO: Run Behavior\BuildLiteBehavior [ RunTime:0.000038s ]
INFO: [ app_init ] --END-- [ RunTime:0.000331s ]
INFO: [ app_begin ] --START--
INFO: Run Behavior\ReadHtmlCacheBehavior [ RunTime:0.000077s ]
INFO: [ app_begin ] --END-- [ RunTime:0.000148s ]
NOTIC: [8] Undefined index: persistent /weixin/webdata/sign-f2f/ThinkPHP/Library/Think/Cache/Driver/Redis.class.php 第 41 行.
NOTIC: [8] Undefined index: timeout /weixin/webdata/sign-f2f/ThinkPHP/Library/Think/Cache/Driver/Redis.class.php 第 43 行.
NOTIC: [8] Undefined index: timeout /weixin/webdata/sign-f2f/ThinkPHP/Library/Think/Cache/Driver/Redis.class.php 第 45 行.

[ 2016-10-07T07:46:04+08:00 ] 127.0.0.1 /sign-f2f/wx/indexApi
INFO: [ app_init ] --START--
INFO: Run Behavior\BuildLiteBehavior [ RunTime:0.000024s ]
INFO: [ app_init ] --END-- [ RunTime:0.000150s ]
INFO: [ app_begin ] --START--
INFO: Run Behavior\ReadHtmlCacheBehavior [ RunTime:0.000052s ]
INFO: [ app_begin ] --END-- [ RunTime:0.000100s ]
NOTIC: [8] Undefined index: persistent /weixin/webdata/sign-f2f/ThinkPHP/Library/Think/Cache/Driver/Redis.class.php 第 41 行.
NOTIC: [8] Undefined index: timeout /weixin/webdata/sign-f2f/ThinkPHP/Library/Think/Cache/Driver/Redis.class.php 第 43 行.
NOTIC: [8] Undefined index: timeout /weixin/webdata/sign-f2f/ThinkPHP/Library/Think/Cache/Driver/Redis.class.php 第 45 行.
SQL: SHOW COLUMNS FROM `ini` [ RunTime:0.0014s ]
SQL: SELECT * FROM `ini`  [ RunTime:0.0002s ]
SQL: SHOW COLUMNS FROM `common` [ RunTime:0.0009s ]
SQL: SELECT * FROM `common` WHERE `power` = 0  [ RunTime:0.0001s ]

[ 2016-10-07T07:46:25+08:00 ] 127.0.0.1 /sign-f2f/wx/indexApi
INFO: [ app_init ] --START--
INFO: Run Behavior\BuildLiteBehavior [ RunTime:0.000014s ]
INFO: [ app_init ] --END-- [ RunTime:0.000114s ]
INFO: [ app_begin ] --START--
INFO: Run Behavior\ReadHtmlCacheBehavior [ RunTime:0.000052s ]
INFO: [ app_begin ] --END-- [ RunTime:0.000093s ]
NOTIC: [8] Undefined index: persistent /weixin/webdata/sign-f2f/ThinkPHP/Library/Think/Cache/Driver/Redis.class.php 第 41 行.
NOTIC: [8] Undefined index: timeout /weixin/webdata/sign-f2f/ThinkPHP/Library/Think/Cache/Driver/Redis.class.php 第 43 行.
NOTIC: [8] Undefined index: timeout /weixin/webdata/sign-f2f/ThinkPHP/Library/Think/Cache/Driver/Redis.class.php 第 45 行.
SQL: SHOW COLUMNS FROM `ini` [ RunTime:0.0010s ]
SQL: SELECT * FROM `ini`  [ RunTime:0.0001s ]
SQL: SHOW COLUMNS FROM `common` [ RunTime:0.0008s ]
SQL: SELECT * FROM `common` WHERE `power` = 0  [ RunTime:0.0001s ]

[ 2016-10-07T12:23:39+08:00 ] 127.0.0.1 /sign-f2f/wx/indexApi
INFO: [ app_init ] --START--
INFO: Run Behavior\BuildLiteBehavior [ RunTime:0.000022s ]
INFO: [ app_init ] --END-- [ RunTime:0.000172s ]
INFO: [ app_begin ] --START--
INFO: Run Behavior\ReadHtmlCacheBehavior [ RunTime:0.000089s ]
INFO: [ app_begin ] --END-- [ RunTime:0.000159s ]
NOTIC: [8] Undefined index: persistent /weixin/webdata/sign-f2f/ThinkPHP/Library/Think/Cache/Driver/Redis.class.php 第 41 行.
NOTIC: [8] Undefined index: timeout /weixin/webdata/sign-f2f/ThinkPHP/Library/Think/Cache/Driver/Redis.class.php 第 43 行.
NOTIC: [8] Undefined index: timeout /weixin/webdata/sign-f2f/ThinkPHP/Library/Think/Cache/Driver/Redis.class.php 第 45 行.
SQL: SHOW COLUMNS FROM `ini` [ RunTime:0.0008s ]
SQL: SELECT * FROM `ini`  [ RunTime:0.0001s ]
SQL: SHOW COLUMNS FROM `common` [ RunTime:0.0006s ]
SQL: SELECT * FROM `common` WHERE `power` = 0  [ RunTime:0.0001s ]

[ 2016-10-07T12:23:43+08:00 ] 127.0.0.1 /sign-f2f/wx/indexApi
INFO: [ app_init ] --START--
INFO: Run Behavior\BuildLiteBehavior [ RunTime:0.000021s ]
INFO: [ app_init ] --END-- [ RunTime:0.000147s ]
INFO: [ app_begin ] --START--
INFO: Run Behavior\ReadHtmlCacheBehavior [ RunTime:0.000073s ]
INFO: [ app_begin ] --END-- [ RunTime:0.000140s ]
NOTIC: [8] Undefined index: persistent /weixin/webdata/sign-f2f/ThinkPHP/Library/Think/Cache/Driver/Redis.class.php 第 41 行.
NOTIC: [8] Undefined index: timeout /weixin/webdata/sign-f2f/ThinkPHP/Library/Think/Cache/Driver/Redis.class.php 第 43 行.
NOTIC: [8] Undefined index: timeout /weixin/webdata/sign-f2f/ThinkPHP/Library/Think/Cache/Driver/Redis.class.php 第 45 行.
SQL: SHOW COLUMNS FROM `ini` [ RunTime:0.0008s ]
SQL: SELECT * FROM `ini`  [ RunTime:0.0001s ]
SQL: SHOW COLUMNS FROM `common` [ RunTime:0.0005s ]
SQL: SELECT * FROM `common` WHERE `power` = 0  [ RunTime:0.0001s ]

[ 2016-10-07T14:37:18+08:00 ] 127.0.0.1 /sign-f2f/wx/indexApi
INFO: [ app_init ] --START--
INFO: Run Behavior\BuildLiteBehavior [ RunTime:0.000023s ]
INFO: [ app_init ] --END-- [ RunTime:0.000173s ]
INFO: [ app_begin ] --START--
INFO: Run Behavior\ReadHtmlCacheBehavior [ RunTime:0.000078s ]
INFO: [ app_begin ] --END-- [ RunTime:0.000153s ]
NOTIC: [8] Undefined index: persistent /weixin/webdata/sign-f2f/ThinkPHP/Library/Think/Cache/Driver/Redis.class.php 第 41 行.
NOTIC: [8] Undefined index: timeout /weixin/webdata/sign-f2f/ThinkPHP/Library/Think/Cache/Driver/Redis.class.php 第 43 行.
NOTIC: [8] Undefined index: timeout /weixin/webdata/sign-f2f/ThinkPHP/Library/Think/Cache/Driver/Redis.class.php 第 45 行.

[ 2016-10-07T14:37:19+08:00 ] 127.0.0.1 /sign-f2f/wx/indexApi
INFO: [ app_init ] --START--
INFO: Run Behavior\BuildLiteBehavior [ RunTime:0.000021s ]
INFO: [ app_init ] --END-- [ RunTime:0.000166s ]
INFO: [ app_begin ] --START--
INFO: Run Behavior\ReadHtmlCacheBehavior [ RunTime:0.000066s ]
INFO: [ app_begin ] --END-- [ RunTime:0.000133s ]
NOTIC: [8] Undefined index: persistent /weixin/webdata/sign-f2f/ThinkPHP/Library/Think/Cache/Driver/Redis.class.php 第 41 行.
NOTIC: [8] Undefined index: timeout /weixin/webdata/sign-f2f/ThinkPHP/Library/Think/Cache/Driver/Redis.class.php 第 43 行.
NOTIC: [8] Undefined index: timeout /weixin/webdata/sign-f2f/ThinkPHP/Library/Think/Cache/Driver/Redis.class.php 第 45 行.
SQL: SHOW COLUMNS FROM `ini` [ RunTime:0.0012s ]
SQL: SELECT * FROM `ini`  [ RunTime:0.0002s ]
SQL: SHOW COLUMNS FROM `common` [ RunTime:0.0009s ]
SQL: SELECT * FROM `common` WHERE `power` = 0  [ RunTime:0.0001s ]

[ 2016-10-07T14:56:33+08:00 ] 127.0.0.1 /sign-f2f/wx/indexApi
INFO: [ app_init ] --START--
INFO: Run Behavior\BuildLiteBehavior [ RunTime:0.000024s ]
INFO: [ app_init ] --END-- [ RunTime:0.000186s ]
INFO: [ app_begin ] --START--
INFO: Run Behavior\ReadHtmlCacheBehavior [ RunTime:0.000089s ]
INFO: [ app_begin ] --END-- [ RunTime:0.000160s ]
NOTIC: [8] Undefined index: persistent /weixin/webdata/sign-f2f/ThinkPHP/Library/Think/Cache/Driver/Redis.class.php 第 41 行.
NOTIC: [8] Undefined index: timeout /weixin/webdata/sign-f2f/ThinkPHP/Library/Think/Cache/Driver/Redis.class.php 第 43 行.
NOTIC: [8] Undefined index: timeout /weixin/webdata/sign-f2f/ThinkPHP/Library/Think/Cache/Driver/Redis.class.php 第 45 行.

[ 2016-10-07T15:28:36+08:00 ] 127.0.0.1 /sign-f2f/wx/indexApi
INFO: [ app_init ] --START--
INFO: Run Behavior\BuildLiteBehavior [ RunTime:0.000016s ]
INFO: [ app_init ] --END-- [ RunTime:0.000182s ]
INFO: [ app_begin ] --START--
INFO: Run Behavior\ReadHtmlCacheBehavior [ RunTime:0.000047s ]
INFO: [ app_begin ] --END-- [ RunTime:0.000090s ]
NOTIC: [8] Undefined index: persistent /weixin/webdata/sign-f2f/ThinkPHP/Library/Think/Cache/Driver/Redis.class.php 第 41 行.
NOTIC: [8] Undefined index: timeout /weixin/webdata/sign-f2f/ThinkPHP/Library/Think/Cache/Driver/Redis.class.php 第 43 行.
NOTIC: [8] Undefined index: timeout /weixin/webdata/sign-f2f/ThinkPHP/Library/Think/Cache/Driver/Redis.class.php 第 45 行.

[ 2016-10-07T15:28:38+08:00 ] 127.0.0.1 /sign-f2f/wx/indexApi
INFO: [ app_init ] --START--
INFO: Run Behavior\BuildLiteBehavior [ RunTime:0.000013s ]
INFO: [ app_init ] --END-- [ RunTime:0.000090s ]
INFO: [ app_begin ] --START--
INFO: Run Behavior\ReadHtmlCacheBehavior [ RunTime:0.000039s ]
INFO: [ app_begin ] --END-- [ RunTime:0.000080s ]
NOTIC: [8] Undefined index: persistent /weixin/webdata/sign-f2f/ThinkPHP/Library/Think/Cache/Driver/Redis.class.php 第 41 行.
NOTIC: [8] Undefined index: timeout /weixin/webdata/sign-f2f/ThinkPHP/Library/Think/Cache/Driver/Redis.class.php 第 43 行.
NOTIC: [8] Undefined index: timeout /weixin/webdata/sign-f2f/ThinkPHP/Library/Think/Cache/Driver/Redis.class.php 第 45 行.
SQL: SHOW COLUMNS FROM `ini` [ RunTime:0.0013s ]
SQL: SELECT * FROM `ini`  [ RunTime:0.0002s ]
SQL: SHOW COLUMNS FROM `common` [ RunTime:0.0009s ]
SQL: SELECT * FROM `common` WHERE `power` = 0  [ RunTime:0.0001s ]

[ 2016-10-07T15:47:15+08:00 ] 127.0.0.1 /sign-f2f/wx/indexApi
INFO: [ app_init ] --START--
INFO: Run Behavior\BuildLiteBehavior [ RunTime:0.000015s ]
INFO: [ app_init ] --END-- [ RunTime:0.000118s ]
INFO: [ app_begin ] --START--
INFO: Run Behavior\ReadHtmlCacheBehavior [ RunTime:0.000073s ]
INFO: [ app_begin ] --END-- [ RunTime:0.000125s ]
NOTIC: [8] Undefined index: persistent /weixin/webdata/sign-f2f/ThinkPHP/Library/Think/Cache/Driver/Redis.class.php 第 41 行.
NOTIC: [8] Undefined index: timeout /weixin/webdata/sign-f2f/ThinkPHP/Library/Think/Cache/Driver/Redis.class.php 第 43 行.
NOTIC: [8] Undefined index: timeout /weixin/webdata/sign-f2f/ThinkPHP/Library/Think/Cache/Driver/Redis.class.php 第 45 行.

[ 2016-10-07T17:10:55+08:00 ] 127.0.0.1 /sign-f2f/wx/indexApi
INFO: [ app_init ] --START--
INFO: Run Behavior\BuildLiteBehavior [ RunTime:0.000024s ]
INFO: [ app_init ] --END-- [ RunTime:0.000178s ]
INFO: [ app_begin ] --START--
INFO: Run Behavior\ReadHtmlCacheBehavior [ RunTime:0.000146s ]
INFO: [ app_begin ] --END-- [ RunTime:0.000221s ]
NOTIC: [8] Undefined index: persistent /weixin/webdata/sign-f2f/ThinkPHP/Library/Think/Cache/Driver/Redis.class.php 第 41 行.
NOTIC: [8] Undefined index: timeout /weixin/webdata/sign-f2f/ThinkPHP/Library/Think/Cache/Driver/Redis.class.php 第 43 行.
NOTIC: [8] Undefined index: timeout /weixin/webdata/sign-f2f/ThinkPHP/Library/Think/Cache/Driver/Redis.class.php 第 45 行.

[ 2016-10-07T18:54:10+08:00 ] 127.0.0.1 /sign-f2f/wx/indexApi
INFO: [ app_init ] --START--
INFO: Run Behavior\BuildLiteBehavior [ RunTime:0.000015s ]
INFO: [ app_init ] --END-- [ RunTime:0.000118s ]
INFO: [ app_begin ] --START--
INFO: Run Behavior\ReadHtmlCacheBehavior [ RunTime:0.000048s ]
INFO: [ app_begin ] --END-- [ RunTime:0.000091s ]
NOTIC: [8] Undefined index: persistent /weixin/webdata/sign-f2f/ThinkPHP/Library/Think/Cache/Driver/Redis.class.php 第 41 行.
NOTIC: [8] Undefined index: timeout /weixin/webdata/sign-f2f/ThinkPHP/Library/Think/Cache/Driver/Redis.class.php 第 43 行.
NOTIC: [8] Undefined index: timeout /weixin/webdata/sign-f2f/ThinkPHP/Library/Think/Cache/Driver/Redis.class.php 第 45 行.
SQL: SHOW COLUMNS FROM `ini` [ RunTime:0.0013s ]
SQL: SELECT * FROM `ini`  [ RunTime:0.0002s ]
SQL: SHOW COLUMNS FROM `common` [ RunTime:0.0009s ]
SQL: SELECT * FROM `common` WHERE `power` = 0  [ RunTime:0.0002s ]

[ 2016-10-07T18:54:21+08:00 ] 127.0.0.1 /sign-f2f/wx/studentApi/getConfig?url=http:%2F%2Fwechat.hnust.cn%2Fsign-f2f%2Fwx%3Fv%3D160531
INFO: [ app_init ] --START--
INFO: Run Behavior\BuildLiteBehavior [ RunTime:0.000014s ]
INFO: [ app_init ] --END-- [ RunTime:0.000105s ]
INFO: [ app_begin ] --START--
INFO: Run Behavior\ReadHtmlCacheBehavior [ RunTime:0.000046s ]
INFO: [ app_begin ] --END-- [ RunTime:0.000088s ]
NOTIC: [8] Undefined index: persistent /weixin/webdata/sign-f2f/ThinkPHP/Library/Think/Cache/Driver/Redis.class.php 第 41 行.
NOTIC: [8] Undefined index: timeout /weixin/webdata/sign-f2f/ThinkPHP/Library/Think/Cache/Driver/Redis.class.php 第 43 行.
NOTIC: [8] Undefined index: timeout /weixin/webdata/sign-f2f/ThinkPHP/Library/Think/Cache/Driver/Redis.class.php 第 45 行.
SQL: SHOW COLUMNS FROM `ini` [ RunTime:0.0010s ]
SQL: SELECT * FROM `ini`  [ RunTime:0.0002s ]

[ 2016-10-07T18:54:25+08:00 ] 127.0.0.1 /sign-f2f/wx/studentApi/fetchSignInfo
INFO: [ app_init ] --START--
INFO: Run Behavior\BuildLiteBehavior [ RunTime:0.000024s ]
INFO: [ app_init ] --END-- [ RunTime:0.000184s ]
INFO: [ app_begin ] --START--
INFO: Run Behavior\ReadHtmlCacheBehavior [ RunTime:0.000080s ]
INFO: [ app_begin ] --END-- [ RunTime:0.000154s ]
NOTIC: [8] Undefined index: persistent /weixin/webdata/sign-f2f/ThinkPHP/Library/Think/Cache/Driver/Redis.class.php 第 41 行.
NOTIC: [8] Undefined index: timeout /weixin/webdata/sign-f2f/ThinkPHP/Library/Think/Cache/Driver/Redis.class.php 第 43 行.
NOTIC: [8] Undefined index: timeout /weixin/webdata/sign-f2f/ThinkPHP/Library/Think/Cache/Driver/Redis.class.php 第 45 行.
SQL: SHOW COLUMNS FROM `ini` [ RunTime:0.0011s ]
SQL: SELECT * FROM `ini`  [ RunTime:0.0001s ]
SQL: SHOW COLUMNS FROM `sign_launch` [ RunTime:0.0008s ]
NOTIC: [8192] mysql_connect(): The mysql extension is deprecated and will be removed in the future: use mysqli or PDO instead /weixin/webdata/sign-f2f/Application/Wx/Model/SignLaunchModel.class.php 第 149 行.

[ 2016-10-07T19:06:07+08:00 ] 127.0.0.1 /sign-f2f/wx/indexApi
INFO: [ app_init ] --START--
INFO: Run Behavior\BuildLiteBehavior [ RunTime:0.000015s ]
INFO: [ app_init ] --END-- [ RunTime:0.000119s ]
INFO: [ app_begin ] --START--
INFO: Run Behavior\ReadHtmlCacheBehavior [ RunTime:0.000107s ]
INFO: [ app_begin ] --END-- [ RunTime:0.000151s ]
NOTIC: [8] Undefined index: persistent /weixin/webdata/sign-f2f/ThinkPHP/Library/Think/Cache/Driver/Redis.class.php 第 41 行.
NOTIC: [8] Undefined index: timeout /weixin/webdata/sign-f2f/ThinkPHP/Library/Think/Cache/Driver/Redis.class.php 第 43 行.
NOTIC: [8] Undefined index: timeout /weixin/webdata/sign-f2f/ThinkPHP/Library/Think/Cache/Driver/Redis.class.php 第 45 行.
SQL: SHOW COLUMNS FROM `ini` [ RunTime:0.0008s ]
SQL: SELECT * FROM `ini`  [ RunTime:0.0001s ]
SQL: SHOW COLUMNS FROM `common` [ RunTime:0.0005s ]
SQL: SELECT * FROM `common` WHERE `power` = 0  [ RunTime:0.0001s ]

[ 2016-10-07T20:09:48+08:00 ] 127.0.0.1 /sign-f2f/wx/indexApi
INFO: [ app_init ] --START--
INFO: Run Behavior\BuildLiteBehavior [ RunTime:0.000023s ]
INFO: [ app_init ] --END-- [ RunTime:0.000179s ]
INFO: [ app_begin ] --START--
INFO: Run Behavior\ReadHtmlCacheBehavior [ RunTime:0.000092s ]
INFO: [ app_begin ] --END-- [ RunTime:0.000163s ]
NOTIC: [8] Undefined index: persistent /weixin/webdata/sign-f2f/ThinkPHP/Library/Think/Cache/Driver/Redis.class.php 第 41 行.
NOTIC: [8] Undefined index: timeout /weixin/webdata/sign-f2f/ThinkPHP/Library/Think/Cache/Driver/Redis.class.php 第 43 行.
NOTIC: [8] Undefined index: timeout /weixin/webdata/sign-f2f/ThinkPHP/Library/Think/Cache/Driver/Redis.class.php 第 45 行.
SQL: SHOW COLUMNS FROM `ini` [ RunTime:0.0010s ]
SQL: SELECT * FROM `ini`  [ RunTime:0.0002s ]
SQL: SHOW COLUMNS FROM `common` [ RunTime:0.0009s ]
SQL: SELECT * FROM `common` WHERE `power` = 0  [ RunTime:0.0002s ]

[ 2016-10-07T21:15:44+08:00 ] 127.0.0.1 /sign-f2f/wx/indexApi
INFO: [ app_init ] --START--
INFO: Run Behavior\BuildLiteBehavior [ RunTime:0.000015s ]
INFO: [ app_init ] --END-- [ RunTime:0.000133s ]
INFO: [ app_begin ] --START--
INFO: Run Behavior\ReadHtmlCacheBehavior [ RunTime:0.000061s ]
INFO: [ app_begin ] --END-- [ RunTime:0.000104s ]
NOTIC: [8] Undefined index: persistent /weixin/webdata/sign-f2f/ThinkPHP/Library/Think/Cache/Driver/Redis.class.php 第 41 行.
NOTIC: [8] Undefined index: timeout /weixin/webdata/sign-f2f/ThinkPHP/Library/Think/Cache/Driver/Redis.class.php 第 43 行.
NOTIC: [8] Undefined index: timeout /weixin/webdata/sign-f2f/ThinkPHP/Library/Think/Cache/Driver/Redis.class.php 第 45 行.
SQL: SHOW COLUMNS FROM `ini` [ RunTime:0.0008s ]
SQL: SELECT * FROM `ini`  [ RunTime:0.0001s ]
SQL: SHOW COLUMNS FROM `common` [ RunTime:0.0006s ]
SQL: SELECT * FROM `common` WHERE `power` = 0  [ RunTime:0.0001s ]

[ 2016-10-07T21:15:58+08:00 ] 127.0.0.1 /sign-f2f/wx/indexApi
INFO: [ app_init ] --START--
INFO: Run Behavior\BuildLiteBehavior [ RunTime:0.000023s ]
INFO: [ app_init ] --END-- [ RunTime:0.000190s ]
INFO: [ app_begin ] --START--
INFO: Run Behavior\ReadHtmlCacheBehavior [ RunTime:0.000096s ]
INFO: [ app_begin ] --END-- [ RunTime:0.000167s ]
NOTIC: [8] Undefined index: persistent /weixin/webdata/sign-f2f/ThinkPHP/Library/Think/Cache/Driver/Redis.class.php 第 41 行.
NOTIC: [8] Undefined index: timeout /weixin/webdata/sign-f2f/ThinkPHP/Library/Think/Cache/Driver/Redis.class.php 第 43 行.
NOTIC: [8] Undefined index: timeout /weixin/webdata/sign-f2f/ThinkPHP/Library/Think/Cache/Driver/Redis.class.php 第 45 行.
SQL: SHOW COLUMNS FROM `ini` [ RunTime:0.0011s ]
SQL: SELECT * FROM `ini`  [ RunTime:0.0001s ]
SQL: SHOW COLUMNS FROM `common` [ RunTime:0.0005s ]
SQL: SELECT * FROM `common` WHERE `power` = 0  [ RunTime:0.0001s ]

[ 2016-10-07T21:20:38+08:00 ] 127.0.0.1 /sign-f2f/wx/indexApi
INFO: [ app_init ] --START--
INFO: Run Behavior\BuildLiteBehavior [ RunTime:0.000023s ]
INFO: [ app_init ] --END-- [ RunTime:0.000199s ]
INFO: [ app_begin ] --START--
INFO: Run Behavior\ReadHtmlCacheBehavior [ RunTime:0.000089s ]
INFO: [ app_begin ] --END-- [ RunTime:0.000160s ]
NOTIC: [8] Undefined index: persistent /weixin/webdata/sign-f2f/ThinkPHP/Library/Think/Cache/Driver/Redis.class.php 第 41 行.
NOTIC: [8] Undefined index: timeout /weixin/webdata/sign-f2f/ThinkPHP/Library/Think/Cache/Driver/Redis.class.php 第 43 行.
NOTIC: [8] Undefined index: timeout /weixin/webdata/sign-f2f/ThinkPHP/Library/Think/Cache/Driver/Redis.class.php 第 45 行.
SQL: SHOW COLUMNS FROM `ini` [ RunTime:0.0012s ]
SQL: SELECT * FROM `ini`  [ RunTime:0.0002s ]
SQL: SHOW COLUMNS FROM `common` [ RunTime:0.0008s ]
SQL: SELECT * FROM `common` WHERE `power` = 0  [ RunTime:0.0002s ]

[ 2016-10-07T21:20:43+08:00 ] 127.0.0.1 /sign-f2f/wx/adminApi/getLaunchHistory
INFO: [ app_init ] --START--
INFO: Run Behavior\BuildLiteBehavior [ RunTime:0.000014s ]
INFO: [ app_init ] --END-- [ RunTime:0.000114s ]
INFO: [ app_begin ] --START--
INFO: Run Behavior\ReadHtmlCacheBehavior [ RunTime:0.000047s ]
INFO: [ app_begin ] --END-- [ RunTime:0.000089s ]
NOTIC: [8] Undefined index: persistent /weixin/webdata/sign-f2f/ThinkPHP/Library/Think/Cache/Driver/Redis.class.php 第 41 行.
NOTIC: [8] Undefined index: timeout /weixin/webdata/sign-f2f/ThinkPHP/Library/Think/Cache/Driver/Redis.class.php 第 43 行.
NOTIC: [8] Undefined index: timeout /weixin/webdata/sign-f2f/ThinkPHP/Library/Think/Cache/Driver/Redis.class.php 第 45 行.
SQL: SHOW COLUMNS FROM `ini` [ RunTime:0.0010s ]
SQL: SELECT * FROM `ini`  [ RunTime:0.0002s ]

[ 2016-10-07T21:20:50+08:00 ] 127.0.0.1 /sign-f2f/wx/adminApi/getSignList?signid=441&signname=%E5%94%90%E6%97%AD%E5%85%89_1474532490
INFO: [ app_init ] --START--
INFO: Run Behavior\BuildLiteBehavior [ RunTime:0.000022s ]
INFO: [ app_init ] --END-- [ RunTime:0.000161s ]
INFO: [ app_begin ] --START--
INFO: Run Behavior\ReadHtmlCacheBehavior [ RunTime:0.000072s ]
INFO: [ app_begin ] --END-- [ RunTime:0.000141s ]
NOTIC: [8] Undefined index: persistent /weixin/webdata/sign-f2f/ThinkPHP/Library/Think/Cache/Driver/Redis.class.php 第 41 行.
NOTIC: [8] Undefined index: timeout /weixin/webdata/sign-f2f/ThinkPHP/Library/Think/Cache/Driver/Redis.class.php 第 43 行.
NOTIC: [8] Undefined index: timeout /weixin/webdata/sign-f2f/ThinkPHP/Library/Think/Cache/Driver/Redis.class.php 第 45 行.
SQL: SHOW COLUMNS FROM `ini` [ RunTime:0.0011s ]
SQL: SELECT * FROM `ini`  [ RunTime:0.0002s ]

[ 2016-10-07T21:21:03+08:00 ] 127.0.0.1 /sign-f2f/wx/adminApi/getLaunchHistory
INFO: [ app_init ] --START--
INFO: Run Behavior\BuildLiteBehavior [ RunTime:0.000014s ]
INFO: [ app_init ] --END-- [ RunTime:0.000118s ]
INFO: [ app_begin ] --START--
INFO: Run Behavior\ReadHtmlCacheBehavior [ RunTime:0.000053s ]
INFO: [ app_begin ] --END-- [ RunTime:0.000095s ]
NOTIC: [8] Undefined index: persistent /weixin/webdata/sign-f2f/ThinkPHP/Library/Think/Cache/Driver/Redis.class.php 第 41 行.
NOTIC: [8] Undefined index: timeout /weixin/webdata/sign-f2f/ThinkPHP/Library/Think/Cache/Driver/Redis.class.php 第 43 行.
NOTIC: [8] Undefined index: timeout /weixin/webdata/sign-f2f/ThinkPHP/Library/Think/Cache/Driver/Redis.class.php 第 45 行.
SQL: SHOW COLUMNS FROM `ini` [ RunTime:0.0011s ]
SQL: SELECT * FROM `ini`  [ RunTime:0.0002s ]

[ 2016-10-07T21:21:03+08:00 ] 127.0.0.1 /sign-f2f/wx/indexApi
INFO: [ app_init ] --START--
INFO: Run Behavior\BuildLiteBehavior [ RunTime:0.000011s ]
INFO: [ app_init ] --END-- [ RunTime:0.000073s ]
INFO: [ app_begin ] --START--
INFO: Run Behavior\ReadHtmlCacheBehavior [ RunTime:0.000038s ]
INFO: [ app_begin ] --END-- [ RunTime:0.000078s ]
NOTIC: [8] Undefined index: persistent /weixin/webdata/sign-f2f/ThinkPHP/Library/Think/Cache/Driver/Redis.class.php 第 41 行.
NOTIC: [8] Undefined index: timeout /weixin/webdata/sign-f2f/ThinkPHP/Library/Think/Cache/Driver/Redis.class.php 第 43 行.
NOTIC: [8] Undefined index: timeout /weixin/webdata/sign-f2f/ThinkPHP/Library/Think/Cache/Driver/Redis.class.php 第 45 行.
SQL: SHOW COLUMNS FROM `ini` [ RunTime:0.0005s ]
SQL: SELECT * FROM `ini`  [ RunTime:0.0001s ]
SQL: SHOW COLUMNS FROM `common` [ RunTime:0.0005s ]
SQL: SELECT * FROM `common` WHERE `power` = 0  [ RunTime:0.0001s ]

[ 2016-10-07T21:55:30+08:00 ] 127.0.0.1 /sign-f2f/wx/indexApi
INFO: [ app_init ] --START--
INFO: Run Behavior\BuildLiteBehavior [ RunTime:0.000022s ]
INFO: [ app_init ] --END-- [ RunTime:0.000162s ]
INFO: [ app_begin ] --START--
INFO: Run Behavior\ReadHtmlCacheBehavior [ RunTime:0.000073s ]
INFO: [ app_begin ] --END-- [ RunTime:0.000143s ]
NOTIC: [8] Undefined index: persistent /weixin/webdata/sign-f2f/ThinkPHP/Library/Think/Cache/Driver/Redis.class.php 第 41 行.
NOTIC: [8] Undefined index: timeout /weixin/webdata/sign-f2f/ThinkPHP/Library/Think/Cache/Driver/Redis.class.php 第 43 行.
NOTIC: [8] Undefined index: timeout /weixin/webdata/sign-f2f/ThinkPHP/Library/Think/Cache/Driver/Redis.class.php 第 45 行.

[ 2016-10-07T22:10:50+08:00 ] 127.0.0.1 /sign-f2f/wx/indexApi
INFO: [ app_init ] --START--
INFO: Run Behavior\BuildLiteBehavior [ RunTime:0.000032s ]
INFO: [ app_init ] --END-- [ RunTime:0.000213s ]
INFO: [ app_begin ] --START--
INFO: Run Behavior\ReadHtmlCacheBehavior [ RunTime:0.000102s ]
INFO: [ app_begin ] --END-- [ RunTime:0.000167s ]
NOTIC: [8] Undefined index: persistent /weixin/webdata/sign-f2f/ThinkPHP/Library/Think/Cache/Driver/Redis.class.php 第 41 行.
NOTIC: [8] Undefined index: timeout /weixin/webdata/sign-f2f/ThinkPHP/Library/Think/Cache/Driver/Redis.class.php 第 43 行.
NOTIC: [8] Undefined index: timeout /weixin/webdata/sign-f2f/ThinkPHP/Library/Think/Cache/Driver/Redis.class.php 第 45 行.

[ 2016-10-07T22:10:52+08:00 ] 127.0.0.1 /sign-f2f/wx/indexApi
INFO: [ app_init ] --START--
INFO: Run Behavior\BuildLiteBehavior [ RunTime:0.000015s ]
INFO: [ app_init ] --END-- [ RunTime:0.000095s ]
INFO: [ app_begin ] --START--
INFO: Run Behavior\ReadHtmlCacheBehavior [ RunTime:0.000045s ]
INFO: [ app_begin ] --END-- [ RunTime:0.000086s ]
NOTIC: [8] Undefined index: persistent /weixin/webdata/sign-f2f/ThinkPHP/Library/Think/Cache/Driver/Redis.class.php 第 41 行.
NOTIC: [8] Undefined index: timeout /weixin/webdata/sign-f2f/ThinkPHP/Library/Think/Cache/Driver/Redis.class.php 第 43 行.
NOTIC: [8] Undefined index: timeout /weixin/webdata/sign-f2f/ThinkPHP/Library/Think/Cache/Driver/Redis.class.php 第 45 行.
SQL: SHOW COLUMNS FROM `ini` [ RunTime:0.0012s ]
SQL: SELECT * FROM `ini`  [ RunTime:0.0001s ]
SQL: SHOW COLUMNS FROM `common` [ RunTime:0.0005s ]
SQL: SELECT * FROM `common` WHERE `power` = 0  [ RunTime:0.0001s ]

[ 2016-10-07T22:14:42+08:00 ] 127.0.0.1 /sign-f2f/wx/indexApi
INFO: [ app_init ] --START--
INFO: Run Behavior\BuildLiteBehavior [ RunTime:0.000024s ]
INFO: [ app_init ] --END-- [ RunTime:0.000174s ]
INFO: [ app_begin ] --START--
INFO: Run Behavior\ReadHtmlCacheBehavior [ RunTime:0.000079s ]
INFO: [ app_begin ] --END-- [ RunTime:0.000150s ]
NOTIC: [8] Undefined index: persistent /weixin/webdata/sign-f2f/ThinkPHP/Library/Think/Cache/Driver/Redis.class.php 第 41 行.
NOTIC: [8] Undefined index: timeout /weixin/webdata/sign-f2f/ThinkPHP/Library/Think/Cache/Driver/Redis.class.php 第 43 行.
NOTIC: [8] Undefined index: timeout /weixin/webdata/sign-f2f/ThinkPHP/Library/Think/Cache/Driver/Redis.class.php 第 45 行.
SQL: SHOW COLUMNS FROM `ini` [ RunTime:0.0013s ]
SQL: SELECT * FROM `ini`  [ RunTime:0.0002s ]
SQL: SHOW COLUMNS FROM `common` [ RunTime:0.0009s ]
SQL: SELECT * FROM `common` WHERE `power` = 0  [ RunTime:0.0001s ]

[ 2016-10-07T22:20:51+08:00 ] 127.0.0.1 /sign-f2f/wx/indexApi
INFO: [ app_init ] --START--
INFO: Run Behavior\BuildLiteBehavior [ RunTime:0.000016s ]
INFO: [ app_init ] --END-- [ RunTime:0.000187s ]
INFO: [ app_begin ] --START--
INFO: Run Behavior\ReadHtmlCacheBehavior [ RunTime:0.000075s ]
INFO: [ app_begin ] --END-- [ RunTime:0.000145s ]
NOTIC: [8] Undefined index: persistent /weixin/webdata/sign-f2f/ThinkPHP/Library/Think/Cache/Driver/Redis.class.php 第 41 行.
NOTIC: [8] Undefined index: timeout /weixin/webdata/sign-f2f/ThinkPHP/Library/Think/Cache/Driver/Redis.class.php 第 43 行.
NOTIC: [8] Undefined index: timeout /weixin/webdata/sign-f2f/ThinkPHP/Library/Think/Cache/Driver/Redis.class.php 第 45 行.

[ 2016-10-07T22:20:54+08:00 ] 127.0.0.1 /sign-f2f/wx/indexApi
INFO: [ app_init ] --START--
INFO: Run Behavior\BuildLiteBehavior [ RunTime:0.000023s ]
INFO: [ app_init ] --END-- [ RunTime:0.000162s ]
INFO: [ app_begin ] --START--
INFO: Run Behavior\ReadHtmlCacheBehavior [ RunTime:0.000074s ]
INFO: [ app_begin ] --END-- [ RunTime:0.000142s ]
NOTIC: [8] Undefined index: persistent /weixin/webdata/sign-f2f/ThinkPHP/Library/Think/Cache/Driver/Redis.class.php 第 41 行.
NOTIC: [8] Undefined index: timeout /weixin/webdata/sign-f2f/ThinkPHP/Library/Think/Cache/Driver/Redis.class.php 第 43 行.
NOTIC: [8] Undefined index: timeout /weixin/webdata/sign-f2f/ThinkPHP/Library/Think/Cache/Driver/Redis.class.php 第 45 行.
SQL: SHOW COLUMNS FROM `ini` [ RunTime:0.0012s ]
SQL: SELECT * FROM `ini`  [ RunTime:0.0002s ]
SQL: SHOW COLUMNS FROM `common` [ RunTime:0.0009s ]
SQL: SELECT * FROM `common` WHERE `power` = 0  [ RunTime:0.0002s ]

[ 2016-10-07T22:33:43+08:00 ] 127.0.0.1 /sign-f2f/wx/indexApi
INFO: [ app_init ] --START--
INFO: Run Behavior\BuildLiteBehavior [ RunTime:0.000022s ]
INFO: [ app_init ] --END-- [ RunTime:0.000180s ]
INFO: [ app_begin ] --START--
INFO: Run Behavior\ReadHtmlCacheBehavior [ RunTime:0.000082s ]
INFO: [ app_begin ] --END-- [ RunTime:0.000156s ]
NOTIC: [8] Undefined index: persistent /weixin/webdata/sign-f2f/ThinkPHP/Library/Think/Cache/Driver/Redis.class.php 第 41 行.
NOTIC: [8] Undefined index: timeout /weixin/webdata/sign-f2f/ThinkPHP/Library/Think/Cache/Driver/Redis.class.php 第 43 行.
NOTIC: [8] Undefined index: timeout /weixin/webdata/sign-f2f/ThinkPHP/Library/Think/Cache/Driver/Redis.class.php 第 45 行.

[ 2016-10-07T23:07:23+08:00 ] 127.0.0.1 /sign-f2f/wx/indexApi
INFO: [ app_init ] --START--
INFO: Run Behavior\BuildLiteBehavior [ RunTime:0.000024s ]
INFO: [ app_init ] --END-- [ RunTime:0.000252s ]
INFO: [ app_begin ] --START--
INFO: Run Behavior\ReadHtmlCacheBehavior [ RunTime:0.000076s ]
INFO: [ app_begin ] --END-- [ RunTime:0.000146s ]
NOTIC: [8] Undefined index: persistent /weixin/webdata/sign-f2f/ThinkPHP/Library/Think/Cache/Driver/Redis.class.php 第 41 行.
NOTIC: [8] Undefined index: timeout /weixin/webdata/sign-f2f/ThinkPHP/Library/Think/Cache/Driver/Redis.class.php 第 43 行.
NOTIC: [8] Undefined index: timeout /weixin/webdata/sign-f2f/ThinkPHP/Library/Think/Cache/Driver/Redis.class.php 第 45 行.
SQL: SHOW COLUMNS FROM `ini` [ RunTime:0.0012s ]
SQL: SELECT * FROM `ini`  [ RunTime:0.0002s ]
SQL: SHOW COLUMNS FROM `common` [ RunTime:0.0008s ]
SQL: SELECT * FROM `common` WHERE `power` = 0  [ RunTime:0.0001s ]

