[ 2016-10-05T00:07:13+08:00 ] 127.0.0.1 /sign-f2f/wx/indexApi
INFO: [ app_init ] --START--
INFO: Run Behavior\BuildLiteBehavior [ RunTime:0.000021s ]
INFO: [ app_init ] --END-- [ RunTime:0.000128s ]
INFO: [ app_begin ] --START--
INFO: Run Behavior\ReadHtmlCacheBehavior [ RunTime:0.000057s ]
INFO: [ app_begin ] --END-- [ RunTime:0.000101s ]
NOTIC: [8] Undefined index: persistent /weixin/webdata/sign-f2f/ThinkPHP/Library/Think/Cache/Driver/Redis.class.php 第 41 行.
NOTIC: [8] Undefined index: timeout /weixin/webdata/sign-f2f/ThinkPHP/Library/Think/Cache/Driver/Redis.class.php 第 43 行.
NOTIC: [8] Undefined index: timeout /weixin/webdata/sign-f2f/ThinkPHP/Library/Think/Cache/Driver/Redis.class.php 第 45 行.

[ 2016-10-05T00:07:19+08:00 ] 127.0.0.1 /sign-f2f/wx/indexApi
INFO: [ app_init ] --START--
INFO: Run Behavior\BuildLiteBehavior [ RunTime:0.000023s ]
INFO: [ app_init ] --END-- [ RunTime:0.000161s ]
INFO: [ app_begin ] --START--
INFO: Run Behavior\ReadHtmlCacheBehavior [ RunTime:0.000072s ]
INFO: [ app_begin ] --END-- [ RunTime:0.000141s ]
NOTIC: [8] Undefined index: persistent /weixin/webdata/sign-f2f/ThinkPHP/Library/Think/Cache/Driver/Redis.class.php 第 41 行.
NOTIC: [8] Undefined index: timeout /weixin/webdata/sign-f2f/ThinkPHP/Library/Think/Cache/Driver/Redis.class.php 第 43 行.
NOTIC: [8] Undefined index: timeout /weixin/webdata/sign-f2f/ThinkPHP/Library/Think/Cache/Driver/Redis.class.php 第 45 行.
SQL: SHOW COLUMNS FROM `ini` [ RunTime:0.0010s ]
SQL: SELECT * FROM `ini`  [ RunTime:0.0001s ]
SQL: SHOW COLUMNS FROM `common` [ RunTime:0.0008s ]
SQL: SELECT * FROM `common` WHERE `power` = 0  [ RunTime:0.0001s ]

[ 2016-10-05T00:09:48+08:00 ] 127.0.0.1 /sign-f2f/wx/indexApi
INFO: [ app_init ] --START--
INFO: Run Behavior\BuildLiteBehavior [ RunTime:0.000023s ]
INFO: [ app_init ] --END-- [ RunTime:0.000174s ]
INFO: [ app_begin ] --START--
INFO: Run Behavior\ReadHtmlCacheBehavior [ RunTime:0.000138s ]
INFO: [ app_begin ] --END-- [ RunTime:0.000210s ]
NOTIC: [8] Undefined index: persistent /weixin/webdata/sign-f2f/ThinkPHP/Library/Think/Cache/Driver/Redis.class.php 第 41 行.
NOTIC: [8] Undefined index: timeout /weixin/webdata/sign-f2f/ThinkPHP/Library/Think/Cache/Driver/Redis.class.php 第 43 行.
NOTIC: [8] Undefined index: timeout /weixin/webdata/sign-f2f/ThinkPHP/Library/Think/Cache/Driver/Redis.class.php 第 45 行.
SQL: SHOW COLUMNS FROM `ini` [ RunTime:0.0012s ]
SQL: SELECT * FROM `ini`  [ RunTime:0.0002s ]
SQL: SHOW COLUMNS FROM `common` [ RunTime:0.0009s ]
SQL: SELECT * FROM `common` WHERE `power` = 0  [ RunTime:0.0002s ]

[ 2016-10-05T00:09:56+08:00 ] 127.0.0.1 /sign-f2f/wx/studentApi/getConfig?url=http:%2F%2Fwechat.hnust.cn%2Fsign-f2f%2Fwx%3Fv%3D160531
INFO: [ app_init ] --START--
INFO: Run Behavior\BuildLiteBehavior [ RunTime:0.000022s ]
INFO: [ app_init ] --END-- [ RunTime:0.000161s ]
INFO: [ app_begin ] --START--
INFO: Run Behavior\ReadHtmlCacheBehavior [ RunTime:0.000078s ]
INFO: [ app_begin ] --END-- [ RunTime:0.000147s ]
NOTIC: [8] Undefined index: persistent /weixin/webdata/sign-f2f/ThinkPHP/Library/Think/Cache/Driver/Redis.class.php 第 41 行.
NOTIC: [8] Undefined index: timeout /weixin/webdata/sign-f2f/ThinkPHP/Library/Think/Cache/Driver/Redis.class.php 第 43 行.
NOTIC: [8] Undefined index: timeout /weixin/webdata/sign-f2f/ThinkPHP/Library/Think/Cache/Driver/Redis.class.php 第 45 行.
SQL: SHOW COLUMNS FROM `ini` [ RunTime:0.0011s ]
SQL: SELECT * FROM `ini`  [ RunTime:0.0002s ]

[ 2016-10-05T00:09:59+08:00 ] 127.0.0.1 /sign-f2f/wx/studentApi/signLaunch
INFO: [ app_init ] --START--
INFO: Run Behavior\BuildLiteBehavior [ RunTime:0.000025s ]
INFO: [ app_init ] --END-- [ RunTime:0.000250s ]
INFO: [ app_begin ] --START--
INFO: Run Behavior\ReadHtmlCacheBehavior [ RunTime:0.000098s ]
INFO: [ app_begin ] --END-- [ RunTime:0.000173s ]
NOTIC: [8] Undefined index: persistent /weixin/webdata/sign-f2f/ThinkPHP/Library/Think/Cache/Driver/Redis.class.php 第 41 行.
NOTIC: [8] Undefined index: timeout /weixin/webdata/sign-f2f/ThinkPHP/Library/Think/Cache/Driver/Redis.class.php 第 43 行.
NOTIC: [8] Undefined index: timeout /weixin/webdata/sign-f2f/ThinkPHP/Library/Think/Cache/Driver/Redis.class.php 第 45 行.
SQL: SHOW COLUMNS FROM `ini` [ RunTime:0.0010s ]
SQL: SELECT * FROM `ini`  [ RunTime:0.0002s ]
NOTIC: [8192] Function ereg() is deprecated /weixin/webdata/sign-f2f/Application/Wx/Model/MobelPhoneModel.class.php 第 26 行.
NOTIC: [8192] Function ereg() is deprecated /weixin/webdata/sign-f2f/Application/Wx/Model/MobelPhoneModel.class.php 第 29 行.
NOTIC: [8192] Function ereg() is deprecated /weixin/webdata/sign-f2f/Application/Wx/Model/MobelPhoneModel.class.php 第 32 行.
NOTIC: [8192] Function ereg() is deprecated /weixin/webdata/sign-f2f/Application/Wx/Model/MobelPhoneModel.class.php 第 35 行.
SQL: SHOW COLUMNS FROM `sign_launch` [ RunTime:0.0012s ]
NOTIC: [8192] mysql_connect(): The mysql extension is deprecated and will be removed in the future: use mysqli or PDO instead /weixin/webdata/sign-f2f/Application/Wx/Model/SignLaunchModel.class.php 第 170 行.
NOTIC: [8] Undefined variable: signname /weixin/webdata/sign-f2f/Application/Wx/Model/SignLaunchModel.class.php 第 118 行.
NOTIC: [8] Undefined variable: flag /weixin/webdata/sign-f2f/Application/Wx/Model/SignLaunchModel.class.php 第 120 行.

[ 2016-10-05T00:10:08+08:00 ] 127.0.0.1 /sign-f2f/wx/indexApi
INFO: [ app_init ] --START--
INFO: Run Behavior\BuildLiteBehavior [ RunTime:0.000035s ]
INFO: [ app_init ] --END-- [ RunTime:0.000197s ]
INFO: [ app_begin ] --START--
INFO: Run Behavior\ReadHtmlCacheBehavior [ RunTime:0.000090s ]
INFO: [ app_begin ] --END-- [ RunTime:0.000162s ]
NOTIC: [8] Undefined index: persistent /weixin/webdata/sign-f2f/ThinkPHP/Library/Think/Cache/Driver/Redis.class.php 第 41 行.
NOTIC: [8] Undefined index: timeout /weixin/webdata/sign-f2f/ThinkPHP/Library/Think/Cache/Driver/Redis.class.php 第 43 行.
NOTIC: [8] Undefined index: timeout /weixin/webdata/sign-f2f/ThinkPHP/Library/Think/Cache/Driver/Redis.class.php 第 45 行.
SQL: SHOW COLUMNS FROM `ini` [ RunTime:0.0008s ]
SQL: SELECT * FROM `ini`  [ RunTime:0.0001s ]
SQL: SHOW COLUMNS FROM `common` [ RunTime:0.0007s ]
SQL: SELECT * FROM `common` WHERE `power` = 0  [ RunTime:0.0001s ]

[ 2016-10-05T00:10:30+08:00 ] 127.0.0.1 /sign-f2f/wx/indexApi
INFO: [ app_init ] --START--
INFO: Run Behavior\BuildLiteBehavior [ RunTime:0.000014s ]
INFO: [ app_init ] --END-- [ RunTime:0.000101s ]
INFO: [ app_begin ] --START--
INFO: Run Behavior\ReadHtmlCacheBehavior [ RunTime:0.000047s ]
INFO: [ app_begin ] --END-- [ RunTime:0.000089s ]
NOTIC: [8] Undefined index: persistent /weixin/webdata/sign-f2f/ThinkPHP/Library/Think/Cache/Driver/Redis.class.php 第 41 行.
NOTIC: [8] Undefined index: timeout /weixin/webdata/sign-f2f/ThinkPHP/Library/Think/Cache/Driver/Redis.class.php 第 43 行.
NOTIC: [8] Undefined index: timeout /weixin/webdata/sign-f2f/ThinkPHP/Library/Think/Cache/Driver/Redis.class.php 第 45 行.
SQL: SHOW COLUMNS FROM `ini` [ RunTime:0.0007s ]
SQL: SELECT * FROM `ini`  [ RunTime:0.0001s ]
SQL: SHOW COLUMNS FROM `common` [ RunTime:0.0005s ]
SQL: SELECT * FROM `common` WHERE `power` = 0  [ RunTime:0.0001s ]

[ 2016-10-05T00:10:35+08:00 ] 127.0.0.1 /sign-f2f/wx/studentApi/signLaunch
INFO: [ app_init ] --START--
INFO: Run Behavior\BuildLiteBehavior [ RunTime:0.000040s ]
INFO: [ app_init ] --END-- [ RunTime:0.000256s ]
INFO: [ app_begin ] --START--
INFO: Run Behavior\ReadHtmlCacheBehavior [ RunTime:0.000072s ]
INFO: [ app_begin ] --END-- [ RunTime:0.000142s ]
NOTIC: [8] Undefined index: persistent /weixin/webdata/sign-f2f/ThinkPHP/Library/Think/Cache/Driver/Redis.class.php 第 41 行.
NOTIC: [8] Undefined index: timeout /weixin/webdata/sign-f2f/ThinkPHP/Library/Think/Cache/Driver/Redis.class.php 第 43 行.
NOTIC: [8] Undefined index: timeout /weixin/webdata/sign-f2f/ThinkPHP/Library/Think/Cache/Driver/Redis.class.php 第 45 行.
SQL: SHOW COLUMNS FROM `ini` [ RunTime:0.0011s ]
SQL: SELECT * FROM `ini`  [ RunTime:0.0001s ]
NOTIC: [8192] Function ereg() is deprecated /weixin/webdata/sign-f2f/Application/Wx/Model/MobelPhoneModel.class.php 第 26 行.
NOTIC: [8192] Function ereg() is deprecated /weixin/webdata/sign-f2f/Application/Wx/Model/MobelPhoneModel.class.php 第 29 行.
NOTIC: [8192] Function ereg() is deprecated /weixin/webdata/sign-f2f/Application/Wx/Model/MobelPhoneModel.class.php 第 32 行.
NOTIC: [8192] Function ereg() is deprecated /weixin/webdata/sign-f2f/Application/Wx/Model/MobelPhoneModel.class.php 第 35 行.
SQL: SHOW COLUMNS FROM `sign_launch` [ RunTime:0.0007s ]
NOTIC: [8192] mysql_connect(): The mysql extension is deprecated and will be removed in the future: use mysqli or PDO instead /weixin/webdata/sign-f2f/Application/Wx/Model/SignLaunchModel.class.php 第 170 行.

[ 2016-10-05T00:11:35+08:00 ] 127.0.0.1 /sign-f2f/wx/indexApi
INFO: [ app_init ] --START--
INFO: Run Behavior\BuildLiteBehavior [ RunTime:0.000024s ]
INFO: [ app_init ] --END-- [ RunTime:0.000176s ]
INFO: [ app_begin ] --START--
INFO: Run Behavior\ReadHtmlCacheBehavior [ RunTime:0.000085s ]
INFO: [ app_begin ] --END-- [ RunTime:0.000155s ]
NOTIC: [8] Undefined index: persistent /weixin/webdata/sign-f2f/ThinkPHP/Library/Think/Cache/Driver/Redis.class.php 第 41 行.
NOTIC: [8] Undefined index: timeout /weixin/webdata/sign-f2f/ThinkPHP/Library/Think/Cache/Driver/Redis.class.php 第 43 行.
NOTIC: [8] Undefined index: timeout /weixin/webdata/sign-f2f/ThinkPHP/Library/Think/Cache/Driver/Redis.class.php 第 45 行.
SQL: SHOW COLUMNS FROM `ini` [ RunTime:0.0012s ]
SQL: SELECT * FROM `ini`  [ RunTime:0.0002s ]
SQL: SHOW COLUMNS FROM `common` [ RunTime:0.0009s ]
SQL: SELECT * FROM `common` WHERE `power` = 0  [ RunTime:0.0001s ]

[ 2016-10-05T00:11:51+08:00 ] 127.0.0.1 /sign-f2f/wx/indexApi
INFO: [ app_init ] --START--
INFO: Run Behavior\BuildLiteBehavior [ RunTime:0.000024s ]
INFO: [ app_init ] --END-- [ RunTime:0.000246s ]
INFO: [ app_begin ] --START--
INFO: Run Behavior\ReadHtmlCacheBehavior [ RunTime:0.000079s ]
INFO: [ app_begin ] --END-- [ RunTime:0.000146s ]
NOTIC: [8] Undefined index: persistent /weixin/webdata/sign-f2f/ThinkPHP/Library/Think/Cache/Driver/Redis.class.php 第 41 行.
NOTIC: [8] Undefined index: timeout /weixin/webdata/sign-f2f/ThinkPHP/Library/Think/Cache/Driver/Redis.class.php 第 43 行.
NOTIC: [8] Undefined index: timeout /weixin/webdata/sign-f2f/ThinkPHP/Library/Think/Cache/Driver/Redis.class.php 第 45 行.
SQL: SHOW COLUMNS FROM `ini` [ RunTime:0.0010s ]
SQL: SELECT * FROM `ini`  [ RunTime:0.0002s ]
SQL: SHOW COLUMNS FROM `common` [ RunTime:0.0008s ]
SQL: SELECT * FROM `common` WHERE `power` = 0  [ RunTime:0.0001s ]

[ 2016-10-05T00:11:55+08:00 ] 127.0.0.1 /sign-f2f/wx/studentApi/getConfig?url=http:%2F%2Fwechat.hnust.cn%2Fsign-f2f%2Fwx%3Fv%3D160531
INFO: [ app_init ] --START--
INFO: Run Behavior\BuildLiteBehavior [ RunTime:0.000024s ]
INFO: [ app_init ] --END-- [ RunTime:0.000244s ]
INFO: [ app_begin ] --START--
INFO: Run Behavior\ReadHtmlCacheBehavior [ RunTime:0.000073s ]
INFO: [ app_begin ] --END-- [ RunTime:0.000140s ]
NOTIC: [8] Undefined index: persistent /weixin/webdata/sign-f2f/ThinkPHP/Library/Think/Cache/Driver/Redis.class.php 第 41 行.
NOTIC: [8] Undefined index: timeout /weixin/webdata/sign-f2f/ThinkPHP/Library/Think/Cache/Driver/Redis.class.php 第 43 行.
NOTIC: [8] Undefined index: timeout /weixin/webdata/sign-f2f/ThinkPHP/Library/Think/Cache/Driver/Redis.class.php 第 45 行.
SQL: SHOW COLUMNS FROM `ini` [ RunTime:0.0011s ]
SQL: SELECT * FROM `ini`  [ RunTime:0.0002s ]

[ 2016-10-05T00:11:56+08:00 ] 127.0.0.1 /sign-f2f/wx/studentApi/getQRCode
INFO: [ app_init ] --START--
INFO: Run Behavior\BuildLiteBehavior [ RunTime:0.000030s ]
INFO: [ app_init ] --END-- [ RunTime:0.000193s ]
INFO: [ app_begin ] --START--
INFO: Run Behavior\ReadHtmlCacheBehavior [ RunTime:0.000048s ]
INFO: [ app_begin ] --END-- [ RunTime:0.000092s ]
NOTIC: [8] Undefined index: persistent /weixin/webdata/sign-f2f/ThinkPHP/Library/Think/Cache/Driver/Redis.class.php 第 41 行.
NOTIC: [8] Undefined index: timeout /weixin/webdata/sign-f2f/ThinkPHP/Library/Think/Cache/Driver/Redis.class.php 第 43 行.
NOTIC: [8] Undefined index: timeout /weixin/webdata/sign-f2f/ThinkPHP/Library/Think/Cache/Driver/Redis.class.php 第 45 行.
SQL: SHOW COLUMNS FROM `ini` [ RunTime:0.0013s ]
SQL: SELECT * FROM `ini`  [ RunTime:0.0002s ]
SQL: SHOW COLUMNS FROM `sign_launch_temp` [ RunTime:0.0012s ]
SQL: SELECT * FROM `sign_launch_temp` WHERE `id` = 542 LIMIT 1   [ RunTime:0.0006s ]

[ 2016-10-05T00:12:05+08:00 ] 127.0.0.1 /sign-f2f/wx/studentApi/getQRCode
INFO: [ app_init ] --START--
INFO: Run Behavior\BuildLiteBehavior [ RunTime:0.000014s ]
INFO: [ app_init ] --END-- [ RunTime:0.000130s ]
INFO: [ app_begin ] --START--
INFO: Run Behavior\ReadHtmlCacheBehavior [ RunTime:0.000044s ]
INFO: [ app_begin ] --END-- [ RunTime:0.000086s ]
NOTIC: [8] Undefined index: persistent /weixin/webdata/sign-f2f/ThinkPHP/Library/Think/Cache/Driver/Redis.class.php 第 41 行.
NOTIC: [8] Undefined index: timeout /weixin/webdata/sign-f2f/ThinkPHP/Library/Think/Cache/Driver/Redis.class.php 第 43 行.
NOTIC: [8] Undefined index: timeout /weixin/webdata/sign-f2f/ThinkPHP/Library/Think/Cache/Driver/Redis.class.php 第 45 行.
SQL: SHOW COLUMNS FROM `ini` [ RunTime:0.0011s ]
SQL: SELECT * FROM `ini`  [ RunTime:0.0002s ]
SQL: SHOW COLUMNS FROM `sign_launch_temp` [ RunTime:0.0012s ]
SQL: SELECT * FROM `sign_launch_temp` WHERE `id` = 542 LIMIT 1   [ RunTime:0.0003s ]

[ 2016-10-05T00:12:05+08:00 ] 127.0.0.1 /sign-f2f/wx/indexApi
INFO: [ app_init ] --START--
INFO: Run Behavior\BuildLiteBehavior [ RunTime:0.000019s ]
INFO: [ app_init ] --END-- [ RunTime:0.000120s ]
INFO: [ app_begin ] --START--
INFO: Run Behavior\ReadHtmlCacheBehavior [ RunTime:0.000063s ]
INFO: [ app_begin ] --END-- [ RunTime:0.000131s ]
NOTIC: [8] Undefined index: persistent /weixin/webdata/sign-f2f/ThinkPHP/Library/Think/Cache/Driver/Redis.class.php 第 41 行.
NOTIC: [8] Undefined index: timeout /weixin/webdata/sign-f2f/ThinkPHP/Library/Think/Cache/Driver/Redis.class.php 第 43 行.
NOTIC: [8] Undefined index: timeout /weixin/webdata/sign-f2f/ThinkPHP/Library/Think/Cache/Driver/Redis.class.php 第 45 行.
SQL: SHOW COLUMNS FROM `ini` [ RunTime:0.0008s ]
SQL: SELECT * FROM `ini`  [ RunTime:0.0002s ]
SQL: SHOW COLUMNS FROM `common` [ RunTime:0.0009s ]
SQL: SELECT * FROM `common` WHERE `power` = 0  [ RunTime:0.0001s ]

[ 2016-10-05T07:50:08+08:00 ] 127.0.0.1 /sign-f2f/wx/indexApi
INFO: [ app_init ] --START--
INFO: Run Behavior\BuildLiteBehavior [ RunTime:0.000015s ]
INFO: [ app_init ] --END-- [ RunTime:0.000120s ]
INFO: [ app_begin ] --START--
INFO: Run Behavior\ReadHtmlCacheBehavior [ RunTime:0.000060s ]
INFO: [ app_begin ] --END-- [ RunTime:0.000103s ]
NOTIC: [8] Undefined index: persistent /weixin/webdata/sign-f2f/ThinkPHP/Library/Think/Cache/Driver/Redis.class.php 第 41 行.
NOTIC: [8] Undefined index: timeout /weixin/webdata/sign-f2f/ThinkPHP/Library/Think/Cache/Driver/Redis.class.php 第 43 行.
NOTIC: [8] Undefined index: timeout /weixin/webdata/sign-f2f/ThinkPHP/Library/Think/Cache/Driver/Redis.class.php 第 45 行.

[ 2016-10-05T07:50:10+08:00 ] 127.0.0.1 /sign-f2f/wx/indexApi
INFO: [ app_init ] --START--
INFO: Run Behavior\BuildLiteBehavior [ RunTime:0.000014s ]
INFO: [ app_init ] --END-- [ RunTime:0.000090s ]
INFO: [ app_begin ] --START--
INFO: Run Behavior\ReadHtmlCacheBehavior [ RunTime:0.000039s ]
INFO: [ app_begin ] --END-- [ RunTime:0.000080s ]
NOTIC: [8] Undefined index: persistent /weixin/webdata/sign-f2f/ThinkPHP/Library/Think/Cache/Driver/Redis.class.php 第 41 行.
NOTIC: [8] Undefined index: timeout /weixin/webdata/sign-f2f/ThinkPHP/Library/Think/Cache/Driver/Redis.class.php 第 43 行.
NOTIC: [8] Undefined index: timeout /weixin/webdata/sign-f2f/ThinkPHP/Library/Think/Cache/Driver/Redis.class.php 第 45 行.
SQL: SHOW COLUMNS FROM `ini` [ RunTime:0.0007s ]
SQL: SELECT * FROM `ini`  [ RunTime:0.0001s ]
SQL: SHOW COLUMNS FROM `common` [ RunTime:0.0005s ]
SQL: SELECT * FROM `common` WHERE `power` = 0  [ RunTime:0.0001s ]

[ 2016-10-05T08:44:22+08:00 ] 127.0.0.1 /sign-f2f/wx/indexApi
INFO: [ app_init ] --START--
INFO: Run Behavior\BuildLiteBehavior [ RunTime:0.000016s ]
INFO: [ app_init ] --END-- [ RunTime:0.000113s ]
INFO: [ app_begin ] --START--
INFO: Run Behavior\ReadHtmlCacheBehavior [ RunTime:0.000059s ]
INFO: [ app_begin ] --END-- [ RunTime:0.000102s ]
NOTIC: [8] Undefined index: persistent /weixin/webdata/sign-f2f/ThinkPHP/Library/Think/Cache/Driver/Redis.class.php 第 41 行.
NOTIC: [8] Undefined index: timeout /weixin/webdata/sign-f2f/ThinkPHP/Library/Think/Cache/Driver/Redis.class.php 第 43 行.
NOTIC: [8] Undefined index: timeout /weixin/webdata/sign-f2f/ThinkPHP/Library/Think/Cache/Driver/Redis.class.php 第 45 行.
SQL: SHOW COLUMNS FROM `ini` [ RunTime:0.0009s ]
SQL: SELECT * FROM `ini`  [ RunTime:0.0001s ]
SQL: SHOW COLUMNS FROM `common` [ RunTime:0.0005s ]
SQL: SELECT * FROM `common` WHERE `power` = 0  [ RunTime:0.0001s ]

[ 2016-10-05T08:44:31+08:00 ] 127.0.0.1 /sign-f2f/wx/adminApi/getSignHistory
INFO: [ app_init ] --START--
INFO: Run Behavior\BuildLiteBehavior [ RunTime:0.000022s ]
INFO: [ app_init ] --END-- [ RunTime:0.000153s ]
INFO: [ app_begin ] --START--
INFO: Run Behavior\ReadHtmlCacheBehavior [ RunTime:0.000091s ]
INFO: [ app_begin ] --END-- [ RunTime:0.000170s ]
NOTIC: [8] Undefined index: persistent /weixin/webdata/sign-f2f/ThinkPHP/Library/Think/Cache/Driver/Redis.class.php 第 41 行.
NOTIC: [8] Undefined index: timeout /weixin/webdata/sign-f2f/ThinkPHP/Library/Think/Cache/Driver/Redis.class.php 第 43 行.
NOTIC: [8] Undefined index: timeout /weixin/webdata/sign-f2f/ThinkPHP/Library/Think/Cache/Driver/Redis.class.php 第 45 行.
SQL: SHOW COLUMNS FROM `ini` [ RunTime:0.0010s ]
SQL: SELECT * FROM `ini`  [ RunTime:0.0001s ]

[ 2016-10-05T08:44:33+08:00 ] 127.0.0.1 /sign-f2f/wx/indexApi
INFO: [ app_init ] --START--
INFO: Run Behavior\BuildLiteBehavior [ RunTime:0.000016s ]
INFO: [ app_init ] --END-- [ RunTime:0.000111s ]
INFO: [ app_begin ] --START--
INFO: Run Behavior\ReadHtmlCacheBehavior [ RunTime:0.000056s ]
INFO: [ app_begin ] --END-- [ RunTime:0.000097s ]
NOTIC: [8] Undefined index: persistent /weixin/webdata/sign-f2f/ThinkPHP/Library/Think/Cache/Driver/Redis.class.php 第 41 行.
NOTIC: [8] Undefined index: timeout /weixin/webdata/sign-f2f/ThinkPHP/Library/Think/Cache/Driver/Redis.class.php 第 43 行.
NOTIC: [8] Undefined index: timeout /weixin/webdata/sign-f2f/ThinkPHP/Library/Think/Cache/Driver/Redis.class.php 第 45 行.
SQL: SHOW COLUMNS FROM `ini` [ RunTime:0.0007s ]
SQL: SELECT * FROM `ini`  [ RunTime:0.0001s ]
SQL: SHOW COLUMNS FROM `common` [ RunTime:0.0005s ]
SQL: SELECT * FROM `common` WHERE `power` = 0  [ RunTime:0.0001s ]

[ 2016-10-05T08:44:49+08:00 ] 127.0.0.1 /sign-f2f/wx/indexApi
INFO: [ app_init ] --START--
INFO: Run Behavior\BuildLiteBehavior [ RunTime:0.000023s ]
INFO: [ app_init ] --END-- [ RunTime:0.000160s ]
INFO: [ app_begin ] --START--
INFO: Run Behavior\ReadHtmlCacheBehavior [ RunTime:0.000073s ]
INFO: [ app_begin ] --END-- [ RunTime:0.000140s ]
NOTIC: [8] Undefined index: persistent /weixin/webdata/sign-f2f/ThinkPHP/Library/Think/Cache/Driver/Redis.class.php 第 41 行.
NOTIC: [8] Undefined index: timeout /weixin/webdata/sign-f2f/ThinkPHP/Library/Think/Cache/Driver/Redis.class.php 第 43 行.
NOTIC: [8] Undefined index: timeout /weixin/webdata/sign-f2f/ThinkPHP/Library/Think/Cache/Driver/Redis.class.php 第 45 行.
SQL: SHOW COLUMNS FROM `ini` [ RunTime:0.0007s ]
SQL: SELECT * FROM `ini`  [ RunTime:0.0001s ]
SQL: SHOW COLUMNS FROM `common` [ RunTime:0.0005s ]
SQL: SELECT * FROM `common` WHERE `power` = 0  [ RunTime:0.0001s ]

[ 2016-10-05T08:45:10+08:00 ] 127.0.0.1 /sign-f2f/wx/indexApi
INFO: [ app_init ] --START--
INFO: Run Behavior\BuildLiteBehavior [ RunTime:0.000023s ]
INFO: [ app_init ] --END-- [ RunTime:0.000158s ]
INFO: [ app_begin ] --START--
INFO: Run Behavior\ReadHtmlCacheBehavior [ RunTime:0.000077s ]
INFO: [ app_begin ] --END-- [ RunTime:0.000144s ]
NOTIC: [8] Undefined index: persistent /weixin/webdata/sign-f2f/ThinkPHP/Library/Think/Cache/Driver/Redis.class.php 第 41 行.
NOTIC: [8] Undefined index: timeout /weixin/webdata/sign-f2f/ThinkPHP/Library/Think/Cache/Driver/Redis.class.php 第 43 行.
NOTIC: [8] Undefined index: timeout /weixin/webdata/sign-f2f/ThinkPHP/Library/Think/Cache/Driver/Redis.class.php 第 45 行.
SQL: SHOW COLUMNS FROM `ini` [ RunTime:0.0010s ]
SQL: SELECT * FROM `ini`  [ RunTime:0.0002s ]
SQL: SHOW COLUMNS FROM `common` [ RunTime:0.0006s ]
SQL: SELECT * FROM `common` WHERE `power` = 0  [ RunTime:0.0001s ]

[ 2016-10-05T08:45:15+08:00 ] 127.0.0.1 /sign-f2f/wx/indexApi
INFO: [ app_init ] --START--
INFO: Run Behavior\BuildLiteBehavior [ RunTime:0.000036s ]
INFO: [ app_init ] --END-- [ RunTime:0.000252s ]
INFO: [ app_begin ] --START--
INFO: Run Behavior\ReadHtmlCacheBehavior [ RunTime:0.000078s ]
INFO: [ app_begin ] --END-- [ RunTime:0.000193s ]
NOTIC: [8] Undefined index: persistent /weixin/webdata/sign-f2f/ThinkPHP/Library/Think/Cache/Driver/Redis.class.php 第 41 行.
NOTIC: [8] Undefined index: timeout /weixin/webdata/sign-f2f/ThinkPHP/Library/Think/Cache/Driver/Redis.class.php 第 43 行.
NOTIC: [8] Undefined index: timeout /weixin/webdata/sign-f2f/ThinkPHP/Library/Think/Cache/Driver/Redis.class.php 第 45 行.
SQL: SHOW COLUMNS FROM `ini` [ RunTime:0.0011s ]
SQL: SELECT * FROM `ini`  [ RunTime:0.0002s ]
SQL: SHOW COLUMNS FROM `common` [ RunTime:0.0008s ]
SQL: SELECT * FROM `common` WHERE `power` = 0  [ RunTime:0.0001s ]

[ 2016-10-05T08:45:16+08:00 ] 127.0.0.1 /sign-f2f/wx/adminApi/getSignSpace
INFO: [ app_init ] --START--
INFO: Run Behavior\BuildLiteBehavior [ RunTime:0.000021s ]
INFO: [ app_init ] --END-- [ RunTime:0.000140s ]
INFO: [ app_begin ] --START--
INFO: Run Behavior\ReadHtmlCacheBehavior [ RunTime:0.000122s ]
INFO: [ app_begin ] --END-- [ RunTime:0.000193s ]
NOTIC: [8] Undefined index: persistent /weixin/webdata/sign-f2f/ThinkPHP/Library/Think/Cache/Driver/Redis.class.php 第 41 行.
NOTIC: [8] Undefined index: timeout /weixin/webdata/sign-f2f/ThinkPHP/Library/Think/Cache/Driver/Redis.class.php 第 43 行.
NOTIC: [8] Undefined index: timeout /weixin/webdata/sign-f2f/ThinkPHP/Library/Think/Cache/Driver/Redis.class.php 第 45 行.
SQL: SHOW COLUMNS FROM `ini` [ RunTime:0.0013s ]
SQL: SELECT * FROM `ini`  [ RunTime:0.0002s ]

[ 2016-10-05T08:45:19+08:00 ] 127.0.0.1 /sign-f2f/wx/indexApi
INFO: [ app_init ] --START--
INFO: Run Behavior\BuildLiteBehavior [ RunTime:0.000015s ]
INFO: [ app_init ] --END-- [ RunTime:0.000104s ]
INFO: [ app_begin ] --START--
INFO: Run Behavior\ReadHtmlCacheBehavior [ RunTime:0.000048s ]
INFO: [ app_begin ] --END-- [ RunTime:0.000098s ]
NOTIC: [8] Undefined index: persistent /weixin/webdata/sign-f2f/ThinkPHP/Library/Think/Cache/Driver/Redis.class.php 第 41 行.
NOTIC: [8] Undefined index: timeout /weixin/webdata/sign-f2f/ThinkPHP/Library/Think/Cache/Driver/Redis.class.php 第 43 行.
NOTIC: [8] Undefined index: timeout /weixin/webdata/sign-f2f/ThinkPHP/Library/Think/Cache/Driver/Redis.class.php 第 45 行.
SQL: SHOW COLUMNS FROM `ini` [ RunTime:0.0007s ]
SQL: SELECT * FROM `ini`  [ RunTime:0.0001s ]
SQL: SHOW COLUMNS FROM `common` [ RunTime:0.0005s ]
SQL: SELECT * FROM `common` WHERE `power` = 0  [ RunTime:0.0001s ]

[ 2016-10-05T09:26:15+08:00 ] 127.0.0.1 /sign-f2f/wx/indexApi
INFO: [ app_init ] --START--
INFO: Run Behavior\BuildLiteBehavior [ RunTime:0.000014s ]
INFO: [ app_init ] --END-- [ RunTime:0.000106s ]
INFO: [ app_begin ] --START--
INFO: Run Behavior\ReadHtmlCacheBehavior [ RunTime:0.000048s ]
INFO: [ app_begin ] --END-- [ RunTime:0.000090s ]
NOTIC: [8] Undefined index: persistent /weixin/webdata/sign-f2f/ThinkPHP/Library/Think/Cache/Driver/Redis.class.php 第 41 行.
NOTIC: [8] Undefined index: timeout /weixin/webdata/sign-f2f/ThinkPHP/Library/Think/Cache/Driver/Redis.class.php 第 43 行.
NOTIC: [8] Undefined index: timeout /weixin/webdata/sign-f2f/ThinkPHP/Library/Think/Cache/Driver/Redis.class.php 第 45 行.
SQL: SHOW COLUMNS FROM `ini` [ RunTime:0.0010s ]
SQL: SELECT * FROM `ini`  [ RunTime:0.0002s ]
SQL: SHOW COLUMNS FROM `common` [ RunTime:0.0009s ]
SQL: SELECT * FROM `common` WHERE `power` = 0  [ RunTime:0.0001s ]

[ 2016-10-05T09:26:38+08:00 ] 127.0.0.1 /sign-f2f/wx/indexApi
INFO: [ app_init ] --START--
INFO: Run Behavior\BuildLiteBehavior [ RunTime:0.000014s ]
INFO: [ app_init ] --END-- [ RunTime:0.000100s ]
INFO: [ app_begin ] --START--
INFO: Run Behavior\ReadHtmlCacheBehavior [ RunTime:0.000048s ]
INFO: [ app_begin ] --END-- [ RunTime:0.000089s ]
NOTIC: [8] Undefined index: persistent /weixin/webdata/sign-f2f/ThinkPHP/Library/Think/Cache/Driver/Redis.class.php 第 41 行.
NOTIC: [8] Undefined index: timeout /weixin/webdata/sign-f2f/ThinkPHP/Library/Think/Cache/Driver/Redis.class.php 第 43 行.
NOTIC: [8] Undefined index: timeout /weixin/webdata/sign-f2f/ThinkPHP/Library/Think/Cache/Driver/Redis.class.php 第 45 行.
SQL: SHOW COLUMNS FROM `ini` [ RunTime:0.0007s ]
SQL: SELECT * FROM `ini`  [ RunTime:0.0001s ]
SQL: SHOW COLUMNS FROM `common` [ RunTime:0.0005s ]
SQL: SELECT * FROM `common` WHERE `power` = 0  [ RunTime:0.0001s ]

[ 2016-10-05T09:27:02+08:00 ] 127.0.0.1 /sign-f2f/wx/studentApi/getConfig?url=http:%2F%2Fwechat.hnust.cn%2Fsign-f2f%2Fwx%3Fv%3D160531
INFO: [ app_init ] --START--
INFO: Run Behavior\BuildLiteBehavior [ RunTime:0.000022s ]
INFO: [ app_init ] --END-- [ RunTime:0.000158s ]
INFO: [ app_begin ] --START--
INFO: Run Behavior\ReadHtmlCacheBehavior [ RunTime:0.000074s ]
INFO: [ app_begin ] --END-- [ RunTime:0.000141s ]
NOTIC: [8] Undefined index: persistent /weixin/webdata/sign-f2f/ThinkPHP/Library/Think/Cache/Driver/Redis.class.php 第 41 行.
NOTIC: [8] Undefined index: timeout /weixin/webdata/sign-f2f/ThinkPHP/Library/Think/Cache/Driver/Redis.class.php 第 43 行.
NOTIC: [8] Undefined index: timeout /weixin/webdata/sign-f2f/ThinkPHP/Library/Think/Cache/Driver/Redis.class.php 第 45 行.
SQL: SHOW COLUMNS FROM `ini` [ RunTime:0.0011s ]
SQL: SELECT * FROM `ini`  [ RunTime:0.0003s ]

[ 2016-10-05T09:27:08+08:00 ] 127.0.0.1 /sign-f2f/wx/studentApi/getQRCode
INFO: [ app_init ] --START--
INFO: Run Behavior\BuildLiteBehavior [ RunTime:0.000015s ]
INFO: [ app_init ] --END-- [ RunTime:0.000101s ]
INFO: [ app_begin ] --START--
INFO: Run Behavior\ReadHtmlCacheBehavior [ RunTime:0.000076s ]
INFO: [ app_begin ] --END-- [ RunTime:0.000119s ]
NOTIC: [8] Undefined index: persistent /weixin/webdata/sign-f2f/ThinkPHP/Library/Think/Cache/Driver/Redis.class.php 第 41 行.
NOTIC: [8] Undefined index: timeout /weixin/webdata/sign-f2f/ThinkPHP/Library/Think/Cache/Driver/Redis.class.php 第 43 行.
NOTIC: [8] Undefined index: timeout /weixin/webdata/sign-f2f/ThinkPHP/Library/Think/Cache/Driver/Redis.class.php 第 45 行.
SQL: SHOW COLUMNS FROM `ini` [ RunTime:0.0010s ]
SQL: SELECT * FROM `ini`  [ RunTime:0.0002s ]

[ 2016-10-05T09:27:19+08:00 ] 127.0.0.1 /sign-f2f/wx/indexApi
INFO: [ app_init ] --START--
INFO: Run Behavior\BuildLiteBehavior [ RunTime:0.000014s ]
INFO: [ app_init ] --END-- [ RunTime:0.000103s ]
INFO: [ app_begin ] --START--
INFO: Run Behavior\ReadHtmlCacheBehavior [ RunTime:0.000046s ]
INFO: [ app_begin ] --END-- [ RunTime:0.000088s ]
NOTIC: [8] Undefined index: persistent /weixin/webdata/sign-f2f/ThinkPHP/Library/Think/Cache/Driver/Redis.class.php 第 41 行.
NOTIC: [8] Undefined index: timeout /weixin/webdata/sign-f2f/ThinkPHP/Library/Think/Cache/Driver/Redis.class.php 第 43 行.
NOTIC: [8] Undefined index: timeout /weixin/webdata/sign-f2f/ThinkPHP/Library/Think/Cache/Driver/Redis.class.php 第 45 行.
SQL: SHOW COLUMNS FROM `ini` [ RunTime:0.0007s ]
SQL: SELECT * FROM `ini`  [ RunTime:0.0001s ]
SQL: SHOW COLUMNS FROM `common` [ RunTime:0.0005s ]
SQL: SELECT * FROM `common` WHERE `power` = 0  [ RunTime:0.0001s ]

[ 2016-10-05T09:27:23+08:00 ] 127.0.0.1 /sign-f2f/wx/adminApi/getSignSpace
INFO: [ app_init ] --START--
INFO: Run Behavior\BuildLiteBehavior [ RunTime:0.000023s ]
INFO: [ app_init ] --END-- [ RunTime:0.000157s ]
INFO: [ app_begin ] --START--
INFO: Run Behavior\ReadHtmlCacheBehavior [ RunTime:0.000073s ]
INFO: [ app_begin ] --END-- [ RunTime:0.000141s ]
NOTIC: [8] Undefined index: persistent /weixin/webdata/sign-f2f/ThinkPHP/Library/Think/Cache/Driver/Redis.class.php 第 41 行.
NOTIC: [8] Undefined index: timeout /weixin/webdata/sign-f2f/ThinkPHP/Library/Think/Cache/Driver/Redis.class.php 第 43 行.
NOTIC: [8] Undefined index: timeout /weixin/webdata/sign-f2f/ThinkPHP/Library/Think/Cache/Driver/Redis.class.php 第 45 行.
SQL: SHOW COLUMNS FROM `ini` [ RunTime:0.0007s ]
SQL: SELECT * FROM `ini`  [ RunTime:0.0001s ]

[ 2016-10-05T09:27:25+08:00 ] 127.0.0.1 /sign-f2f/wx/indexApi
INFO: [ app_init ] --START--
INFO: Run Behavior\BuildLiteBehavior [ RunTime:0.000021s ]
INFO: [ app_init ] --END-- [ RunTime:0.000138s ]
INFO: [ app_begin ] --START--
INFO: Run Behavior\ReadHtmlCacheBehavior [ RunTime:0.000065s ]
INFO: [ app_begin ] --END-- [ RunTime:0.000133s ]
NOTIC: [8] Undefined index: persistent /weixin/webdata/sign-f2f/ThinkPHP/Library/Think/Cache/Driver/Redis.class.php 第 41 行.
NOTIC: [8] Undefined index: timeout /weixin/webdata/sign-f2f/ThinkPHP/Library/Think/Cache/Driver/Redis.class.php 第 43 行.
NOTIC: [8] Undefined index: timeout /weixin/webdata/sign-f2f/ThinkPHP/Library/Think/Cache/Driver/Redis.class.php 第 45 行.
SQL: SHOW COLUMNS FROM `ini` [ RunTime:0.0007s ]
SQL: SELECT * FROM `ini`  [ RunTime:0.0001s ]
SQL: SHOW COLUMNS FROM `common` [ RunTime:0.0005s ]
SQL: SELECT * FROM `common` WHERE `power` = 0  [ RunTime:0.0001s ]

[ 2016-10-05T09:27:48+08:00 ] 127.0.0.1 /sign-f2f/wx/indexApi
INFO: [ app_init ] --START--
INFO: Run Behavior\BuildLiteBehavior [ RunTime:0.000015s ]
INFO: [ app_init ] --END-- [ RunTime:0.000103s ]
INFO: [ app_begin ] --START--
INFO: Run Behavior\ReadHtmlCacheBehavior [ RunTime:0.000046s ]
INFO: [ app_begin ] --END-- [ RunTime:0.000087s ]
NOTIC: [8] Undefined index: persistent /weixin/webdata/sign-f2f/ThinkPHP/Library/Think/Cache/Driver/Redis.class.php 第 41 行.
NOTIC: [8] Undefined index: timeout /weixin/webdata/sign-f2f/ThinkPHP/Library/Think/Cache/Driver/Redis.class.php 第 43 行.
NOTIC: [8] Undefined index: timeout /weixin/webdata/sign-f2f/ThinkPHP/Library/Think/Cache/Driver/Redis.class.php 第 45 行.
SQL: SHOW COLUMNS FROM `ini` [ RunTime:0.0011s ]
SQL: SELECT * FROM `ini`  [ RunTime:0.0002s ]
SQL: SHOW COLUMNS FROM `common` [ RunTime:0.0008s ]
SQL: SELECT * FROM `common` WHERE `power` = 0  [ RunTime:0.0001s ]

[ 2016-10-05T09:36:54+08:00 ] 127.0.0.1 /sign-f2f/wx/indexApi
INFO: [ app_init ] --START--
INFO: Run Behavior\BuildLiteBehavior [ RunTime:0.000023s ]
INFO: [ app_init ] --END-- [ RunTime:0.000196s ]
INFO: [ app_begin ] --START--
INFO: Run Behavior\ReadHtmlCacheBehavior [ RunTime:0.000049s ]
INFO: [ app_begin ] --END-- [ RunTime:0.000095s ]
NOTIC: [8] Undefined index: persistent /weixin/webdata/sign-f2f/ThinkPHP/Library/Think/Cache/Driver/Redis.class.php 第 41 行.
NOTIC: [8] Undefined index: timeout /weixin/webdata/sign-f2f/ThinkPHP/Library/Think/Cache/Driver/Redis.class.php 第 43 行.
NOTIC: [8] Undefined index: timeout /weixin/webdata/sign-f2f/ThinkPHP/Library/Think/Cache/Driver/Redis.class.php 第 45 行.

[ 2016-10-05T09:36:56+08:00 ] 127.0.0.1 /sign-f2f/wx/indexApi
INFO: [ app_init ] --START--
INFO: Run Behavior\BuildLiteBehavior [ RunTime:0.000014s ]
INFO: [ app_init ] --END-- [ RunTime:0.000090s ]
INFO: [ app_begin ] --START--
INFO: Run Behavior\ReadHtmlCacheBehavior [ RunTime:0.000041s ]
INFO: [ app_begin ] --END-- [ RunTime:0.000083s ]
NOTIC: [8] Undefined index: persistent /weixin/webdata/sign-f2f/ThinkPHP/Library/Think/Cache/Driver/Redis.class.php 第 41 行.
NOTIC: [8] Undefined index: timeout /weixin/webdata/sign-f2f/ThinkPHP/Library/Think/Cache/Driver/Redis.class.php 第 43 行.
NOTIC: [8] Undefined index: timeout /weixin/webdata/sign-f2f/ThinkPHP/Library/Think/Cache/Driver/Redis.class.php 第 45 行.
SQL: SHOW COLUMNS FROM `ini` [ RunTime:0.0016s ]
SQL: SELECT * FROM `ini`  [ RunTime:0.0002s ]
SQL: SHOW COLUMNS FROM `common` [ RunTime:0.0010s ]
SQL: SELECT * FROM `common` WHERE `power` = 0  [ RunTime:0.0002s ]

[ 2016-10-05T10:36:52+08:00 ] 127.0.0.1 /sign-f2f/wx/indexApi
INFO: [ app_init ] --START--
INFO: Run Behavior\BuildLiteBehavior [ RunTime:0.000022s ]
INFO: [ app_init ] --END-- [ RunTime:0.000181s ]
INFO: [ app_begin ] --START--
INFO: Run Behavior\ReadHtmlCacheBehavior [ RunTime:0.000074s ]
INFO: [ app_begin ] --END-- [ RunTime:0.000145s ]
NOTIC: [8] Undefined index: persistent /weixin/webdata/sign-f2f/ThinkPHP/Library/Think/Cache/Driver/Redis.class.php 第 41 行.
NOTIC: [8] Undefined index: timeout /weixin/webdata/sign-f2f/ThinkPHP/Library/Think/Cache/Driver/Redis.class.php 第 43 行.
NOTIC: [8] Undefined index: timeout /weixin/webdata/sign-f2f/ThinkPHP/Library/Think/Cache/Driver/Redis.class.php 第 45 行.

[ 2016-10-05T10:37:01+08:00 ] 127.0.0.1 /sign-f2f/wx/indexApi
INFO: [ app_init ] --START--
INFO: Run Behavior\BuildLiteBehavior [ RunTime:0.000022s ]
INFO: [ app_init ] --END-- [ RunTime:0.000167s ]
INFO: [ app_begin ] --START--
INFO: Run Behavior\ReadHtmlCacheBehavior [ RunTime:0.000075s ]
INFO: [ app_begin ] --END-- [ RunTime:0.000142s ]
NOTIC: [8] Undefined index: persistent /weixin/webdata/sign-f2f/ThinkPHP/Library/Think/Cache/Driver/Redis.class.php 第 41 行.
NOTIC: [8] Undefined index: timeout /weixin/webdata/sign-f2f/ThinkPHP/Library/Think/Cache/Driver/Redis.class.php 第 43 行.
NOTIC: [8] Undefined index: timeout /weixin/webdata/sign-f2f/ThinkPHP/Library/Think/Cache/Driver/Redis.class.php 第 45 行.
SQL: SHOW COLUMNS FROM `ini` [ RunTime:0.0013s ]
SQL: SELECT * FROM `ini`  [ RunTime:0.0002s ]
SQL: SHOW COLUMNS FROM `common` [ RunTime:0.0009s ]
SQL: SELECT * FROM `common` WHERE `power` = 0  [ RunTime:0.0001s ]

[ 2016-10-05T11:34:04+08:00 ] 127.0.0.1 /sign-f2f/wx/indexApi
INFO: [ app_init ] --START--
INFO: Run Behavior\BuildLiteBehavior [ RunTime:0.000023s ]
INFO: [ app_init ] --END-- [ RunTime:0.000251s ]
INFO: [ app_begin ] --START--
INFO: Run Behavior\ReadHtmlCacheBehavior [ RunTime:0.000079s ]
INFO: [ app_begin ] --END-- [ RunTime:0.000149s ]
NOTIC: [8] Undefined index: persistent /weixin/webdata/sign-f2f/ThinkPHP/Library/Think/Cache/Driver/Redis.class.php 第 41 行.
NOTIC: [8] Undefined index: timeout /weixin/webdata/sign-f2f/ThinkPHP/Library/Think/Cache/Driver/Redis.class.php 第 43 行.
NOTIC: [8] Undefined index: timeout /weixin/webdata/sign-f2f/ThinkPHP/Library/Think/Cache/Driver/Redis.class.php 第 45 行.
SQL: SHOW COLUMNS FROM `ini` [ RunTime:0.0007s ]
SQL: SELECT * FROM `ini`  [ RunTime:0.0001s ]
SQL: SHOW COLUMNS FROM `common` [ RunTime:0.0005s ]
SQL: SELECT * FROM `common` WHERE `power` = 0  [ RunTime:0.0001s ]

[ 2016-10-05T11:34:13+08:00 ] 127.0.0.1 /sign-f2f/wx/adminApi/getLaunchHistory
INFO: [ app_init ] --START--
INFO: Run Behavior\BuildLiteBehavior [ RunTime:0.000023s ]
INFO: [ app_init ] --END-- [ RunTime:0.000159s ]
INFO: [ app_begin ] --START--
INFO: Run Behavior\ReadHtmlCacheBehavior [ RunTime:0.000084s ]
INFO: [ app_begin ] --END-- [ RunTime:0.000152s ]
NOTIC: [8] Undefined index: persistent /weixin/webdata/sign-f2f/ThinkPHP/Library/Think/Cache/Driver/Redis.class.php 第 41 行.
NOTIC: [8] Undefined index: timeout /weixin/webdata/sign-f2f/ThinkPHP/Library/Think/Cache/Driver/Redis.class.php 第 43 行.
NOTIC: [8] Undefined index: timeout /weixin/webdata/sign-f2f/ThinkPHP/Library/Think/Cache/Driver/Redis.class.php 第 45 行.
SQL: SHOW COLUMNS FROM `ini` [ RunTime:0.0007s ]
SQL: SELECT * FROM `ini`  [ RunTime:0.0001s ]

[ 2016-10-05T11:34:17+08:00 ] 127.0.0.1 /sign-f2f/wx/adminApi/getLaunchHistory?$$hashKey=01G&dfilename=%E7%9F%B3%E6%95%8F_%E7%BB%9F%E8%AE%A1%E6%B5%8B%E8%AF%95&gencoderesult=2000&issee=1&signid=224&signstatus=0&time=2016-07-07+15:23:50
INFO: [ app_init ] --START--
INFO: Run Behavior\BuildLiteBehavior [ RunTime:0.000022s ]
INFO: [ app_init ] --END-- [ RunTime:0.000163s ]
INFO: [ app_begin ] --START--
INFO: Run Behavior\ReadHtmlCacheBehavior [ RunTime:0.000077s ]
INFO: [ app_begin ] --END-- [ RunTime:0.000146s ]
NOTIC: [8] Undefined index: persistent /weixin/webdata/sign-f2f/ThinkPHP/Library/Think/Cache/Driver/Redis.class.php 第 41 行.
NOTIC: [8] Undefined index: timeout /weixin/webdata/sign-f2f/ThinkPHP/Library/Think/Cache/Driver/Redis.class.php 第 43 行.
NOTIC: [8] Undefined index: timeout /weixin/webdata/sign-f2f/ThinkPHP/Library/Think/Cache/Driver/Redis.class.php 第 45 行.
SQL: SHOW COLUMNS FROM `ini` [ RunTime:0.0010s ]
SQL: SELECT * FROM `ini`  [ RunTime:0.0002s ]

[ 2016-10-05T11:34:28+08:00 ] 127.0.0.1 /sign-f2f/wx/adminApi/getSignList?signid=492&signname=%E7%9F%B3%E6%95%8F_1474933543
INFO: [ app_init ] --START--
INFO: Run Behavior\BuildLiteBehavior [ RunTime:0.000015s ]
INFO: [ app_init ] --END-- [ RunTime:0.000105s ]
INFO: [ app_begin ] --START--
INFO: Run Behavior\ReadHtmlCacheBehavior [ RunTime:0.000053s ]
INFO: [ app_begin ] --END-- [ RunTime:0.000100s ]
NOTIC: [8] Undefined index: persistent /weixin/webdata/sign-f2f/ThinkPHP/Library/Think/Cache/Driver/Redis.class.php 第 41 行.
NOTIC: [8] Undefined index: timeout /weixin/webdata/sign-f2f/ThinkPHP/Library/Think/Cache/Driver/Redis.class.php 第 43 行.
NOTIC: [8] Undefined index: timeout /weixin/webdata/sign-f2f/ThinkPHP/Library/Think/Cache/Driver/Redis.class.php 第 45 行.
SQL: SHOW COLUMNS FROM `ini` [ RunTime:0.0007s ]
SQL: SELECT * FROM `ini`  [ RunTime:0.0001s ]

[ 2016-10-05T11:34:52+08:00 ] 127.0.0.1 /sign-f2f/wx/adminApi/getLaunchHistory
INFO: [ app_init ] --START--
INFO: Run Behavior\BuildLiteBehavior [ RunTime:0.000022s ]
INFO: [ app_init ] --END-- [ RunTime:0.000161s ]
INFO: [ app_begin ] --START--
INFO: Run Behavior\ReadHtmlCacheBehavior [ RunTime:0.000081s ]
INFO: [ app_begin ] --END-- [ RunTime:0.000167s ]
NOTIC: [8] Undefined index: persistent /weixin/webdata/sign-f2f/ThinkPHP/Library/Think/Cache/Driver/Redis.class.php 第 41 行.
NOTIC: [8] Undefined index: timeout /weixin/webdata/sign-f2f/ThinkPHP/Library/Think/Cache/Driver/Redis.class.php 第 43 行.
NOTIC: [8] Undefined index: timeout /weixin/webdata/sign-f2f/ThinkPHP/Library/Think/Cache/Driver/Redis.class.php 第 45 行.
SQL: SHOW COLUMNS FROM `ini` [ RunTime:0.0010s ]
SQL: SELECT * FROM `ini`  [ RunTime:0.0002s ]

[ 2016-10-05T11:34:54+08:00 ] 127.0.0.1 /sign-f2f/wx/indexApi
INFO: [ app_init ] --START--
INFO: Run Behavior\BuildLiteBehavior [ RunTime:0.000022s ]
INFO: [ app_init ] --END-- [ RunTime:0.000140s ]
INFO: [ app_begin ] --START--
INFO: Run Behavior\ReadHtmlCacheBehavior [ RunTime:0.000064s ]
INFO: [ app_begin ] --END-- [ RunTime:0.000131s ]
NOTIC: [8] Undefined index: persistent /weixin/webdata/sign-f2f/ThinkPHP/Library/Think/Cache/Driver/Redis.class.php 第 41 行.
NOTIC: [8] Undefined index: timeout /weixin/webdata/sign-f2f/ThinkPHP/Library/Think/Cache/Driver/Redis.class.php 第 43 行.
NOTIC: [8] Undefined index: timeout /weixin/webdata/sign-f2f/ThinkPHP/Library/Think/Cache/Driver/Redis.class.php 第 45 行.
SQL: SHOW COLUMNS FROM `ini` [ RunTime:0.0007s ]
SQL: SELECT * FROM `ini`  [ RunTime:0.0001s ]
SQL: SHOW COLUMNS FROM `common` [ RunTime:0.0005s ]
SQL: SELECT * FROM `common` WHERE `power` = 0  [ RunTime:0.0001s ]

[ 2016-10-05T11:34:56+08:00 ] 127.0.0.1 /sign-f2f/wx/adminApi/getSignSpace
INFO: [ app_init ] --START--
INFO: Run Behavior\BuildLiteBehavior [ RunTime:0.000022s ]
INFO: [ app_init ] --END-- [ RunTime:0.000152s ]
INFO: [ app_begin ] --START--
INFO: Run Behavior\ReadHtmlCacheBehavior [ RunTime:0.000076s ]
INFO: [ app_begin ] --END-- [ RunTime:0.000144s ]
NOTIC: [8] Undefined index: persistent /weixin/webdata/sign-f2f/ThinkPHP/Library/Think/Cache/Driver/Redis.class.php 第 41 行.
NOTIC: [8] Undefined index: timeout /weixin/webdata/sign-f2f/ThinkPHP/Library/Think/Cache/Driver/Redis.class.php 第 43 行.
NOTIC: [8] Undefined index: timeout /weixin/webdata/sign-f2f/ThinkPHP/Library/Think/Cache/Driver/Redis.class.php 第 45 行.
SQL: SHOW COLUMNS FROM `ini` [ RunTime:0.0006s ]
SQL: SELECT * FROM `ini`  [ RunTime:0.0001s ]

[ 2016-10-05T11:35:30+08:00 ] 127.0.0.1 /sign-f2f/wx/indexApi
INFO: [ app_init ] --START--
INFO: Run Behavior\BuildLiteBehavior [ RunTime:0.000022s ]
INFO: [ app_init ] --END-- [ RunTime:0.000190s ]
INFO: [ app_begin ] --START--
INFO: Run Behavior\ReadHtmlCacheBehavior [ RunTime:0.000090s ]
INFO: [ app_begin ] --END-- [ RunTime:0.000179s ]
NOTIC: [8] Undefined index: persistent /weixin/webdata/sign-f2f/ThinkPHP/Library/Think/Cache/Driver/Redis.class.php 第 41 行.
NOTIC: [8] Undefined index: timeout /weixin/webdata/sign-f2f/ThinkPHP/Library/Think/Cache/Driver/Redis.class.php 第 43 行.
NOTIC: [8] Undefined index: timeout /weixin/webdata/sign-f2f/ThinkPHP/Library/Think/Cache/Driver/Redis.class.php 第 45 行.
SQL: SHOW COLUMNS FROM `ini` [ RunTime:0.0013s ]
SQL: SELECT * FROM `ini`  [ RunTime:0.0002s ]
SQL: SHOW COLUMNS FROM `common` [ RunTime:0.0009s ]
SQL: SELECT * FROM `common` WHERE `power` = 0  [ RunTime:0.0001s ]

[ 2016-10-05T11:57:58+08:00 ] 127.0.0.1 /sign-f2f/wx/indexApi
INFO: [ app_init ] --START--
INFO: Run Behavior\BuildLiteBehavior [ RunTime:0.000059s ]
INFO: [ app_init ] --END-- [ RunTime:0.000161s ]
INFO: [ app_begin ] --START--
INFO: Run Behavior\ReadHtmlCacheBehavior [ RunTime:0.000059s ]
INFO: [ app_begin ] --END-- [ RunTime:0.000101s ]
NOTIC: [8] Undefined index: persistent /weixin/webdata/sign-f2f/ThinkPHP/Library/Think/Cache/Driver/Redis.class.php 第 41 行.
NOTIC: [8] Undefined index: timeout /weixin/webdata/sign-f2f/ThinkPHP/Library/Think/Cache/Driver/Redis.class.php 第 43 行.
NOTIC: [8] Undefined index: timeout /weixin/webdata/sign-f2f/ThinkPHP/Library/Think/Cache/Driver/Redis.class.php 第 45 行.
SQL: SHOW COLUMNS FROM `ini` [ RunTime:0.0012s ]
SQL: SELECT * FROM `ini`  [ RunTime:0.0002s ]
SQL: SHOW COLUMNS FROM `common` [ RunTime:0.0008s ]
SQL: SELECT * FROM `common` WHERE `power` = 0  [ RunTime:0.0001s ]

[ 2016-10-05T11:58:03+08:00 ] 127.0.0.1 /sign-f2f/wx/adminApi/getSignHistory
INFO: [ app_init ] --START--
INFO: Run Behavior\BuildLiteBehavior [ RunTime:0.000022s ]
INFO: [ app_init ] --END-- [ RunTime:0.000150s ]
INFO: [ app_begin ] --START--
INFO: Run Behavior\ReadHtmlCacheBehavior [ RunTime:0.000076s ]
INFO: [ app_begin ] --END-- [ RunTime:0.000145s ]
NOTIC: [8] Undefined index: persistent /weixin/webdata/sign-f2f/ThinkPHP/Library/Think/Cache/Driver/Redis.class.php 第 41 行.
NOTIC: [8] Undefined index: timeout /weixin/webdata/sign-f2f/ThinkPHP/Library/Think/Cache/Driver/Redis.class.php 第 43 行.
NOTIC: [8] Undefined index: timeout /weixin/webdata/sign-f2f/ThinkPHP/Library/Think/Cache/Driver/Redis.class.php 第 45 行.
SQL: SHOW COLUMNS FROM `ini` [ RunTime:0.0010s ]
SQL: SELECT * FROM `ini`  [ RunTime:0.0002s ]

[ 2016-10-05T11:58:19+08:00 ] 127.0.0.1 /sign-f2f/wx/indexApi
INFO: [ app_init ] --START--
INFO: Run Behavior\BuildLiteBehavior [ RunTime:0.000023s ]
INFO: [ app_init ] --END-- [ RunTime:0.000111s ]
INFO: [ app_begin ] --START--
INFO: Run Behavior\ReadHtmlCacheBehavior [ RunTime:0.000053s ]
INFO: [ app_begin ] --END-- [ RunTime:0.000094s ]
NOTIC: [8] Undefined index: persistent /weixin/webdata/sign-f2f/ThinkPHP/Library/Think/Cache/Driver/Redis.class.php 第 41 行.
NOTIC: [8] Undefined index: timeout /weixin/webdata/sign-f2f/ThinkPHP/Library/Think/Cache/Driver/Redis.class.php 第 43 行.
NOTIC: [8] Undefined index: timeout /weixin/webdata/sign-f2f/ThinkPHP/Library/Think/Cache/Driver/Redis.class.php 第 45 行.
SQL: SHOW COLUMNS FROM `ini` [ RunTime:0.0012s ]
SQL: SELECT * FROM `ini`  [ RunTime:0.0002s ]
SQL: SHOW COLUMNS FROM `common` [ RunTime:0.0007s ]
SQL: SELECT * FROM `common` WHERE `power` = 0  [ RunTime:0.0001s ]

[ 2016-10-05T11:58:24+08:00 ] 127.0.0.1 /sign-f2f/wx/adminApi/getSignSpace
INFO: [ app_init ] --START--
INFO: Run Behavior\BuildLiteBehavior [ RunTime:0.000031s ]
INFO: [ app_init ] --END-- [ RunTime:0.000173s ]
INFO: [ app_begin ] --START--
INFO: Run Behavior\ReadHtmlCacheBehavior [ RunTime:0.000075s ]
INFO: [ app_begin ] --END-- [ RunTime:0.000144s ]
NOTIC: [8] Undefined index: persistent /weixin/webdata/sign-f2f/ThinkPHP/Library/Think/Cache/Driver/Redis.class.php 第 41 行.
NOTIC: [8] Undefined index: timeout /weixin/webdata/sign-f2f/ThinkPHP/Library/Think/Cache/Driver/Redis.class.php 第 43 行.
NOTIC: [8] Undefined index: timeout /weixin/webdata/sign-f2f/ThinkPHP/Library/Think/Cache/Driver/Redis.class.php 第 45 行.
SQL: SHOW COLUMNS FROM `ini` [ RunTime:0.0011s ]
SQL: SELECT * FROM `ini`  [ RunTime:0.0002s ]

[ 2016-10-05T11:58:26+08:00 ] 127.0.0.1 /sign-f2f/wx/indexApi
INFO: [ app_init ] --START--
INFO: Run Behavior\BuildLiteBehavior [ RunTime:0.000014s ]
INFO: [ app_init ] --END-- [ RunTime:0.000090s ]
INFO: [ app_begin ] --START--
INFO: Run Behavior\ReadHtmlCacheBehavior [ RunTime:0.000041s ]
INFO: [ app_begin ] --END-- [ RunTime:0.000084s ]
NOTIC: [8] Undefined index: persistent /weixin/webdata/sign-f2f/ThinkPHP/Library/Think/Cache/Driver/Redis.class.php 第 41 行.
NOTIC: [8] Undefined index: timeout /weixin/webdata/sign-f2f/ThinkPHP/Library/Think/Cache/Driver/Redis.class.php 第 43 行.
NOTIC: [8] Undefined index: timeout /weixin/webdata/sign-f2f/ThinkPHP/Library/Think/Cache/Driver/Redis.class.php 第 45 行.
SQL: SHOW COLUMNS FROM `ini` [ RunTime:0.0010s ]
SQL: SELECT * FROM `ini`  [ RunTime:0.0002s ]
SQL: SHOW COLUMNS FROM `common` [ RunTime:0.0009s ]
SQL: SELECT * FROM `common` WHERE `power` = 0  [ RunTime:0.0001s ]

[ 2016-10-05T11:58:32+08:00 ] 127.0.0.1 /sign-f2f/wx/indexApi
INFO: [ app_init ] --START--
INFO: Run Behavior\BuildLiteBehavior [ RunTime:0.000022s ]
INFO: [ app_init ] --END-- [ RunTime:0.000164s ]
INFO: [ app_begin ] --START--
INFO: Run Behavior\ReadHtmlCacheBehavior [ RunTime:0.000075s ]
INFO: [ app_begin ] --END-- [ RunTime:0.000143s ]
NOTIC: [8] Undefined index: persistent /weixin/webdata/sign-f2f/ThinkPHP/Library/Think/Cache/Driver/Redis.class.php 第 41 行.
NOTIC: [8] Undefined index: timeout /weixin/webdata/sign-f2f/ThinkPHP/Library/Think/Cache/Driver/Redis.class.php 第 43 行.
NOTIC: [8] Undefined index: timeout /weixin/webdata/sign-f2f/ThinkPHP/Library/Think/Cache/Driver/Redis.class.php 第 45 行.
SQL: SHOW COLUMNS FROM `ini` [ RunTime:0.0007s ]
SQL: SELECT * FROM `ini`  [ RunTime:0.0001s ]
SQL: SHOW COLUMNS FROM `common` [ RunTime:0.0005s ]
SQL: SELECT * FROM `common` WHERE `power` = 0  [ RunTime:0.0001s ]

[ 2016-10-05T11:59:05+08:00 ] 127.0.0.1 /sign-f2f/wx/indexApi
INFO: [ app_init ] --START--
INFO: Run Behavior\BuildLiteBehavior [ RunTime:0.000020s ]
INFO: [ app_init ] --END-- [ RunTime:0.000145s ]
INFO: [ app_begin ] --START--
INFO: Run Behavior\ReadHtmlCacheBehavior [ RunTime:0.000073s ]
INFO: [ app_begin ] --END-- [ RunTime:0.000141s ]
NOTIC: [8] Undefined index: persistent /weixin/webdata/sign-f2f/ThinkPHP/Library/Think/Cache/Driver/Redis.class.php 第 41 行.
NOTIC: [8] Undefined index: timeout /weixin/webdata/sign-f2f/ThinkPHP/Library/Think/Cache/Driver/Redis.class.php 第 43 行.
NOTIC: [8] Undefined index: timeout /weixin/webdata/sign-f2f/ThinkPHP/Library/Think/Cache/Driver/Redis.class.php 第 45 行.
SQL: SHOW COLUMNS FROM `ini` [ RunTime:0.0009s ]
SQL: SELECT * FROM `ini`  [ RunTime:0.0002s ]
SQL: SHOW COLUMNS FROM `common` [ RunTime:0.0009s ]
SQL: SELECT * FROM `common` WHERE `power` = 0  [ RunTime:0.0001s ]

[ 2016-10-05T12:04:54+08:00 ] 127.0.0.1 /sign-f2f/wx/indexApi
INFO: [ app_init ] --START--
INFO: Run Behavior\BuildLiteBehavior [ RunTime:0.000024s ]
INFO: [ app_init ] --END-- [ RunTime:0.000174s ]
INFO: [ app_begin ] --START--
INFO: Run Behavior\ReadHtmlCacheBehavior [ RunTime:0.000077s ]
INFO: [ app_begin ] --END-- [ RunTime:0.000149s ]
NOTIC: [8] Undefined index: persistent /weixin/webdata/sign-f2f/ThinkPHP/Library/Think/Cache/Driver/Redis.class.php 第 41 行.
NOTIC: [8] Undefined index: timeout /weixin/webdata/sign-f2f/ThinkPHP/Library/Think/Cache/Driver/Redis.class.php 第 43 行.
NOTIC: [8] Undefined index: timeout /weixin/webdata/sign-f2f/ThinkPHP/Library/Think/Cache/Driver/Redis.class.php 第 45 行.
SQL: SHOW COLUMNS FROM `ini` [ RunTime:0.0011s ]
SQL: SELECT * FROM `ini`  [ RunTime:0.0002s ]
SQL: SHOW COLUMNS FROM `common` [ RunTime:0.0005s ]
SQL: SELECT * FROM `common` WHERE `power` = 0  [ RunTime:0.0001s ]

[ 2016-10-05T12:24:02+08:00 ] 127.0.0.1 /sign-f2f/wx/indexApi
INFO: [ app_init ] --START--
INFO: Run Behavior\BuildLiteBehavior [ RunTime:0.000015s ]
INFO: [ app_init ] --END-- [ RunTime:0.000108s ]
INFO: [ app_begin ] --START--
INFO: Run Behavior\ReadHtmlCacheBehavior [ RunTime:0.000059s ]
INFO: [ app_begin ] --END-- [ RunTime:0.000101s ]
NOTIC: [8] Undefined index: persistent /weixin/webdata/sign-f2f/ThinkPHP/Library/Think/Cache/Driver/Redis.class.php 第 41 行.
NOTIC: [8] Undefined index: timeout /weixin/webdata/sign-f2f/ThinkPHP/Library/Think/Cache/Driver/Redis.class.php 第 43 行.
NOTIC: [8] Undefined index: timeout /weixin/webdata/sign-f2f/ThinkPHP/Library/Think/Cache/Driver/Redis.class.php 第 45 行.

[ 2016-10-05T12:24:05+08:00 ] 127.0.0.1 /sign-f2f/wx/indexApi
INFO: [ app_init ] --START--
INFO: Run Behavior\BuildLiteBehavior [ RunTime:0.000022s ]
INFO: [ app_init ] --END-- [ RunTime:0.000158s ]
INFO: [ app_begin ] --START--
INFO: Run Behavior\ReadHtmlCacheBehavior [ RunTime:0.000075s ]
INFO: [ app_begin ] --END-- [ RunTime:0.000148s ]
NOTIC: [8] Undefined index: persistent /weixin/webdata/sign-f2f/ThinkPHP/Library/Think/Cache/Driver/Redis.class.php 第 41 行.
NOTIC: [8] Undefined index: timeout /weixin/webdata/sign-f2f/ThinkPHP/Library/Think/Cache/Driver/Redis.class.php 第 43 行.
NOTIC: [8] Undefined index: timeout /weixin/webdata/sign-f2f/ThinkPHP/Library/Think/Cache/Driver/Redis.class.php 第 45 行.
SQL: SHOW COLUMNS FROM `ini` [ RunTime:0.0007s ]
SQL: SELECT * FROM `ini`  [ RunTime:0.0001s ]
SQL: SHOW COLUMNS FROM `common` [ RunTime:0.0005s ]
SQL: SELECT * FROM `common` WHERE `power` = 0  [ RunTime:0.0001s ]

[ 2016-10-05T12:24:13+08:00 ] 127.0.0.1 /sign-f2f/wx/indexApi
INFO: [ app_init ] --START--
INFO: Run Behavior\BuildLiteBehavior [ RunTime:0.000012s ]
INFO: [ app_init ] --END-- [ RunTime:0.000095s ]
INFO: [ app_begin ] --START--
INFO: Run Behavior\ReadHtmlCacheBehavior [ RunTime:0.000045s ]
INFO: [ app_begin ] --END-- [ RunTime:0.000086s ]
NOTIC: [8] Undefined index: persistent /weixin/webdata/sign-f2f/ThinkPHP/Library/Think/Cache/Driver/Redis.class.php 第 41 行.
NOTIC: [8] Undefined index: timeout /weixin/webdata/sign-f2f/ThinkPHP/Library/Think/Cache/Driver/Redis.class.php 第 43 行.
NOTIC: [8] Undefined index: timeout /weixin/webdata/sign-f2f/ThinkPHP/Library/Think/Cache/Driver/Redis.class.php 第 45 行.
SQL: SHOW COLUMNS FROM `ini` [ RunTime:0.0007s ]
SQL: SELECT * FROM `ini`  [ RunTime:0.0001s ]
SQL: SHOW COLUMNS FROM `common` [ RunTime:0.0005s ]
SQL: SELECT * FROM `common` WHERE `power` = 0  [ RunTime:0.0001s ]

[ 2016-10-05T12:24:20+08:00 ] 127.0.0.1 /sign-f2f/wx/adminApi/getSignSpace
INFO: [ app_init ] --START--
INFO: Run Behavior\BuildLiteBehavior [ RunTime:0.000054s ]
INFO: [ app_init ] --END-- [ RunTime:0.000204s ]
INFO: [ app_begin ] --START--
INFO: Run Behavior\ReadHtmlCacheBehavior [ RunTime:0.000097s ]
INFO: [ app_begin ] --END-- [ RunTime:0.000167s ]
NOTIC: [8] Undefined index: persistent /weixin/webdata/sign-f2f/ThinkPHP/Library/Think/Cache/Driver/Redis.class.php 第 41 行.
NOTIC: [8] Undefined index: timeout /weixin/webdata/sign-f2f/ThinkPHP/Library/Think/Cache/Driver/Redis.class.php 第 43 行.
NOTIC: [8] Undefined index: timeout /weixin/webdata/sign-f2f/ThinkPHP/Library/Think/Cache/Driver/Redis.class.php 第 45 行.
SQL: SHOW COLUMNS FROM `ini` [ RunTime:0.0007s ]
SQL: SELECT * FROM `ini`  [ RunTime:0.0001s ]

[ 2016-10-05T12:24:25+08:00 ] 127.0.0.1 /sign-f2f/wx/indexApi
INFO: [ app_init ] --START--
INFO: Run Behavior\BuildLiteBehavior [ RunTime:0.000015s ]
INFO: [ app_init ] --END-- [ RunTime:0.000102s ]
INFO: [ app_begin ] --START--
INFO: Run Behavior\ReadHtmlCacheBehavior [ RunTime:0.000048s ]
INFO: [ app_begin ] --END-- [ RunTime:0.000091s ]
NOTIC: [8] Undefined index: persistent /weixin/webdata/sign-f2f/ThinkPHP/Library/Think/Cache/Driver/Redis.class.php 第 41 行.
NOTIC: [8] Undefined index: timeout /weixin/webdata/sign-f2f/ThinkPHP/Library/Think/Cache/Driver/Redis.class.php 第 43 行.
NOTIC: [8] Undefined index: timeout /weixin/webdata/sign-f2f/ThinkPHP/Library/Think/Cache/Driver/Redis.class.php 第 45 行.
SQL: SHOW COLUMNS FROM `ini` [ RunTime:0.0006s ]
SQL: SELECT * FROM `ini`  [ RunTime:0.0001s ]
SQL: SHOW COLUMNS FROM `common` [ RunTime:0.0005s ]
SQL: SELECT * FROM `common` WHERE `power` = 0  [ RunTime:0.0001s ]

[ 2016-10-05T12:24:27+08:00 ] 127.0.0.1 /sign-f2f/wx/studentApi/getConfig?url=http:%2F%2Fwechat.hnust.cn%2Fsign-f2f%2Fwx%3Fv%3D160531
INFO: [ app_init ] --START--
INFO: Run Behavior\BuildLiteBehavior [ RunTime:0.000015s ]
INFO: [ app_init ] --END-- [ RunTime:0.000091s ]
INFO: [ app_begin ] --START--
INFO: Run Behavior\ReadHtmlCacheBehavior [ RunTime:0.000038s ]
INFO: [ app_begin ] --END-- [ RunTime:0.000078s ]
NOTIC: [8] Undefined index: persistent /weixin/webdata/sign-f2f/ThinkPHP/Library/Think/Cache/Driver/Redis.class.php 第 41 行.
NOTIC: [8] Undefined index: timeout /weixin/webdata/sign-f2f/ThinkPHP/Library/Think/Cache/Driver/Redis.class.php 第 43 行.
NOTIC: [8] Undefined index: timeout /weixin/webdata/sign-f2f/ThinkPHP/Library/Think/Cache/Driver/Redis.class.php 第 45 行.
SQL: SHOW COLUMNS FROM `ini` [ RunTime:0.0007s ]
SQL: SELECT * FROM `ini`  [ RunTime:0.0001s ]

[ 2016-10-05T12:24:31+08:00 ] 127.0.0.1 /sign-f2f/wx/studentApi/getQRCode
INFO: [ app_init ] --START--
INFO: Run Behavior\BuildLiteBehavior [ RunTime:0.000015s ]
INFO: [ app_init ] --END-- [ RunTime:0.000100s ]
INFO: [ app_begin ] --START--
INFO: Run Behavior\ReadHtmlCacheBehavior [ RunTime:0.000043s ]
INFO: [ app_begin ] --END-- [ RunTime:0.000084s ]
NOTIC: [8] Undefined index: persistent /weixin/webdata/sign-f2f/ThinkPHP/Library/Think/Cache/Driver/Redis.class.php 第 41 行.
NOTIC: [8] Undefined index: timeout /weixin/webdata/sign-f2f/ThinkPHP/Library/Think/Cache/Driver/Redis.class.php 第 43 行.
NOTIC: [8] Undefined index: timeout /weixin/webdata/sign-f2f/ThinkPHP/Library/Think/Cache/Driver/Redis.class.php 第 45 行.
SQL: SHOW COLUMNS FROM `ini` [ RunTime:0.0007s ]
SQL: SELECT * FROM `ini`  [ RunTime:0.0001s ]

[ 2016-10-05T12:24:45+08:00 ] 127.0.0.1 /sign-f2f/wx/indexApi
INFO: [ app_init ] --START--
INFO: Run Behavior\BuildLiteBehavior [ RunTime:0.000023s ]
INFO: [ app_init ] --END-- [ RunTime:0.000167s ]
INFO: [ app_begin ] --START--
INFO: Run Behavior\ReadHtmlCacheBehavior [ RunTime:0.000075s ]
INFO: [ app_begin ] --END-- [ RunTime:0.000142s ]
NOTIC: [8] Undefined index: persistent /weixin/webdata/sign-f2f/ThinkPHP/Library/Think/Cache/Driver/Redis.class.php 第 41 行.
NOTIC: [8] Undefined index: timeout /weixin/webdata/sign-f2f/ThinkPHP/Library/Think/Cache/Driver/Redis.class.php 第 43 行.
NOTIC: [8] Undefined index: timeout /weixin/webdata/sign-f2f/ThinkPHP/Library/Think/Cache/Driver/Redis.class.php 第 45 行.
SQL: SHOW COLUMNS FROM `ini` [ RunTime:0.0007s ]
SQL: SELECT * FROM `ini`  [ RunTime:0.0001s ]
SQL: SHOW COLUMNS FROM `common` [ RunTime:0.0005s ]
SQL: SELECT * FROM `common` WHERE `power` = 0  [ RunTime:0.0001s ]

[ 2016-10-05T12:25:07+08:00 ] 127.0.0.1 /sign-f2f/wx/indexApi
INFO: [ app_init ] --START--
INFO: Run Behavior\BuildLiteBehavior [ RunTime:0.000023s ]
INFO: [ app_init ] --END-- [ RunTime:0.000159s ]
INFO: [ app_begin ] --START--
INFO: Run Behavior\ReadHtmlCacheBehavior [ RunTime:0.000076s ]
INFO: [ app_begin ] --END-- [ RunTime:0.000144s ]
NOTIC: [8] Undefined index: persistent /weixin/webdata/sign-f2f/ThinkPHP/Library/Think/Cache/Driver/Redis.class.php 第 41 行.
NOTIC: [8] Undefined index: timeout /weixin/webdata/sign-f2f/ThinkPHP/Library/Think/Cache/Driver/Redis.class.php 第 43 行.
NOTIC: [8] Undefined index: timeout /weixin/webdata/sign-f2f/ThinkPHP/Library/Think/Cache/Driver/Redis.class.php 第 45 行.
SQL: SHOW COLUMNS FROM `ini` [ RunTime:0.0010s ]
SQL: SELECT * FROM `ini`  [ RunTime:0.0002s ]
SQL: SHOW COLUMNS FROM `common` [ RunTime:0.0006s ]
SQL: SELECT * FROM `common` WHERE `power` = 0  [ RunTime:0.0001s ]

[ 2016-10-05T13:57:55+08:00 ] 127.0.0.1 /sign-f2f/wx/indexApi
INFO: [ app_init ] --START--
INFO: Run Behavior\BuildLiteBehavior [ RunTime:0.000023s ]
INFO: [ app_init ] --END-- [ RunTime:0.000163s ]
INFO: [ app_begin ] --START--
INFO: Run Behavior\ReadHtmlCacheBehavior [ RunTime:0.000080s ]
INFO: [ app_begin ] --END-- [ RunTime:0.000150s ]
NOTIC: [8] Undefined index: persistent /weixin/webdata/sign-f2f/ThinkPHP/Library/Think/Cache/Driver/Redis.class.php 第 41 行.
NOTIC: [8] Undefined index: timeout /weixin/webdata/sign-f2f/ThinkPHP/Library/Think/Cache/Driver/Redis.class.php 第 43 行.
NOTIC: [8] Undefined index: timeout /weixin/webdata/sign-f2f/ThinkPHP/Library/Think/Cache/Driver/Redis.class.php 第 45 行.

[ 2016-10-05T13:57:59+08:00 ] 127.0.0.1 /sign-f2f/wx/indexApi
INFO: [ app_init ] --START--
INFO: Run Behavior\BuildLiteBehavior [ RunTime:0.000022s ]
INFO: [ app_init ] --END-- [ RunTime:0.000158s ]
INFO: [ app_begin ] --START--
INFO: Run Behavior\ReadHtmlCacheBehavior [ RunTime:0.000094s ]
INFO: [ app_begin ] --END-- [ RunTime:0.000171s ]
NOTIC: [8] Undefined index: persistent /weixin/webdata/sign-f2f/ThinkPHP/Library/Think/Cache/Driver/Redis.class.php 第 41 行.
NOTIC: [8] Undefined index: timeout /weixin/webdata/sign-f2f/ThinkPHP/Library/Think/Cache/Driver/Redis.class.php 第 43 行.
NOTIC: [8] Undefined index: timeout /weixin/webdata/sign-f2f/ThinkPHP/Library/Think/Cache/Driver/Redis.class.php 第 45 行.
SQL: SHOW COLUMNS FROM `ini` [ RunTime:0.0007s ]
SQL: SELECT * FROM `ini`  [ RunTime:0.0001s ]
SQL: SHOW COLUMNS FROM `common` [ RunTime:0.0005s ]
SQL: SELECT * FROM `common` WHERE `power` = 0  [ RunTime:0.0001s ]

[ 2016-10-05T13:58:04+08:00 ] 127.0.0.1 /sign-f2f/wx/indexApi
INFO: [ app_init ] --START--
INFO: Run Behavior\BuildLiteBehavior [ RunTime:0.000014s ]
INFO: [ app_init ] --END-- [ RunTime:0.000112s ]
INFO: [ app_begin ] --START--
INFO: Run Behavior\ReadHtmlCacheBehavior [ RunTime:0.000099s ]
INFO: [ app_begin ] --END-- [ RunTime:0.000156s ]
NOTIC: [8] Undefined index: persistent /weixin/webdata/sign-f2f/ThinkPHP/Library/Think/Cache/Driver/Redis.class.php 第 41 行.
NOTIC: [8] Undefined index: timeout /weixin/webdata/sign-f2f/ThinkPHP/Library/Think/Cache/Driver/Redis.class.php 第 43 行.
NOTIC: [8] Undefined index: timeout /weixin/webdata/sign-f2f/ThinkPHP/Library/Think/Cache/Driver/Redis.class.php 第 45 行.
SQL: SHOW COLUMNS FROM `ini` [ RunTime:0.0010s ]
SQL: SELECT * FROM `ini`  [ RunTime:0.0002s ]
SQL: SHOW COLUMNS FROM `common` [ RunTime:0.0009s ]
SQL: SELECT * FROM `common` WHERE `power` = 0  [ RunTime:0.0001s ]

[ 2016-10-05T14:02:56+08:00 ] 127.0.0.1 /sign-f2f/wx/indexApi
INFO: [ app_init ] --START--
INFO: Run Behavior\BuildLiteBehavior [ RunTime:0.000023s ]
INFO: [ app_init ] --END-- [ RunTime:0.000113s ]
INFO: [ app_begin ] --START--
INFO: Run Behavior\ReadHtmlCacheBehavior [ RunTime:0.000057s ]
INFO: [ app_begin ] --END-- [ RunTime:0.000100s ]
NOTIC: [8] Undefined index: persistent /weixin/webdata/sign-f2f/ThinkPHP/Library/Think/Cache/Driver/Redis.class.php 第 41 行.
NOTIC: [8] Undefined index: timeout /weixin/webdata/sign-f2f/ThinkPHP/Library/Think/Cache/Driver/Redis.class.php 第 43 行.
NOTIC: [8] Undefined index: timeout /weixin/webdata/sign-f2f/ThinkPHP/Library/Think/Cache/Driver/Redis.class.php 第 45 行.
SQL: SHOW COLUMNS FROM `ini` [ RunTime:0.0014s ]
SQL: SELECT * FROM `ini`  [ RunTime:0.0002s ]
SQL: SHOW COLUMNS FROM `common` [ RunTime:0.0009s ]
SQL: SELECT * FROM `common` WHERE `power` = 0  [ RunTime:0.0001s ]

[ 2016-10-05T14:03:06+08:00 ] 127.0.0.1 /sign-f2f/wx/indexApi
INFO: [ app_init ] --START--
INFO: Run Behavior\BuildLiteBehavior [ RunTime:0.000014s ]
INFO: [ app_init ] --END-- [ RunTime:0.000104s ]
INFO: [ app_begin ] --START--
INFO: Run Behavior\ReadHtmlCacheBehavior [ RunTime:0.000047s ]
INFO: [ app_begin ] --END-- [ RunTime:0.000089s ]
NOTIC: [8] Undefined index: persistent /weixin/webdata/sign-f2f/ThinkPHP/Library/Think/Cache/Driver/Redis.class.php 第 41 行.
NOTIC: [8] Undefined index: timeout /weixin/webdata/sign-f2f/ThinkPHP/Library/Think/Cache/Driver/Redis.class.php 第 43 行.
NOTIC: [8] Undefined index: timeout /weixin/webdata/sign-f2f/ThinkPHP/Library/Think/Cache/Driver/Redis.class.php 第 45 行.
SQL: SHOW COLUMNS FROM `ini` [ RunTime:0.0011s ]
SQL: SELECT * FROM `ini`  [ RunTime:0.0001s ]
SQL: SHOW COLUMNS FROM `common` [ RunTime:0.0005s ]
SQL: SELECT * FROM `common` WHERE `power` = 0  [ RunTime:0.0001s ]

[ 2016-10-05T14:03:09+08:00 ] 127.0.0.1 /sign-f2f/wx/studentApi/getConfig?url=http:%2F%2Fwechat.hnust.cn%2Fsign-f2f%2Fwx%3Fv%3D160531
INFO: [ app_init ] --START--
INFO: Run Behavior\BuildLiteBehavior [ RunTime:0.000015s ]
INFO: [ app_init ] --END-- [ RunTime:0.000104s ]
INFO: [ app_begin ] --START--
INFO: Run Behavior\ReadHtmlCacheBehavior [ RunTime:0.000048s ]
INFO: [ app_begin ] --END-- [ RunTime:0.000088s ]
NOTIC: [8] Undefined index: persistent /weixin/webdata/sign-f2f/ThinkPHP/Library/Think/Cache/Driver/Redis.class.php 第 41 行.
NOTIC: [8] Undefined index: timeout /weixin/webdata/sign-f2f/ThinkPHP/Library/Think/Cache/Driver/Redis.class.php 第 43 行.
NOTIC: [8] Undefined index: timeout /weixin/webdata/sign-f2f/ThinkPHP/Library/Think/Cache/Driver/Redis.class.php 第 45 行.
SQL: SHOW COLUMNS FROM `ini` [ RunTime:0.0011s ]
SQL: SELECT * FROM `ini`  [ RunTime:0.0002s ]

[ 2016-10-05T14:03:10+08:00 ] 127.0.0.1 /sign-f2f/wx/studentApi/getConfig?url=http:%2F%2Fwechat.hnust.cn%2Fsign-f2f%2Fwx%3Fv%3D160531
INFO: [ app_init ] --START--
INFO: Run Behavior\BuildLiteBehavior [ RunTime:0.000012s ]
INFO: [ app_init ] --END-- [ RunTime:0.000076s ]
INFO: [ app_begin ] --START--
INFO: Run Behavior\ReadHtmlCacheBehavior [ RunTime:0.000051s ]
INFO: [ app_begin ] --END-- [ RunTime:0.000091s ]
NOTIC: [8] Undefined index: persistent /weixin/webdata/sign-f2f/ThinkPHP/Library/Think/Cache/Driver/Redis.class.php 第 41 行.
NOTIC: [8] Undefined index: timeout /weixin/webdata/sign-f2f/ThinkPHP/Library/Think/Cache/Driver/Redis.class.php 第 43 行.
NOTIC: [8] Undefined index: timeout /weixin/webdata/sign-f2f/ThinkPHP/Library/Think/Cache/Driver/Redis.class.php 第 45 行.
SQL: SHOW COLUMNS FROM `ini` [ RunTime:0.0006s ]
SQL: SELECT * FROM `ini`  [ RunTime:0.0001s ]

[ 2016-10-05T14:03:17+08:00 ] 127.0.0.1 /sign-f2f/wx/indexApi
INFO: [ app_init ] --START--
INFO: Run Behavior\BuildLiteBehavior [ RunTime:0.000023s ]
INFO: [ app_init ] --END-- [ RunTime:0.000160s ]
INFO: [ app_begin ] --START--
INFO: Run Behavior\ReadHtmlCacheBehavior [ RunTime:0.000077s ]
INFO: [ app_begin ] --END-- [ RunTime:0.000146s ]
NOTIC: [8] Undefined index: persistent /weixin/webdata/sign-f2f/ThinkPHP/Library/Think/Cache/Driver/Redis.class.php 第 41 行.
NOTIC: [8] Undefined index: timeout /weixin/webdata/sign-f2f/ThinkPHP/Library/Think/Cache/Driver/Redis.class.php 第 43 行.
NOTIC: [8] Undefined index: timeout /weixin/webdata/sign-f2f/ThinkPHP/Library/Think/Cache/Driver/Redis.class.php 第 45 行.
SQL: SHOW COLUMNS FROM `ini` [ RunTime:0.0007s ]
SQL: SELECT * FROM `ini`  [ RunTime:0.0001s ]
SQL: SHOW COLUMNS FROM `common` [ RunTime:0.0005s ]
SQL: SELECT * FROM `common` WHERE `power` = 0  [ RunTime:0.0001s ]

[ 2016-10-05T14:03:24+08:00 ] 127.0.0.1 /sign-f2f/wx/indexApi
INFO: [ app_init ] --START--
INFO: Run Behavior\BuildLiteBehavior [ RunTime:0.000023s ]
INFO: [ app_init ] --END-- [ RunTime:0.000162s ]
INFO: [ app_begin ] --START--
INFO: Run Behavior\ReadHtmlCacheBehavior [ RunTime:0.000076s ]
INFO: [ app_begin ] --END-- [ RunTime:0.000151s ]
NOTIC: [8] Undefined index: persistent /weixin/webdata/sign-f2f/ThinkPHP/Library/Think/Cache/Driver/Redis.class.php 第 41 行.
NOTIC: [8] Undefined index: timeout /weixin/webdata/sign-f2f/ThinkPHP/Library/Think/Cache/Driver/Redis.class.php 第 43 行.
NOTIC: [8] Undefined index: timeout /weixin/webdata/sign-f2f/ThinkPHP/Library/Think/Cache/Driver/Redis.class.php 第 45 行.
SQL: SHOW COLUMNS FROM `ini` [ RunTime:0.0007s ]
SQL: SELECT * FROM `ini`  [ RunTime:0.0001s ]
SQL: SHOW COLUMNS FROM `common` [ RunTime:0.0005s ]
SQL: SELECT * FROM `common` WHERE `power` = 0  [ RunTime:0.0001s ]

[ 2016-10-05T14:03:26+08:00 ] 127.0.0.1 /sign-f2f/wx/adminApi/getLaunchHistory
INFO: [ app_init ] --START--
INFO: Run Behavior\BuildLiteBehavior [ RunTime:0.000015s ]
INFO: [ app_init ] --END-- [ RunTime:0.000142s ]
INFO: [ app_begin ] --START--
INFO: Run Behavior\ReadHtmlCacheBehavior [ RunTime:0.000051s ]
INFO: [ app_begin ] --END-- [ RunTime:0.000093s ]
NOTIC: [8] Undefined index: persistent /weixin/webdata/sign-f2f/ThinkPHP/Library/Think/Cache/Driver/Redis.class.php 第 41 行.
NOTIC: [8] Undefined index: timeout /weixin/webdata/sign-f2f/ThinkPHP/Library/Think/Cache/Driver/Redis.class.php 第 43 行.
NOTIC: [8] Undefined index: timeout /weixin/webdata/sign-f2f/ThinkPHP/Library/Think/Cache/Driver/Redis.class.php 第 45 行.
SQL: SHOW COLUMNS FROM `ini` [ RunTime:0.0012s ]
SQL: SELECT * FROM `ini`  [ RunTime:0.0002s ]

[ 2016-10-05T14:03:26+08:00 ] 127.0.0.1 /sign-f2f/wx/adminApi/getLaunchHistory
INFO: [ app_init ] --START--
INFO: Run Behavior\BuildLiteBehavior [ RunTime:0.000012s ]
INFO: [ app_init ] --END-- [ RunTime:0.000074s ]
INFO: [ app_begin ] --START--
INFO: Run Behavior\ReadHtmlCacheBehavior [ RunTime:0.000039s ]
INFO: [ app_begin ] --END-- [ RunTime:0.000078s ]
NOTIC: [8] Undefined index: persistent /weixin/webdata/sign-f2f/ThinkPHP/Library/Think/Cache/Driver/Redis.class.php 第 41 行.
NOTIC: [8] Undefined index: timeout /weixin/webdata/sign-f2f/ThinkPHP/Library/Think/Cache/Driver/Redis.class.php 第 43 行.
NOTIC: [8] Undefined index: timeout /weixin/webdata/sign-f2f/ThinkPHP/Library/Think/Cache/Driver/Redis.class.php 第 45 行.
SQL: SHOW COLUMNS FROM `ini` [ RunTime:0.0008s ]
SQL: SELECT * FROM `ini`  [ RunTime:0.0002s ]

[ 2016-10-05T14:03:27+08:00 ] 127.0.0.1 /sign-f2f/wx/indexApi
INFO: [ app_init ] --START--
INFO: Run Behavior\BuildLiteBehavior [ RunTime:0.000038s ]
INFO: [ app_init ] --END-- [ RunTime:0.000195s ]
INFO: [ app_begin ] --START--
INFO: Run Behavior\ReadHtmlCacheBehavior [ RunTime:0.000078s ]
INFO: [ app_begin ] --END-- [ RunTime:0.000161s ]
NOTIC: [8] Undefined index: persistent /weixin/webdata/sign-f2f/ThinkPHP/Library/Think/Cache/Driver/Redis.class.php 第 41 行.
NOTIC: [8] Undefined index: timeout /weixin/webdata/sign-f2f/ThinkPHP/Library/Think/Cache/Driver/Redis.class.php 第 43 行.
NOTIC: [8] Undefined index: timeout /weixin/webdata/sign-f2f/ThinkPHP/Library/Think/Cache/Driver/Redis.class.php 第 45 行.
SQL: SHOW COLUMNS FROM `ini` [ RunTime:0.0011s ]
SQL: SELECT * FROM `ini`  [ RunTime:0.0001s ]
SQL: SHOW COLUMNS FROM `common` [ RunTime:0.0008s ]
SQL: SELECT * FROM `common` WHERE `power` = 0  [ RunTime:0.0001s ]

[ 2016-10-05T14:03:31+08:00 ] 127.0.0.1 /sign-f2f/wx/indexApi
INFO: [ app_init ] --START--
INFO: Run Behavior\BuildLiteBehavior [ RunTime:0.000023s ]
INFO: [ app_init ] --END-- [ RunTime:0.000161s ]
INFO: [ app_begin ] --START--
INFO: Run Behavior\ReadHtmlCacheBehavior [ RunTime:0.000087s ]
INFO: [ app_begin ] --END-- [ RunTime:0.000153s ]
NOTIC: [8] Undefined index: persistent /weixin/webdata/sign-f2f/ThinkPHP/Library/Think/Cache/Driver/Redis.class.php 第 41 行.
NOTIC: [8] Undefined index: timeout /weixin/webdata/sign-f2f/ThinkPHP/Library/Think/Cache/Driver/Redis.class.php 第 43 行.
NOTIC: [8] Undefined index: timeout /weixin/webdata/sign-f2f/ThinkPHP/Library/Think/Cache/Driver/Redis.class.php 第 45 行.
SQL: SHOW COLUMNS FROM `ini` [ RunTime:0.0010s ]
SQL: SELECT * FROM `ini`  [ RunTime:0.0002s ]
SQL: SHOW COLUMNS FROM `common` [ RunTime:0.0009s ]
SQL: SELECT * FROM `common` WHERE `power` = 0  [ RunTime:0.0001s ]

[ 2016-10-05T14:03:32+08:00 ] 127.0.0.1 /sign-f2f/wx/indexApi
INFO: [ app_init ] --START--
INFO: Run Behavior\BuildLiteBehavior [ RunTime:0.000021s ]
INFO: [ app_init ] --END-- [ RunTime:0.000173s ]
INFO: [ app_begin ] --START--
INFO: Run Behavior\ReadHtmlCacheBehavior [ RunTime:0.000065s ]
INFO: [ app_begin ] --END-- [ RunTime:0.000149s ]
NOTIC: [8] Undefined index: persistent /weixin/webdata/sign-f2f/ThinkPHP/Library/Think/Cache/Driver/Redis.class.php 第 41 行.
NOTIC: [8] Undefined index: timeout /weixin/webdata/sign-f2f/ThinkPHP/Library/Think/Cache/Driver/Redis.class.php 第 43 行.
NOTIC: [8] Undefined index: timeout /weixin/webdata/sign-f2f/ThinkPHP/Library/Think/Cache/Driver/Redis.class.php 第 45 行.
SQL: SHOW COLUMNS FROM `ini` [ RunTime:0.0007s ]
SQL: SELECT * FROM `ini`  [ RunTime:0.0001s ]
SQL: SHOW COLUMNS FROM `common` [ RunTime:0.0005s ]
SQL: SELECT * FROM `common` WHERE `power` = 0  [ RunTime:0.0001s ]

[ 2016-10-05T14:03:34+08:00 ] 127.0.0.1 /sign-f2f/wx/indexApi
INFO: [ app_init ] --START--
INFO: Run Behavior\BuildLiteBehavior [ RunTime:0.000022s ]
INFO: [ app_init ] --END-- [ RunTime:0.000177s ]
INFO: [ app_begin ] --START--
INFO: Run Behavior\ReadHtmlCacheBehavior [ RunTime:0.000078s ]
INFO: [ app_begin ] --END-- [ RunTime:0.000146s ]
NOTIC: [8] Undefined index: persistent /weixin/webdata/sign-f2f/ThinkPHP/Library/Think/Cache/Driver/Redis.class.php 第 41 行.
NOTIC: [8] Undefined index: timeout /weixin/webdata/sign-f2f/ThinkPHP/Library/Think/Cache/Driver/Redis.class.php 第 43 行.
NOTIC: [8] Undefined index: timeout /weixin/webdata/sign-f2f/ThinkPHP/Library/Think/Cache/Driver/Redis.class.php 第 45 行.
SQL: SHOW COLUMNS FROM `ini` [ RunTime:0.0007s ]
SQL: SELECT * FROM `ini`  [ RunTime:0.0001s ]
SQL: SHOW COLUMNS FROM `common` [ RunTime:0.0005s ]
SQL: SELECT * FROM `common` WHERE `power` = 0  [ RunTime:0.0001s ]

[ 2016-10-05T14:03:35+08:00 ] 127.0.0.1 /sign-f2f/wx/indexApi
INFO: [ app_init ] --START--
INFO: Run Behavior\BuildLiteBehavior [ RunTime:0.000022s ]
INFO: [ app_init ] --END-- [ RunTime:0.000164s ]
INFO: [ app_begin ] --START--
INFO: Run Behavior\ReadHtmlCacheBehavior [ RunTime:0.000066s ]
INFO: [ app_begin ] --END-- [ RunTime:0.000132s ]
NOTIC: [8] Undefined index: persistent /weixin/webdata/sign-f2f/ThinkPHP/Library/Think/Cache/Driver/Redis.class.php 第 41 行.
NOTIC: [8] Undefined index: timeout /weixin/webdata/sign-f2f/ThinkPHP/Library/Think/Cache/Driver/Redis.class.php 第 43 行.
NOTIC: [8] Undefined index: timeout /weixin/webdata/sign-f2f/ThinkPHP/Library/Think/Cache/Driver/Redis.class.php 第 45 行.
SQL: SHOW COLUMNS FROM `ini` [ RunTime:0.0007s ]
SQL: SELECT * FROM `ini`  [ RunTime:0.0001s ]
SQL: SHOW COLUMNS FROM `common` [ RunTime:0.0005s ]
SQL: SELECT * FROM `common` WHERE `power` = 0  [ RunTime:0.0001s ]

[ 2016-10-05T17:28:14+08:00 ] 127.0.0.1 /sign-f2f/wx/indexApi
INFO: [ app_init ] --START--
INFO: Run Behavior\BuildLiteBehavior [ RunTime:0.000023s ]
INFO: [ app_init ] --END-- [ RunTime:0.000187s ]
INFO: [ app_begin ] --START--
INFO: Run Behavior\ReadHtmlCacheBehavior [ RunTime:0.000076s ]
INFO: [ app_begin ] --END-- [ RunTime:0.000146s ]
NOTIC: [8] Undefined index: persistent /weixin/webdata/sign-f2f/ThinkPHP/Library/Think/Cache/Driver/Redis.class.php 第 41 行.
NOTIC: [8] Undefined index: timeout /weixin/webdata/sign-f2f/ThinkPHP/Library/Think/Cache/Driver/Redis.class.php 第 43 行.
NOTIC: [8] Undefined index: timeout /weixin/webdata/sign-f2f/ThinkPHP/Library/Think/Cache/Driver/Redis.class.php 第 45 行.
SQL: SHOW COLUMNS FROM `ini` [ RunTime:0.0012s ]
SQL: SELECT * FROM `ini`  [ RunTime:0.0002s ]
SQL: SHOW COLUMNS FROM `common` [ RunTime:0.0008s ]
SQL: SELECT * FROM `common` WHERE `power` = 0  [ RunTime:0.0002s ]

[ 2016-10-05T19:24:08+08:00 ] 127.0.0.1 /sign-f2f/wx/indexApi
INFO: [ app_init ] --START--
INFO: Run Behavior\BuildLiteBehavior [ RunTime:0.000020s ]
INFO: [ app_init ] --END-- [ RunTime:0.000117s ]
INFO: [ app_begin ] --START--
INFO: Run Behavior\ReadHtmlCacheBehavior [ RunTime:0.000055s ]
INFO: [ app_begin ] --END-- [ RunTime:0.000098s ]
NOTIC: [8] Undefined index: persistent /weixin/webdata/sign-f2f/ThinkPHP/Library/Think/Cache/Driver/Redis.class.php 第 41 行.
NOTIC: [8] Undefined index: timeout /weixin/webdata/sign-f2f/ThinkPHP/Library/Think/Cache/Driver/Redis.class.php 第 43 行.
NOTIC: [8] Undefined index: timeout /weixin/webdata/sign-f2f/ThinkPHP/Library/Think/Cache/Driver/Redis.class.php 第 45 行.

[ 2016-10-05T19:24:11+08:00 ] 127.0.0.1 /sign-f2f/wx/indexApi
INFO: [ app_init ] --START--
INFO: Run Behavior\BuildLiteBehavior [ RunTime:0.000014s ]
INFO: [ app_init ] --END-- [ RunTime:0.000103s ]
INFO: [ app_begin ] --START--
INFO: Run Behavior\ReadHtmlCacheBehavior [ RunTime:0.000047s ]
INFO: [ app_begin ] --END-- [ RunTime:0.000089s ]
NOTIC: [8] Undefined index: persistent /weixin/webdata/sign-f2f/ThinkPHP/Library/Think/Cache/Driver/Redis.class.php 第 41 行.
NOTIC: [8] Undefined index: timeout /weixin/webdata/sign-f2f/ThinkPHP/Library/Think/Cache/Driver/Redis.class.php 第 43 行.
NOTIC: [8] Undefined index: timeout /weixin/webdata/sign-f2f/ThinkPHP/Library/Think/Cache/Driver/Redis.class.php 第 45 行.
SQL: SHOW COLUMNS FROM `ini` [ RunTime:0.0008s ]
SQL: SELECT * FROM `ini`  [ RunTime:0.0001s ]
SQL: SHOW COLUMNS FROM `common` [ RunTime:0.0005s ]
SQL: SELECT * FROM `common` WHERE `power` = 0  [ RunTime:0.0001s ]

[ 2016-10-05T19:24:19+08:00 ] 127.0.0.1 /sign-f2f/wx/indexApi
INFO: [ app_init ] --START--
INFO: Run Behavior\BuildLiteBehavior [ RunTime:0.000015s ]
INFO: [ app_init ] --END-- [ RunTime:0.000102s ]
INFO: [ app_begin ] --START--
INFO: Run Behavior\ReadHtmlCacheBehavior [ RunTime:0.000053s ]
INFO: [ app_begin ] --END-- [ RunTime:0.000135s ]
NOTIC: [8] Undefined index: persistent /weixin/webdata/sign-f2f/ThinkPHP/Library/Think/Cache/Driver/Redis.class.php 第 41 行.
NOTIC: [8] Undefined index: timeout /weixin/webdata/sign-f2f/ThinkPHP/Library/Think/Cache/Driver/Redis.class.php 第 43 行.
NOTIC: [8] Undefined index: timeout /weixin/webdata/sign-f2f/ThinkPHP/Library/Think/Cache/Driver/Redis.class.php 第 45 行.
SQL: SHOW COLUMNS FROM `ini` [ RunTime:0.0007s ]
SQL: SELECT * FROM `ini`  [ RunTime:0.0001s ]
SQL: SHOW COLUMNS FROM `common` [ RunTime:0.0005s ]
SQL: SELECT * FROM `common` WHERE `power` = 0  [ RunTime:0.0001s ]

[ 2016-10-05T20:53:30+08:00 ] 127.0.0.1 /sign-f2f/wx/indexApi
INFO: [ app_init ] --START--
INFO: Run Behavior\BuildLiteBehavior [ RunTime:0.000014s ]
INFO: [ app_init ] --END-- [ RunTime:0.000115s ]
INFO: [ app_begin ] --START--
INFO: Run Behavior\ReadHtmlCacheBehavior [ RunTime:0.000064s ]
INFO: [ app_begin ] --END-- [ RunTime:0.000109s ]
NOTIC: [8] Undefined index: persistent /weixin/webdata/sign-f2f/ThinkPHP/Library/Think/Cache/Driver/Redis.class.php 第 41 行.
NOTIC: [8] Undefined index: timeout /weixin/webdata/sign-f2f/ThinkPHP/Library/Think/Cache/Driver/Redis.class.php 第 43 行.
NOTIC: [8] Undefined index: timeout /weixin/webdata/sign-f2f/ThinkPHP/Library/Think/Cache/Driver/Redis.class.php 第 45 行.

[ 2016-10-05T20:53:35+08:00 ] 127.0.0.1 /sign-f2f/wx/indexApi
INFO: [ app_init ] --START--
INFO: Run Behavior\BuildLiteBehavior [ RunTime:0.000015s ]
INFO: [ app_init ] --END-- [ RunTime:0.000106s ]
INFO: [ app_begin ] --START--
INFO: Run Behavior\ReadHtmlCacheBehavior [ RunTime:0.000048s ]
INFO: [ app_begin ] --END-- [ RunTime:0.000089s ]
NOTIC: [8] Undefined index: persistent /weixin/webdata/sign-f2f/ThinkPHP/Library/Think/Cache/Driver/Redis.class.php 第 41 行.
NOTIC: [8] Undefined index: timeout /weixin/webdata/sign-f2f/ThinkPHP/Library/Think/Cache/Driver/Redis.class.php 第 43 行.
NOTIC: [8] Undefined index: timeout /weixin/webdata/sign-f2f/ThinkPHP/Library/Think/Cache/Driver/Redis.class.php 第 45 行.
SQL: SHOW COLUMNS FROM `ini` [ RunTime:0.0007s ]
SQL: SELECT * FROM `ini`  [ RunTime:0.0001s ]
SQL: SHOW COLUMNS FROM `common` [ RunTime:0.0005s ]
SQL: SELECT * FROM `common` WHERE `power` = 0  [ RunTime:0.0001s ]

[ 2016-10-05T20:53:49+08:00 ] 127.0.0.1 /sign-f2f/wx/studentApi/getConfig?url=http:%2F%2Fwechat.hnust.cn%2Fsign-f2f%2Fwx%3Fv%3D160531
INFO: [ app_init ] --START--
INFO: Run Behavior\BuildLiteBehavior [ RunTime:0.000024s ]
INFO: [ app_init ] --END-- [ RunTime:0.000208s ]
INFO: [ app_begin ] --START--
INFO: Run Behavior\ReadHtmlCacheBehavior [ RunTime:0.000096s ]
INFO: [ app_begin ] --END-- [ RunTime:0.000168s ]
NOTIC: [8] Undefined index: persistent /weixin/webdata/sign-f2f/ThinkPHP/Library/Think/Cache/Driver/Redis.class.php 第 41 行.
NOTIC: [8] Undefined index: timeout /weixin/webdata/sign-f2f/ThinkPHP/Library/Think/Cache/Driver/Redis.class.php 第 43 行.
NOTIC: [8] Undefined index: timeout /weixin/webdata/sign-f2f/ThinkPHP/Library/Think/Cache/Driver/Redis.class.php 第 45 行.
SQL: SHOW COLUMNS FROM `ini` [ RunTime:0.0011s ]
SQL: SELECT * FROM `ini`  [ RunTime:0.0001s ]

[ 2016-10-05T20:53:53+08:00 ] 127.0.0.1 /sign-f2f/wx/studentApi/fetchSignInfo
INFO: [ app_init ] --START--
INFO: Run Behavior\BuildLiteBehavior [ RunTime:0.000022s ]
INFO: [ app_init ] --END-- [ RunTime:0.000173s ]
INFO: [ app_begin ] --START--
INFO: Run Behavior\ReadHtmlCacheBehavior [ RunTime:0.000092s ]
INFO: [ app_begin ] --END-- [ RunTime:0.000166s ]
NOTIC: [8] Undefined index: persistent /weixin/webdata/sign-f2f/ThinkPHP/Library/Think/Cache/Driver/Redis.class.php 第 41 行.
NOTIC: [8] Undefined index: timeout /weixin/webdata/sign-f2f/ThinkPHP/Library/Think/Cache/Driver/Redis.class.php 第 43 行.
NOTIC: [8] Undefined index: timeout /weixin/webdata/sign-f2f/ThinkPHP/Library/Think/Cache/Driver/Redis.class.php 第 45 行.
SQL: SHOW COLUMNS FROM `ini` [ RunTime:0.0011s ]
SQL: SELECT * FROM `ini`  [ RunTime:0.0002s ]
SQL: SHOW COLUMNS FROM `sign_launch` [ RunTime:0.0013s ]
NOTIC: [8192] mysql_connect(): The mysql extension is deprecated and will be removed in the future: use mysqli or PDO instead /weixin/webdata/sign-f2f/Application/Wx/Model/SignLaunchModel.class.php 第 149 行.

