[ 2016-10-20T00:10:25+08:00 ] 127.0.0.1 /sign-f2f/wx/indexApi
INFO: [ app_init ] --START--
INFO: Run Behavior\BuildLiteBehavior [ RunTime:0.000023s ]
INFO: [ app_init ] --END-- [ RunTime:0.000179s ]
INFO: [ app_begin ] --START--
INFO: Run Behavior\ReadHtmlCacheBehavior [ RunTime:0.000103s ]
INFO: [ app_begin ] --END-- [ RunTime:0.000174s ]
NOTIC: [8] Undefined index: persistent /weixin/webdata/sign-f2f/ThinkPHP/Library/Think/Cache/Driver/Redis.class.php 第 41 行.
NOTIC: [8] Undefined index: timeout /weixin/webdata/sign-f2f/ThinkPHP/Library/Think/Cache/Driver/Redis.class.php 第 43 行.
NOTIC: [8] Undefined index: timeout /weixin/webdata/sign-f2f/ThinkPHP/Library/Think/Cache/Driver/Redis.class.php 第 45 行.
SQL: SHOW COLUMNS FROM `ini` [ RunTime:0.0011s ]
SQL: SELECT * FROM `ini`  [ RunTime:0.0002s ]
SQL: SHOW COLUMNS FROM `common` [ RunTime:0.0009s ]
SQL: SELECT * FROM `common` WHERE `power` = 0  [ RunTime:0.0001s ]

[ 2016-10-20T06:55:39+08:00 ] 127.0.0.1 /sign-f2f/wx/indexApi
INFO: [ app_init ] --START--
INFO: Run Behavior\BuildLiteBehavior [ RunTime:0.000021s ]
INFO: [ app_init ] --END-- [ RunTime:0.000171s ]
INFO: [ app_begin ] --START--
INFO: Run Behavior\ReadHtmlCacheBehavior [ RunTime:0.000091s ]
INFO: [ app_begin ] --END-- [ RunTime:0.000162s ]
NOTIC: [8] Undefined index: persistent /weixin/webdata/sign-f2f/ThinkPHP/Library/Think/Cache/Driver/Redis.class.php 第 41 行.
NOTIC: [8] Undefined index: timeout /weixin/webdata/sign-f2f/ThinkPHP/Library/Think/Cache/Driver/Redis.class.php 第 43 行.
NOTIC: [8] Undefined index: timeout /weixin/webdata/sign-f2f/ThinkPHP/Library/Think/Cache/Driver/Redis.class.php 第 45 行.

[ 2016-10-20T06:55:41+08:00 ] 127.0.0.1 /sign-f2f/wx/indexApi
INFO: [ app_init ] --START--
INFO: Run Behavior\BuildLiteBehavior [ RunTime:0.000023s ]
INFO: [ app_init ] --END-- [ RunTime:0.000160s ]
INFO: [ app_begin ] --START--
INFO: Run Behavior\ReadHtmlCacheBehavior [ RunTime:0.000120s ]
INFO: [ app_begin ] --END-- [ RunTime:0.000191s ]
NOTIC: [8] Undefined index: persistent /weixin/webdata/sign-f2f/ThinkPHP/Library/Think/Cache/Driver/Redis.class.php 第 41 行.
NOTIC: [8] Undefined index: timeout /weixin/webdata/sign-f2f/ThinkPHP/Library/Think/Cache/Driver/Redis.class.php 第 43 行.
NOTIC: [8] Undefined index: timeout /weixin/webdata/sign-f2f/ThinkPHP/Library/Think/Cache/Driver/Redis.class.php 第 45 行.
SQL: SHOW COLUMNS FROM `ini` [ RunTime:0.0006s ]
SQL: SELECT * FROM `ini`  [ RunTime:0.0001s ]
SQL: SHOW COLUMNS FROM `common` [ RunTime:0.0005s ]
SQL: SELECT * FROM `common` WHERE `power` = 0  [ RunTime:0.0001s ]

[ 2016-10-20T06:56:49+08:00 ] 127.0.0.1 /sign-f2f/wx/studentApi/getConfig?url=http:%2F%2Fwechat.hnust.cn%2Fsign-f2f%2Fwx%3Fv%3D160531
INFO: [ app_init ] --START--
INFO: Run Behavior\BuildLiteBehavior [ RunTime:0.000021s ]
INFO: [ app_init ] --END-- [ RunTime:0.000163s ]
INFO: [ app_begin ] --START--
INFO: Run Behavior\ReadHtmlCacheBehavior [ RunTime:0.000108s ]
INFO: [ app_begin ] --END-- [ RunTime:0.000180s ]
NOTIC: [8] Undefined index: persistent /weixin/webdata/sign-f2f/ThinkPHP/Library/Think/Cache/Driver/Redis.class.php 第 41 行.
NOTIC: [8] Undefined index: timeout /weixin/webdata/sign-f2f/ThinkPHP/Library/Think/Cache/Driver/Redis.class.php 第 43 行.
NOTIC: [8] Undefined index: timeout /weixin/webdata/sign-f2f/ThinkPHP/Library/Think/Cache/Driver/Redis.class.php 第 45 行.
SQL: SHOW COLUMNS FROM `ini` [ RunTime:0.0008s ]
SQL: SELECT * FROM `ini`  [ RunTime:0.0001s ]

[ 2016-10-20T06:56:50+08:00 ] 127.0.0.1 /sign-f2f/wx/studentApi/fetchSignInfo
INFO: [ app_init ] --START--
INFO: Run Behavior\BuildLiteBehavior [ RunTime:0.000023s ]
INFO: [ app_init ] --END-- [ RunTime:0.000160s ]
INFO: [ app_begin ] --START--
INFO: Run Behavior\ReadHtmlCacheBehavior [ RunTime:0.000085s ]
INFO: [ app_begin ] --END-- [ RunTime:0.000163s ]
NOTIC: [8] Undefined index: persistent /weixin/webdata/sign-f2f/ThinkPHP/Library/Think/Cache/Driver/Redis.class.php 第 41 行.
NOTIC: [8] Undefined index: timeout /weixin/webdata/sign-f2f/ThinkPHP/Library/Think/Cache/Driver/Redis.class.php 第 43 行.
NOTIC: [8] Undefined index: timeout /weixin/webdata/sign-f2f/ThinkPHP/Library/Think/Cache/Driver/Redis.class.php 第 45 行.
SQL: SHOW COLUMNS FROM `ini` [ RunTime:0.0006s ]
SQL: SELECT * FROM `ini`  [ RunTime:0.0001s ]
SQL: SHOW COLUMNS FROM `sign_launch` [ RunTime:0.0007s ]
NOTIC: [8192] mysql_connect(): The mysql extension is deprecated and will be removed in the future: use mysqli or PDO instead /weixin/webdata/sign-f2f/Application/Wx/Model/SignLaunchModel.class.php 第 149 行.

[ 2016-10-20T06:57:41+08:00 ] 127.0.0.1 /sign-f2f/wx/indexApi
INFO: [ app_init ] --START--
INFO: Run Behavior\BuildLiteBehavior [ RunTime:0.000021s ]
INFO: [ app_init ] --END-- [ RunTime:0.000154s ]
INFO: [ app_begin ] --START--
INFO: Run Behavior\ReadHtmlCacheBehavior [ RunTime:0.000126s ]
INFO: [ app_begin ] --END-- [ RunTime:0.000196s ]
NOTIC: [8] Undefined index: persistent /weixin/webdata/sign-f2f/ThinkPHP/Library/Think/Cache/Driver/Redis.class.php 第 41 行.
NOTIC: [8] Undefined index: timeout /weixin/webdata/sign-f2f/ThinkPHP/Library/Think/Cache/Driver/Redis.class.php 第 43 行.
NOTIC: [8] Undefined index: timeout /weixin/webdata/sign-f2f/ThinkPHP/Library/Think/Cache/Driver/Redis.class.php 第 45 行.

[ 2016-10-20T06:58:44+08:00 ] 127.0.0.1 /sign-f2f/wx/indexApi
INFO: [ app_init ] --START--
INFO: Run Behavior\BuildLiteBehavior [ RunTime:0.000015s ]
INFO: [ app_init ] --END-- [ RunTime:0.000116s ]
INFO: [ app_begin ] --START--
INFO: Run Behavior\ReadHtmlCacheBehavior [ RunTime:0.000049s ]
INFO: [ app_begin ] --END-- [ RunTime:0.000089s ]
NOTIC: [8] Undefined index: persistent /weixin/webdata/sign-f2f/ThinkPHP/Library/Think/Cache/Driver/Redis.class.php 第 41 行.
NOTIC: [8] Undefined index: timeout /weixin/webdata/sign-f2f/ThinkPHP/Library/Think/Cache/Driver/Redis.class.php 第 43 行.
NOTIC: [8] Undefined index: timeout /weixin/webdata/sign-f2f/ThinkPHP/Library/Think/Cache/Driver/Redis.class.php 第 45 行.
SQL: SHOW COLUMNS FROM `ini` [ RunTime:0.0006s ]
SQL: SELECT * FROM `ini`  [ RunTime:0.0001s ]
SQL: SHOW COLUMNS FROM `common` [ RunTime:0.0005s ]
SQL: SELECT * FROM `common` WHERE `power` = 0  [ RunTime:0.0001s ]

[ 2016-10-20T06:59:42+08:00 ] 127.0.0.1 /sign-f2f/wx/indexApi
INFO: [ app_init ] --START--
INFO: Run Behavior\BuildLiteBehavior [ RunTime:0.000020s ]
INFO: [ app_init ] --END-- [ RunTime:0.000153s ]
INFO: [ app_begin ] --START--
INFO: Run Behavior\ReadHtmlCacheBehavior [ RunTime:0.000082s ]
INFO: [ app_begin ] --END-- [ RunTime:0.000152s ]
NOTIC: [8] Undefined index: persistent /weixin/webdata/sign-f2f/ThinkPHP/Library/Think/Cache/Driver/Redis.class.php 第 41 行.
NOTIC: [8] Undefined index: timeout /weixin/webdata/sign-f2f/ThinkPHP/Library/Think/Cache/Driver/Redis.class.php 第 43 行.
NOTIC: [8] Undefined index: timeout /weixin/webdata/sign-f2f/ThinkPHP/Library/Think/Cache/Driver/Redis.class.php 第 45 行.

[ 2016-10-20T12:00:43+08:00 ] 127.0.0.1 /sign-f2f/wx/indexApi
INFO: [ app_init ] --START--
INFO: Run Behavior\BuildLiteBehavior [ RunTime:0.000015s ]
INFO: [ app_init ] --END-- [ RunTime:0.000120s ]
INFO: [ app_begin ] --START--
INFO: Run Behavior\ReadHtmlCacheBehavior [ RunTime:0.000072s ]
INFO: [ app_begin ] --END-- [ RunTime:0.000115s ]
NOTIC: [8] Undefined index: persistent /weixin/webdata/sign-f2f/ThinkPHP/Library/Think/Cache/Driver/Redis.class.php 第 41 行.
NOTIC: [8] Undefined index: timeout /weixin/webdata/sign-f2f/ThinkPHP/Library/Think/Cache/Driver/Redis.class.php 第 43 行.
NOTIC: [8] Undefined index: timeout /weixin/webdata/sign-f2f/ThinkPHP/Library/Think/Cache/Driver/Redis.class.php 第 45 行.
SQL: SHOW COLUMNS FROM `ini` [ RunTime:0.0007s ]
SQL: SELECT * FROM `ini`  [ RunTime:0.0001s ]
SQL: SHOW COLUMNS FROM `common` [ RunTime:0.0005s ]
SQL: SELECT * FROM `common` WHERE `power` = 0  [ RunTime:0.0001s ]

[ 2016-10-20T12:10:40+08:00 ] 127.0.0.1 /sign-f2f/wx/indexApi
INFO: [ app_init ] --START--
INFO: Run Behavior\BuildLiteBehavior [ RunTime:0.000022s ]
INFO: [ app_init ] --END-- [ RunTime:0.000157s ]
INFO: [ app_begin ] --START--
INFO: Run Behavior\ReadHtmlCacheBehavior [ RunTime:0.000128s ]
INFO: [ app_begin ] --END-- [ RunTime:0.000203s ]
NOTIC: [8] Undefined index: persistent /weixin/webdata/sign-f2f/ThinkPHP/Library/Think/Cache/Driver/Redis.class.php 第 41 行.
NOTIC: [8] Undefined index: timeout /weixin/webdata/sign-f2f/ThinkPHP/Library/Think/Cache/Driver/Redis.class.php 第 43 行.
NOTIC: [8] Undefined index: timeout /weixin/webdata/sign-f2f/ThinkPHP/Library/Think/Cache/Driver/Redis.class.php 第 45 行.
SQL: SHOW COLUMNS FROM `ini` [ RunTime:0.0006s ]
SQL: SELECT * FROM `ini`  [ RunTime:0.0001s ]
SQL: SHOW COLUMNS FROM `common` [ RunTime:0.0005s ]
SQL: SELECT * FROM `common` WHERE `power` = 0  [ RunTime:0.0001s ]

[ 2016-10-20T12:10:47+08:00 ] 127.0.0.1 /sign-f2f/wx/adminApi/getSignSpace
INFO: [ app_init ] --START--
INFO: Run Behavior\BuildLiteBehavior [ RunTime:0.000014s ]
INFO: [ app_init ] --END-- [ RunTime:0.000099s ]
INFO: [ app_begin ] --START--
INFO: Run Behavior\ReadHtmlCacheBehavior [ RunTime:0.000060s ]
INFO: [ app_begin ] --END-- [ RunTime:0.000108s ]
NOTIC: [8] Undefined index: persistent /weixin/webdata/sign-f2f/ThinkPHP/Library/Think/Cache/Driver/Redis.class.php 第 41 行.
NOTIC: [8] Undefined index: timeout /weixin/webdata/sign-f2f/ThinkPHP/Library/Think/Cache/Driver/Redis.class.php 第 43 行.
NOTIC: [8] Undefined index: timeout /weixin/webdata/sign-f2f/ThinkPHP/Library/Think/Cache/Driver/Redis.class.php 第 45 行.
SQL: SHOW COLUMNS FROM `ini` [ RunTime:0.0010s ]
SQL: SELECT * FROM `ini`  [ RunTime:0.0002s ]

[ 2016-10-20T12:10:49+08:00 ] 127.0.0.1 /sign-f2f/wx/indexApi
INFO: [ app_init ] --START--
INFO: Run Behavior\BuildLiteBehavior [ RunTime:0.000022s ]
INFO: [ app_init ] --END-- [ RunTime:0.000152s ]
INFO: [ app_begin ] --START--
INFO: Run Behavior\ReadHtmlCacheBehavior [ RunTime:0.000063s ]
INFO: [ app_begin ] --END-- [ RunTime:0.000190s ]
NOTIC: [8] Undefined index: persistent /weixin/webdata/sign-f2f/ThinkPHP/Library/Think/Cache/Driver/Redis.class.php 第 41 行.
NOTIC: [8] Undefined index: timeout /weixin/webdata/sign-f2f/ThinkPHP/Library/Think/Cache/Driver/Redis.class.php 第 43 行.
NOTIC: [8] Undefined index: timeout /weixin/webdata/sign-f2f/ThinkPHP/Library/Think/Cache/Driver/Redis.class.php 第 45 行.
SQL: SHOW COLUMNS FROM `ini` [ RunTime:0.0010s ]
SQL: SELECT * FROM `ini`  [ RunTime:0.0002s ]
SQL: SHOW COLUMNS FROM `common` [ RunTime:0.0010s ]
SQL: SELECT * FROM `common` WHERE `power` = 0  [ RunTime:0.0002s ]

[ 2016-10-20T12:10:54+08:00 ] 127.0.0.1 /sign-f2f/wx/studentApi/getConfig?url=http:%2F%2Fwechat.hnust.cn%2Fsign-f2f%2Fwx%3Fv%3D160531
INFO: [ app_init ] --START--
INFO: Run Behavior\BuildLiteBehavior [ RunTime:0.000021s ]
INFO: [ app_init ] --END-- [ RunTime:0.000167s ]
INFO: [ app_begin ] --START--
INFO: Run Behavior\ReadHtmlCacheBehavior [ RunTime:0.000082s ]
INFO: [ app_begin ] --END-- [ RunTime:0.000156s ]
NOTIC: [8] Undefined index: persistent /weixin/webdata/sign-f2f/ThinkPHP/Library/Think/Cache/Driver/Redis.class.php 第 41 行.
NOTIC: [8] Undefined index: timeout /weixin/webdata/sign-f2f/ThinkPHP/Library/Think/Cache/Driver/Redis.class.php 第 43 行.
NOTIC: [8] Undefined index: timeout /weixin/webdata/sign-f2f/ThinkPHP/Library/Think/Cache/Driver/Redis.class.php 第 45 行.
SQL: SHOW COLUMNS FROM `ini` [ RunTime:0.0010s ]
SQL: SELECT * FROM `ini`  [ RunTime:0.0001s ]

[ 2016-10-20T12:10:58+08:00 ] 127.0.0.1 /sign-f2f/wx/studentApi/getQRCode
INFO: [ app_init ] --START--
INFO: Run Behavior\BuildLiteBehavior [ RunTime:0.000014s ]
INFO: [ app_init ] --END-- [ RunTime:0.000098s ]
INFO: [ app_begin ] --START--
INFO: Run Behavior\ReadHtmlCacheBehavior [ RunTime:0.000044s ]
INFO: [ app_begin ] --END-- [ RunTime:0.000085s ]
NOTIC: [8] Undefined index: persistent /weixin/webdata/sign-f2f/ThinkPHP/Library/Think/Cache/Driver/Redis.class.php 第 41 行.
NOTIC: [8] Undefined index: timeout /weixin/webdata/sign-f2f/ThinkPHP/Library/Think/Cache/Driver/Redis.class.php 第 43 行.
NOTIC: [8] Undefined index: timeout /weixin/webdata/sign-f2f/ThinkPHP/Library/Think/Cache/Driver/Redis.class.php 第 45 行.
SQL: SHOW COLUMNS FROM `ini` [ RunTime:0.0006s ]
SQL: SELECT * FROM `ini`  [ RunTime:0.0001s ]

[ 2016-10-20T12:12:02+08:00 ] 127.0.0.1 /sign-f2f/wx/indexApi
INFO: [ app_init ] --START--
INFO: Run Behavior\BuildLiteBehavior [ RunTime:0.000014s ]
INFO: [ app_init ] --END-- [ RunTime:0.000105s ]
INFO: [ app_begin ] --START--
INFO: Run Behavior\ReadHtmlCacheBehavior [ RunTime:0.000068s ]
INFO: [ app_begin ] --END-- [ RunTime:0.000110s ]
NOTIC: [8] Undefined index: persistent /weixin/webdata/sign-f2f/ThinkPHP/Library/Think/Cache/Driver/Redis.class.php 第 41 行.
NOTIC: [8] Undefined index: timeout /weixin/webdata/sign-f2f/ThinkPHP/Library/Think/Cache/Driver/Redis.class.php 第 43 行.
NOTIC: [8] Undefined index: timeout /weixin/webdata/sign-f2f/ThinkPHP/Library/Think/Cache/Driver/Redis.class.php 第 45 行.
SQL: SHOW COLUMNS FROM `ini` [ RunTime:0.0010s ]
SQL: SELECT * FROM `ini`  [ RunTime:0.0002s ]
SQL: SHOW COLUMNS FROM `common` [ RunTime:0.0008s ]
SQL: SELECT * FROM `common` WHERE `power` = 0  [ RunTime:0.0001s ]

[ 2016-10-20T12:56:40+08:00 ] 127.0.0.1 /sign-f2f/wx/indexApi
INFO: [ app_init ] --START--
INFO: Run Behavior\BuildLiteBehavior [ RunTime:0.000031s ]
INFO: [ app_init ] --END-- [ RunTime:0.000213s ]
INFO: [ app_begin ] --START--
INFO: Run Behavior\ReadHtmlCacheBehavior [ RunTime:0.000106s ]
INFO: [ app_begin ] --END-- [ RunTime:0.000248s ]
NOTIC: [8] Undefined index: persistent /weixin/webdata/sign-f2f/ThinkPHP/Library/Think/Cache/Driver/Redis.class.php 第 41 行.
NOTIC: [8] Undefined index: timeout /weixin/webdata/sign-f2f/ThinkPHP/Library/Think/Cache/Driver/Redis.class.php 第 43 行.
NOTIC: [8] Undefined index: timeout /weixin/webdata/sign-f2f/ThinkPHP/Library/Think/Cache/Driver/Redis.class.php 第 45 行.
SQL: SHOW COLUMNS FROM `ini` [ RunTime:0.0012s ]
SQL: SELECT * FROM `ini`  [ RunTime:0.0002s ]
SQL: SHOW COLUMNS FROM `common` [ RunTime:0.0005s ]
SQL: SELECT * FROM `common` WHERE `power` = 0  [ RunTime:0.0001s ]

[ 2016-10-20T13:05:34+08:00 ] 127.0.0.1 /sign-f2f/wx/indexApi
INFO: [ app_init ] --START--
INFO: Run Behavior\BuildLiteBehavior [ RunTime:0.000058s ]
INFO: [ app_init ] --END-- [ RunTime:0.000224s ]
INFO: [ app_begin ] --START--
INFO: Run Behavior\ReadHtmlCacheBehavior [ RunTime:0.000082s ]
INFO: [ app_begin ] --END-- [ RunTime:0.000127s ]
NOTIC: [8] Undefined index: persistent /weixin/webdata/sign-f2f/ThinkPHP/Library/Think/Cache/Driver/Redis.class.php 第 41 行.
NOTIC: [8] Undefined index: timeout /weixin/webdata/sign-f2f/ThinkPHP/Library/Think/Cache/Driver/Redis.class.php 第 43 行.
NOTIC: [8] Undefined index: timeout /weixin/webdata/sign-f2f/ThinkPHP/Library/Think/Cache/Driver/Redis.class.php 第 45 行.

[ 2016-10-20T13:05:39+08:00 ] 127.0.0.1 /sign-f2f/wx/indexApi
INFO: [ app_init ] --START--
INFO: Run Behavior\BuildLiteBehavior [ RunTime:0.000013s ]
INFO: [ app_init ] --END-- [ RunTime:0.000095s ]
INFO: [ app_begin ] --START--
INFO: Run Behavior\ReadHtmlCacheBehavior [ RunTime:0.000074s ]
INFO: [ app_begin ] --END-- [ RunTime:0.000117s ]
NOTIC: [8] Undefined index: persistent /weixin/webdata/sign-f2f/ThinkPHP/Library/Think/Cache/Driver/Redis.class.php 第 41 行.
NOTIC: [8] Undefined index: timeout /weixin/webdata/sign-f2f/ThinkPHP/Library/Think/Cache/Driver/Redis.class.php 第 43 行.
NOTIC: [8] Undefined index: timeout /weixin/webdata/sign-f2f/ThinkPHP/Library/Think/Cache/Driver/Redis.class.php 第 45 行.
SQL: SHOW COLUMNS FROM `ini` [ RunTime:0.0007s ]
SQL: SELECT * FROM `ini`  [ RunTime:0.0001s ]
SQL: SHOW COLUMNS FROM `common` [ RunTime:0.0005s ]
SQL: SELECT * FROM `common` WHERE `power` = 0  [ RunTime:0.0001s ]

[ 2016-10-20T13:05:54+08:00 ] 127.0.0.1 /sign-f2f/wx/indexApi
INFO: [ app_init ] --START--
INFO: Run Behavior\BuildLiteBehavior [ RunTime:0.000015s ]
INFO: [ app_init ] --END-- [ RunTime:0.000119s ]
INFO: [ app_begin ] --START--
INFO: Run Behavior\ReadHtmlCacheBehavior [ RunTime:0.000049s ]
INFO: [ app_begin ] --END-- [ RunTime:0.000091s ]
NOTIC: [8] Undefined index: persistent /weixin/webdata/sign-f2f/ThinkPHP/Library/Think/Cache/Driver/Redis.class.php 第 41 行.
NOTIC: [8] Undefined index: timeout /weixin/webdata/sign-f2f/ThinkPHP/Library/Think/Cache/Driver/Redis.class.php 第 43 行.
NOTIC: [8] Undefined index: timeout /weixin/webdata/sign-f2f/ThinkPHP/Library/Think/Cache/Driver/Redis.class.php 第 45 行.
SQL: SHOW COLUMNS FROM `ini` [ RunTime:0.0007s ]
SQL: SELECT * FROM `ini`  [ RunTime:0.0001s ]
SQL: SHOW COLUMNS FROM `common` [ RunTime:0.0005s ]
SQL: SELECT * FROM `common` WHERE `power` = 0  [ RunTime:0.0001s ]

[ 2016-10-20T13:06:16+08:00 ] 127.0.0.1 /sign-f2f/wx/indexApi
INFO: [ app_init ] --START--
INFO: Run Behavior\BuildLiteBehavior [ RunTime:0.000015s ]
INFO: [ app_init ] --END-- [ RunTime:0.000102s ]
INFO: [ app_begin ] --START--
INFO: Run Behavior\ReadHtmlCacheBehavior [ RunTime:0.000047s ]
INFO: [ app_begin ] --END-- [ RunTime:0.000094s ]
NOTIC: [8] Undefined index: persistent /weixin/webdata/sign-f2f/ThinkPHP/Library/Think/Cache/Driver/Redis.class.php 第 41 行.
NOTIC: [8] Undefined index: timeout /weixin/webdata/sign-f2f/ThinkPHP/Library/Think/Cache/Driver/Redis.class.php 第 43 行.
NOTIC: [8] Undefined index: timeout /weixin/webdata/sign-f2f/ThinkPHP/Library/Think/Cache/Driver/Redis.class.php 第 45 行.
SQL: SHOW COLUMNS FROM `ini` [ RunTime:0.0007s ]
SQL: SELECT * FROM `ini`  [ RunTime:0.0001s ]
SQL: SHOW COLUMNS FROM `common` [ RunTime:0.0005s ]
SQL: SELECT * FROM `common` WHERE `power` = 0  [ RunTime:0.0001s ]

[ 2016-10-20T13:54:20+08:00 ] 127.0.0.1 /sign-f2f/wx/indexApi
INFO: [ app_init ] --START--
INFO: Run Behavior\BuildLiteBehavior [ RunTime:0.000023s ]
INFO: [ app_init ] --END-- [ RunTime:0.000161s ]
INFO: [ app_begin ] --START--
INFO: Run Behavior\ReadHtmlCacheBehavior [ RunTime:0.000101s ]
INFO: [ app_begin ] --END-- [ RunTime:0.000173s ]
NOTIC: [8] Undefined index: persistent /weixin/webdata/sign-f2f/ThinkPHP/Library/Think/Cache/Driver/Redis.class.php 第 41 行.
NOTIC: [8] Undefined index: timeout /weixin/webdata/sign-f2f/ThinkPHP/Library/Think/Cache/Driver/Redis.class.php 第 43 行.
NOTIC: [8] Undefined index: timeout /weixin/webdata/sign-f2f/ThinkPHP/Library/Think/Cache/Driver/Redis.class.php 第 45 行.

[ 2016-10-20T13:54:22+08:00 ] 127.0.0.1 /sign-f2f/wx/indexApi
INFO: [ app_init ] --START--
INFO: Run Behavior\BuildLiteBehavior [ RunTime:0.000022s ]
INFO: [ app_init ] --END-- [ RunTime:0.000179s ]
INFO: [ app_begin ] --START--
INFO: Run Behavior\ReadHtmlCacheBehavior [ RunTime:0.000093s ]
INFO: [ app_begin ] --END-- [ RunTime:0.000164s ]
NOTIC: [8] Undefined index: persistent /weixin/webdata/sign-f2f/ThinkPHP/Library/Think/Cache/Driver/Redis.class.php 第 41 行.
NOTIC: [8] Undefined index: timeout /weixin/webdata/sign-f2f/ThinkPHP/Library/Think/Cache/Driver/Redis.class.php 第 43 行.
NOTIC: [8] Undefined index: timeout /weixin/webdata/sign-f2f/ThinkPHP/Library/Think/Cache/Driver/Redis.class.php 第 45 行.
SQL: SHOW COLUMNS FROM `ini` [ RunTime:0.0011s ]
SQL: SELECT * FROM `ini`  [ RunTime:0.0002s ]
SQL: SHOW COLUMNS FROM `common` [ RunTime:0.0008s ]
SQL: SELECT * FROM `common` WHERE `power` = 0  [ RunTime:0.0001s ]

[ 2016-10-20T13:54:26+08:00 ] 127.0.0.1 /sign-f2f/wx/studentApi/getConfig?url=http:%2F%2Fwechat.hnust.cn%2Fsign-f2f%2Fwx%3Fv%3D160531
INFO: [ app_init ] --START--
INFO: Run Behavior\BuildLiteBehavior [ RunTime:0.000021s ]
INFO: [ app_init ] --END-- [ RunTime:0.000155s ]
INFO: [ app_begin ] --START--
INFO: Run Behavior\ReadHtmlCacheBehavior [ RunTime:0.000097s ]
INFO: [ app_begin ] --END-- [ RunTime:0.000185s ]
NOTIC: [8] Undefined index: persistent /weixin/webdata/sign-f2f/ThinkPHP/Library/Think/Cache/Driver/Redis.class.php 第 41 行.
NOTIC: [8] Undefined index: timeout /weixin/webdata/sign-f2f/ThinkPHP/Library/Think/Cache/Driver/Redis.class.php 第 43 行.
NOTIC: [8] Undefined index: timeout /weixin/webdata/sign-f2f/ThinkPHP/Library/Think/Cache/Driver/Redis.class.php 第 45 行.
SQL: SHOW COLUMNS FROM `ini` [ RunTime:0.0010s ]
SQL: SELECT * FROM `ini`  [ RunTime:0.0002s ]

[ 2016-10-20T13:54:28+08:00 ] 127.0.0.1 /sign-f2f/wx/studentApi/signLaunch
INFO: [ app_init ] --START--
INFO: Run Behavior\BuildLiteBehavior [ RunTime:0.000023s ]
INFO: [ app_init ] --END-- [ RunTime:0.000161s ]
INFO: [ app_begin ] --START--
INFO: Run Behavior\ReadHtmlCacheBehavior [ RunTime:0.000091s ]
INFO: [ app_begin ] --END-- [ RunTime:0.000161s ]
NOTIC: [8] Undefined index: persistent /weixin/webdata/sign-f2f/ThinkPHP/Library/Think/Cache/Driver/Redis.class.php 第 41 行.
NOTIC: [8] Undefined index: timeout /weixin/webdata/sign-f2f/ThinkPHP/Library/Think/Cache/Driver/Redis.class.php 第 43 行.
NOTIC: [8] Undefined index: timeout /weixin/webdata/sign-f2f/ThinkPHP/Library/Think/Cache/Driver/Redis.class.php 第 45 行.
SQL: SHOW COLUMNS FROM `ini` [ RunTime:0.0010s ]
SQL: SELECT * FROM `ini`  [ RunTime:0.0002s ]
NOTIC: [8192] Function ereg() is deprecated /weixin/webdata/sign-f2f/Application/Wx/Model/MobelPhoneModel.class.php 第 26 行.
NOTIC: [8192] Function ereg() is deprecated /weixin/webdata/sign-f2f/Application/Wx/Model/MobelPhoneModel.class.php 第 29 行.
NOTIC: [8192] Function ereg() is deprecated /weixin/webdata/sign-f2f/Application/Wx/Model/MobelPhoneModel.class.php 第 32 行.
NOTIC: [8192] Function ereg() is deprecated /weixin/webdata/sign-f2f/Application/Wx/Model/MobelPhoneModel.class.php 第 35 行.
SQL: SHOW COLUMNS FROM `sign_launch` [ RunTime:0.0011s ]
NOTIC: [8192] mysql_connect(): The mysql extension is deprecated and will be removed in the future: use mysqli or PDO instead /weixin/webdata/sign-f2f/Application/Wx/Model/SignLaunchModel.class.php 第 170 行.
NOTIC: [8] Undefined variable: signname /weixin/webdata/sign-f2f/Application/Wx/Model/SignLaunchModel.class.php 第 118 行.
NOTIC: [8] Undefined variable: flag /weixin/webdata/sign-f2f/Application/Wx/Model/SignLaunchModel.class.php 第 120 行.

[ 2016-10-20T13:54:33+08:00 ] 127.0.0.1 /sign-f2f/wx/adminApi/getSignList?signid=601&signname=%E6%AD%A6%E4%BD%B3%E8%BF%90_1476942868
INFO: [ app_init ] --START--
INFO: Run Behavior\BuildLiteBehavior [ RunTime:0.000022s ]
INFO: [ app_init ] --END-- [ RunTime:0.000180s ]
INFO: [ app_begin ] --START--
INFO: Run Behavior\ReadHtmlCacheBehavior [ RunTime:0.000097s ]
INFO: [ app_begin ] --END-- [ RunTime:0.000168s ]
NOTIC: [8] Undefined index: persistent /weixin/webdata/sign-f2f/ThinkPHP/Library/Think/Cache/Driver/Redis.class.php 第 41 行.
NOTIC: [8] Undefined index: timeout /weixin/webdata/sign-f2f/ThinkPHP/Library/Think/Cache/Driver/Redis.class.php 第 43 行.
NOTIC: [8] Undefined index: timeout /weixin/webdata/sign-f2f/ThinkPHP/Library/Think/Cache/Driver/Redis.class.php 第 45 行.
SQL: SHOW COLUMNS FROM `ini` [ RunTime:0.0008s ]
SQL: SELECT * FROM `ini`  [ RunTime:0.0001s ]

[ 2016-10-20T13:54:59+08:00 ] 127.0.0.1 /sign-f2f/wx/studentApi/signLaunch
INFO: [ app_init ] --START--
INFO: Run Behavior\BuildLiteBehavior [ RunTime:0.000016s ]
INFO: [ app_init ] --END-- [ RunTime:0.000125s ]
INFO: [ app_begin ] --START--
INFO: Run Behavior\ReadHtmlCacheBehavior [ RunTime:0.000053s ]
INFO: [ app_begin ] --END-- [ RunTime:0.000097s ]
NOTIC: [8] Undefined index: persistent /weixin/webdata/sign-f2f/ThinkPHP/Library/Think/Cache/Driver/Redis.class.php 第 41 行.
NOTIC: [8] Undefined index: timeout /weixin/webdata/sign-f2f/ThinkPHP/Library/Think/Cache/Driver/Redis.class.php 第 43 行.
NOTIC: [8] Undefined index: timeout /weixin/webdata/sign-f2f/ThinkPHP/Library/Think/Cache/Driver/Redis.class.php 第 45 行.
SQL: SHOW COLUMNS FROM `ini` [ RunTime:0.0007s ]
SQL: SELECT * FROM `ini`  [ RunTime:0.0001s ]
NOTIC: [8192] Function ereg() is deprecated /weixin/webdata/sign-f2f/Application/Wx/Model/MobelPhoneModel.class.php 第 26 行.
NOTIC: [8192] Function ereg() is deprecated /weixin/webdata/sign-f2f/Application/Wx/Model/MobelPhoneModel.class.php 第 29 行.
NOTIC: [8192] Function ereg() is deprecated /weixin/webdata/sign-f2f/Application/Wx/Model/MobelPhoneModel.class.php 第 32 行.
NOTIC: [8192] Function ereg() is deprecated /weixin/webdata/sign-f2f/Application/Wx/Model/MobelPhoneModel.class.php 第 35 行.
SQL: SHOW COLUMNS FROM `sign_launch` [ RunTime:0.0007s ]
NOTIC: [8192] mysql_connect(): The mysql extension is deprecated and will be removed in the future: use mysqli or PDO instead /weixin/webdata/sign-f2f/Application/Wx/Model/SignLaunchModel.class.php 第 170 行.

[ 2016-10-20T13:55:00+08:00 ] 127.0.0.1 /sign-f2f/wx/indexApi
INFO: [ app_init ] --START--
INFO: Run Behavior\BuildLiteBehavior [ RunTime:0.000022s ]
INFO: [ app_init ] --END-- [ RunTime:0.000142s ]
INFO: [ app_begin ] --START--
INFO: Run Behavior\ReadHtmlCacheBehavior [ RunTime:0.000065s ]
INFO: [ app_begin ] --END-- [ RunTime:0.000135s ]
NOTIC: [8] Undefined index: persistent /weixin/webdata/sign-f2f/ThinkPHP/Library/Think/Cache/Driver/Redis.class.php 第 41 行.
NOTIC: [8] Undefined index: timeout /weixin/webdata/sign-f2f/ThinkPHP/Library/Think/Cache/Driver/Redis.class.php 第 43 行.
NOTIC: [8] Undefined index: timeout /weixin/webdata/sign-f2f/ThinkPHP/Library/Think/Cache/Driver/Redis.class.php 第 45 行.
SQL: SHOW COLUMNS FROM `ini` [ RunTime:0.0010s ]
SQL: SELECT * FROM `ini`  [ RunTime:0.0002s ]
SQL: SHOW COLUMNS FROM `common` [ RunTime:0.0009s ]
SQL: SELECT * FROM `common` WHERE `power` = 0  [ RunTime:0.0001s ]

[ 2016-10-20T13:55:02+08:00 ] 127.0.0.1 /sign-f2f/wx/adminApi/getLaunchHistory
INFO: [ app_init ] --START--
INFO: Run Behavior\BuildLiteBehavior [ RunTime:0.000022s ]
INFO: [ app_init ] --END-- [ RunTime:0.000194s ]
INFO: [ app_begin ] --START--
INFO: Run Behavior\ReadHtmlCacheBehavior [ RunTime:0.000062s ]
INFO: [ app_begin ] --END-- [ RunTime:0.000105s ]
NOTIC: [8] Undefined index: persistent /weixin/webdata/sign-f2f/ThinkPHP/Library/Think/Cache/Driver/Redis.class.php 第 41 行.
NOTIC: [8] Undefined index: timeout /weixin/webdata/sign-f2f/ThinkPHP/Library/Think/Cache/Driver/Redis.class.php 第 43 行.
NOTIC: [8] Undefined index: timeout /weixin/webdata/sign-f2f/ThinkPHP/Library/Think/Cache/Driver/Redis.class.php 第 45 行.
SQL: SHOW COLUMNS FROM `ini` [ RunTime:0.0010s ]
SQL: SELECT * FROM `ini`  [ RunTime:0.0002s ]

[ 2016-10-20T13:55:04+08:00 ] 127.0.0.1 /sign-f2f/wx/adminApi/getSignList?signid=601&signname=%E6%AD%A6%E4%BD%B3%E8%BF%90_1476942868
INFO: [ app_init ] --START--
INFO: Run Behavior\BuildLiteBehavior [ RunTime:0.000040s ]
INFO: [ app_init ] --END-- [ RunTime:0.000160s ]
INFO: [ app_begin ] --START--
INFO: Run Behavior\ReadHtmlCacheBehavior [ RunTime:0.000054s ]
INFO: [ app_begin ] --END-- [ RunTime:0.000096s ]
NOTIC: [8] Undefined index: persistent /weixin/webdata/sign-f2f/ThinkPHP/Library/Think/Cache/Driver/Redis.class.php 第 41 行.
NOTIC: [8] Undefined index: timeout /weixin/webdata/sign-f2f/ThinkPHP/Library/Think/Cache/Driver/Redis.class.php 第 43 行.
NOTIC: [8] Undefined index: timeout /weixin/webdata/sign-f2f/ThinkPHP/Library/Think/Cache/Driver/Redis.class.php 第 45 行.
SQL: SHOW COLUMNS FROM `ini` [ RunTime:0.0010s ]
SQL: SELECT * FROM `ini`  [ RunTime:0.0002s ]

[ 2016-10-20T13:55:43+08:00 ] 127.0.0.1 /sign-f2f/wx/adminApi/updateSignStatus?signid=601&signname=%E6%AD%A6%E4%BD%B3%E8%BF%90_1476942868&signstatus=true
INFO: [ app_init ] --START--
INFO: Run Behavior\BuildLiteBehavior [ RunTime:0.000022s ]
INFO: [ app_init ] --END-- [ RunTime:0.000159s ]
INFO: [ app_begin ] --START--
INFO: Run Behavior\ReadHtmlCacheBehavior [ RunTime:0.000096s ]
INFO: [ app_begin ] --END-- [ RunTime:0.000179s ]
NOTIC: [8] Undefined index: persistent /weixin/webdata/sign-f2f/ThinkPHP/Library/Think/Cache/Driver/Redis.class.php 第 41 行.
NOTIC: [8] Undefined index: timeout /weixin/webdata/sign-f2f/ThinkPHP/Library/Think/Cache/Driver/Redis.class.php 第 43 行.
NOTIC: [8] Undefined index: timeout /weixin/webdata/sign-f2f/ThinkPHP/Library/Think/Cache/Driver/Redis.class.php 第 45 行.
SQL: SHOW COLUMNS FROM `ini` [ RunTime:0.0011s ]
SQL: SELECT * FROM `ini`  [ RunTime:0.0002s ]

[ 2016-10-20T13:55:45+08:00 ] 127.0.0.1 /sign-f2f/wx/adminApi/getLaunchHistory
INFO: [ app_init ] --START--
INFO: Run Behavior\BuildLiteBehavior [ RunTime:0.000022s ]
INFO: [ app_init ] --END-- [ RunTime:0.000139s ]
INFO: [ app_begin ] --START--
INFO: Run Behavior\ReadHtmlCacheBehavior [ RunTime:0.000065s ]
INFO: [ app_begin ] --END-- [ RunTime:0.000135s ]
NOTIC: [8] Undefined index: persistent /weixin/webdata/sign-f2f/ThinkPHP/Library/Think/Cache/Driver/Redis.class.php 第 41 行.
NOTIC: [8] Undefined index: timeout /weixin/webdata/sign-f2f/ThinkPHP/Library/Think/Cache/Driver/Redis.class.php 第 43 行.
NOTIC: [8] Undefined index: timeout /weixin/webdata/sign-f2f/ThinkPHP/Library/Think/Cache/Driver/Redis.class.php 第 45 行.
SQL: SHOW COLUMNS FROM `ini` [ RunTime:0.0011s ]
SQL: SELECT * FROM `ini`  [ RunTime:0.0002s ]

[ 2016-10-20T13:55:45+08:00 ] 127.0.0.1 /sign-f2f/wx/indexApi
INFO: [ app_init ] --START--
INFO: Run Behavior\BuildLiteBehavior [ RunTime:0.000020s ]
INFO: [ app_init ] --END-- [ RunTime:0.000133s ]
INFO: [ app_begin ] --START--
INFO: Run Behavior\ReadHtmlCacheBehavior [ RunTime:0.000064s ]
INFO: [ app_begin ] --END-- [ RunTime:0.000133s ]
NOTIC: [8] Undefined index: persistent /weixin/webdata/sign-f2f/ThinkPHP/Library/Think/Cache/Driver/Redis.class.php 第 41 行.
NOTIC: [8] Undefined index: timeout /weixin/webdata/sign-f2f/ThinkPHP/Library/Think/Cache/Driver/Redis.class.php 第 43 行.
NOTIC: [8] Undefined index: timeout /weixin/webdata/sign-f2f/ThinkPHP/Library/Think/Cache/Driver/Redis.class.php 第 45 行.
SQL: SHOW COLUMNS FROM `ini` [ RunTime:0.0010s ]
SQL: SELECT * FROM `ini`  [ RunTime:0.0002s ]
SQL: SHOW COLUMNS FROM `common` [ RunTime:0.0009s ]
SQL: SELECT * FROM `common` WHERE `power` = 0  [ RunTime:0.0001s ]

[ 2016-10-20T16:22:25+08:00 ] 127.0.0.1 /sign-f2f/wx/indexApi
INFO: [ app_init ] --START--
INFO: Run Behavior\BuildLiteBehavior [ RunTime:0.000022s ]
INFO: [ app_init ] --END-- [ RunTime:0.000175s ]
INFO: [ app_begin ] --START--
INFO: Run Behavior\ReadHtmlCacheBehavior [ RunTime:0.000101s ]
INFO: [ app_begin ] --END-- [ RunTime:0.000223s ]
NOTIC: [8] Undefined index: persistent /weixin/webdata/sign-f2f/ThinkPHP/Library/Think/Cache/Driver/Redis.class.php 第 41 行.
NOTIC: [8] Undefined index: timeout /weixin/webdata/sign-f2f/ThinkPHP/Library/Think/Cache/Driver/Redis.class.php 第 43 行.
NOTIC: [8] Undefined index: timeout /weixin/webdata/sign-f2f/ThinkPHP/Library/Think/Cache/Driver/Redis.class.php 第 45 行.
SQL: SHOW COLUMNS FROM `ini` [ RunTime:0.0007s ]
SQL: SELECT * FROM `ini`  [ RunTime:0.0001s ]
SQL: SHOW COLUMNS FROM `common` [ RunTime:0.0005s ]
SQL: SELECT * FROM `common` WHERE `power` = 0  [ RunTime:0.0001s ]

[ 2016-10-20T16:22:31+08:00 ] 127.0.0.1 /sign-f2f/wx/indexApi
INFO: [ app_init ] --START--
INFO: Run Behavior\BuildLiteBehavior [ RunTime:0.000015s ]
INFO: [ app_init ] --END-- [ RunTime:0.000101s ]
INFO: [ app_begin ] --START--
INFO: Run Behavior\ReadHtmlCacheBehavior [ RunTime:0.000052s ]
INFO: [ app_begin ] --END-- [ RunTime:0.000094s ]
NOTIC: [8] Undefined index: persistent /weixin/webdata/sign-f2f/ThinkPHP/Library/Think/Cache/Driver/Redis.class.php 第 41 行.
NOTIC: [8] Undefined index: timeout /weixin/webdata/sign-f2f/ThinkPHP/Library/Think/Cache/Driver/Redis.class.php 第 43 行.
NOTIC: [8] Undefined index: timeout /weixin/webdata/sign-f2f/ThinkPHP/Library/Think/Cache/Driver/Redis.class.php 第 45 行.
SQL: SHOW COLUMNS FROM `ini` [ RunTime:0.0007s ]
SQL: SELECT * FROM `ini`  [ RunTime:0.0001s ]
SQL: SHOW COLUMNS FROM `common` [ RunTime:0.0006s ]
SQL: SELECT * FROM `common` WHERE `power` = 0  [ RunTime:0.0001s ]

[ 2016-10-20T17:11:22+08:00 ] 127.0.0.1 /sign-f2f/wx/indexApi
INFO: [ app_init ] --START--
INFO: Run Behavior\BuildLiteBehavior [ RunTime:0.000020s ]
INFO: [ app_init ] --END-- [ RunTime:0.000118s ]
INFO: [ app_begin ] --START--
INFO: Run Behavior\ReadHtmlCacheBehavior [ RunTime:0.000047s ]
INFO: [ app_begin ] --END-- [ RunTime:0.000089s ]
NOTIC: [8] Undefined index: persistent /weixin/webdata/sign-f2f/ThinkPHP/Library/Think/Cache/Driver/Redis.class.php 第 41 行.
NOTIC: [8] Undefined index: timeout /weixin/webdata/sign-f2f/ThinkPHP/Library/Think/Cache/Driver/Redis.class.php 第 43 行.
NOTIC: [8] Undefined index: timeout /weixin/webdata/sign-f2f/ThinkPHP/Library/Think/Cache/Driver/Redis.class.php 第 45 行.

[ 2016-10-20T17:11:24+08:00 ] 127.0.0.1 /sign-f2f/wx/indexApi
INFO: [ app_init ] --START--
INFO: Run Behavior\BuildLiteBehavior [ RunTime:0.000021s ]
INFO: [ app_init ] --END-- [ RunTime:0.000161s ]
INFO: [ app_begin ] --START--
INFO: Run Behavior\ReadHtmlCacheBehavior [ RunTime:0.000102s ]
INFO: [ app_begin ] --END-- [ RunTime:0.000158s ]
NOTIC: [8] Undefined index: persistent /weixin/webdata/sign-f2f/ThinkPHP/Library/Think/Cache/Driver/Redis.class.php 第 41 行.
NOTIC: [8] Undefined index: timeout /weixin/webdata/sign-f2f/ThinkPHP/Library/Think/Cache/Driver/Redis.class.php 第 43 行.
NOTIC: [8] Undefined index: timeout /weixin/webdata/sign-f2f/ThinkPHP/Library/Think/Cache/Driver/Redis.class.php 第 45 行.
SQL: SHOW COLUMNS FROM `ini` [ RunTime:0.0010s ]
SQL: SELECT * FROM `ini`  [ RunTime:0.0002s ]
SQL: SHOW COLUMNS FROM `common` [ RunTime:0.0009s ]
SQL: SELECT * FROM `common` WHERE `power` = 0  [ RunTime:0.0001s ]

[ 2016-10-20T17:11:47+08:00 ] 127.0.0.1 /sign-f2f/wx/adminApi/getSignHistory
INFO: [ app_init ] --START--
INFO: Run Behavior\BuildLiteBehavior [ RunTime:0.000028s ]
INFO: [ app_init ] --END-- [ RunTime:0.000158s ]
INFO: [ app_begin ] --START--
INFO: Run Behavior\ReadHtmlCacheBehavior [ RunTime:0.000092s ]
INFO: [ app_begin ] --END-- [ RunTime:0.000163s ]
NOTIC: [8] Undefined index: persistent /weixin/webdata/sign-f2f/ThinkPHP/Library/Think/Cache/Driver/Redis.class.php 第 41 行.
NOTIC: [8] Undefined index: timeout /weixin/webdata/sign-f2f/ThinkPHP/Library/Think/Cache/Driver/Redis.class.php 第 43 行.
NOTIC: [8] Undefined index: timeout /weixin/webdata/sign-f2f/ThinkPHP/Library/Think/Cache/Driver/Redis.class.php 第 45 行.
SQL: SHOW COLUMNS FROM `ini` [ RunTime:0.0009s ]
SQL: SELECT * FROM `ini`  [ RunTime:0.0002s ]

[ 2016-10-20T17:12:00+08:00 ] 127.0.0.1 /sign-f2f/wx/indexApi
INFO: [ app_init ] --START--
INFO: Run Behavior\BuildLiteBehavior [ RunTime:0.000025s ]
INFO: [ app_init ] --END-- [ RunTime:0.000115s ]
INFO: [ app_begin ] --START--
INFO: Run Behavior\ReadHtmlCacheBehavior [ RunTime:0.000049s ]
INFO: [ app_begin ] --END-- [ RunTime:0.000090s ]
NOTIC: [8] Undefined index: persistent /weixin/webdata/sign-f2f/ThinkPHP/Library/Think/Cache/Driver/Redis.class.php 第 41 行.
NOTIC: [8] Undefined index: timeout /weixin/webdata/sign-f2f/ThinkPHP/Library/Think/Cache/Driver/Redis.class.php 第 43 行.
NOTIC: [8] Undefined index: timeout /weixin/webdata/sign-f2f/ThinkPHP/Library/Think/Cache/Driver/Redis.class.php 第 45 行.
SQL: SHOW COLUMNS FROM `ini` [ RunTime:0.0011s ]
SQL: SELECT * FROM `ini`  [ RunTime:0.0002s ]
SQL: SHOW COLUMNS FROM `common` [ RunTime:0.0008s ]
SQL: SELECT * FROM `common` WHERE `power` = 0  [ RunTime:0.0001s ]

[ 2016-10-20T17:17:19+08:00 ] 127.0.0.1 /sign-f2f/wx/indexApi
INFO: [ app_init ] --START--
INFO: Run Behavior\BuildLiteBehavior [ RunTime:0.000015s ]
INFO: [ app_init ] --END-- [ RunTime:0.000167s ]
INFO: [ app_begin ] --START--
INFO: Run Behavior\ReadHtmlCacheBehavior [ RunTime:0.000075s ]
INFO: [ app_begin ] --END-- [ RunTime:0.000144s ]
NOTIC: [8] Undefined index: persistent /weixin/webdata/sign-f2f/ThinkPHP/Library/Think/Cache/Driver/Redis.class.php 第 41 行.
NOTIC: [8] Undefined index: timeout /weixin/webdata/sign-f2f/ThinkPHP/Library/Think/Cache/Driver/Redis.class.php 第 43 行.
NOTIC: [8] Undefined index: timeout /weixin/webdata/sign-f2f/ThinkPHP/Library/Think/Cache/Driver/Redis.class.php 第 45 行.
SQL: SHOW COLUMNS FROM `ini` [ RunTime:0.0010s ]
SQL: SELECT * FROM `ini`  [ RunTime:0.0002s ]
SQL: SHOW COLUMNS FROM `common` [ RunTime:0.0009s ]
SQL: SELECT * FROM `common` WHERE `power` = 0  [ RunTime:0.0001s ]

[ 2016-10-20T17:17:23+08:00 ] 127.0.0.1 /sign-f2f/wx/indexApi
INFO: [ app_init ] --START--
INFO: Run Behavior\BuildLiteBehavior [ RunTime:0.000021s ]
INFO: [ app_init ] --END-- [ RunTime:0.000149s ]
INFO: [ app_begin ] --START--
INFO: Run Behavior\ReadHtmlCacheBehavior [ RunTime:0.000074s ]
INFO: [ app_begin ] --END-- [ RunTime:0.000144s ]
NOTIC: [8] Undefined index: persistent /weixin/webdata/sign-f2f/ThinkPHP/Library/Think/Cache/Driver/Redis.class.php 第 41 行.
NOTIC: [8] Undefined index: timeout /weixin/webdata/sign-f2f/ThinkPHP/Library/Think/Cache/Driver/Redis.class.php 第 43 行.
NOTIC: [8] Undefined index: timeout /weixin/webdata/sign-f2f/ThinkPHP/Library/Think/Cache/Driver/Redis.class.php 第 45 行.
SQL: SHOW COLUMNS FROM `ini` [ RunTime:0.0007s ]
SQL: SELECT * FROM `ini`  [ RunTime:0.0001s ]
SQL: SHOW COLUMNS FROM `common` [ RunTime:0.0005s ]
SQL: SELECT * FROM `common` WHERE `power` = 0  [ RunTime:0.0001s ]

[ 2016-10-20T17:24:41+08:00 ] 127.0.0.1 /sign-f2f/wx/indexApi
INFO: [ app_init ] --START--
INFO: Run Behavior\BuildLiteBehavior [ RunTime:0.000023s ]
INFO: [ app_init ] --END-- [ RunTime:0.000176s ]
INFO: [ app_begin ] --START--
INFO: Run Behavior\ReadHtmlCacheBehavior [ RunTime:0.000147s ]
INFO: [ app_begin ] --END-- [ RunTime:0.000220s ]
NOTIC: [8] Undefined index: persistent /weixin/webdata/sign-f2f/ThinkPHP/Library/Think/Cache/Driver/Redis.class.php 第 41 行.
NOTIC: [8] Undefined index: timeout /weixin/webdata/sign-f2f/ThinkPHP/Library/Think/Cache/Driver/Redis.class.php 第 43 行.
NOTIC: [8] Undefined index: timeout /weixin/webdata/sign-f2f/ThinkPHP/Library/Think/Cache/Driver/Redis.class.php 第 45 行.
SQL: SHOW COLUMNS FROM `ini` [ RunTime:0.0011s ]
SQL: SELECT * FROM `ini`  [ RunTime:0.0001s ]
SQL: SHOW COLUMNS FROM `common` [ RunTime:0.0005s ]
SQL: SELECT * FROM `common` WHERE `power` = 0  [ RunTime:0.0001s ]

[ 2016-10-20T17:40:26+08:00 ] 127.0.0.1 /sign-f2f/wx/indexApi
INFO: [ app_init ] --START--
INFO: Run Behavior\BuildLiteBehavior [ RunTime:0.000024s ]
INFO: [ app_init ] --END-- [ RunTime:0.000187s ]
INFO: [ app_begin ] --START--
INFO: Run Behavior\ReadHtmlCacheBehavior [ RunTime:0.000095s ]
INFO: [ app_begin ] --END-- [ RunTime:0.000165s ]
NOTIC: [8] Undefined index: persistent /weixin/webdata/sign-f2f/ThinkPHP/Library/Think/Cache/Driver/Redis.class.php 第 41 行.
NOTIC: [8] Undefined index: timeout /weixin/webdata/sign-f2f/ThinkPHP/Library/Think/Cache/Driver/Redis.class.php 第 43 行.
NOTIC: [8] Undefined index: timeout /weixin/webdata/sign-f2f/ThinkPHP/Library/Think/Cache/Driver/Redis.class.php 第 45 行.
SQL: SHOW COLUMNS FROM `ini` [ RunTime:0.0006s ]
SQL: SELECT * FROM `ini`  [ RunTime:0.0001s ]
SQL: SHOW COLUMNS FROM `common` [ RunTime:0.0005s ]
SQL: SELECT * FROM `common` WHERE `power` = 0  [ RunTime:0.0001s ]

[ 2016-10-20T17:40:31+08:00 ] 127.0.0.1 /sign-f2f/wx/indexApi
INFO: [ app_init ] --START--
INFO: Run Behavior\BuildLiteBehavior [ RunTime:0.000023s ]
INFO: [ app_init ] --END-- [ RunTime:0.000187s ]
INFO: [ app_begin ] --START--
INFO: Run Behavior\ReadHtmlCacheBehavior [ RunTime:0.000085s ]
INFO: [ app_begin ] --END-- [ RunTime:0.000142s ]
NOTIC: [8] Undefined index: persistent /weixin/webdata/sign-f2f/ThinkPHP/Library/Think/Cache/Driver/Redis.class.php 第 41 行.
NOTIC: [8] Undefined index: timeout /weixin/webdata/sign-f2f/ThinkPHP/Library/Think/Cache/Driver/Redis.class.php 第 43 行.
NOTIC: [8] Undefined index: timeout /weixin/webdata/sign-f2f/ThinkPHP/Library/Think/Cache/Driver/Redis.class.php 第 45 行.
SQL: SHOW COLUMNS FROM `ini` [ RunTime:0.0011s ]
SQL: SELECT * FROM `ini`  [ RunTime:0.0001s ]
SQL: SHOW COLUMNS FROM `common` [ RunTime:0.0005s ]
SQL: SELECT * FROM `common` WHERE `power` = 0  [ RunTime:0.0001s ]

[ 2016-10-20T17:45:53+08:00 ] 127.0.0.1 /sign-f2f/wx/indexApi
INFO: [ app_init ] --START--
INFO: Run Behavior\BuildLiteBehavior [ RunTime:0.000022s ]
INFO: [ app_init ] --END-- [ RunTime:0.000164s ]
INFO: [ app_begin ] --START--
INFO: Run Behavior\ReadHtmlCacheBehavior [ RunTime:0.000091s ]
INFO: [ app_begin ] --END-- [ RunTime:0.000162s ]
NOTIC: [8] Undefined index: persistent /weixin/webdata/sign-f2f/ThinkPHP/Library/Think/Cache/Driver/Redis.class.php 第 41 行.
NOTIC: [8] Undefined index: timeout /weixin/webdata/sign-f2f/ThinkPHP/Library/Think/Cache/Driver/Redis.class.php 第 43 行.
NOTIC: [8] Undefined index: timeout /weixin/webdata/sign-f2f/ThinkPHP/Library/Think/Cache/Driver/Redis.class.php 第 45 行.
SQL: SHOW COLUMNS FROM `ini` [ RunTime:0.0010s ]
SQL: SELECT * FROM `ini`  [ RunTime:0.0002s ]
SQL: SHOW COLUMNS FROM `common` [ RunTime:0.0008s ]
SQL: SELECT * FROM `common` WHERE `power` = 0  [ RunTime:0.0002s ]

[ 2016-10-20T19:01:30+08:00 ] 127.0.0.1 /sign-f2f/wx/indexApi
INFO: [ app_init ] --START--
INFO: Run Behavior\BuildLiteBehavior [ RunTime:0.000033s ]
INFO: [ app_init ] --END-- [ RunTime:0.000196s ]
INFO: [ app_begin ] --START--
INFO: Run Behavior\ReadHtmlCacheBehavior [ RunTime:0.000102s ]
INFO: [ app_begin ] --END-- [ RunTime:0.000173s ]
NOTIC: [8] Undefined index: persistent /weixin/webdata/sign-f2f/ThinkPHP/Library/Think/Cache/Driver/Redis.class.php 第 41 行.
NOTIC: [8] Undefined index: timeout /weixin/webdata/sign-f2f/ThinkPHP/Library/Think/Cache/Driver/Redis.class.php 第 43 行.
NOTIC: [8] Undefined index: timeout /weixin/webdata/sign-f2f/ThinkPHP/Library/Think/Cache/Driver/Redis.class.php 第 45 行.
SQL: SHOW COLUMNS FROM `ini` [ RunTime:0.0010s ]
SQL: SELECT * FROM `ini`  [ RunTime:0.0002s ]
SQL: SHOW COLUMNS FROM `common` [ RunTime:0.0005s ]
SQL: SELECT * FROM `common` WHERE `power` = 0  [ RunTime:0.0001s ]

[ 2016-10-20T19:01:42+08:00 ] 127.0.0.1 /sign-f2f/wx/studentApi/getConfig?url=http:%2F%2Fwechat.hnust.cn%2Fsign-f2f%2Fwx%3Fv%3D160531
INFO: [ app_init ] --START--
INFO: Run Behavior\BuildLiteBehavior [ RunTime:0.000022s ]
INFO: [ app_init ] --END-- [ RunTime:0.000150s ]
INFO: [ app_begin ] --START--
INFO: Run Behavior\ReadHtmlCacheBehavior [ RunTime:0.000078s ]
INFO: [ app_begin ] --END-- [ RunTime:0.000146s ]
NOTIC: [8] Undefined index: persistent /weixin/webdata/sign-f2f/ThinkPHP/Library/Think/Cache/Driver/Redis.class.php 第 41 行.
NOTIC: [8] Undefined index: timeout /weixin/webdata/sign-f2f/ThinkPHP/Library/Think/Cache/Driver/Redis.class.php 第 43 行.
NOTIC: [8] Undefined index: timeout /weixin/webdata/sign-f2f/ThinkPHP/Library/Think/Cache/Driver/Redis.class.php 第 45 行.
SQL: SHOW COLUMNS FROM `ini` [ RunTime:0.0006s ]
SQL: SELECT * FROM `ini`  [ RunTime:0.0001s ]

[ 2016-10-20T19:01:44+08:00 ] 127.0.0.1 /sign-f2f/wx/studentApi/fetchSignInfo
INFO: [ app_init ] --START--
INFO: Run Behavior\BuildLiteBehavior [ RunTime:0.000022s ]
INFO: [ app_init ] --END-- [ RunTime:0.000140s ]
INFO: [ app_begin ] --START--
INFO: Run Behavior\ReadHtmlCacheBehavior [ RunTime:0.000094s ]
INFO: [ app_begin ] --END-- [ RunTime:0.000181s ]
NOTIC: [8] Undefined index: persistent /weixin/webdata/sign-f2f/ThinkPHP/Library/Think/Cache/Driver/Redis.class.php 第 41 行.
NOTIC: [8] Undefined index: timeout /weixin/webdata/sign-f2f/ThinkPHP/Library/Think/Cache/Driver/Redis.class.php 第 43 行.
NOTIC: [8] Undefined index: timeout /weixin/webdata/sign-f2f/ThinkPHP/Library/Think/Cache/Driver/Redis.class.php 第 45 行.
SQL: SHOW COLUMNS FROM `ini` [ RunTime:0.0007s ]
SQL: SELECT * FROM `ini`  [ RunTime:0.0001s ]
SQL: SHOW COLUMNS FROM `sign_launch` [ RunTime:0.0007s ]
NOTIC: [8192] mysql_connect(): The mysql extension is deprecated and will be removed in the future: use mysqli or PDO instead /weixin/webdata/sign-f2f/Application/Wx/Model/SignLaunchModel.class.php 第 149 行.

[ 2016-10-20T19:01:50+08:00 ] 127.0.0.1 /sign-f2f/wx/indexApi
INFO: [ app_init ] --START--
INFO: Run Behavior\BuildLiteBehavior [ RunTime:0.000020s ]
INFO: [ app_init ] --END-- [ RunTime:0.000105s ]
INFO: [ app_begin ] --START--
INFO: Run Behavior\ReadHtmlCacheBehavior [ RunTime:0.000048s ]
INFO: [ app_begin ] --END-- [ RunTime:0.000090s ]
NOTIC: [8] Undefined index: persistent /weixin/webdata/sign-f2f/ThinkPHP/Library/Think/Cache/Driver/Redis.class.php 第 41 行.
NOTIC: [8] Undefined index: timeout /weixin/webdata/sign-f2f/ThinkPHP/Library/Think/Cache/Driver/Redis.class.php 第 43 行.
NOTIC: [8] Undefined index: timeout /weixin/webdata/sign-f2f/ThinkPHP/Library/Think/Cache/Driver/Redis.class.php 第 45 行.
SQL: SHOW COLUMNS FROM `ini` [ RunTime:0.0006s ]
SQL: SELECT * FROM `ini`  [ RunTime:0.0001s ]
SQL: SHOW COLUMNS FROM `common` [ RunTime:0.0005s ]
SQL: SELECT * FROM `common` WHERE `power` = 0  [ RunTime:0.0001s ]

[ 2016-10-20T19:01:54+08:00 ] 127.0.0.1 /sign-f2f/wx/studentApi/signLaunch
INFO: [ app_init ] --START--
INFO: Run Behavior\BuildLiteBehavior [ RunTime:0.000015s ]
INFO: [ app_init ] --END-- [ RunTime:0.000099s ]
INFO: [ app_begin ] --START--
INFO: Run Behavior\ReadHtmlCacheBehavior [ RunTime:0.000060s ]
INFO: [ app_begin ] --END-- [ RunTime:0.000105s ]
NOTIC: [8] Undefined index: persistent /weixin/webdata/sign-f2f/ThinkPHP/Library/Think/Cache/Driver/Redis.class.php 第 41 行.
NOTIC: [8] Undefined index: timeout /weixin/webdata/sign-f2f/ThinkPHP/Library/Think/Cache/Driver/Redis.class.php 第 43 行.
NOTIC: [8] Undefined index: timeout /weixin/webdata/sign-f2f/ThinkPHP/Library/Think/Cache/Driver/Redis.class.php 第 45 行.
SQL: SHOW COLUMNS FROM `ini` [ RunTime:0.0008s ]
SQL: SELECT * FROM `ini`  [ RunTime:0.0001s ]
NOTIC: [8192] Function ereg() is deprecated /weixin/webdata/sign-f2f/Application/Wx/Model/MobelPhoneModel.class.php 第 26 行.
NOTIC: [8192] Function ereg() is deprecated /weixin/webdata/sign-f2f/Application/Wx/Model/MobelPhoneModel.class.php 第 29 行.
NOTIC: [8192] Function ereg() is deprecated /weixin/webdata/sign-f2f/Application/Wx/Model/MobelPhoneModel.class.php 第 32 行.
NOTIC: [8192] Function ereg() is deprecated /weixin/webdata/sign-f2f/Application/Wx/Model/MobelPhoneModel.class.php 第 35 行.
SQL: SHOW COLUMNS FROM `sign_launch` [ RunTime:0.0007s ]
NOTIC: [8192] mysql_connect(): The mysql extension is deprecated and will be removed in the future: use mysqli or PDO instead /weixin/webdata/sign-f2f/Application/Wx/Model/SignLaunchModel.class.php 第 170 行.
NOTIC: [8] Undefined variable: signname /weixin/webdata/sign-f2f/Application/Wx/Model/SignLaunchModel.class.php 第 118 行.
NOTIC: [8] Undefined variable: flag /weixin/webdata/sign-f2f/Application/Wx/Model/SignLaunchModel.class.php 第 120 行.

[ 2016-10-20T19:02:04+08:00 ] 127.0.0.1 /sign-f2f/wx/adminApi/getSignList?signid=602&signname=%E6%9C%B1%E7%92%9E_1476961314
INFO: [ app_init ] --START--
INFO: Run Behavior\BuildLiteBehavior [ RunTime:0.000023s ]
INFO: [ app_init ] --END-- [ RunTime:0.000161s ]
INFO: [ app_begin ] --START--
INFO: Run Behavior\ReadHtmlCacheBehavior [ RunTime:0.000078s ]
INFO: [ app_begin ] --END-- [ RunTime:0.000146s ]
NOTIC: [8] Undefined index: persistent /weixin/webdata/sign-f2f/ThinkPHP/Library/Think/Cache/Driver/Redis.class.php 第 41 行.
NOTIC: [8] Undefined index: timeout /weixin/webdata/sign-f2f/ThinkPHP/Library/Think/Cache/Driver/Redis.class.php 第 43 行.
NOTIC: [8] Undefined index: timeout /weixin/webdata/sign-f2f/ThinkPHP/Library/Think/Cache/Driver/Redis.class.php 第 45 行.
SQL: SHOW COLUMNS FROM `ini` [ RunTime:0.0007s ]
SQL: SELECT * FROM `ini`  [ RunTime:0.0001s ]

[ 2016-10-20T19:02:26+08:00 ] 127.0.0.1 /sign-f2f/wx/indexApi
INFO: [ app_init ] --START--
INFO: Run Behavior\BuildLiteBehavior [ RunTime:0.000015s ]
INFO: [ app_init ] --END-- [ RunTime:0.000106s ]
INFO: [ app_begin ] --START--
INFO: Run Behavior\ReadHtmlCacheBehavior [ RunTime:0.000048s ]
INFO: [ app_begin ] --END-- [ RunTime:0.000090s ]
NOTIC: [8] Undefined index: persistent /weixin/webdata/sign-f2f/ThinkPHP/Library/Think/Cache/Driver/Redis.class.php 第 41 行.
NOTIC: [8] Undefined index: timeout /weixin/webdata/sign-f2f/ThinkPHP/Library/Think/Cache/Driver/Redis.class.php 第 43 行.
NOTIC: [8] Undefined index: timeout /weixin/webdata/sign-f2f/ThinkPHP/Library/Think/Cache/Driver/Redis.class.php 第 45 行.
SQL: SHOW COLUMNS FROM `ini` [ RunTime:0.0007s ]
SQL: SELECT * FROM `ini`  [ RunTime:0.0001s ]
SQL: SHOW COLUMNS FROM `common` [ RunTime:0.0005s ]
SQL: SELECT * FROM `common` WHERE `power` = 0  [ RunTime:0.0001s ]

[ 2016-10-20T19:02:30+08:00 ] 127.0.0.1 /sign-f2f/wx/studentApi/getConfig?url=http:%2F%2Fwechat.hnust.cn%2Fsign-f2f%2Fwx%3Fv%3D160531
INFO: [ app_init ] --START--
INFO: Run Behavior\BuildLiteBehavior [ RunTime:0.000015s ]
INFO: [ app_init ] --END-- [ RunTime:0.000105s ]
INFO: [ app_begin ] --START--
INFO: Run Behavior\ReadHtmlCacheBehavior [ RunTime:0.000048s ]
INFO: [ app_begin ] --END-- [ RunTime:0.000089s ]
NOTIC: [8] Undefined index: persistent /weixin/webdata/sign-f2f/ThinkPHP/Library/Think/Cache/Driver/Redis.class.php 第 41 行.
NOTIC: [8] Undefined index: timeout /weixin/webdata/sign-f2f/ThinkPHP/Library/Think/Cache/Driver/Redis.class.php 第 43 行.
NOTIC: [8] Undefined index: timeout /weixin/webdata/sign-f2f/ThinkPHP/Library/Think/Cache/Driver/Redis.class.php 第 45 行.
SQL: SHOW COLUMNS FROM `ini` [ RunTime:0.0007s ]
SQL: SELECT * FROM `ini`  [ RunTime:0.0001s ]

[ 2016-10-20T19:02:31+08:00 ] 127.0.0.1 /sign-f2f/wx/studentApi/fetchSignInfo
INFO: [ app_init ] --START--
INFO: Run Behavior\BuildLiteBehavior [ RunTime:0.000015s ]
INFO: [ app_init ] --END-- [ RunTime:0.000093s ]
INFO: [ app_begin ] --START--
INFO: Run Behavior\ReadHtmlCacheBehavior [ RunTime:0.000055s ]
INFO: [ app_begin ] --END-- [ RunTime:0.000098s ]
NOTIC: [8] Undefined index: persistent /weixin/webdata/sign-f2f/ThinkPHP/Library/Think/Cache/Driver/Redis.class.php 第 41 行.
NOTIC: [8] Undefined index: timeout /weixin/webdata/sign-f2f/ThinkPHP/Library/Think/Cache/Driver/Redis.class.php 第 43 行.
NOTIC: [8] Undefined index: timeout /weixin/webdata/sign-f2f/ThinkPHP/Library/Think/Cache/Driver/Redis.class.php 第 45 行.
SQL: SHOW COLUMNS FROM `ini` [ RunTime:0.0007s ]
SQL: SELECT * FROM `ini`  [ RunTime:0.0001s ]
SQL: SHOW COLUMNS FROM `sign_launch` [ RunTime:0.0007s ]
NOTIC: [8192] mysql_connect(): The mysql extension is deprecated and will be removed in the future: use mysqli or PDO instead /weixin/webdata/sign-f2f/Application/Wx/Model/SignLaunchModel.class.php 第 149 行.

[ 2016-10-20T19:02:33+08:00 ] 127.0.0.1 /sign-f2f/wx/studentApi/startSign
INFO: [ app_init ] --START--
INFO: Run Behavior\BuildLiteBehavior [ RunTime:0.000023s ]
INFO: [ app_init ] --END-- [ RunTime:0.000159s ]
INFO: [ app_begin ] --START--
INFO: Run Behavior\ReadHtmlCacheBehavior [ RunTime:0.000071s ]
INFO: [ app_begin ] --END-- [ RunTime:0.000143s ]
NOTIC: [8] Undefined index: persistent /weixin/webdata/sign-f2f/ThinkPHP/Library/Think/Cache/Driver/Redis.class.php 第 41 行.
NOTIC: [8] Undefined index: timeout /weixin/webdata/sign-f2f/ThinkPHP/Library/Think/Cache/Driver/Redis.class.php 第 43 行.
NOTIC: [8] Undefined index: timeout /weixin/webdata/sign-f2f/ThinkPHP/Library/Think/Cache/Driver/Redis.class.php 第 45 行.
SQL: SHOW COLUMNS FROM `ini` [ RunTime:0.0010s ]
SQL: SELECT * FROM `ini`  [ RunTime:0.0002s ]
NOTIC: [8192] Function ereg() is deprecated /weixin/webdata/sign-f2f/Application/Wx/Model/MobelPhoneModel.class.php 第 26 行.
NOTIC: [8192] Function ereg() is deprecated /weixin/webdata/sign-f2f/Application/Wx/Model/MobelPhoneModel.class.php 第 29 行.
NOTIC: [8192] Function ereg() is deprecated /weixin/webdata/sign-f2f/Application/Wx/Model/MobelPhoneModel.class.php 第 32 行.
NOTIC: [8192] Function ereg() is deprecated /weixin/webdata/sign-f2f/Application/Wx/Model/MobelPhoneModel.class.php 第 35 行.
SQL: SHOW COLUMNS FROM `sign_record` [ RunTime:0.0011s ]

[ 2016-10-20T19:02:36+08:00 ] 127.0.0.1 /sign-f2f/wx/studentApi/startSign
INFO: [ app_init ] --START--
INFO: Run Behavior\BuildLiteBehavior [ RunTime:0.000029s ]
INFO: [ app_init ] --END-- [ RunTime:0.000172s ]
INFO: [ app_begin ] --START--
INFO: Run Behavior\ReadHtmlCacheBehavior [ RunTime:0.000070s ]
INFO: [ app_begin ] --END-- [ RunTime:0.000139s ]
NOTIC: [8] Undefined index: persistent /weixin/webdata/sign-f2f/ThinkPHP/Library/Think/Cache/Driver/Redis.class.php 第 41 行.
NOTIC: [8] Undefined index: timeout /weixin/webdata/sign-f2f/ThinkPHP/Library/Think/Cache/Driver/Redis.class.php 第 43 行.
NOTIC: [8] Undefined index: timeout /weixin/webdata/sign-f2f/ThinkPHP/Library/Think/Cache/Driver/Redis.class.php 第 45 行.
SQL: SHOW COLUMNS FROM `ini` [ RunTime:0.0010s ]
SQL: SELECT * FROM `ini`  [ RunTime:0.0002s ]
NOTIC: [8192] Function ereg() is deprecated /weixin/webdata/sign-f2f/Application/Wx/Model/MobelPhoneModel.class.php 第 26 行.
NOTIC: [8192] Function ereg() is deprecated /weixin/webdata/sign-f2f/Application/Wx/Model/MobelPhoneModel.class.php 第 29 行.
NOTIC: [8192] Function ereg() is deprecated /weixin/webdata/sign-f2f/Application/Wx/Model/MobelPhoneModel.class.php 第 32 行.
NOTIC: [8192] Function ereg() is deprecated /weixin/webdata/sign-f2f/Application/Wx/Model/MobelPhoneModel.class.php 第 35 行.
SQL: SHOW COLUMNS FROM `sign_record` [ RunTime:0.0012s ]

[ 2016-10-20T19:02:39+08:00 ] 127.0.0.1 /sign-f2f/wx/adminApi/getSignHistory
INFO: [ app_init ] --START--
INFO: Run Behavior\BuildLiteBehavior [ RunTime:0.000022s ]
INFO: [ app_init ] --END-- [ RunTime:0.000154s ]
INFO: [ app_begin ] --START--
INFO: Run Behavior\ReadHtmlCacheBehavior [ RunTime:0.000076s ]
INFO: [ app_begin ] --END-- [ RunTime:0.000203s ]
NOTIC: [8] Undefined index: persistent /weixin/webdata/sign-f2f/ThinkPHP/Library/Think/Cache/Driver/Redis.class.php 第 41 行.
NOTIC: [8] Undefined index: timeout /weixin/webdata/sign-f2f/ThinkPHP/Library/Think/Cache/Driver/Redis.class.php 第 43 行.
NOTIC: [8] Undefined index: timeout /weixin/webdata/sign-f2f/ThinkPHP/Library/Think/Cache/Driver/Redis.class.php 第 45 行.
SQL: SHOW COLUMNS FROM `ini` [ RunTime:0.0010s ]
SQL: SELECT * FROM `ini`  [ RunTime:0.0001s ]

[ 2016-10-20T19:54:38+08:00 ] 127.0.0.1 /sign-f2f/wx/indexApi
INFO: [ app_init ] --START--
INFO: Run Behavior\BuildLiteBehavior [ RunTime:0.000015s ]
INFO: [ app_init ] --END-- [ RunTime:0.000105s ]
INFO: [ app_begin ] --START--
INFO: Run Behavior\ReadHtmlCacheBehavior [ RunTime:0.000048s ]
INFO: [ app_begin ] --END-- [ RunTime:0.000091s ]
NOTIC: [8] Undefined index: persistent /weixin/webdata/sign-f2f/ThinkPHP/Library/Think/Cache/Driver/Redis.class.php 第 41 行.
NOTIC: [8] Undefined index: timeout /weixin/webdata/sign-f2f/ThinkPHP/Library/Think/Cache/Driver/Redis.class.php 第 43 行.
NOTIC: [8] Undefined index: timeout /weixin/webdata/sign-f2f/ThinkPHP/Library/Think/Cache/Driver/Redis.class.php 第 45 行.

[ 2016-10-20T19:54:43+08:00 ] 127.0.0.1 /sign-f2f/wx/indexApi
INFO: [ app_init ] --START--
INFO: Run Behavior\BuildLiteBehavior [ RunTime:0.000023s ]
INFO: [ app_init ] --END-- [ RunTime:0.000163s ]
INFO: [ app_begin ] --START--
INFO: Run Behavior\ReadHtmlCacheBehavior [ RunTime:0.000099s ]
INFO: [ app_begin ] --END-- [ RunTime:0.000169s ]
NOTIC: [8] Undefined index: persistent /weixin/webdata/sign-f2f/ThinkPHP/Library/Think/Cache/Driver/Redis.class.php 第 41 行.
NOTIC: [8] Undefined index: timeout /weixin/webdata/sign-f2f/ThinkPHP/Library/Think/Cache/Driver/Redis.class.php 第 43 行.
NOTIC: [8] Undefined index: timeout /weixin/webdata/sign-f2f/ThinkPHP/Library/Think/Cache/Driver/Redis.class.php 第 45 行.
SQL: SHOW COLUMNS FROM `ini` [ RunTime:0.0009s ]
SQL: SELECT * FROM `ini`  [ RunTime:0.0001s ]
SQL: SHOW COLUMNS FROM `common` [ RunTime:0.0005s ]
SQL: SELECT * FROM `common` WHERE `power` = 0  [ RunTime:0.0001s ]

[ 2016-10-20T19:55:37+08:00 ] 127.0.0.1 /sign-f2f/wx/adminApi/getLaunchHistory
INFO: [ app_init ] --START--
INFO: Run Behavior\BuildLiteBehavior [ RunTime:0.000015s ]
INFO: [ app_init ] --END-- [ RunTime:0.000103s ]
INFO: [ app_begin ] --START--
INFO: Run Behavior\ReadHtmlCacheBehavior [ RunTime:0.000050s ]
INFO: [ app_begin ] --END-- [ RunTime:0.000092s ]
NOTIC: [8] Undefined index: persistent /weixin/webdata/sign-f2f/ThinkPHP/Library/Think/Cache/Driver/Redis.class.php 第 41 行.
NOTIC: [8] Undefined index: timeout /weixin/webdata/sign-f2f/ThinkPHP/Library/Think/Cache/Driver/Redis.class.php 第 43 行.
NOTIC: [8] Undefined index: timeout /weixin/webdata/sign-f2f/ThinkPHP/Library/Think/Cache/Driver/Redis.class.php 第 45 行.
SQL: SHOW COLUMNS FROM `ini` [ RunTime:0.0008s ]
SQL: SELECT * FROM `ini`  [ RunTime:0.0001s ]

[ 2016-10-20T19:56:18+08:00 ] 127.0.0.1 /sign-f2f/wx/indexApi
INFO: [ app_init ] --START--
INFO: Run Behavior\BuildLiteBehavior [ RunTime:0.000015s ]
INFO: [ app_init ] --END-- [ RunTime:0.000112s ]
INFO: [ app_begin ] --START--
INFO: Run Behavior\ReadHtmlCacheBehavior [ RunTime:0.000060s ]
INFO: [ app_begin ] --END-- [ RunTime:0.000102s ]
NOTIC: [8] Undefined index: persistent /weixin/webdata/sign-f2f/ThinkPHP/Library/Think/Cache/Driver/Redis.class.php 第 41 行.
NOTIC: [8] Undefined index: timeout /weixin/webdata/sign-f2f/ThinkPHP/Library/Think/Cache/Driver/Redis.class.php 第 43 行.
NOTIC: [8] Undefined index: timeout /weixin/webdata/sign-f2f/ThinkPHP/Library/Think/Cache/Driver/Redis.class.php 第 45 行.
SQL: SHOW COLUMNS FROM `ini` [ RunTime:0.0007s ]
SQL: SELECT * FROM `ini`  [ RunTime:0.0001s ]
SQL: SHOW COLUMNS FROM `common` [ RunTime:0.0005s ]
SQL: SELECT * FROM `common` WHERE `power` = 0  [ RunTime:0.0001s ]

[ 2016-10-20T21:59:43+08:00 ] 127.0.0.1 /sign-f2f/wx/indexApi
INFO: [ app_init ] --START--
INFO: Run Behavior\BuildLiteBehavior [ RunTime:0.000023s ]
INFO: [ app_init ] --END-- [ RunTime:0.000198s ]
INFO: [ app_begin ] --START--
INFO: Run Behavior\ReadHtmlCacheBehavior [ RunTime:0.000074s ]
INFO: [ app_begin ] --END-- [ RunTime:0.000144s ]
NOTIC: [8] Undefined index: persistent /weixin/webdata/sign-f2f/ThinkPHP/Library/Think/Cache/Driver/Redis.class.php 第 41 行.
NOTIC: [8] Undefined index: timeout /weixin/webdata/sign-f2f/ThinkPHP/Library/Think/Cache/Driver/Redis.class.php 第 43 行.
NOTIC: [8] Undefined index: timeout /weixin/webdata/sign-f2f/ThinkPHP/Library/Think/Cache/Driver/Redis.class.php 第 45 行.
SQL: SHOW COLUMNS FROM `ini` [ RunTime:0.0010s ]
SQL: SELECT * FROM `ini`  [ RunTime:0.0002s ]
SQL: SHOW COLUMNS FROM `common` [ RunTime:0.0010s ]
SQL: SELECT * FROM `common` WHERE `power` = 0  [ RunTime:0.0001s ]

[ 2016-10-20T23:03:17+08:00 ] 127.0.0.1 /sign-f2f/wx/indexApi
INFO: [ app_init ] --START--
INFO: Run Behavior\BuildLiteBehavior [ RunTime:0.000022s ]
INFO: [ app_init ] --END-- [ RunTime:0.000133s ]
INFO: [ app_begin ] --START--
INFO: Run Behavior\ReadHtmlCacheBehavior [ RunTime:0.000058s ]
INFO: [ app_begin ] --END-- [ RunTime:0.000106s ]
NOTIC: [8] Undefined index: persistent /weixin/webdata/sign-f2f/ThinkPHP/Library/Think/Cache/Driver/Redis.class.php 第 41 行.
NOTIC: [8] Undefined index: timeout /weixin/webdata/sign-f2f/ThinkPHP/Library/Think/Cache/Driver/Redis.class.php 第 43 行.
NOTIC: [8] Undefined index: timeout /weixin/webdata/sign-f2f/ThinkPHP/Library/Think/Cache/Driver/Redis.class.php 第 45 行.

[ 2016-10-20T23:03:20+08:00 ] 127.0.0.1 /sign-f2f/wx/indexApi
INFO: [ app_init ] --START--
INFO: Run Behavior\BuildLiteBehavior [ RunTime:0.000021s ]
INFO: [ app_init ] --END-- [ RunTime:0.000145s ]
INFO: [ app_begin ] --START--
INFO: Run Behavior\ReadHtmlCacheBehavior [ RunTime:0.000074s ]
INFO: [ app_begin ] --END-- [ RunTime:0.000143s ]
NOTIC: [8] Undefined index: persistent /weixin/webdata/sign-f2f/ThinkPHP/Library/Think/Cache/Driver/Redis.class.php 第 41 行.
NOTIC: [8] Undefined index: timeout /weixin/webdata/sign-f2f/ThinkPHP/Library/Think/Cache/Driver/Redis.class.php 第 43 行.
NOTIC: [8] Undefined index: timeout /weixin/webdata/sign-f2f/ThinkPHP/Library/Think/Cache/Driver/Redis.class.php 第 45 行.
SQL: SHOW COLUMNS FROM `ini` [ RunTime:0.0012s ]
SQL: SELECT * FROM `ini`  [ RunTime:0.0002s ]
SQL: SHOW COLUMNS FROM `common` [ RunTime:0.0009s ]
SQL: SELECT * FROM `common` WHERE `power` = 0  [ RunTime:0.0002s ]

