[ 2016-10-23T05:09:55+08:00 ] 127.0.0.1 /sign-f2f/wx/indexApi
INFO: [ app_init ] --START--
INFO: Run Behavior\BuildLiteBehavior [ RunTime:0.000031s ]
INFO: [ app_init ] --END-- [ RunTime:0.000210s ]
INFO: [ app_begin ] --START--
INFO: Run Behavior\ReadHtmlCacheBehavior [ RunTime:0.000074s ]
INFO: [ app_begin ] --END-- [ RunTime:0.000144s ]
NOTIC: [8] Undefined index: persistent /weixin/webdata/sign-f2f/ThinkPHP/Library/Think/Cache/Driver/Redis.class.php 第 41 行.
NOTIC: [8] Undefined index: timeout /weixin/webdata/sign-f2f/ThinkPHP/Library/Think/Cache/Driver/Redis.class.php 第 43 行.
NOTIC: [8] Undefined index: timeout /weixin/webdata/sign-f2f/ThinkPHP/Library/Think/Cache/Driver/Redis.class.php 第 45 行.

[ 2016-10-23T05:09:57+08:00 ] 127.0.0.1 /sign-f2f/wx/indexApi
INFO: [ app_init ] --START--
INFO: Run Behavior\BuildLiteBehavior [ RunTime:0.000022s ]
INFO: [ app_init ] --END-- [ RunTime:0.000140s ]
INFO: [ app_begin ] --START--
INFO: Run Behavior\ReadHtmlCacheBehavior [ RunTime:0.000063s ]
INFO: [ app_begin ] --END-- [ RunTime:0.000132s ]
NOTIC: [8] Undefined index: persistent /weixin/webdata/sign-f2f/ThinkPHP/Library/Think/Cache/Driver/Redis.class.php 第 41 行.
NOTIC: [8] Undefined index: timeout /weixin/webdata/sign-f2f/ThinkPHP/Library/Think/Cache/Driver/Redis.class.php 第 43 行.
NOTIC: [8] Undefined index: timeout /weixin/webdata/sign-f2f/ThinkPHP/Library/Think/Cache/Driver/Redis.class.php 第 45 行.
SQL: SHOW COLUMNS FROM `ini` [ RunTime:0.0012s ]
SQL: SELECT * FROM `ini`  [ RunTime:0.0002s ]
SQL: SHOW COLUMNS FROM `common` [ RunTime:0.0009s ]
SQL: SELECT * FROM `common` WHERE `power` = 0  [ RunTime:0.0002s ]

[ 2016-10-23T07:12:10+08:00 ] 127.0.0.1 /sign-f2f/wx/indexApi
INFO: [ app_init ] --START--
INFO: Run Behavior\BuildLiteBehavior [ RunTime:0.000024s ]
INFO: [ app_init ] --END-- [ RunTime:0.000177s ]
INFO: [ app_begin ] --START--
INFO: Run Behavior\ReadHtmlCacheBehavior [ RunTime:0.000120s ]
INFO: [ app_begin ] --END-- [ RunTime:0.000193s ]
NOTIC: [8] Undefined index: persistent /weixin/webdata/sign-f2f/ThinkPHP/Library/Think/Cache/Driver/Redis.class.php 第 41 行.
NOTIC: [8] Undefined index: timeout /weixin/webdata/sign-f2f/ThinkPHP/Library/Think/Cache/Driver/Redis.class.php 第 43 行.
NOTIC: [8] Undefined index: timeout /weixin/webdata/sign-f2f/ThinkPHP/Library/Think/Cache/Driver/Redis.class.php 第 45 行.
SQL: SHOW COLUMNS FROM `ini` [ RunTime:0.0007s ]
SQL: SELECT * FROM `ini`  [ RunTime:0.0001s ]
SQL: SHOW COLUMNS FROM `common` [ RunTime:0.0006s ]
SQL: SELECT * FROM `common` WHERE `power` = 0  [ RunTime:0.0001s ]

[ 2016-10-23T09:02:58+08:00 ] 127.0.0.1 /sign-f2f/wx/indexApi
INFO: [ app_init ] --START--
INFO: Run Behavior\BuildLiteBehavior [ RunTime:0.000014s ]
INFO: [ app_init ] --END-- [ RunTime:0.000107s ]
INFO: [ app_begin ] --START--
INFO: Run Behavior\ReadHtmlCacheBehavior [ RunTime:0.000047s ]
INFO: [ app_begin ] --END-- [ RunTime:0.000088s ]
NOTIC: [8] Undefined index: persistent /weixin/webdata/sign-f2f/ThinkPHP/Library/Think/Cache/Driver/Redis.class.php 第 41 行.
NOTIC: [8] Undefined index: timeout /weixin/webdata/sign-f2f/ThinkPHP/Library/Think/Cache/Driver/Redis.class.php 第 43 行.
NOTIC: [8] Undefined index: timeout /weixin/webdata/sign-f2f/ThinkPHP/Library/Think/Cache/Driver/Redis.class.php 第 45 行.

[ 2016-10-23T09:28:41+08:00 ] 127.0.0.1 /sign-f2f/wx/indexApi
INFO: [ app_init ] --START--
INFO: Run Behavior\BuildLiteBehavior [ RunTime:0.000015s ]
INFO: [ app_init ] --END-- [ RunTime:0.000109s ]
INFO: [ app_begin ] --START--
INFO: Run Behavior\ReadHtmlCacheBehavior [ RunTime:0.000072s ]
INFO: [ app_begin ] --END-- [ RunTime:0.000119s ]
NOTIC: [8] Undefined index: persistent /weixin/webdata/sign-f2f/ThinkPHP/Library/Think/Cache/Driver/Redis.class.php 第 41 行.
NOTIC: [8] Undefined index: timeout /weixin/webdata/sign-f2f/ThinkPHP/Library/Think/Cache/Driver/Redis.class.php 第 43 行.
NOTIC: [8] Undefined index: timeout /weixin/webdata/sign-f2f/ThinkPHP/Library/Think/Cache/Driver/Redis.class.php 第 45 行.
SQL: SHOW COLUMNS FROM `ini` [ RunTime:0.0008s ]
SQL: SELECT * FROM `ini`  [ RunTime:0.0001s ]
SQL: SHOW COLUMNS FROM `common` [ RunTime:0.0005s ]
SQL: SELECT * FROM `common` WHERE `power` = 0  [ RunTime:0.0001s ]

[ 2016-10-23T09:28:45+08:00 ] 127.0.0.1 /sign-f2f/wx/studentApi/getConfig?url=http:%2F%2Fwechat.hnust.cn%2Fsign-f2f%2Fwx%3Fv%3D160531
INFO: [ app_init ] --START--
INFO: Run Behavior\BuildLiteBehavior [ RunTime:0.000022s ]
INFO: [ app_init ] --END-- [ RunTime:0.000155s ]
INFO: [ app_begin ] --START--
INFO: Run Behavior\ReadHtmlCacheBehavior [ RunTime:0.000113s ]
INFO: [ app_begin ] --END-- [ RunTime:0.000200s ]
NOTIC: [8] Undefined index: persistent /weixin/webdata/sign-f2f/ThinkPHP/Library/Think/Cache/Driver/Redis.class.php 第 41 行.
NOTIC: [8] Undefined index: timeout /weixin/webdata/sign-f2f/ThinkPHP/Library/Think/Cache/Driver/Redis.class.php 第 43 行.
NOTIC: [8] Undefined index: timeout /weixin/webdata/sign-f2f/ThinkPHP/Library/Think/Cache/Driver/Redis.class.php 第 45 行.
SQL: SHOW COLUMNS FROM `ini` [ RunTime:0.0008s ]
SQL: SELECT * FROM `ini`  [ RunTime:0.0001s ]

[ 2016-10-23T09:28:46+08:00 ] 127.0.0.1 /sign-f2f/wx/studentApi/signLaunch
INFO: [ app_init ] --START--
INFO: Run Behavior\BuildLiteBehavior [ RunTime:0.000023s ]
INFO: [ app_init ] --END-- [ RunTime:0.000157s ]
INFO: [ app_begin ] --START--
INFO: Run Behavior\ReadHtmlCacheBehavior [ RunTime:0.000090s ]
INFO: [ app_begin ] --END-- [ RunTime:0.000182s ]
NOTIC: [8] Undefined index: persistent /weixin/webdata/sign-f2f/ThinkPHP/Library/Think/Cache/Driver/Redis.class.php 第 41 行.
NOTIC: [8] Undefined index: timeout /weixin/webdata/sign-f2f/ThinkPHP/Library/Think/Cache/Driver/Redis.class.php 第 43 行.
NOTIC: [8] Undefined index: timeout /weixin/webdata/sign-f2f/ThinkPHP/Library/Think/Cache/Driver/Redis.class.php 第 45 行.
SQL: SHOW COLUMNS FROM `ini` [ RunTime:0.0011s ]
SQL: SELECT * FROM `ini`  [ RunTime:0.0001s ]
NOTIC: [8192] Function ereg() is deprecated /weixin/webdata/sign-f2f/Application/Wx/Model/MobelPhoneModel.class.php 第 26 行.
NOTIC: [8192] Function ereg() is deprecated /weixin/webdata/sign-f2f/Application/Wx/Model/MobelPhoneModel.class.php 第 29 行.
NOTIC: [8192] Function ereg() is deprecated /weixin/webdata/sign-f2f/Application/Wx/Model/MobelPhoneModel.class.php 第 32 行.
NOTIC: [8192] Function ereg() is deprecated /weixin/webdata/sign-f2f/Application/Wx/Model/MobelPhoneModel.class.php 第 35 行.
SQL: SHOW COLUMNS FROM `sign_launch` [ RunTime:0.0008s ]
NOTIC: [8192] mysql_connect(): The mysql extension is deprecated and will be removed in the future: use mysqli or PDO instead /weixin/webdata/sign-f2f/Application/Wx/Model/SignLaunchModel.class.php 第 170 行.
NOTIC: [8] Undefined variable: signname /weixin/webdata/sign-f2f/Application/Wx/Model/SignLaunchModel.class.php 第 118 行.
NOTIC: [8] Undefined variable: flag /weixin/webdata/sign-f2f/Application/Wx/Model/SignLaunchModel.class.php 第 120 行.

[ 2016-10-23T09:28:54+08:00 ] 127.0.0.1 /sign-f2f/wx/adminApi/getSignList?signid=604&signname=%E6%AC%A7%E9%98%B3%E4%B8%BD_1477186126
INFO: [ app_init ] --START--
INFO: Run Behavior\BuildLiteBehavior [ RunTime:0.000023s ]
INFO: [ app_init ] --END-- [ RunTime:0.000157s ]
INFO: [ app_begin ] --START--
INFO: Run Behavior\ReadHtmlCacheBehavior [ RunTime:0.000106s ]
INFO: [ app_begin ] --END-- [ RunTime:0.000177s ]
NOTIC: [8] Undefined index: persistent /weixin/webdata/sign-f2f/ThinkPHP/Library/Think/Cache/Driver/Redis.class.php 第 41 行.
NOTIC: [8] Undefined index: timeout /weixin/webdata/sign-f2f/ThinkPHP/Library/Think/Cache/Driver/Redis.class.php 第 43 行.
NOTIC: [8] Undefined index: timeout /weixin/webdata/sign-f2f/ThinkPHP/Library/Think/Cache/Driver/Redis.class.php 第 45 行.
SQL: SHOW COLUMNS FROM `ini` [ RunTime:0.0007s ]
SQL: SELECT * FROM `ini`  [ RunTime:0.0001s ]

[ 2016-10-23T09:29:11+08:00 ] 127.0.0.1 /sign-f2f/wx/adminApi/getSignList?$$hashKey=00Q&haveSign=yes&isInSpace=false&isSelf=true&num=16030****4&signid=604&signname=%E6%AC%A7%E9%98%B3%E4%B8%BD_1477186126&time=09:28:46&username=%E6%AC%A7%E9%98%B3%E4%B8%BD
INFO: [ app_init ] --START--
INFO: Run Behavior\BuildLiteBehavior [ RunTime:0.000021s ]
INFO: [ app_init ] --END-- [ RunTime:0.000145s ]
INFO: [ app_begin ] --START--
INFO: Run Behavior\ReadHtmlCacheBehavior [ RunTime:0.000090s ]
INFO: [ app_begin ] --END-- [ RunTime:0.000154s ]
NOTIC: [8] Undefined index: persistent /weixin/webdata/sign-f2f/ThinkPHP/Library/Think/Cache/Driver/Redis.class.php 第 41 行.
NOTIC: [8] Undefined index: timeout /weixin/webdata/sign-f2f/ThinkPHP/Library/Think/Cache/Driver/Redis.class.php 第 43 行.
NOTIC: [8] Undefined index: timeout /weixin/webdata/sign-f2f/ThinkPHP/Library/Think/Cache/Driver/Redis.class.php 第 45 行.
SQL: SHOW COLUMNS FROM `ini` [ RunTime:0.0011s ]
SQL: SELECT * FROM `ini`  [ RunTime:0.0002s ]

[ 2016-10-23T09:29:12+08:00 ] 127.0.0.1 /sign-f2f/wx/adminApi/getSignList?$$hashKey=00Q&haveSign=yes&isInSpace=false&isSelf=true&num=16030****4&signid=604&signname=%E6%AC%A7%E9%98%B3%E4%B8%BD_1477186126&time=09:28:46&username=%E6%AC%A7%E9%98%B3%E4%B8%BD
INFO: [ app_init ] --START--
INFO: Run Behavior\BuildLiteBehavior [ RunTime:0.000022s ]
INFO: [ app_init ] --END-- [ RunTime:0.000145s ]
INFO: [ app_begin ] --START--
INFO: Run Behavior\ReadHtmlCacheBehavior [ RunTime:0.000082s ]
INFO: [ app_begin ] --END-- [ RunTime:0.000150s ]
NOTIC: [8] Undefined index: persistent /weixin/webdata/sign-f2f/ThinkPHP/Library/Think/Cache/Driver/Redis.class.php 第 41 行.
NOTIC: [8] Undefined index: timeout /weixin/webdata/sign-f2f/ThinkPHP/Library/Think/Cache/Driver/Redis.class.php 第 43 行.
NOTIC: [8] Undefined index: timeout /weixin/webdata/sign-f2f/ThinkPHP/Library/Think/Cache/Driver/Redis.class.php 第 45 行.
SQL: SHOW COLUMNS FROM `ini` [ RunTime:0.0010s ]
SQL: SELECT * FROM `ini`  [ RunTime:0.0002s ]

[ 2016-10-23T09:29:24+08:00 ] 127.0.0.1 /sign-f2f/wx/indexApi
INFO: [ app_init ] --START--
INFO: Run Behavior\BuildLiteBehavior [ RunTime:0.000022s ]
INFO: [ app_init ] --END-- [ RunTime:0.000155s ]
INFO: [ app_begin ] --START--
INFO: Run Behavior\ReadHtmlCacheBehavior [ RunTime:0.000125s ]
INFO: [ app_begin ] --END-- [ RunTime:0.000195s ]
NOTIC: [8] Undefined index: persistent /weixin/webdata/sign-f2f/ThinkPHP/Library/Think/Cache/Driver/Redis.class.php 第 41 行.
NOTIC: [8] Undefined index: timeout /weixin/webdata/sign-f2f/ThinkPHP/Library/Think/Cache/Driver/Redis.class.php 第 43 行.
NOTIC: [8] Undefined index: timeout /weixin/webdata/sign-f2f/ThinkPHP/Library/Think/Cache/Driver/Redis.class.php 第 45 行.
SQL: SHOW COLUMNS FROM `ini` [ RunTime:0.0010s ]
SQL: SELECT * FROM `ini`  [ RunTime:0.0002s ]
SQL: SHOW COLUMNS FROM `common` [ RunTime:0.0009s ]
SQL: SELECT * FROM `common` WHERE `power` = 0  [ RunTime:0.0001s ]

[ 2016-10-23T10:14:20+08:00 ] 127.0.0.1 /sign-f2f/wx/indexApi
INFO: [ app_init ] --START--
INFO: Run Behavior\BuildLiteBehavior [ RunTime:0.000054s ]
INFO: [ app_init ] --END-- [ RunTime:0.000197s ]
INFO: [ app_begin ] --START--
INFO: Run Behavior\ReadHtmlCacheBehavior [ RunTime:0.000132s ]
INFO: [ app_begin ] --END-- [ RunTime:0.000205s ]
NOTIC: [8] Undefined index: persistent /weixin/webdata/sign-f2f/ThinkPHP/Library/Think/Cache/Driver/Redis.class.php 第 41 行.
NOTIC: [8] Undefined index: timeout /weixin/webdata/sign-f2f/ThinkPHP/Library/Think/Cache/Driver/Redis.class.php 第 43 行.
NOTIC: [8] Undefined index: timeout /weixin/webdata/sign-f2f/ThinkPHP/Library/Think/Cache/Driver/Redis.class.php 第 45 行.

[ 2016-10-23T10:14:23+08:00 ] 127.0.0.1 /sign-f2f/wx/indexApi
INFO: [ app_init ] --START--
INFO: Run Behavior\BuildLiteBehavior [ RunTime:0.000013s ]
INFO: [ app_init ] --END-- [ RunTime:0.000129s ]
INFO: [ app_begin ] --START--
INFO: Run Behavior\ReadHtmlCacheBehavior [ RunTime:0.000065s ]
INFO: [ app_begin ] --END-- [ RunTime:0.000106s ]
NOTIC: [8] Undefined index: persistent /weixin/webdata/sign-f2f/ThinkPHP/Library/Think/Cache/Driver/Redis.class.php 第 41 行.
NOTIC: [8] Undefined index: timeout /weixin/webdata/sign-f2f/ThinkPHP/Library/Think/Cache/Driver/Redis.class.php 第 43 行.
NOTIC: [8] Undefined index: timeout /weixin/webdata/sign-f2f/ThinkPHP/Library/Think/Cache/Driver/Redis.class.php 第 45 行.
SQL: SHOW COLUMNS FROM `ini` [ RunTime:0.0007s ]
SQL: SELECT * FROM `ini`  [ RunTime:0.0001s ]
SQL: SHOW COLUMNS FROM `common` [ RunTime:0.0005s ]
SQL: SELECT * FROM `common` WHERE `power` = 0  [ RunTime:0.0001s ]

[ 2016-10-23T10:14:25+08:00 ] 127.0.0.1 /sign-f2f/wx/adminApi/getLaunchHistory
INFO: [ app_init ] --START--
INFO: Run Behavior\BuildLiteBehavior [ RunTime:0.000015s ]
INFO: [ app_init ] --END-- [ RunTime:0.000221s ]
INFO: [ app_begin ] --START--
INFO: Run Behavior\ReadHtmlCacheBehavior [ RunTime:0.000081s ]
INFO: [ app_begin ] --END-- [ RunTime:0.000152s ]
NOTIC: [8] Undefined index: persistent /weixin/webdata/sign-f2f/ThinkPHP/Library/Think/Cache/Driver/Redis.class.php 第 41 行.
NOTIC: [8] Undefined index: timeout /weixin/webdata/sign-f2f/ThinkPHP/Library/Think/Cache/Driver/Redis.class.php 第 43 行.
NOTIC: [8] Undefined index: timeout /weixin/webdata/sign-f2f/ThinkPHP/Library/Think/Cache/Driver/Redis.class.php 第 45 行.
SQL: SHOW COLUMNS FROM `ini` [ RunTime:0.0007s ]
SQL: SELECT * FROM `ini`  [ RunTime:0.0001s ]

[ 2016-10-23T10:14:27+08:00 ] 127.0.0.1 /sign-f2f/wx/adminApi/getSignList?signid=543&signname=%E5%8D%81%E6%9C%88%E5%85%AD%E5%8F%B7
INFO: [ app_init ] --START--
INFO: Run Behavior\BuildLiteBehavior [ RunTime:0.000022s ]
INFO: [ app_init ] --END-- [ RunTime:0.000170s ]
INFO: [ app_begin ] --START--
INFO: Run Behavior\ReadHtmlCacheBehavior [ RunTime:0.000088s ]
INFO: [ app_begin ] --END-- [ RunTime:0.000159s ]
NOTIC: [8] Undefined index: persistent /weixin/webdata/sign-f2f/ThinkPHP/Library/Think/Cache/Driver/Redis.class.php 第 41 行.
NOTIC: [8] Undefined index: timeout /weixin/webdata/sign-f2f/ThinkPHP/Library/Think/Cache/Driver/Redis.class.php 第 43 行.
NOTIC: [8] Undefined index: timeout /weixin/webdata/sign-f2f/ThinkPHP/Library/Think/Cache/Driver/Redis.class.php 第 45 行.
SQL: SHOW COLUMNS FROM `ini` [ RunTime:0.0010s ]
SQL: SELECT * FROM `ini`  [ RunTime:0.0002s ]

[ 2016-10-23T10:14:29+08:00 ] 127.0.0.1 /sign-f2f/wx/adminApi/getSignList?$$hashKey=02G&haveSign=yes&isInSpace=true&isSelf=true&num=140105****3&signid=543&signname=%E5%8D%81%E6%9C%88%E5%85%AD%E5%8F%B7&time=07:46:41&username=%E7%9F%B3%E6%95%8F
INFO: [ app_init ] --START--
INFO: Run Behavior\BuildLiteBehavior [ RunTime:0.000022s ]
INFO: [ app_init ] --END-- [ RunTime:0.000145s ]
INFO: [ app_begin ] --START--
INFO: Run Behavior\ReadHtmlCacheBehavior [ RunTime:0.000062s ]
INFO: [ app_begin ] --END-- [ RunTime:0.000128s ]
NOTIC: [8] Undefined index: persistent /weixin/webdata/sign-f2f/ThinkPHP/Library/Think/Cache/Driver/Redis.class.php 第 41 行.
NOTIC: [8] Undefined index: timeout /weixin/webdata/sign-f2f/ThinkPHP/Library/Think/Cache/Driver/Redis.class.php 第 43 行.
NOTIC: [8] Undefined index: timeout /weixin/webdata/sign-f2f/ThinkPHP/Library/Think/Cache/Driver/Redis.class.php 第 45 行.
SQL: SHOW COLUMNS FROM `ini` [ RunTime:0.0010s ]
SQL: SELECT * FROM `ini`  [ RunTime:0.0002s ]

[ 2016-10-23T10:14:38+08:00 ] 127.0.0.1 /sign-f2f/wx/adminApi/getLaunchHistory
INFO: [ app_init ] --START--
INFO: Run Behavior\BuildLiteBehavior [ RunTime:0.000031s ]
INFO: [ app_init ] --END-- [ RunTime:0.000163s ]
INFO: [ app_begin ] --START--
INFO: Run Behavior\ReadHtmlCacheBehavior [ RunTime:0.000126s ]
INFO: [ app_begin ] --END-- [ RunTime:0.000181s ]
NOTIC: [8] Undefined index: persistent /weixin/webdata/sign-f2f/ThinkPHP/Library/Think/Cache/Driver/Redis.class.php 第 41 行.
NOTIC: [8] Undefined index: timeout /weixin/webdata/sign-f2f/ThinkPHP/Library/Think/Cache/Driver/Redis.class.php 第 43 行.
NOTIC: [8] Undefined index: timeout /weixin/webdata/sign-f2f/ThinkPHP/Library/Think/Cache/Driver/Redis.class.php 第 45 行.
SQL: SHOW COLUMNS FROM `ini` [ RunTime:0.0010s ]
SQL: SELECT * FROM `ini`  [ RunTime:0.0002s ]

[ 2016-10-23T10:14:40+08:00 ] 127.0.0.1 /sign-f2f/wx/indexApi
INFO: [ app_init ] --START--
INFO: Run Behavior\BuildLiteBehavior [ RunTime:0.000014s ]
INFO: [ app_init ] --END-- [ RunTime:0.000087s ]
INFO: [ app_begin ] --START--
INFO: Run Behavior\ReadHtmlCacheBehavior [ RunTime:0.000037s ]
INFO: [ app_begin ] --END-- [ RunTime:0.000080s ]
NOTIC: [8] Undefined index: persistent /weixin/webdata/sign-f2f/ThinkPHP/Library/Think/Cache/Driver/Redis.class.php 第 41 行.
NOTIC: [8] Undefined index: timeout /weixin/webdata/sign-f2f/ThinkPHP/Library/Think/Cache/Driver/Redis.class.php 第 43 行.
NOTIC: [8] Undefined index: timeout /weixin/webdata/sign-f2f/ThinkPHP/Library/Think/Cache/Driver/Redis.class.php 第 45 行.
SQL: SHOW COLUMNS FROM `ini` [ RunTime:0.0010s ]
SQL: SELECT * FROM `ini`  [ RunTime:0.0002s ]
SQL: SHOW COLUMNS FROM `common` [ RunTime:0.0008s ]
SQL: SELECT * FROM `common` WHERE `power` = 0  [ RunTime:0.0001s ]

[ 2016-10-23T10:14:43+08:00 ] 127.0.0.1 /sign-f2f/wx/studentApi/getConfig?url=http:%2F%2Fwechat.hnust.cn%2Fsign-f2f%2Fwx%3Fv%3D160531
INFO: [ app_init ] --START--
INFO: Run Behavior\BuildLiteBehavior [ RunTime:0.000015s ]
INFO: [ app_init ] --END-- [ RunTime:0.000101s ]
INFO: [ app_begin ] --START--
INFO: Run Behavior\ReadHtmlCacheBehavior [ RunTime:0.000077s ]
INFO: [ app_begin ] --END-- [ RunTime:0.000120s ]
NOTIC: [8] Undefined index: persistent /weixin/webdata/sign-f2f/ThinkPHP/Library/Think/Cache/Driver/Redis.class.php 第 41 行.
NOTIC: [8] Undefined index: timeout /weixin/webdata/sign-f2f/ThinkPHP/Library/Think/Cache/Driver/Redis.class.php 第 43 行.
NOTIC: [8] Undefined index: timeout /weixin/webdata/sign-f2f/ThinkPHP/Library/Think/Cache/Driver/Redis.class.php 第 45 行.
SQL: SHOW COLUMNS FROM `ini` [ RunTime:0.0010s ]
SQL: SELECT * FROM `ini`  [ RunTime:0.0002s ]

[ 2016-10-23T10:14:45+08:00 ] 127.0.0.1 /sign-f2f/wx/studentApi/signLaunch
INFO: [ app_init ] --START--
INFO: Run Behavior\BuildLiteBehavior [ RunTime:0.000034s ]
INFO: [ app_init ] --END-- [ RunTime:0.000156s ]
INFO: [ app_begin ] --START--
INFO: Run Behavior\ReadHtmlCacheBehavior [ RunTime:0.000057s ]
INFO: [ app_begin ] --END-- [ RunTime:0.000126s ]
NOTIC: [8] Undefined index: persistent /weixin/webdata/sign-f2f/ThinkPHP/Library/Think/Cache/Driver/Redis.class.php 第 41 行.
NOTIC: [8] Undefined index: timeout /weixin/webdata/sign-f2f/ThinkPHP/Library/Think/Cache/Driver/Redis.class.php 第 43 行.
NOTIC: [8] Undefined index: timeout /weixin/webdata/sign-f2f/ThinkPHP/Library/Think/Cache/Driver/Redis.class.php 第 45 行.
SQL: SHOW COLUMNS FROM `ini` [ RunTime:0.0010s ]
SQL: SELECT * FROM `ini`  [ RunTime:0.0002s ]
NOTIC: [8192] Function ereg() is deprecated /weixin/webdata/sign-f2f/Application/Wx/Model/MobelPhoneModel.class.php 第 26 行.
NOTIC: [8192] Function ereg() is deprecated /weixin/webdata/sign-f2f/Application/Wx/Model/MobelPhoneModel.class.php 第 29 行.
NOTIC: [8192] Function ereg() is deprecated /weixin/webdata/sign-f2f/Application/Wx/Model/MobelPhoneModel.class.php 第 32 行.
NOTIC: [8192] Function ereg() is deprecated /weixin/webdata/sign-f2f/Application/Wx/Model/MobelPhoneModel.class.php 第 35 行.
SQL: SHOW COLUMNS FROM `sign_launch` [ RunTime:0.0011s ]
NOTIC: [8192] mysql_connect(): The mysql extension is deprecated and will be removed in the future: use mysqli or PDO instead /weixin/webdata/sign-f2f/Application/Wx/Model/SignLaunchModel.class.php 第 170 行.
NOTIC: [8] Undefined variable: signname /weixin/webdata/sign-f2f/Application/Wx/Model/SignLaunchModel.class.php 第 118 行.
NOTIC: [8] Undefined variable: flag /weixin/webdata/sign-f2f/Application/Wx/Model/SignLaunchModel.class.php 第 120 行.

[ 2016-10-23T10:14:51+08:00 ] 127.0.0.1 /sign-f2f/wx/adminApi/getSignList?signid=605&signname=%E7%9F%B3%E6%95%8F_1477188885
INFO: [ app_init ] --START--
INFO: Run Behavior\BuildLiteBehavior [ RunTime:0.000014s ]
INFO: [ app_init ] --END-- [ RunTime:0.000098s ]
INFO: [ app_begin ] --START--
INFO: Run Behavior\ReadHtmlCacheBehavior [ RunTime:0.000048s ]
INFO: [ app_begin ] --END-- [ RunTime:0.000095s ]
NOTIC: [8] Undefined index: persistent /weixin/webdata/sign-f2f/ThinkPHP/Library/Think/Cache/Driver/Redis.class.php 第 41 行.
NOTIC: [8] Undefined index: timeout /weixin/webdata/sign-f2f/ThinkPHP/Library/Think/Cache/Driver/Redis.class.php 第 43 行.
NOTIC: [8] Undefined index: timeout /weixin/webdata/sign-f2f/ThinkPHP/Library/Think/Cache/Driver/Redis.class.php 第 45 行.
SQL: SHOW COLUMNS FROM `ini` [ RunTime:0.0010s ]
SQL: SELECT * FROM `ini`  [ RunTime:0.0002s ]

[ 2016-10-23T10:15:03+08:00 ] 127.0.0.1 /sign-f2f/wx/adminApi/updateSignName?signid=605&signname=%E6%96%B0%E7%9A%84%E4%B8%80%E5%A4%A9
INFO: [ app_init ] --START--
INFO: Run Behavior\BuildLiteBehavior [ RunTime:0.000020s ]
INFO: [ app_init ] --END-- [ RunTime:0.000153s ]
INFO: [ app_begin ] --START--
INFO: Run Behavior\ReadHtmlCacheBehavior [ RunTime:0.000090s ]
INFO: [ app_begin ] --END-- [ RunTime:0.000159s ]
NOTIC: [8] Undefined index: persistent /weixin/webdata/sign-f2f/ThinkPHP/Library/Think/Cache/Driver/Redis.class.php 第 41 行.
NOTIC: [8] Undefined index: timeout /weixin/webdata/sign-f2f/ThinkPHP/Library/Think/Cache/Driver/Redis.class.php 第 43 行.
NOTIC: [8] Undefined index: timeout /weixin/webdata/sign-f2f/ThinkPHP/Library/Think/Cache/Driver/Redis.class.php 第 45 行.
SQL: SHOW COLUMNS FROM `ini` [ RunTime:0.0010s ]
SQL: SELECT * FROM `ini`  [ RunTime:0.0001s ]
SQL: SHOW COLUMNS FROM `sign_launch_temp` [ RunTime:0.0012s ]
SQL: UPDATE `sign_launch_temp` SET `name`='新的一天' WHERE `id` = 605 [ RunTime:0.0021s ]

[ 2016-10-23T10:15:37+08:00 ] 127.0.0.1 /sign-f2f/wx/adminApi/updateSignStatus?signid=605&signname=%E7%9F%B3%E6%95%8F_1477188885&signstatus=true
INFO: [ app_init ] --START--
INFO: Run Behavior\BuildLiteBehavior [ RunTime:0.000022s ]
INFO: [ app_init ] --END-- [ RunTime:0.000155s ]
INFO: [ app_begin ] --START--
INFO: Run Behavior\ReadHtmlCacheBehavior [ RunTime:0.000073s ]
INFO: [ app_begin ] --END-- [ RunTime:0.000142s ]
NOTIC: [8] Undefined index: persistent /weixin/webdata/sign-f2f/ThinkPHP/Library/Think/Cache/Driver/Redis.class.php 第 41 行.
NOTIC: [8] Undefined index: timeout /weixin/webdata/sign-f2f/ThinkPHP/Library/Think/Cache/Driver/Redis.class.php 第 43 行.
NOTIC: [8] Undefined index: timeout /weixin/webdata/sign-f2f/ThinkPHP/Library/Think/Cache/Driver/Redis.class.php 第 45 行.
SQL: SHOW COLUMNS FROM `ini` [ RunTime:0.0011s ]
SQL: SELECT * FROM `ini`  [ RunTime:0.0002s ]

[ 2016-10-23T10:15:39+08:00 ] 127.0.0.1 /sign-f2f/wx/adminApi/updateSignStatus?signid=605&signname=%E7%9F%B3%E6%95%8F_1477188885&signstatus=false
INFO: [ app_init ] --START--
INFO: Run Behavior\BuildLiteBehavior [ RunTime:0.000022s ]
INFO: [ app_init ] --END-- [ RunTime:0.000139s ]
INFO: [ app_begin ] --START--
INFO: Run Behavior\ReadHtmlCacheBehavior [ RunTime:0.000061s ]
INFO: [ app_begin ] --END-- [ RunTime:0.000127s ]
NOTIC: [8] Undefined index: persistent /weixin/webdata/sign-f2f/ThinkPHP/Library/Think/Cache/Driver/Redis.class.php 第 41 行.
NOTIC: [8] Undefined index: timeout /weixin/webdata/sign-f2f/ThinkPHP/Library/Think/Cache/Driver/Redis.class.php 第 43 行.
NOTIC: [8] Undefined index: timeout /weixin/webdata/sign-f2f/ThinkPHP/Library/Think/Cache/Driver/Redis.class.php 第 45 行.
SQL: SHOW COLUMNS FROM `ini` [ RunTime:0.0010s ]
SQL: SELECT * FROM `ini`  [ RunTime:0.0002s ]

[ 2016-10-23T10:15:41+08:00 ] 127.0.0.1 /sign-f2f/wx/adminApi/updateSignStatus?signid=605&signname=%E7%9F%B3%E6%95%8F_1477188885&signstatus=true
INFO: [ app_init ] --START--
INFO: Run Behavior\BuildLiteBehavior [ RunTime:0.000022s ]
INFO: [ app_init ] --END-- [ RunTime:0.000149s ]
INFO: [ app_begin ] --START--
INFO: Run Behavior\ReadHtmlCacheBehavior [ RunTime:0.000075s ]
INFO: [ app_begin ] --END-- [ RunTime:0.000143s ]
NOTIC: [8] Undefined index: persistent /weixin/webdata/sign-f2f/ThinkPHP/Library/Think/Cache/Driver/Redis.class.php 第 41 行.
NOTIC: [8] Undefined index: timeout /weixin/webdata/sign-f2f/ThinkPHP/Library/Think/Cache/Driver/Redis.class.php 第 43 行.
NOTIC: [8] Undefined index: timeout /weixin/webdata/sign-f2f/ThinkPHP/Library/Think/Cache/Driver/Redis.class.php 第 45 行.
SQL: SHOW COLUMNS FROM `ini` [ RunTime:0.0010s ]
SQL: SELECT * FROM `ini`  [ RunTime:0.0002s ]

[ 2016-10-23T10:15:42+08:00 ] 127.0.0.1 /sign-f2f/wx/adminApi/updateSignStatus?signid=605&signname=%E7%9F%B3%E6%95%8F_1477188885&signstatus=false
INFO: [ app_init ] --START--
INFO: Run Behavior\BuildLiteBehavior [ RunTime:0.000012s ]
INFO: [ app_init ] --END-- [ RunTime:0.000081s ]
INFO: [ app_begin ] --START--
INFO: Run Behavior\ReadHtmlCacheBehavior [ RunTime:0.000049s ]
INFO: [ app_begin ] --END-- [ RunTime:0.000091s ]
NOTIC: [8] Undefined index: persistent /weixin/webdata/sign-f2f/ThinkPHP/Library/Think/Cache/Driver/Redis.class.php 第 41 行.
NOTIC: [8] Undefined index: timeout /weixin/webdata/sign-f2f/ThinkPHP/Library/Think/Cache/Driver/Redis.class.php 第 43 行.
NOTIC: [8] Undefined index: timeout /weixin/webdata/sign-f2f/ThinkPHP/Library/Think/Cache/Driver/Redis.class.php 第 45 行.
SQL: SHOW COLUMNS FROM `ini` [ RunTime:0.0011s ]
SQL: SELECT * FROM `ini`  [ RunTime:0.0002s ]

[ 2016-10-23T10:15:43+08:00 ] 127.0.0.1 /sign-f2f/wx/adminApi/updateSignStatus?signid=605&signname=%E7%9F%B3%E6%95%8F_1477188885&signstatus=true
INFO: [ app_init ] --START--
INFO: Run Behavior\BuildLiteBehavior [ RunTime:0.000014s ]
INFO: [ app_init ] --END-- [ RunTime:0.000086s ]
INFO: [ app_begin ] --START--
INFO: Run Behavior\ReadHtmlCacheBehavior [ RunTime:0.000038s ]
INFO: [ app_begin ] --END-- [ RunTime:0.000079s ]
NOTIC: [8] Undefined index: persistent /weixin/webdata/sign-f2f/ThinkPHP/Library/Think/Cache/Driver/Redis.class.php 第 41 行.
NOTIC: [8] Undefined index: timeout /weixin/webdata/sign-f2f/ThinkPHP/Library/Think/Cache/Driver/Redis.class.php 第 43 行.
NOTIC: [8] Undefined index: timeout /weixin/webdata/sign-f2f/ThinkPHP/Library/Think/Cache/Driver/Redis.class.php 第 45 行.
SQL: SHOW COLUMNS FROM `ini` [ RunTime:0.0010s ]
SQL: SELECT * FROM `ini`  [ RunTime:0.0002s ]

[ 2016-10-23T10:15:45+08:00 ] 127.0.0.1 /sign-f2f/wx/adminApi/updateSignStatus?signid=605&signname=%E7%9F%B3%E6%95%8F_1477188885&signstatus=false
INFO: [ app_init ] --START--
INFO: Run Behavior\BuildLiteBehavior [ RunTime:0.000014s ]
INFO: [ app_init ] --END-- [ RunTime:0.000099s ]
INFO: [ app_begin ] --START--
INFO: Run Behavior\ReadHtmlCacheBehavior [ RunTime:0.000043s ]
INFO: [ app_begin ] --END-- [ RunTime:0.000083s ]
NOTIC: [8] Undefined index: persistent /weixin/webdata/sign-f2f/ThinkPHP/Library/Think/Cache/Driver/Redis.class.php 第 41 行.
NOTIC: [8] Undefined index: timeout /weixin/webdata/sign-f2f/ThinkPHP/Library/Think/Cache/Driver/Redis.class.php 第 43 行.
NOTIC: [8] Undefined index: timeout /weixin/webdata/sign-f2f/ThinkPHP/Library/Think/Cache/Driver/Redis.class.php 第 45 行.
SQL: SHOW COLUMNS FROM `ini` [ RunTime:0.0007s ]
SQL: SELECT * FROM `ini`  [ RunTime:0.0001s ]

[ 2016-10-23T10:15:49+08:00 ] 127.0.0.1 /sign-f2f/wx/studentApi/getQRCode?signid=605&signname=%E6%96%B0%E7%9A%84%E4%B8%80%E5%A4%A9
INFO: [ app_init ] --START--
INFO: Run Behavior\BuildLiteBehavior [ RunTime:0.000016s ]
INFO: [ app_init ] --END-- [ RunTime:0.000114s ]
INFO: [ app_begin ] --START--
INFO: Run Behavior\ReadHtmlCacheBehavior [ RunTime:0.000041s ]
INFO: [ app_begin ] --END-- [ RunTime:0.000083s ]
NOTIC: [8] Undefined index: persistent /weixin/webdata/sign-f2f/ThinkPHP/Library/Think/Cache/Driver/Redis.class.php 第 41 行.
NOTIC: [8] Undefined index: timeout /weixin/webdata/sign-f2f/ThinkPHP/Library/Think/Cache/Driver/Redis.class.php 第 43 行.
NOTIC: [8] Undefined index: timeout /weixin/webdata/sign-f2f/ThinkPHP/Library/Think/Cache/Driver/Redis.class.php 第 45 行.
SQL: SHOW COLUMNS FROM `ini` [ RunTime:0.0010s ]
SQL: SELECT * FROM `ini`  [ RunTime:0.0002s ]
SQL: SHOW COLUMNS FROM `sign_launch_temp` [ RunTime:0.0015s ]
SQL: SELECT * FROM `sign_launch_temp` WHERE `id` = 605 LIMIT 1   [ RunTime:0.0006s ]

[ 2016-10-23T10:15:53+08:00 ] 127.0.0.1 /sign-f2f/wx/studentApi/getQRCode?signid=605&signname=%E6%96%B0%E7%9A%84%E4%B8%80%E5%A4%A9
INFO: [ app_init ] --START--
INFO: Run Behavior\BuildLiteBehavior [ RunTime:0.000022s ]
INFO: [ app_init ] --END-- [ RunTime:0.000161s ]
INFO: [ app_begin ] --START--
INFO: Run Behavior\ReadHtmlCacheBehavior [ RunTime:0.000068s ]
INFO: [ app_begin ] --END-- [ RunTime:0.000140s ]
NOTIC: [8] Undefined index: persistent /weixin/webdata/sign-f2f/ThinkPHP/Library/Think/Cache/Driver/Redis.class.php 第 41 行.
NOTIC: [8] Undefined index: timeout /weixin/webdata/sign-f2f/ThinkPHP/Library/Think/Cache/Driver/Redis.class.php 第 43 行.
NOTIC: [8] Undefined index: timeout /weixin/webdata/sign-f2f/ThinkPHP/Library/Think/Cache/Driver/Redis.class.php 第 45 行.
SQL: SHOW COLUMNS FROM `ini` [ RunTime:0.0006s ]
SQL: SELECT * FROM `ini`  [ RunTime:0.0001s ]
SQL: SHOW COLUMNS FROM `sign_launch_temp` [ RunTime:0.0008s ]
SQL: SELECT * FROM `sign_launch_temp` WHERE `id` = 605 LIMIT 1   [ RunTime:0.0001s ]

[ 2016-10-23T10:15:57+08:00 ] 127.0.0.1 /sign-f2f/wx/studentApi/getQRCode?signid=605&signname=%E6%96%B0%E7%9A%84%E4%B8%80%E5%A4%A9
INFO: [ app_init ] --START--
INFO: Run Behavior\BuildLiteBehavior [ RunTime:0.000022s ]
INFO: [ app_init ] --END-- [ RunTime:0.000151s ]
INFO: [ app_begin ] --START--
INFO: Run Behavior\ReadHtmlCacheBehavior [ RunTime:0.000069s ]
INFO: [ app_begin ] --END-- [ RunTime:0.000139s ]
NOTIC: [8] Undefined index: persistent /weixin/webdata/sign-f2f/ThinkPHP/Library/Think/Cache/Driver/Redis.class.php 第 41 行.
NOTIC: [8] Undefined index: timeout /weixin/webdata/sign-f2f/ThinkPHP/Library/Think/Cache/Driver/Redis.class.php 第 43 行.
NOTIC: [8] Undefined index: timeout /weixin/webdata/sign-f2f/ThinkPHP/Library/Think/Cache/Driver/Redis.class.php 第 45 行.
SQL: SHOW COLUMNS FROM `ini` [ RunTime:0.0010s ]
SQL: SELECT * FROM `ini`  [ RunTime:0.0002s ]
SQL: SHOW COLUMNS FROM `sign_launch_temp` [ RunTime:0.0013s ]
SQL: SELECT * FROM `sign_launch_temp` WHERE `id` = 605 LIMIT 1   [ RunTime:0.0002s ]

[ 2016-10-23T10:15:58+08:00 ] 127.0.0.1 /sign-f2f/wx/studentApi/getQRCode?signid=605&signname=%E6%96%B0%E7%9A%84%E4%B8%80%E5%A4%A9
INFO: [ app_init ] --START--
INFO: Run Behavior\BuildLiteBehavior [ RunTime:0.000021s ]
INFO: [ app_init ] --END-- [ RunTime:0.000143s ]
INFO: [ app_begin ] --START--
INFO: Run Behavior\ReadHtmlCacheBehavior [ RunTime:0.000055s ]
INFO: [ app_begin ] --END-- [ RunTime:0.000123s ]
NOTIC: [8] Undefined index: persistent /weixin/webdata/sign-f2f/ThinkPHP/Library/Think/Cache/Driver/Redis.class.php 第 41 行.
NOTIC: [8] Undefined index: timeout /weixin/webdata/sign-f2f/ThinkPHP/Library/Think/Cache/Driver/Redis.class.php 第 43 行.
NOTIC: [8] Undefined index: timeout /weixin/webdata/sign-f2f/ThinkPHP/Library/Think/Cache/Driver/Redis.class.php 第 45 行.
SQL: SHOW COLUMNS FROM `ini` [ RunTime:0.0010s ]
SQL: SELECT * FROM `ini`  [ RunTime:0.0002s ]
SQL: SHOW COLUMNS FROM `sign_launch_temp` [ RunTime:0.0012s ]
SQL: SELECT * FROM `sign_launch_temp` WHERE `id` = 605 LIMIT 1   [ RunTime:0.0002s ]

[ 2016-10-23T10:16:00+08:00 ] 127.0.0.1 /sign-f2f/wx/adminApi/getSignList?signid=605&signname=%E7%9F%B3%E6%95%8F_1477188885
INFO: [ app_init ] --START--
INFO: Run Behavior\BuildLiteBehavior [ RunTime:0.000020s ]
INFO: [ app_init ] --END-- [ RunTime:0.000142s ]
INFO: [ app_begin ] --START--
INFO: Run Behavior\ReadHtmlCacheBehavior [ RunTime:0.000073s ]
INFO: [ app_begin ] --END-- [ RunTime:0.000143s ]
NOTIC: [8] Undefined index: persistent /weixin/webdata/sign-f2f/ThinkPHP/Library/Think/Cache/Driver/Redis.class.php 第 41 行.
NOTIC: [8] Undefined index: timeout /weixin/webdata/sign-f2f/ThinkPHP/Library/Think/Cache/Driver/Redis.class.php 第 43 行.
NOTIC: [8] Undefined index: timeout /weixin/webdata/sign-f2f/ThinkPHP/Library/Think/Cache/Driver/Redis.class.php 第 45 行.
SQL: SHOW COLUMNS FROM `ini` [ RunTime:0.0009s ]
SQL: SELECT * FROM `ini`  [ RunTime:0.0002s ]

[ 2016-10-23T10:16:02+08:00 ] 127.0.0.1 /sign-f2f/wx/adminApi/updateIsSeen?isseen=false&signid=605&signname=%E7%9F%B3%E6%95%8F_1477188885
INFO: [ app_init ] --START--
INFO: Run Behavior\BuildLiteBehavior [ RunTime:0.000022s ]
INFO: [ app_init ] --END-- [ RunTime:0.000141s ]
INFO: [ app_begin ] --START--
INFO: Run Behavior\ReadHtmlCacheBehavior [ RunTime:0.000062s ]
INFO: [ app_begin ] --END-- [ RunTime:0.000130s ]
NOTIC: [8] Undefined index: persistent /weixin/webdata/sign-f2f/ThinkPHP/Library/Think/Cache/Driver/Redis.class.php 第 41 行.
NOTIC: [8] Undefined index: timeout /weixin/webdata/sign-f2f/ThinkPHP/Library/Think/Cache/Driver/Redis.class.php 第 43 行.
NOTIC: [8] Undefined index: timeout /weixin/webdata/sign-f2f/ThinkPHP/Library/Think/Cache/Driver/Redis.class.php 第 45 行.
SQL: SHOW COLUMNS FROM `ini` [ RunTime:0.0010s ]
SQL: SELECT * FROM `ini`  [ RunTime:0.0002s ]

[ 2016-10-23T10:16:04+08:00 ] 127.0.0.1 /sign-f2f/wx/adminApi/updateIsSeen?isseen=true&signid=605&signname=%E7%9F%B3%E6%95%8F_1477188885
INFO: [ app_init ] --START--
INFO: Run Behavior\BuildLiteBehavior [ RunTime:0.000014s ]
INFO: [ app_init ] --END-- [ RunTime:0.000099s ]
INFO: [ app_begin ] --START--
INFO: Run Behavior\ReadHtmlCacheBehavior [ RunTime:0.000045s ]
INFO: [ app_begin ] --END-- [ RunTime:0.000086s ]
NOTIC: [8] Undefined index: persistent /weixin/webdata/sign-f2f/ThinkPHP/Library/Think/Cache/Driver/Redis.class.php 第 41 行.
NOTIC: [8] Undefined index: timeout /weixin/webdata/sign-f2f/ThinkPHP/Library/Think/Cache/Driver/Redis.class.php 第 43 行.
NOTIC: [8] Undefined index: timeout /weixin/webdata/sign-f2f/ThinkPHP/Library/Think/Cache/Driver/Redis.class.php 第 45 行.
SQL: SHOW COLUMNS FROM `ini` [ RunTime:0.0010s ]
SQL: SELECT * FROM `ini`  [ RunTime:0.0002s ]

[ 2016-10-23T10:16:06+08:00 ] 127.0.0.1 /sign-f2f/wx/adminApi/updateIsSeen?isseen=false&signid=605&signname=%E7%9F%B3%E6%95%8F_1477188885
INFO: [ app_init ] --START--
INFO: Run Behavior\BuildLiteBehavior [ RunTime:0.000021s ]
INFO: [ app_init ] --END-- [ RunTime:0.000137s ]
INFO: [ app_begin ] --START--
INFO: Run Behavior\ReadHtmlCacheBehavior [ RunTime:0.000063s ]
INFO: [ app_begin ] --END-- [ RunTime:0.000130s ]
NOTIC: [8] Undefined index: persistent /weixin/webdata/sign-f2f/ThinkPHP/Library/Think/Cache/Driver/Redis.class.php 第 41 行.
NOTIC: [8] Undefined index: timeout /weixin/webdata/sign-f2f/ThinkPHP/Library/Think/Cache/Driver/Redis.class.php 第 43 行.
NOTIC: [8] Undefined index: timeout /weixin/webdata/sign-f2f/ThinkPHP/Library/Think/Cache/Driver/Redis.class.php 第 45 行.
SQL: SHOW COLUMNS FROM `ini` [ RunTime:0.0010s ]
SQL: SELECT * FROM `ini`  [ RunTime:0.0002s ]

[ 2016-10-23T10:16:07+08:00 ] 127.0.0.1 /sign-f2f/wx/adminApi/updateIsSeen?isseen=true&signid=605&signname=%E7%9F%B3%E6%95%8F_1477188885
INFO: [ app_init ] --START--
INFO: Run Behavior\BuildLiteBehavior [ RunTime:0.000022s ]
INFO: [ app_init ] --END-- [ RunTime:0.000149s ]
INFO: [ app_begin ] --START--
INFO: Run Behavior\ReadHtmlCacheBehavior [ RunTime:0.000067s ]
INFO: [ app_begin ] --END-- [ RunTime:0.000134s ]
NOTIC: [8] Undefined index: persistent /weixin/webdata/sign-f2f/ThinkPHP/Library/Think/Cache/Driver/Redis.class.php 第 41 行.
NOTIC: [8] Undefined index: timeout /weixin/webdata/sign-f2f/ThinkPHP/Library/Think/Cache/Driver/Redis.class.php 第 43 行.
NOTIC: [8] Undefined index: timeout /weixin/webdata/sign-f2f/ThinkPHP/Library/Think/Cache/Driver/Redis.class.php 第 45 行.
SQL: SHOW COLUMNS FROM `ini` [ RunTime:0.0010s ]
SQL: SELECT * FROM `ini`  [ RunTime:0.0002s ]

[ 2016-10-23T10:16:20+08:00 ] 127.0.0.1 /sign-f2f/wx/adminApi/updataSpaceTable?signid=605&signname=%E7%9F%B3%E6%95%8F_1477188885&spacevalue=47
INFO: [ app_init ] --START--
INFO: Run Behavior\BuildLiteBehavior [ RunTime:0.000014s ]
INFO: [ app_init ] --END-- [ RunTime:0.000092s ]
INFO: [ app_begin ] --START--
INFO: Run Behavior\ReadHtmlCacheBehavior [ RunTime:0.000046s ]
INFO: [ app_begin ] --END-- [ RunTime:0.000086s ]
NOTIC: [8] Undefined index: persistent /weixin/webdata/sign-f2f/ThinkPHP/Library/Think/Cache/Driver/Redis.class.php 第 41 行.
NOTIC: [8] Undefined index: timeout /weixin/webdata/sign-f2f/ThinkPHP/Library/Think/Cache/Driver/Redis.class.php 第 43 行.
NOTIC: [8] Undefined index: timeout /weixin/webdata/sign-f2f/ThinkPHP/Library/Think/Cache/Driver/Redis.class.php 第 45 行.
SQL: SHOW COLUMNS FROM `ini` [ RunTime:0.0010s ]
SQL: SELECT * FROM `ini`  [ RunTime:0.0002s ]

[ 2016-10-23T10:16:23+08:00 ] 127.0.0.1 /sign-f2f/wx/adminApi/getSignList?$$hashKey=06Z&haveSign=yes&isInSpace=false&isSelf=true&num=140105****3&signid=605&signname=%E7%9F%B3%E6%95%8F_1477188885&time=10:14:45&username=%E7%9F%B3%E6%95%8F
INFO: [ app_init ] --START--
INFO: Run Behavior\BuildLiteBehavior [ RunTime:0.000014s ]
INFO: [ app_init ] --END-- [ RunTime:0.000091s ]
INFO: [ app_begin ] --START--
INFO: Run Behavior\ReadHtmlCacheBehavior [ RunTime:0.000044s ]
INFO: [ app_begin ] --END-- [ RunTime:0.000084s ]
NOTIC: [8] Undefined index: persistent /weixin/webdata/sign-f2f/ThinkPHP/Library/Think/Cache/Driver/Redis.class.php 第 41 行.
NOTIC: [8] Undefined index: timeout /weixin/webdata/sign-f2f/ThinkPHP/Library/Think/Cache/Driver/Redis.class.php 第 43 行.
NOTIC: [8] Undefined index: timeout /weixin/webdata/sign-f2f/ThinkPHP/Library/Think/Cache/Driver/Redis.class.php 第 45 行.
SQL: SHOW COLUMNS FROM `ini` [ RunTime:0.0009s ]
SQL: SELECT * FROM `ini`  [ RunTime:0.0002s ]

[ 2016-10-23T10:16:24+08:00 ] 127.0.0.1 /sign-f2f/wx/adminApi/getSignList?$$hashKey=06Z&haveSign=yes&isInSpace=true&isSelf=true&num=140105****3&signid=605&signname=%E7%9F%B3%E6%95%8F_1477188885&time=10:14:45&username=%E7%9F%B3%E6%95%8F
INFO: [ app_init ] --START--
INFO: Run Behavior\BuildLiteBehavior [ RunTime:0.000013s ]
INFO: [ app_init ] --END-- [ RunTime:0.000082s ]
INFO: [ app_begin ] --START--
INFO: Run Behavior\ReadHtmlCacheBehavior [ RunTime:0.000037s ]
INFO: [ app_begin ] --END-- [ RunTime:0.000078s ]
NOTIC: [8] Undefined index: persistent /weixin/webdata/sign-f2f/ThinkPHP/Library/Think/Cache/Driver/Redis.class.php 第 41 行.
NOTIC: [8] Undefined index: timeout /weixin/webdata/sign-f2f/ThinkPHP/Library/Think/Cache/Driver/Redis.class.php 第 43 行.
NOTIC: [8] Undefined index: timeout /weixin/webdata/sign-f2f/ThinkPHP/Library/Think/Cache/Driver/Redis.class.php 第 45 行.
SQL: SHOW COLUMNS FROM `ini` [ RunTime:0.0009s ]
SQL: SELECT * FROM `ini`  [ RunTime:0.0002s ]

[ 2016-10-23T10:16:24+08:00 ] 127.0.0.1 /sign-f2f/wx/adminApi/getSignList?$$hashKey=06Z&haveSign=yes&isInSpace=true&isSelf=true&num=140105****3&signid=605&signname=%E7%9F%B3%E6%95%8F_1477188885&time=10:14:45&username=%E7%9F%B3%E6%95%8F
INFO: [ app_init ] --START--
INFO: Run Behavior\BuildLiteBehavior [ RunTime:0.000012s ]
INFO: [ app_init ] --END-- [ RunTime:0.000076s ]
INFO: [ app_begin ] --START--
INFO: Run Behavior\ReadHtmlCacheBehavior [ RunTime:0.000043s ]
INFO: [ app_begin ] --END-- [ RunTime:0.000086s ]
NOTIC: [8] Undefined index: persistent /weixin/webdata/sign-f2f/ThinkPHP/Library/Think/Cache/Driver/Redis.class.php 第 41 行.
NOTIC: [8] Undefined index: timeout /weixin/webdata/sign-f2f/ThinkPHP/Library/Think/Cache/Driver/Redis.class.php 第 43 行.
NOTIC: [8] Undefined index: timeout /weixin/webdata/sign-f2f/ThinkPHP/Library/Think/Cache/Driver/Redis.class.php 第 45 行.
SQL: SHOW COLUMNS FROM `ini` [ RunTime:0.0009s ]
SQL: SELECT * FROM `ini`  [ RunTime:0.0002s ]

[ 2016-10-23T10:16:25+08:00 ] 127.0.0.1 /sign-f2f/wx/adminApi/getSignList?$$hashKey=06Z&haveSign=yes&isInSpace=true&isSelf=true&num=140105****3&signid=605&signname=%E7%9F%B3%E6%95%8F_1477188885&time=10:14:45&username=%E7%9F%B3%E6%95%8F
INFO: [ app_init ] --START--
INFO: Run Behavior\BuildLiteBehavior [ RunTime:0.000013s ]
INFO: [ app_init ] --END-- [ RunTime:0.000094s ]
INFO: [ app_begin ] --START--
INFO: Run Behavior\ReadHtmlCacheBehavior [ RunTime:0.000044s ]
INFO: [ app_begin ] --END-- [ RunTime:0.000084s ]
NOTIC: [8] Undefined index: persistent /weixin/webdata/sign-f2f/ThinkPHP/Library/Think/Cache/Driver/Redis.class.php 第 41 行.
NOTIC: [8] Undefined index: timeout /weixin/webdata/sign-f2f/ThinkPHP/Library/Think/Cache/Driver/Redis.class.php 第 43 行.
NOTIC: [8] Undefined index: timeout /weixin/webdata/sign-f2f/ThinkPHP/Library/Think/Cache/Driver/Redis.class.php 第 45 行.
SQL: SHOW COLUMNS FROM `ini` [ RunTime:0.0006s ]
SQL: SELECT * FROM `ini`  [ RunTime:0.0001s ]

[ 2016-10-23T10:16:25+08:00 ] 127.0.0.1 /sign-f2f/wx/adminApi/getSignList?$$hashKey=06Z&haveSign=yes&isInSpace=true&isSelf=true&num=140105****3&signid=605&signname=%E7%9F%B3%E6%95%8F_1477188885&time=10:14:45&username=%E7%9F%B3%E6%95%8F
INFO: [ app_init ] --START--
INFO: Run Behavior\BuildLiteBehavior [ RunTime:0.000021s ]
INFO: [ app_init ] --END-- [ RunTime:0.000096s ]
INFO: [ app_begin ] --START--
INFO: Run Behavior\ReadHtmlCacheBehavior [ RunTime:0.000036s ]
INFO: [ app_begin ] --END-- [ RunTime:0.000077s ]
NOTIC: [8] Undefined index: persistent /weixin/webdata/sign-f2f/ThinkPHP/Library/Think/Cache/Driver/Redis.class.php 第 41 行.
NOTIC: [8] Undefined index: timeout /weixin/webdata/sign-f2f/ThinkPHP/Library/Think/Cache/Driver/Redis.class.php 第 43 行.
NOTIC: [8] Undefined index: timeout /weixin/webdata/sign-f2f/ThinkPHP/Library/Think/Cache/Driver/Redis.class.php 第 45 行.
SQL: SHOW COLUMNS FROM `ini` [ RunTime:0.0009s ]
SQL: SELECT * FROM `ini`  [ RunTime:0.0002s ]

[ 2016-10-23T10:16:26+08:00 ] 127.0.0.1 /sign-f2f/wx/adminApi/getSignList?$$hashKey=06Z&haveSign=yes&isInSpace=true&isSelf=true&num=140105****3&signid=605&signname=%E7%9F%B3%E6%95%8F_1477188885&time=10:14:45&username=%E7%9F%B3%E6%95%8F
INFO: [ app_init ] --START--
INFO: Run Behavior\BuildLiteBehavior [ RunTime:0.000013s ]
INFO: [ app_init ] --END-- [ RunTime:0.000075s ]
INFO: [ app_begin ] --START--
INFO: Run Behavior\ReadHtmlCacheBehavior [ RunTime:0.000048s ]
INFO: [ app_begin ] --END-- [ RunTime:0.000088s ]
NOTIC: [8] Undefined index: persistent /weixin/webdata/sign-f2f/ThinkPHP/Library/Think/Cache/Driver/Redis.class.php 第 41 行.
NOTIC: [8] Undefined index: timeout /weixin/webdata/sign-f2f/ThinkPHP/Library/Think/Cache/Driver/Redis.class.php 第 43 行.
NOTIC: [8] Undefined index: timeout /weixin/webdata/sign-f2f/ThinkPHP/Library/Think/Cache/Driver/Redis.class.php 第 45 行.
SQL: SHOW COLUMNS FROM `ini` [ RunTime:0.0008s ]
SQL: SELECT * FROM `ini`  [ RunTime:0.0001s ]

[ 2016-10-23T10:16:26+08:00 ] 127.0.0.1 /sign-f2f/wx/adminApi/getSignList?$$hashKey=06Z&haveSign=yes&isInSpace=true&isSelf=true&num=140105****3&signid=605&signname=%E7%9F%B3%E6%95%8F_1477188885&time=10:14:45&username=%E7%9F%B3%E6%95%8F
INFO: [ app_init ] --START--
INFO: Run Behavior\BuildLiteBehavior [ RunTime:0.000013s ]
INFO: [ app_init ] --END-- [ RunTime:0.000173s ]
INFO: [ app_begin ] --START--
INFO: Run Behavior\ReadHtmlCacheBehavior [ RunTime:0.000036s ]
INFO: [ app_begin ] --END-- [ RunTime:0.000076s ]
NOTIC: [8] Undefined index: persistent /weixin/webdata/sign-f2f/ThinkPHP/Library/Think/Cache/Driver/Redis.class.php 第 41 行.
NOTIC: [8] Undefined index: timeout /weixin/webdata/sign-f2f/ThinkPHP/Library/Think/Cache/Driver/Redis.class.php 第 43 行.
NOTIC: [8] Undefined index: timeout /weixin/webdata/sign-f2f/ThinkPHP/Library/Think/Cache/Driver/Redis.class.php 第 45 行.
SQL: SHOW COLUMNS FROM `ini` [ RunTime:0.0008s ]
SQL: SELECT * FROM `ini`  [ RunTime:0.0001s ]

[ 2016-10-23T10:16:27+08:00 ] 127.0.0.1 /sign-f2f/wx/adminApi/getSignList?$$hashKey=06Z&haveSign=yes&isInSpace=true&isSelf=true&num=140105****3&signid=605&signname=%E7%9F%B3%E6%95%8F_1477188885&time=10:14:45&username=%E7%9F%B3%E6%95%8F
INFO: [ app_init ] --START--
INFO: Run Behavior\BuildLiteBehavior [ RunTime:0.000021s ]
INFO: [ app_init ] --END-- [ RunTime:0.000107s ]
INFO: [ app_begin ] --START--
INFO: Run Behavior\ReadHtmlCacheBehavior [ RunTime:0.000049s ]
INFO: [ app_begin ] --END-- [ RunTime:0.000091s ]
NOTIC: [8] Undefined index: persistent /weixin/webdata/sign-f2f/ThinkPHP/Library/Think/Cache/Driver/Redis.class.php 第 41 行.
NOTIC: [8] Undefined index: timeout /weixin/webdata/sign-f2f/ThinkPHP/Library/Think/Cache/Driver/Redis.class.php 第 43 行.
NOTIC: [8] Undefined index: timeout /weixin/webdata/sign-f2f/ThinkPHP/Library/Think/Cache/Driver/Redis.class.php 第 45 行.
SQL: SHOW COLUMNS FROM `ini` [ RunTime:0.0007s ]
SQL: SELECT * FROM `ini`  [ RunTime:0.0001s ]

[ 2016-10-23T10:16:38+08:00 ] 127.0.0.1 /sign-f2f/wx/adminApi/updataSpaceTable?signid=605&signname=%E7%9F%B3%E6%95%8F_1477188885&spacevalue=47,46
INFO: [ app_init ] --START--
INFO: Run Behavior\BuildLiteBehavior [ RunTime:0.000025s ]
INFO: [ app_init ] --END-- [ RunTime:0.000164s ]
INFO: [ app_begin ] --START--
INFO: Run Behavior\ReadHtmlCacheBehavior [ RunTime:0.000073s ]
INFO: [ app_begin ] --END-- [ RunTime:0.000143s ]
NOTIC: [8] Undefined index: persistent /weixin/webdata/sign-f2f/ThinkPHP/Library/Think/Cache/Driver/Redis.class.php 第 41 行.
NOTIC: [8] Undefined index: timeout /weixin/webdata/sign-f2f/ThinkPHP/Library/Think/Cache/Driver/Redis.class.php 第 43 行.
NOTIC: [8] Undefined index: timeout /weixin/webdata/sign-f2f/ThinkPHP/Library/Think/Cache/Driver/Redis.class.php 第 45 行.
SQL: SHOW COLUMNS FROM `ini` [ RunTime:0.0007s ]
SQL: SELECT * FROM `ini`  [ RunTime:0.0001s ]

[ 2016-10-23T10:16:40+08:00 ] 127.0.0.1 /sign-f2f/wx/adminApi/getSignList?$$hashKey=06Z&haveSign=yes&isInSpace=true&isSelf=true&num=140105****3&signid=605&signname=%E7%9F%B3%E6%95%8F_1477188885&time=10:14:45&username=%E7%9F%B3%E6%95%8F
INFO: [ app_init ] --START--
INFO: Run Behavior\BuildLiteBehavior [ RunTime:0.000012s ]
INFO: [ app_init ] --END-- [ RunTime:0.000087s ]
INFO: [ app_begin ] --START--
INFO: Run Behavior\ReadHtmlCacheBehavior [ RunTime:0.000038s ]
INFO: [ app_begin ] --END-- [ RunTime:0.000079s ]
NOTIC: [8] Undefined index: persistent /weixin/webdata/sign-f2f/ThinkPHP/Library/Think/Cache/Driver/Redis.class.php 第 41 行.
NOTIC: [8] Undefined index: timeout /weixin/webdata/sign-f2f/ThinkPHP/Library/Think/Cache/Driver/Redis.class.php 第 43 行.
NOTIC: [8] Undefined index: timeout /weixin/webdata/sign-f2f/ThinkPHP/Library/Think/Cache/Driver/Redis.class.php 第 45 行.
SQL: SHOW COLUMNS FROM `ini` [ RunTime:0.0006s ]
SQL: SELECT * FROM `ini`  [ RunTime:0.0001s ]

[ 2016-10-23T10:16:42+08:00 ] 127.0.0.1 /sign-f2f/wx/adminApi/getSignList?$$hashKey=06Z&haveSign=yes&isInSpace=true&isSelf=true&num=140105****3&signid=605&signname=%E7%9F%B3%E6%95%8F_1477188885&time=10:14:45&username=%E7%9F%B3%E6%95%8F
INFO: [ app_init ] --START--
INFO: Run Behavior\BuildLiteBehavior [ RunTime:0.000022s ]
INFO: [ app_init ] --END-- [ RunTime:0.000148s ]
INFO: [ app_begin ] --START--
INFO: Run Behavior\ReadHtmlCacheBehavior [ RunTime:0.000088s ]
INFO: [ app_begin ] --END-- [ RunTime:0.000160s ]
NOTIC: [8] Undefined index: persistent /weixin/webdata/sign-f2f/ThinkPHP/Library/Think/Cache/Driver/Redis.class.php 第 41 行.
NOTIC: [8] Undefined index: timeout /weixin/webdata/sign-f2f/ThinkPHP/Library/Think/Cache/Driver/Redis.class.php 第 43 行.
NOTIC: [8] Undefined index: timeout /weixin/webdata/sign-f2f/ThinkPHP/Library/Think/Cache/Driver/Redis.class.php 第 45 行.
SQL: SHOW COLUMNS FROM `ini` [ RunTime:0.0010s ]
SQL: SELECT * FROM `ini`  [ RunTime:0.0001s ]

[ 2016-10-23T10:16:43+08:00 ] 127.0.0.1 /sign-f2f/wx/adminApi/getSignList?$$hashKey=06Z&haveSign=yes&isInSpace=true&isSelf=true&num=140105****3&signid=605&signname=%E7%9F%B3%E6%95%8F_1477188885&time=10:14:45&username=%E7%9F%B3%E6%95%8F
INFO: [ app_init ] --START--
INFO: Run Behavior\BuildLiteBehavior [ RunTime:0.000013s ]
INFO: [ app_init ] --END-- [ RunTime:0.000080s ]
INFO: [ app_begin ] --START--
INFO: Run Behavior\ReadHtmlCacheBehavior [ RunTime:0.000039s ]
INFO: [ app_begin ] --END-- [ RunTime:0.000081s ]
NOTIC: [8] Undefined index: persistent /weixin/webdata/sign-f2f/ThinkPHP/Library/Think/Cache/Driver/Redis.class.php 第 41 行.
NOTIC: [8] Undefined index: timeout /weixin/webdata/sign-f2f/ThinkPHP/Library/Think/Cache/Driver/Redis.class.php 第 43 行.
NOTIC: [8] Undefined index: timeout /weixin/webdata/sign-f2f/ThinkPHP/Library/Think/Cache/Driver/Redis.class.php 第 45 行.
SQL: SHOW COLUMNS FROM `ini` [ RunTime:0.0008s ]
SQL: SELECT * FROM `ini`  [ RunTime:0.0002s ]

[ 2016-10-23T10:16:43+08:00 ] 127.0.0.1 /sign-f2f/wx/adminApi/getSignList?$$hashKey=06Z&haveSign=yes&isInSpace=true&isSelf=true&num=140105****3&signid=605&signname=%E7%9F%B3%E6%95%8F_1477188885&time=10:14:45&username=%E7%9F%B3%E6%95%8F
INFO: [ app_init ] --START--
INFO: Run Behavior\BuildLiteBehavior [ RunTime:0.000019s ]
INFO: [ app_init ] --END-- [ RunTime:0.000156s ]
INFO: [ app_begin ] --START--
INFO: Run Behavior\ReadHtmlCacheBehavior [ RunTime:0.000059s ]
INFO: [ app_begin ] --END-- [ RunTime:0.000126s ]
NOTIC: [8] Undefined index: persistent /weixin/webdata/sign-f2f/ThinkPHP/Library/Think/Cache/Driver/Redis.class.php 第 41 行.
NOTIC: [8] Undefined index: timeout /weixin/webdata/sign-f2f/ThinkPHP/Library/Think/Cache/Driver/Redis.class.php 第 43 行.
NOTIC: [8] Undefined index: timeout /weixin/webdata/sign-f2f/ThinkPHP/Library/Think/Cache/Driver/Redis.class.php 第 45 行.
SQL: SHOW COLUMNS FROM `ini` [ RunTime:0.0009s ]
SQL: SELECT * FROM `ini`  [ RunTime:0.0002s ]

[ 2016-10-23T10:16:43+08:00 ] 127.0.0.1 /sign-f2f/wx/adminApi/getSignList?$$hashKey=06Z&haveSign=yes&isInSpace=true&isSelf=true&num=140105****3&signid=605&signname=%E7%9F%B3%E6%95%8F_1477188885&time=10:14:45&username=%E7%9F%B3%E6%95%8F
INFO: [ app_init ] --START--
INFO: Run Behavior\BuildLiteBehavior [ RunTime:0.000019s ]
INFO: [ app_init ] --END-- [ RunTime:0.000126s ]
INFO: [ app_begin ] --START--
INFO: Run Behavior\ReadHtmlCacheBehavior [ RunTime:0.000059s ]
INFO: [ app_begin ] --END-- [ RunTime:0.000126s ]
NOTIC: [8] Undefined index: persistent /weixin/webdata/sign-f2f/ThinkPHP/Library/Think/Cache/Driver/Redis.class.php 第 41 行.
NOTIC: [8] Undefined index: timeout /weixin/webdata/sign-f2f/ThinkPHP/Library/Think/Cache/Driver/Redis.class.php 第 43 行.
NOTIC: [8] Undefined index: timeout /weixin/webdata/sign-f2f/ThinkPHP/Library/Think/Cache/Driver/Redis.class.php 第 45 行.
SQL: SHOW COLUMNS FROM `ini` [ RunTime:0.0009s ]
SQL: SELECT * FROM `ini`  [ RunTime:0.0002s ]

[ 2016-10-23T10:16:44+08:00 ] 127.0.0.1 /sign-f2f/wx/adminApi/getSignList?$$hashKey=06Z&haveSign=yes&isInSpace=true&isSelf=true&num=140105****3&signid=605&signname=%E7%9F%B3%E6%95%8F_1477188885&time=10:14:45&username=%E7%9F%B3%E6%95%8F
INFO: [ app_init ] --START--
INFO: Run Behavior\BuildLiteBehavior [ RunTime:0.000018s ]
INFO: [ app_init ] --END-- [ RunTime:0.000133s ]
INFO: [ app_begin ] --START--
INFO: Run Behavior\ReadHtmlCacheBehavior [ RunTime:0.000059s ]
INFO: [ app_begin ] --END-- [ RunTime:0.000126s ]
NOTIC: [8] Undefined index: persistent /weixin/webdata/sign-f2f/ThinkPHP/Library/Think/Cache/Driver/Redis.class.php 第 41 行.
NOTIC: [8] Undefined index: timeout /weixin/webdata/sign-f2f/ThinkPHP/Library/Think/Cache/Driver/Redis.class.php 第 43 行.
NOTIC: [8] Undefined index: timeout /weixin/webdata/sign-f2f/ThinkPHP/Library/Think/Cache/Driver/Redis.class.php 第 45 行.
SQL: SHOW COLUMNS FROM `ini` [ RunTime:0.0008s ]
SQL: SELECT * FROM `ini`  [ RunTime:0.0001s ]

[ 2016-10-23T10:16:47+08:00 ] 127.0.0.1 /sign-f2f/wx/adminApi/getSignList?$$hashKey=06Z&haveSign=yes&isInSpace=true&isSelf=true&num=140105****3&signid=605&signname=%E7%9F%B3%E6%95%8F_1477188885&time=10:14:45&username=%E7%9F%B3%E6%95%8F
INFO: [ app_init ] --START--
INFO: Run Behavior\BuildLiteBehavior [ RunTime:0.000023s ]
INFO: [ app_init ] --END-- [ RunTime:0.000160s ]
INFO: [ app_begin ] --START--
INFO: Run Behavior\ReadHtmlCacheBehavior [ RunTime:0.000074s ]
INFO: [ app_begin ] --END-- [ RunTime:0.000144s ]
NOTIC: [8] Undefined index: persistent /weixin/webdata/sign-f2f/ThinkPHP/Library/Think/Cache/Driver/Redis.class.php 第 41 行.
NOTIC: [8] Undefined index: timeout /weixin/webdata/sign-f2f/ThinkPHP/Library/Think/Cache/Driver/Redis.class.php 第 43 行.
NOTIC: [8] Undefined index: timeout /weixin/webdata/sign-f2f/ThinkPHP/Library/Think/Cache/Driver/Redis.class.php 第 45 行.
SQL: SHOW COLUMNS FROM `ini` [ RunTime:0.0011s ]
SQL: SELECT * FROM `ini`  [ RunTime:0.0002s ]

[ 2016-10-23T10:17:04+08:00 ] 127.0.0.1 /sign-f2f/wx/indexApi
INFO: [ app_init ] --START--
INFO: Run Behavior\BuildLiteBehavior [ RunTime:0.000021s ]
INFO: [ app_init ] --END-- [ RunTime:0.000150s ]
INFO: [ app_begin ] --START--
INFO: Run Behavior\ReadHtmlCacheBehavior [ RunTime:0.000078s ]
INFO: [ app_begin ] --END-- [ RunTime:0.000145s ]
NOTIC: [8] Undefined index: persistent /weixin/webdata/sign-f2f/ThinkPHP/Library/Think/Cache/Driver/Redis.class.php 第 41 行.
NOTIC: [8] Undefined index: timeout /weixin/webdata/sign-f2f/ThinkPHP/Library/Think/Cache/Driver/Redis.class.php 第 43 行.
NOTIC: [8] Undefined index: timeout /weixin/webdata/sign-f2f/ThinkPHP/Library/Think/Cache/Driver/Redis.class.php 第 45 行.
SQL: SHOW COLUMNS FROM `ini` [ RunTime:0.0010s ]
SQL: SELECT * FROM `ini`  [ RunTime:0.0002s ]
SQL: SHOW COLUMNS FROM `common` [ RunTime:0.0009s ]
SQL: SELECT * FROM `common` WHERE `power` = 0  [ RunTime:0.0001s ]

[ 2016-10-23T10:17:06+08:00 ] 127.0.0.1 /sign-f2f/wx/adminApi/getSignSpace
INFO: [ app_init ] --START--
INFO: Run Behavior\BuildLiteBehavior [ RunTime:0.000013s ]
INFO: [ app_init ] --END-- [ RunTime:0.000086s ]
INFO: [ app_begin ] --START--
INFO: Run Behavior\ReadHtmlCacheBehavior [ RunTime:0.000037s ]
INFO: [ app_begin ] --END-- [ RunTime:0.000078s ]
NOTIC: [8] Undefined index: persistent /weixin/webdata/sign-f2f/ThinkPHP/Library/Think/Cache/Driver/Redis.class.php 第 41 行.
NOTIC: [8] Undefined index: timeout /weixin/webdata/sign-f2f/ThinkPHP/Library/Think/Cache/Driver/Redis.class.php 第 43 行.
NOTIC: [8] Undefined index: timeout /weixin/webdata/sign-f2f/ThinkPHP/Library/Think/Cache/Driver/Redis.class.php 第 45 行.
SQL: SHOW COLUMNS FROM `ini` [ RunTime:0.0006s ]
SQL: SELECT * FROM `ini`  [ RunTime:0.0001s ]

[ 2016-10-23T10:17:08+08:00 ] 127.0.0.1 /sign-f2f/wx/adminApi/getSignSpaceDetail?spaceid=47&spacename=%E8%BD%AF%E4%BB%B6%E5%B7%A5%E7%A8%8B
INFO: [ app_init ] --START--
INFO: Run Behavior\BuildLiteBehavior [ RunTime:0.000080s ]
INFO: [ app_init ] --END-- [ RunTime:0.000215s ]
INFO: [ app_begin ] --START--
INFO: Run Behavior\ReadHtmlCacheBehavior [ RunTime:0.000070s ]
INFO: [ app_begin ] --END-- [ RunTime:0.000138s ]
NOTIC: [8] Undefined index: persistent /weixin/webdata/sign-f2f/ThinkPHP/Library/Think/Cache/Driver/Redis.class.php 第 41 行.
NOTIC: [8] Undefined index: timeout /weixin/webdata/sign-f2f/ThinkPHP/Library/Think/Cache/Driver/Redis.class.php 第 43 行.
NOTIC: [8] Undefined index: timeout /weixin/webdata/sign-f2f/ThinkPHP/Library/Think/Cache/Driver/Redis.class.php 第 45 行.
SQL: SHOW COLUMNS FROM `ini` [ RunTime:0.0011s ]
SQL: SELECT * FROM `ini`  [ RunTime:0.0002s ]

[ 2016-10-23T10:17:54+08:00 ] 127.0.0.1 /sign-f2f/wx/adminApi/getSignSpace
INFO: [ app_init ] --START--
INFO: Run Behavior\BuildLiteBehavior [ RunTime:0.000022s ]
INFO: [ app_init ] --END-- [ RunTime:0.000152s ]
INFO: [ app_begin ] --START--
INFO: Run Behavior\ReadHtmlCacheBehavior [ RunTime:0.000074s ]
INFO: [ app_begin ] --END-- [ RunTime:0.000146s ]
NOTIC: [8] Undefined index: persistent /weixin/webdata/sign-f2f/ThinkPHP/Library/Think/Cache/Driver/Redis.class.php 第 41 行.
NOTIC: [8] Undefined index: timeout /weixin/webdata/sign-f2f/ThinkPHP/Library/Think/Cache/Driver/Redis.class.php 第 43 行.
NOTIC: [8] Undefined index: timeout /weixin/webdata/sign-f2f/ThinkPHP/Library/Think/Cache/Driver/Redis.class.php 第 45 行.
SQL: SHOW COLUMNS FROM `ini` [ RunTime:0.0007s ]
SQL: SELECT * FROM `ini`  [ RunTime:0.0001s ]

[ 2016-10-23T10:19:21+08:00 ] 127.0.0.1 /sign-f2f/wx/indexApi
INFO: [ app_init ] --START--
INFO: Run Behavior\BuildLiteBehavior [ RunTime:0.000023s ]
INFO: [ app_init ] --END-- [ RunTime:0.000162s ]
INFO: [ app_begin ] --START--
INFO: Run Behavior\ReadHtmlCacheBehavior [ RunTime:0.000070s ]
INFO: [ app_begin ] --END-- [ RunTime:0.000139s ]
NOTIC: [8] Undefined index: persistent /weixin/webdata/sign-f2f/ThinkPHP/Library/Think/Cache/Driver/Redis.class.php 第 41 行.
NOTIC: [8] Undefined index: timeout /weixin/webdata/sign-f2f/ThinkPHP/Library/Think/Cache/Driver/Redis.class.php 第 43 行.
NOTIC: [8] Undefined index: timeout /weixin/webdata/sign-f2f/ThinkPHP/Library/Think/Cache/Driver/Redis.class.php 第 45 行.
SQL: SHOW COLUMNS FROM `ini` [ RunTime:0.0007s ]
SQL: SELECT * FROM `ini`  [ RunTime:0.0001s ]
SQL: SHOW COLUMNS FROM `common` [ RunTime:0.0005s ]
SQL: SELECT * FROM `common` WHERE `power` = 0  [ RunTime:0.0001s ]

[ 2016-10-23T10:37:48+08:00 ] 127.0.0.1 /sign-f2f/wx/indexApi
INFO: [ app_init ] --START--
INFO: Run Behavior\BuildLiteBehavior [ RunTime:0.000022s ]
INFO: [ app_init ] --END-- [ RunTime:0.000171s ]
INFO: [ app_begin ] --START--
INFO: Run Behavior\ReadHtmlCacheBehavior [ RunTime:0.000074s ]
INFO: [ app_begin ] --END-- [ RunTime:0.000143s ]
NOTIC: [8] Undefined index: persistent /weixin/webdata/sign-f2f/ThinkPHP/Library/Think/Cache/Driver/Redis.class.php 第 41 行.
NOTIC: [8] Undefined index: timeout /weixin/webdata/sign-f2f/ThinkPHP/Library/Think/Cache/Driver/Redis.class.php 第 43 行.
NOTIC: [8] Undefined index: timeout /weixin/webdata/sign-f2f/ThinkPHP/Library/Think/Cache/Driver/Redis.class.php 第 45 行.
SQL: SHOW COLUMNS FROM `ini` [ RunTime:0.0013s ]
SQL: SELECT * FROM `ini`  [ RunTime:0.0002s ]
SQL: SHOW COLUMNS FROM `common` [ RunTime:0.0009s ]
SQL: SELECT * FROM `common` WHERE `power` = 0  [ RunTime:0.0002s ]

[ 2016-10-23T10:57:20+08:00 ] 127.0.0.1 /sign-f2f/wx/indexApi
INFO: [ app_init ] --START--
INFO: Run Behavior\BuildLiteBehavior [ RunTime:0.000021s ]
INFO: [ app_init ] --END-- [ RunTime:0.000145s ]
INFO: [ app_begin ] --START--
INFO: Run Behavior\ReadHtmlCacheBehavior [ RunTime:0.000073s ]
INFO: [ app_begin ] --END-- [ RunTime:0.000144s ]
NOTIC: [8] Undefined index: persistent /weixin/webdata/sign-f2f/ThinkPHP/Library/Think/Cache/Driver/Redis.class.php 第 41 行.
NOTIC: [8] Undefined index: timeout /weixin/webdata/sign-f2f/ThinkPHP/Library/Think/Cache/Driver/Redis.class.php 第 43 行.
NOTIC: [8] Undefined index: timeout /weixin/webdata/sign-f2f/ThinkPHP/Library/Think/Cache/Driver/Redis.class.php 第 45 行.
SQL: SHOW COLUMNS FROM `ini` [ RunTime:0.0007s ]
SQL: SELECT * FROM `ini`  [ RunTime:0.0002s ]
SQL: SHOW COLUMNS FROM `common` [ RunTime:0.0005s ]
SQL: SELECT * FROM `common` WHERE `power` = 0  [ RunTime:0.0001s ]

[ 2016-10-23T10:57:26+08:00 ] 127.0.0.1 /sign-f2f/wx/indexApi
INFO: [ app_init ] --START--
INFO: Run Behavior\BuildLiteBehavior [ RunTime:0.000021s ]
INFO: [ app_init ] --END-- [ RunTime:0.000148s ]
INFO: [ app_begin ] --START--
INFO: Run Behavior\ReadHtmlCacheBehavior [ RunTime:0.000092s ]
INFO: [ app_begin ] --END-- [ RunTime:0.000162s ]
NOTIC: [8] Undefined index: persistent /weixin/webdata/sign-f2f/ThinkPHP/Library/Think/Cache/Driver/Redis.class.php 第 41 行.
NOTIC: [8] Undefined index: timeout /weixin/webdata/sign-f2f/ThinkPHP/Library/Think/Cache/Driver/Redis.class.php 第 43 行.
NOTIC: [8] Undefined index: timeout /weixin/webdata/sign-f2f/ThinkPHP/Library/Think/Cache/Driver/Redis.class.php 第 45 行.
SQL: SHOW COLUMNS FROM `ini` [ RunTime:0.0005s ]
SQL: SELECT * FROM `ini`  [ RunTime:0.0001s ]
SQL: SHOW COLUMNS FROM `common` [ RunTime:0.0005s ]
SQL: SELECT * FROM `common` WHERE `power` = 0  [ RunTime:0.0001s ]

[ 2016-10-23T10:57:28+08:00 ] 127.0.0.1 /sign-f2f/wx/indexApi
INFO: [ app_init ] --START--
INFO: Run Behavior\BuildLiteBehavior [ RunTime:0.000021s ]
INFO: [ app_init ] --END-- [ RunTime:0.000157s ]
INFO: [ app_begin ] --START--
INFO: Run Behavior\ReadHtmlCacheBehavior [ RunTime:0.000062s ]
INFO: [ app_begin ] --END-- [ RunTime:0.000131s ]
NOTIC: [8] Undefined index: persistent /weixin/webdata/sign-f2f/ThinkPHP/Library/Think/Cache/Driver/Redis.class.php 第 41 行.
NOTIC: [8] Undefined index: timeout /weixin/webdata/sign-f2f/ThinkPHP/Library/Think/Cache/Driver/Redis.class.php 第 43 行.
NOTIC: [8] Undefined index: timeout /weixin/webdata/sign-f2f/ThinkPHP/Library/Think/Cache/Driver/Redis.class.php 第 45 行.
SQL: SHOW COLUMNS FROM `ini` [ RunTime:0.0009s ]
SQL: SELECT * FROM `ini`  [ RunTime:0.0002s ]
SQL: SHOW COLUMNS FROM `common` [ RunTime:0.0009s ]
SQL: SELECT * FROM `common` WHERE `power` = 0  [ RunTime:0.0001s ]

[ 2016-10-23T10:57:49+08:00 ] 127.0.0.1 /sign-f2f/wx/indexApi
INFO: [ app_init ] --START--
INFO: Run Behavior\BuildLiteBehavior [ RunTime:0.000021s ]
INFO: [ app_init ] --END-- [ RunTime:0.000150s ]
INFO: [ app_begin ] --START--
INFO: Run Behavior\ReadHtmlCacheBehavior [ RunTime:0.000103s ]
INFO: [ app_begin ] --END-- [ RunTime:0.000157s ]
NOTIC: [8] Undefined index: persistent /weixin/webdata/sign-f2f/ThinkPHP/Library/Think/Cache/Driver/Redis.class.php 第 41 行.
NOTIC: [8] Undefined index: timeout /weixin/webdata/sign-f2f/ThinkPHP/Library/Think/Cache/Driver/Redis.class.php 第 43 行.
NOTIC: [8] Undefined index: timeout /weixin/webdata/sign-f2f/ThinkPHP/Library/Think/Cache/Driver/Redis.class.php 第 45 行.
SQL: SHOW COLUMNS FROM `ini` [ RunTime:0.0011s ]
SQL: SELECT * FROM `ini`  [ RunTime:0.0014s ]
SQL: SHOW COLUMNS FROM `common` [ RunTime:0.0008s ]
SQL: SELECT * FROM `common` WHERE `power` = 0  [ RunTime:0.0001s ]

[ 2016-10-23T10:57:51+08:00 ] 127.0.0.1 /sign-f2f/wx/studentApi/getConfig?url=http:%2F%2Fwechat.hnust.cn%2Fsign-f2f%2Fwx%3Fv%3D160531
INFO: [ app_init ] --START--
INFO: Run Behavior\BuildLiteBehavior [ RunTime:0.000019s ]
INFO: [ app_init ] --END-- [ RunTime:0.000125s ]
INFO: [ app_begin ] --START--
INFO: Run Behavior\ReadHtmlCacheBehavior [ RunTime:0.000061s ]
INFO: [ app_begin ] --END-- [ RunTime:0.000128s ]
NOTIC: [8] Undefined index: persistent /weixin/webdata/sign-f2f/ThinkPHP/Library/Think/Cache/Driver/Redis.class.php 第 41 行.
NOTIC: [8] Undefined index: timeout /weixin/webdata/sign-f2f/ThinkPHP/Library/Think/Cache/Driver/Redis.class.php 第 43 行.
NOTIC: [8] Undefined index: timeout /weixin/webdata/sign-f2f/ThinkPHP/Library/Think/Cache/Driver/Redis.class.php 第 45 行.
SQL: SHOW COLUMNS FROM `ini` [ RunTime:0.0008s ]
SQL: SELECT * FROM `ini`  [ RunTime:0.0001s ]

[ 2016-10-23T10:57:54+08:00 ] 127.0.0.1 /sign-f2f/wx/studentApi/signLaunch
INFO: [ app_init ] --START--
INFO: Run Behavior\BuildLiteBehavior [ RunTime:0.000034s ]
INFO: [ app_init ] --END-- [ RunTime:0.000226s ]
INFO: [ app_begin ] --START--
INFO: Run Behavior\ReadHtmlCacheBehavior [ RunTime:0.000069s ]
INFO: [ app_begin ] --END-- [ RunTime:0.000138s ]
NOTIC: [8] Undefined index: persistent /weixin/webdata/sign-f2f/ThinkPHP/Library/Think/Cache/Driver/Redis.class.php 第 41 行.
NOTIC: [8] Undefined index: timeout /weixin/webdata/sign-f2f/ThinkPHP/Library/Think/Cache/Driver/Redis.class.php 第 43 行.
NOTIC: [8] Undefined index: timeout /weixin/webdata/sign-f2f/ThinkPHP/Library/Think/Cache/Driver/Redis.class.php 第 45 行.
SQL: SHOW COLUMNS FROM `ini` [ RunTime:0.0010s ]
SQL: SELECT * FROM `ini`  [ RunTime:0.0002s ]
NOTIC: [8192] Function ereg() is deprecated /weixin/webdata/sign-f2f/Application/Wx/Model/MobelPhoneModel.class.php 第 26 行.
NOTIC: [8192] Function ereg() is deprecated /weixin/webdata/sign-f2f/Application/Wx/Model/MobelPhoneModel.class.php 第 29 行.
NOTIC: [8192] Function ereg() is deprecated /weixin/webdata/sign-f2f/Application/Wx/Model/MobelPhoneModel.class.php 第 32 行.
NOTIC: [8192] Function ereg() is deprecated /weixin/webdata/sign-f2f/Application/Wx/Model/MobelPhoneModel.class.php 第 35 行.
NOTIC: [8192] Function ereg() is deprecated /weixin/webdata/sign-f2f/Application/Wx/Model/MobelPhoneModel.class.php 第 39 行.
SQL: SHOW COLUMNS FROM `sign_launch` [ RunTime:0.0013s ]
NOTIC: [8192] mysql_connect(): The mysql extension is deprecated and will be removed in the future: use mysqli or PDO instead /weixin/webdata/sign-f2f/Application/Wx/Model/SignLaunchModel.class.php 第 170 行.
NOTIC: [8] Undefined variable: signname /weixin/webdata/sign-f2f/Application/Wx/Model/SignLaunchModel.class.php 第 118 行.
NOTIC: [8] Undefined variable: flag /weixin/webdata/sign-f2f/Application/Wx/Model/SignLaunchModel.class.php 第 120 行.

[ 2016-10-23T10:57:56+08:00 ] 127.0.0.1 /sign-f2f/wx/indexApi
INFO: [ app_init ] --START--
INFO: Run Behavior\BuildLiteBehavior [ RunTime:0.000021s ]
INFO: [ app_init ] --END-- [ RunTime:0.000143s ]
INFO: [ app_begin ] --START--
INFO: Run Behavior\ReadHtmlCacheBehavior [ RunTime:0.000129s ]
INFO: [ app_begin ] --END-- [ RunTime:0.000202s ]
NOTIC: [8] Undefined index: persistent /weixin/webdata/sign-f2f/ThinkPHP/Library/Think/Cache/Driver/Redis.class.php 第 41 行.
NOTIC: [8] Undefined index: timeout /weixin/webdata/sign-f2f/ThinkPHP/Library/Think/Cache/Driver/Redis.class.php 第 43 行.
NOTIC: [8] Undefined index: timeout /weixin/webdata/sign-f2f/ThinkPHP/Library/Think/Cache/Driver/Redis.class.php 第 45 行.
SQL: SHOW COLUMNS FROM `ini` [ RunTime:0.0009s ]
SQL: SELECT * FROM `ini`  [ RunTime:0.0001s ]
SQL: SHOW COLUMNS FROM `common` [ RunTime:0.0006s ]
SQL: SELECT * FROM `common` WHERE `power` = 0  [ RunTime:0.0001s ]

[ 2016-10-23T10:58:02+08:00 ] 127.0.0.1 /sign-f2f/wx/indexApi
INFO: [ app_init ] --START--
INFO: Run Behavior\BuildLiteBehavior [ RunTime:0.000022s ]
INFO: [ app_init ] --END-- [ RunTime:0.000152s ]
INFO: [ app_begin ] --START--
INFO: Run Behavior\ReadHtmlCacheBehavior [ RunTime:0.000073s ]
INFO: [ app_begin ] --END-- [ RunTime:0.000142s ]
NOTIC: [8] Undefined index: persistent /weixin/webdata/sign-f2f/ThinkPHP/Library/Think/Cache/Driver/Redis.class.php 第 41 行.
NOTIC: [8] Undefined index: timeout /weixin/webdata/sign-f2f/ThinkPHP/Library/Think/Cache/Driver/Redis.class.php 第 43 行.
NOTIC: [8] Undefined index: timeout /weixin/webdata/sign-f2f/ThinkPHP/Library/Think/Cache/Driver/Redis.class.php 第 45 行.
SQL: SHOW COLUMNS FROM `ini` [ RunTime:0.0010s ]
SQL: SELECT * FROM `ini`  [ RunTime:0.0002s ]
SQL: SHOW COLUMNS FROM `common` [ RunTime:0.0009s ]
SQL: SELECT * FROM `common` WHERE `power` = 0  [ RunTime:0.0001s ]

[ 2016-10-23T10:58:02+08:00 ] 127.0.0.1 /sign-f2f/wx/indexApi
INFO: [ app_init ] --START--
INFO: Run Behavior\BuildLiteBehavior [ RunTime:0.000020s ]
INFO: [ app_init ] --END-- [ RunTime:0.000128s ]
INFO: [ app_begin ] --START--
INFO: Run Behavior\ReadHtmlCacheBehavior [ RunTime:0.000060s ]
INFO: [ app_begin ] --END-- [ RunTime:0.000128s ]
NOTIC: [8] Undefined index: persistent /weixin/webdata/sign-f2f/ThinkPHP/Library/Think/Cache/Driver/Redis.class.php 第 41 行.
NOTIC: [8] Undefined index: timeout /weixin/webdata/sign-f2f/ThinkPHP/Library/Think/Cache/Driver/Redis.class.php 第 43 行.
NOTIC: [8] Undefined index: timeout /weixin/webdata/sign-f2f/ThinkPHP/Library/Think/Cache/Driver/Redis.class.php 第 45 行.
SQL: SHOW COLUMNS FROM `ini` [ RunTime:0.0009s ]
SQL: SELECT * FROM `ini`  [ RunTime:0.0002s ]
SQL: SHOW COLUMNS FROM `common` [ RunTime:0.0008s ]
SQL: SELECT * FROM `common` WHERE `power` = 0  [ RunTime:0.0001s ]

[ 2016-10-23T10:58:06+08:00 ] 127.0.0.1 /sign-f2f/wx/adminApi/getSignSpace
INFO: [ app_init ] --START--
INFO: Run Behavior\BuildLiteBehavior [ RunTime:0.000022s ]
INFO: [ app_init ] --END-- [ RunTime:0.000171s ]
INFO: [ app_begin ] --START--
INFO: Run Behavior\ReadHtmlCacheBehavior [ RunTime:0.000070s ]
INFO: [ app_begin ] --END-- [ RunTime:0.000138s ]
NOTIC: [8] Undefined index: persistent /weixin/webdata/sign-f2f/ThinkPHP/Library/Think/Cache/Driver/Redis.class.php 第 41 行.
NOTIC: [8] Undefined index: timeout /weixin/webdata/sign-f2f/ThinkPHP/Library/Think/Cache/Driver/Redis.class.php 第 43 行.
NOTIC: [8] Undefined index: timeout /weixin/webdata/sign-f2f/ThinkPHP/Library/Think/Cache/Driver/Redis.class.php 第 45 行.
SQL: SHOW COLUMNS FROM `ini` [ RunTime:0.0009s ]
SQL: SELECT * FROM `ini`  [ RunTime:0.0001s ]

[ 2016-10-23T10:58:07+08:00 ] 127.0.0.1 /sign-f2f/wx/indexApi
INFO: [ app_init ] --START--
INFO: Run Behavior\BuildLiteBehavior [ RunTime:0.000021s ]
INFO: [ app_init ] --END-- [ RunTime:0.000135s ]
INFO: [ app_begin ] --START--
INFO: Run Behavior\ReadHtmlCacheBehavior [ RunTime:0.000061s ]
INFO: [ app_begin ] --END-- [ RunTime:0.000134s ]
NOTIC: [8] Undefined index: persistent /weixin/webdata/sign-f2f/ThinkPHP/Library/Think/Cache/Driver/Redis.class.php 第 41 行.
NOTIC: [8] Undefined index: timeout /weixin/webdata/sign-f2f/ThinkPHP/Library/Think/Cache/Driver/Redis.class.php 第 43 行.
NOTIC: [8] Undefined index: timeout /weixin/webdata/sign-f2f/ThinkPHP/Library/Think/Cache/Driver/Redis.class.php 第 45 行.
SQL: SHOW COLUMNS FROM `ini` [ RunTime:0.0006s ]
SQL: SELECT * FROM `ini`  [ RunTime:0.0001s ]
SQL: SHOW COLUMNS FROM `common` [ RunTime:0.0005s ]
SQL: SELECT * FROM `common` WHERE `power` = 0  [ RunTime:0.0001s ]

[ 2016-10-23T10:59:52+08:00 ] 127.0.0.1 /sign-f2f/wx/indexApi
INFO: [ app_init ] --START--
INFO: Run Behavior\BuildLiteBehavior [ RunTime:0.000020s ]
INFO: [ app_init ] --END-- [ RunTime:0.000112s ]
INFO: [ app_begin ] --START--
INFO: Run Behavior\ReadHtmlCacheBehavior [ RunTime:0.000044s ]
INFO: [ app_begin ] --END-- [ RunTime:0.000087s ]
NOTIC: [8] Undefined index: persistent /weixin/webdata/sign-f2f/ThinkPHP/Library/Think/Cache/Driver/Redis.class.php 第 41 行.
NOTIC: [8] Undefined index: timeout /weixin/webdata/sign-f2f/ThinkPHP/Library/Think/Cache/Driver/Redis.class.php 第 43 行.
NOTIC: [8] Undefined index: timeout /weixin/webdata/sign-f2f/ThinkPHP/Library/Think/Cache/Driver/Redis.class.php 第 45 行.
SQL: SHOW COLUMNS FROM `ini` [ RunTime:0.0010s ]
SQL: SELECT * FROM `ini`  [ RunTime:0.0002s ]
SQL: SHOW COLUMNS FROM `common` [ RunTime:0.0008s ]
SQL: SELECT * FROM `common` WHERE `power` = 0  [ RunTime:0.0001s ]

[ 2016-10-23T11:00:14+08:00 ] 127.0.0.1 /sign-f2f/wx/indexApi
INFO: [ app_init ] --START--
INFO: Run Behavior\BuildLiteBehavior [ RunTime:0.000021s ]
INFO: [ app_init ] --END-- [ RunTime:0.000142s ]
INFO: [ app_begin ] --START--
INFO: Run Behavior\ReadHtmlCacheBehavior [ RunTime:0.000079s ]
INFO: [ app_begin ] --END-- [ RunTime:0.000205s ]
NOTIC: [8] Undefined index: persistent /weixin/webdata/sign-f2f/ThinkPHP/Library/Think/Cache/Driver/Redis.class.php 第 41 行.
NOTIC: [8] Undefined index: timeout /weixin/webdata/sign-f2f/ThinkPHP/Library/Think/Cache/Driver/Redis.class.php 第 43 行.
NOTIC: [8] Undefined index: timeout /weixin/webdata/sign-f2f/ThinkPHP/Library/Think/Cache/Driver/Redis.class.php 第 45 行.

[ 2016-10-23T11:00:21+08:00 ] 127.0.0.1 /sign-f2f/wx/indexApi
INFO: [ app_init ] --START--
INFO: Run Behavior\BuildLiteBehavior [ RunTime:0.000022s ]
INFO: [ app_init ] --END-- [ RunTime:0.000146s ]
INFO: [ app_begin ] --START--
INFO: Run Behavior\ReadHtmlCacheBehavior [ RunTime:0.000073s ]
INFO: [ app_begin ] --END-- [ RunTime:0.000142s ]
NOTIC: [8] Undefined index: persistent /weixin/webdata/sign-f2f/ThinkPHP/Library/Think/Cache/Driver/Redis.class.php 第 41 行.
NOTIC: [8] Undefined index: timeout /weixin/webdata/sign-f2f/ThinkPHP/Library/Think/Cache/Driver/Redis.class.php 第 43 行.
NOTIC: [8] Undefined index: timeout /weixin/webdata/sign-f2f/ThinkPHP/Library/Think/Cache/Driver/Redis.class.php 第 45 行.
SQL: SHOW COLUMNS FROM `ini` [ RunTime:0.0010s ]
SQL: SELECT * FROM `ini`  [ RunTime:0.0002s ]
SQL: SHOW COLUMNS FROM `common` [ RunTime:0.0008s ]
SQL: SELECT * FROM `common` WHERE `power` = 0  [ RunTime:0.0001s ]

[ 2016-10-23T11:00:21+08:00 ] 127.0.0.1 /sign-f2f/wx/indexApi
INFO: [ app_init ] --START--
INFO: Run Behavior\BuildLiteBehavior [ RunTime:0.000019s ]
INFO: [ app_init ] --END-- [ RunTime:0.000124s ]
INFO: [ app_begin ] --START--
INFO: Run Behavior\ReadHtmlCacheBehavior [ RunTime:0.000069s ]
INFO: [ app_begin ] --END-- [ RunTime:0.000137s ]
NOTIC: [8] Undefined index: persistent /weixin/webdata/sign-f2f/ThinkPHP/Library/Think/Cache/Driver/Redis.class.php 第 41 行.
NOTIC: [8] Undefined index: timeout /weixin/webdata/sign-f2f/ThinkPHP/Library/Think/Cache/Driver/Redis.class.php 第 43 行.
NOTIC: [8] Undefined index: timeout /weixin/webdata/sign-f2f/ThinkPHP/Library/Think/Cache/Driver/Redis.class.php 第 45 行.
SQL: SHOW COLUMNS FROM `ini` [ RunTime:0.0009s ]
SQL: SELECT * FROM `ini`  [ RunTime:0.0002s ]
SQL: SHOW COLUMNS FROM `common` [ RunTime:0.0008s ]
SQL: SELECT * FROM `common` WHERE `power` = 0  [ RunTime:0.0001s ]

[ 2016-10-23T11:05:43+08:00 ] 127.0.0.1 /sign-f2f/wx/indexApi
INFO: [ app_init ] --START--
INFO: Run Behavior\BuildLiteBehavior [ RunTime:0.000023s ]
INFO: [ app_init ] --END-- [ RunTime:0.000157s ]
INFO: [ app_begin ] --START--
INFO: Run Behavior\ReadHtmlCacheBehavior [ RunTime:0.000089s ]
INFO: [ app_begin ] --END-- [ RunTime:0.000159s ]
NOTIC: [8] Undefined index: persistent /weixin/webdata/sign-f2f/ThinkPHP/Library/Think/Cache/Driver/Redis.class.php 第 41 行.
NOTIC: [8] Undefined index: timeout /weixin/webdata/sign-f2f/ThinkPHP/Library/Think/Cache/Driver/Redis.class.php 第 43 行.
NOTIC: [8] Undefined index: timeout /weixin/webdata/sign-f2f/ThinkPHP/Library/Think/Cache/Driver/Redis.class.php 第 45 行.

[ 2016-10-23T11:05:45+08:00 ] 127.0.0.1 /sign-f2f/wx/indexApi
INFO: [ app_init ] --START--
INFO: Run Behavior\BuildLiteBehavior [ RunTime:0.000014s ]
INFO: [ app_init ] --END-- [ RunTime:0.000101s ]
INFO: [ app_begin ] --START--
INFO: Run Behavior\ReadHtmlCacheBehavior [ RunTime:0.000053s ]
INFO: [ app_begin ] --END-- [ RunTime:0.000095s ]
NOTIC: [8] Undefined index: persistent /weixin/webdata/sign-f2f/ThinkPHP/Library/Think/Cache/Driver/Redis.class.php 第 41 行.
NOTIC: [8] Undefined index: timeout /weixin/webdata/sign-f2f/ThinkPHP/Library/Think/Cache/Driver/Redis.class.php 第 43 行.
NOTIC: [8] Undefined index: timeout /weixin/webdata/sign-f2f/ThinkPHP/Library/Think/Cache/Driver/Redis.class.php 第 45 行.
SQL: SHOW COLUMNS FROM `ini` [ RunTime:0.0007s ]
SQL: SELECT * FROM `ini`  [ RunTime:0.0001s ]
SQL: SHOW COLUMNS FROM `common` [ RunTime:0.0005s ]
SQL: SELECT * FROM `common` WHERE `power` = 0  [ RunTime:0.0001s ]

[ 2016-10-23T11:06:29+08:00 ] 127.0.0.1 /sign-f2f/wx/indexApi
INFO: [ app_init ] --START--
INFO: Run Behavior\BuildLiteBehavior [ RunTime:0.000022s ]
INFO: [ app_init ] --END-- [ RunTime:0.000149s ]
INFO: [ app_begin ] --START--
INFO: Run Behavior\ReadHtmlCacheBehavior [ RunTime:0.000077s ]
INFO: [ app_begin ] --END-- [ RunTime:0.000146s ]
NOTIC: [8] Undefined index: persistent /weixin/webdata/sign-f2f/ThinkPHP/Library/Think/Cache/Driver/Redis.class.php 第 41 行.
NOTIC: [8] Undefined index: timeout /weixin/webdata/sign-f2f/ThinkPHP/Library/Think/Cache/Driver/Redis.class.php 第 43 行.
NOTIC: [8] Undefined index: timeout /weixin/webdata/sign-f2f/ThinkPHP/Library/Think/Cache/Driver/Redis.class.php 第 45 行.
SQL: SHOW COLUMNS FROM `ini` [ RunTime:0.0010s ]
SQL: SELECT * FROM `ini`  [ RunTime:0.0002s ]
SQL: SHOW COLUMNS FROM `common` [ RunTime:0.0009s ]
SQL: SELECT * FROM `common` WHERE `power` = 0  [ RunTime:0.0001s ]

[ 2016-10-23T11:10:10+08:00 ] 127.0.0.1 /sign-f2f/wx/indexApi
INFO: [ app_init ] --START--
INFO: Run Behavior\BuildLiteBehavior [ RunTime:0.000016s ]
INFO: [ app_init ] --END-- [ RunTime:0.000153s ]
INFO: [ app_begin ] --START--
INFO: Run Behavior\ReadHtmlCacheBehavior [ RunTime:0.000056s ]
INFO: [ app_begin ] --END-- [ RunTime:0.000098s ]
NOTIC: [8] Undefined index: persistent /weixin/webdata/sign-f2f/ThinkPHP/Library/Think/Cache/Driver/Redis.class.php 第 41 行.
NOTIC: [8] Undefined index: timeout /weixin/webdata/sign-f2f/ThinkPHP/Library/Think/Cache/Driver/Redis.class.php 第 43 行.
NOTIC: [8] Undefined index: timeout /weixin/webdata/sign-f2f/ThinkPHP/Library/Think/Cache/Driver/Redis.class.php 第 45 行.
SQL: SHOW COLUMNS FROM `ini` [ RunTime:0.0007s ]
SQL: SELECT * FROM `ini`  [ RunTime:0.0001s ]
SQL: SHOW COLUMNS FROM `common` [ RunTime:0.0005s ]
SQL: SELECT * FROM `common` WHERE `power` = 0  [ RunTime:0.0001s ]

[ 2016-10-23T11:32:24+08:00 ] 127.0.0.1 /sign-f2f/wx/indexApi
INFO: [ app_init ] --START--
INFO: Run Behavior\BuildLiteBehavior [ RunTime:0.000015s ]
INFO: [ app_init ] --END-- [ RunTime:0.000100s ]
INFO: [ app_begin ] --START--
INFO: Run Behavior\ReadHtmlCacheBehavior [ RunTime:0.000051s ]
INFO: [ app_begin ] --END-- [ RunTime:0.000092s ]
NOTIC: [8] Undefined index: persistent /weixin/webdata/sign-f2f/ThinkPHP/Library/Think/Cache/Driver/Redis.class.php 第 41 行.
NOTIC: [8] Undefined index: timeout /weixin/webdata/sign-f2f/ThinkPHP/Library/Think/Cache/Driver/Redis.class.php 第 43 行.
NOTIC: [8] Undefined index: timeout /weixin/webdata/sign-f2f/ThinkPHP/Library/Think/Cache/Driver/Redis.class.php 第 45 行.

[ 2016-10-23T11:32:29+08:00 ] 127.0.0.1 /sign-f2f/wx/indexApi
INFO: [ app_init ] --START--
INFO: Run Behavior\BuildLiteBehavior [ RunTime:0.000014s ]
INFO: [ app_init ] --END-- [ RunTime:0.000092s ]
INFO: [ app_begin ] --START--
INFO: Run Behavior\ReadHtmlCacheBehavior [ RunTime:0.000045s ]
INFO: [ app_begin ] --END-- [ RunTime:0.000086s ]
NOTIC: [8] Undefined index: persistent /weixin/webdata/sign-f2f/ThinkPHP/Library/Think/Cache/Driver/Redis.class.php 第 41 行.
NOTIC: [8] Undefined index: timeout /weixin/webdata/sign-f2f/ThinkPHP/Library/Think/Cache/Driver/Redis.class.php 第 43 行.
NOTIC: [8] Undefined index: timeout /weixin/webdata/sign-f2f/ThinkPHP/Library/Think/Cache/Driver/Redis.class.php 第 45 行.
SQL: SHOW COLUMNS FROM `ini` [ RunTime:0.0007s ]
SQL: SELECT * FROM `ini`  [ RunTime:0.0001s ]
SQL: SHOW COLUMNS FROM `common` [ RunTime:0.0005s ]
SQL: SELECT * FROM `common` WHERE `power` = 0  [ RunTime:0.0001s ]

[ 2016-10-23T11:37:30+08:00 ] 127.0.0.1 /sign-f2f/wx/indexApi
INFO: [ app_init ] --START--
INFO: Run Behavior\BuildLiteBehavior [ RunTime:0.000015s ]
INFO: [ app_init ] --END-- [ RunTime:0.000102s ]
INFO: [ app_begin ] --START--
INFO: Run Behavior\ReadHtmlCacheBehavior [ RunTime:0.000047s ]
INFO: [ app_begin ] --END-- [ RunTime:0.000088s ]
NOTIC: [8] Undefined index: persistent /weixin/webdata/sign-f2f/ThinkPHP/Library/Think/Cache/Driver/Redis.class.php 第 41 行.
NOTIC: [8] Undefined index: timeout /weixin/webdata/sign-f2f/ThinkPHP/Library/Think/Cache/Driver/Redis.class.php 第 43 行.
NOTIC: [8] Undefined index: timeout /weixin/webdata/sign-f2f/ThinkPHP/Library/Think/Cache/Driver/Redis.class.php 第 45 行.

[ 2016-10-23T11:37:34+08:00 ] 127.0.0.1 /sign-f2f/wx/indexApi
INFO: [ app_init ] --START--
INFO: Run Behavior\BuildLiteBehavior [ RunTime:0.000022s ]
INFO: [ app_init ] --END-- [ RunTime:0.000161s ]
INFO: [ app_begin ] --START--
INFO: Run Behavior\ReadHtmlCacheBehavior [ RunTime:0.000072s ]
INFO: [ app_begin ] --END-- [ RunTime:0.000140s ]
NOTIC: [8] Undefined index: persistent /weixin/webdata/sign-f2f/ThinkPHP/Library/Think/Cache/Driver/Redis.class.php 第 41 行.
NOTIC: [8] Undefined index: timeout /weixin/webdata/sign-f2f/ThinkPHP/Library/Think/Cache/Driver/Redis.class.php 第 43 行.
NOTIC: [8] Undefined index: timeout /weixin/webdata/sign-f2f/ThinkPHP/Library/Think/Cache/Driver/Redis.class.php 第 45 行.
SQL: SHOW COLUMNS FROM `ini` [ RunTime:0.0012s ]
SQL: SELECT * FROM `ini`  [ RunTime:0.0002s ]
SQL: SHOW COLUMNS FROM `common` [ RunTime:0.0005s ]
SQL: SELECT * FROM `common` WHERE `power` = 0  [ RunTime:0.0001s ]

[ 2016-10-23T11:59:44+08:00 ] 127.0.0.1 /sign-f2f/wx/indexApi
INFO: [ app_init ] --START--
INFO: Run Behavior\BuildLiteBehavior [ RunTime:0.000015s ]
INFO: [ app_init ] --END-- [ RunTime:0.000107s ]
INFO: [ app_begin ] --START--
INFO: Run Behavior\ReadHtmlCacheBehavior [ RunTime:0.000048s ]
INFO: [ app_begin ] --END-- [ RunTime:0.000091s ]
NOTIC: [8] Undefined index: persistent /weixin/webdata/sign-f2f/ThinkPHP/Library/Think/Cache/Driver/Redis.class.php 第 41 行.
NOTIC: [8] Undefined index: timeout /weixin/webdata/sign-f2f/ThinkPHP/Library/Think/Cache/Driver/Redis.class.php 第 43 行.
NOTIC: [8] Undefined index: timeout /weixin/webdata/sign-f2f/ThinkPHP/Library/Think/Cache/Driver/Redis.class.php 第 45 行.

[ 2016-10-23T12:02:11+08:00 ] 127.0.0.1 /sign-f2f/wx/indexApi
INFO: [ app_init ] --START--
INFO: Run Behavior\BuildLiteBehavior [ RunTime:0.000014s ]
INFO: [ app_init ] --END-- [ RunTime:0.000099s ]
INFO: [ app_begin ] --START--
INFO: Run Behavior\ReadHtmlCacheBehavior [ RunTime:0.000046s ]
INFO: [ app_begin ] --END-- [ RunTime:0.000087s ]
NOTIC: [8] Undefined index: persistent /weixin/webdata/sign-f2f/ThinkPHP/Library/Think/Cache/Driver/Redis.class.php 第 41 行.
NOTIC: [8] Undefined index: timeout /weixin/webdata/sign-f2f/ThinkPHP/Library/Think/Cache/Driver/Redis.class.php 第 43 行.
NOTIC: [8] Undefined index: timeout /weixin/webdata/sign-f2f/ThinkPHP/Library/Think/Cache/Driver/Redis.class.php 第 45 行.

[ 2016-10-23T13:08:19+08:00 ] 127.0.0.1 /sign-f2f/wx/indexApi
INFO: [ app_init ] --START--
INFO: Run Behavior\BuildLiteBehavior [ RunTime:0.000031s ]
INFO: [ app_init ] --END-- [ RunTime:0.000192s ]
INFO: [ app_begin ] --START--
INFO: Run Behavior\ReadHtmlCacheBehavior [ RunTime:0.000074s ]
INFO: [ app_begin ] --END-- [ RunTime:0.000144s ]
NOTIC: [8] Undefined index: persistent /weixin/webdata/sign-f2f/ThinkPHP/Library/Think/Cache/Driver/Redis.class.php 第 41 行.
NOTIC: [8] Undefined index: timeout /weixin/webdata/sign-f2f/ThinkPHP/Library/Think/Cache/Driver/Redis.class.php 第 43 行.
NOTIC: [8] Undefined index: timeout /weixin/webdata/sign-f2f/ThinkPHP/Library/Think/Cache/Driver/Redis.class.php 第 45 行.

[ 2016-10-23T13:08:21+08:00 ] 127.0.0.1 /sign-f2f/wx/indexApi
INFO: [ app_init ] --START--
INFO: Run Behavior\BuildLiteBehavior [ RunTime:0.000021s ]
INFO: [ app_init ] --END-- [ RunTime:0.000131s ]
INFO: [ app_begin ] --START--
INFO: Run Behavior\ReadHtmlCacheBehavior [ RunTime:0.000060s ]
INFO: [ app_begin ] --END-- [ RunTime:0.000127s ]
NOTIC: [8] Undefined index: persistent /weixin/webdata/sign-f2f/ThinkPHP/Library/Think/Cache/Driver/Redis.class.php 第 41 行.
NOTIC: [8] Undefined index: timeout /weixin/webdata/sign-f2f/ThinkPHP/Library/Think/Cache/Driver/Redis.class.php 第 43 行.
NOTIC: [8] Undefined index: timeout /weixin/webdata/sign-f2f/ThinkPHP/Library/Think/Cache/Driver/Redis.class.php 第 45 行.
SQL: SHOW COLUMNS FROM `ini` [ RunTime:0.0007s ]
SQL: SELECT * FROM `ini`  [ RunTime:0.0001s ]
SQL: SHOW COLUMNS FROM `common` [ RunTime:0.0006s ]
SQL: SELECT * FROM `common` WHERE `power` = 0  [ RunTime:0.0001s ]

[ 2016-10-23T14:28:40+08:00 ] 127.0.0.1 /sign-f2f/wx/indexApi
INFO: [ app_init ] --START--
INFO: Run Behavior\BuildLiteBehavior [ RunTime:0.000024s ]
INFO: [ app_init ] --END-- [ RunTime:0.000157s ]
INFO: [ app_begin ] --START--
INFO: Run Behavior\ReadHtmlCacheBehavior [ RunTime:0.000091s ]
INFO: [ app_begin ] --END-- [ RunTime:0.000161s ]
NOTIC: [8] Undefined index: persistent /weixin/webdata/sign-f2f/ThinkPHP/Library/Think/Cache/Driver/Redis.class.php 第 41 行.
NOTIC: [8] Undefined index: timeout /weixin/webdata/sign-f2f/ThinkPHP/Library/Think/Cache/Driver/Redis.class.php 第 43 行.
NOTIC: [8] Undefined index: timeout /weixin/webdata/sign-f2f/ThinkPHP/Library/Think/Cache/Driver/Redis.class.php 第 45 行.
SQL: SHOW COLUMNS FROM `ini` [ RunTime:0.0012s ]
SQL: SELECT * FROM `ini`  [ RunTime:0.0002s ]
SQL: SHOW COLUMNS FROM `common` [ RunTime:0.0008s ]
SQL: SELECT * FROM `common` WHERE `power` = 0  [ RunTime:0.0002s ]

[ 2016-10-23T16:00:27+08:00 ] 127.0.0.1 /sign-f2f/wx/indexApi
INFO: [ app_init ] --START--
INFO: Run Behavior\BuildLiteBehavior [ RunTime:0.000021s ]
INFO: [ app_init ] --END-- [ RunTime:0.000117s ]
INFO: [ app_begin ] --START--
INFO: Run Behavior\ReadHtmlCacheBehavior [ RunTime:0.000101s ]
INFO: [ app_begin ] --END-- [ RunTime:0.000146s ]
NOTIC: [8] Undefined index: persistent /weixin/webdata/sign-f2f/ThinkPHP/Library/Think/Cache/Driver/Redis.class.php 第 41 行.
NOTIC: [8] Undefined index: timeout /weixin/webdata/sign-f2f/ThinkPHP/Library/Think/Cache/Driver/Redis.class.php 第 43 行.
NOTIC: [8] Undefined index: timeout /weixin/webdata/sign-f2f/ThinkPHP/Library/Think/Cache/Driver/Redis.class.php 第 45 行.

[ 2016-10-23T16:00:29+08:00 ] 127.0.0.1 /sign-f2f/wx/indexApi
INFO: [ app_init ] --START--
INFO: Run Behavior\BuildLiteBehavior [ RunTime:0.000013s ]
INFO: [ app_init ] --END-- [ RunTime:0.000097s ]
INFO: [ app_begin ] --START--
INFO: Run Behavior\ReadHtmlCacheBehavior [ RunTime:0.000061s ]
INFO: [ app_begin ] --END-- [ RunTime:0.000104s ]
NOTIC: [8] Undefined index: persistent /weixin/webdata/sign-f2f/ThinkPHP/Library/Think/Cache/Driver/Redis.class.php 第 41 行.
NOTIC: [8] Undefined index: timeout /weixin/webdata/sign-f2f/ThinkPHP/Library/Think/Cache/Driver/Redis.class.php 第 43 行.
NOTIC: [8] Undefined index: timeout /weixin/webdata/sign-f2f/ThinkPHP/Library/Think/Cache/Driver/Redis.class.php 第 45 行.
SQL: SHOW COLUMNS FROM `ini` [ RunTime:0.0007s ]
SQL: SELECT * FROM `ini`  [ RunTime:0.0001s ]
SQL: SHOW COLUMNS FROM `common` [ RunTime:0.0005s ]
SQL: SELECT * FROM `common` WHERE `power` = 0  [ RunTime:0.0001s ]

[ 2016-10-23T16:00:34+08:00 ] 127.0.0.1 /sign-f2f/wx/studentApi/getConfig?url=http:%2F%2Fwechat.hnust.cn%2Fsign-f2f%2Fwx%3Fv%3D160531
INFO: [ app_init ] --START--
INFO: Run Behavior\BuildLiteBehavior [ RunTime:0.000022s ]
INFO: [ app_init ] --END-- [ RunTime:0.000155s ]
INFO: [ app_begin ] --START--
INFO: Run Behavior\ReadHtmlCacheBehavior [ RunTime:0.000074s ]
INFO: [ app_begin ] --END-- [ RunTime:0.000142s ]
NOTIC: [8] Undefined index: persistent /weixin/webdata/sign-f2f/ThinkPHP/Library/Think/Cache/Driver/Redis.class.php 第 41 行.
NOTIC: [8] Undefined index: timeout /weixin/webdata/sign-f2f/ThinkPHP/Library/Think/Cache/Driver/Redis.class.php 第 43 行.
NOTIC: [8] Undefined index: timeout /weixin/webdata/sign-f2f/ThinkPHP/Library/Think/Cache/Driver/Redis.class.php 第 45 行.
SQL: SHOW COLUMNS FROM `ini` [ RunTime:0.0011s ]
SQL: SELECT * FROM `ini`  [ RunTime:0.0002s ]

[ 2016-10-23T16:00:56+08:00 ] 127.0.0.1 /sign-f2f/wx/indexApi
INFO: [ app_init ] --START--
INFO: Run Behavior\BuildLiteBehavior [ RunTime:0.000026s ]
INFO: [ app_init ] --END-- [ RunTime:0.000174s ]
INFO: [ app_begin ] --START--
INFO: Run Behavior\ReadHtmlCacheBehavior [ RunTime:0.000069s ]
INFO: [ app_begin ] --END-- [ RunTime:0.000137s ]
NOTIC: [8] Undefined index: persistent /weixin/webdata/sign-f2f/ThinkPHP/Library/Think/Cache/Driver/Redis.class.php 第 41 行.
NOTIC: [8] Undefined index: timeout /weixin/webdata/sign-f2f/ThinkPHP/Library/Think/Cache/Driver/Redis.class.php 第 43 行.
NOTIC: [8] Undefined index: timeout /weixin/webdata/sign-f2f/ThinkPHP/Library/Think/Cache/Driver/Redis.class.php 第 45 行.
SQL: SHOW COLUMNS FROM `ini` [ RunTime:0.0007s ]
SQL: SELECT * FROM `ini`  [ RunTime:0.0001s ]
SQL: SHOW COLUMNS FROM `common` [ RunTime:0.0005s ]
SQL: SELECT * FROM `common` WHERE `power` = 0  [ RunTime:0.0001s ]

[ 2016-10-23T17:06:23+08:00 ] 127.0.0.1 /sign-f2f/wx/indexApi
INFO: [ app_init ] --START--
INFO: Run Behavior\BuildLiteBehavior [ RunTime:0.000015s ]
INFO: [ app_init ] --END-- [ RunTime:0.000100s ]
INFO: [ app_begin ] --START--
INFO: Run Behavior\ReadHtmlCacheBehavior [ RunTime:0.000045s ]
INFO: [ app_begin ] --END-- [ RunTime:0.000086s ]
NOTIC: [8] Undefined index: persistent /weixin/webdata/sign-f2f/ThinkPHP/Library/Think/Cache/Driver/Redis.class.php 第 41 行.
NOTIC: [8] Undefined index: timeout /weixin/webdata/sign-f2f/ThinkPHP/Library/Think/Cache/Driver/Redis.class.php 第 43 行.
NOTIC: [8] Undefined index: timeout /weixin/webdata/sign-f2f/ThinkPHP/Library/Think/Cache/Driver/Redis.class.php 第 45 行.
SQL: SHOW COLUMNS FROM `ini` [ RunTime:0.0007s ]
SQL: SELECT * FROM `ini`  [ RunTime:0.0001s ]
SQL: SHOW COLUMNS FROM `common` [ RunTime:0.0005s ]
SQL: SELECT * FROM `common` WHERE `power` = 0  [ RunTime:0.0001s ]

[ 2016-10-23T17:43:36+08:00 ] 127.0.0.1 /sign-f2f/wx/indexApi
INFO: [ app_init ] --START--
INFO: Run Behavior\BuildLiteBehavior [ RunTime:0.000022s ]
INFO: [ app_init ] --END-- [ RunTime:0.000145s ]
INFO: [ app_begin ] --START--
INFO: Run Behavior\ReadHtmlCacheBehavior [ RunTime:0.000097s ]
INFO: [ app_begin ] --END-- [ RunTime:0.000167s ]
NOTIC: [8] Undefined index: persistent /weixin/webdata/sign-f2f/ThinkPHP/Library/Think/Cache/Driver/Redis.class.php 第 41 行.
NOTIC: [8] Undefined index: timeout /weixin/webdata/sign-f2f/ThinkPHP/Library/Think/Cache/Driver/Redis.class.php 第 43 行.
NOTIC: [8] Undefined index: timeout /weixin/webdata/sign-f2f/ThinkPHP/Library/Think/Cache/Driver/Redis.class.php 第 45 行.
SQL: SHOW COLUMNS FROM `ini` [ RunTime:0.0008s ]
SQL: SELECT * FROM `ini`  [ RunTime:0.0002s ]
SQL: SHOW COLUMNS FROM `common` [ RunTime:0.0009s ]
SQL: SELECT * FROM `common` WHERE `power` = 0  [ RunTime:0.0001s ]

[ 2016-10-23T17:47:07+08:00 ] 127.0.0.1 /sign-f2f/wx/indexApi
INFO: [ app_init ] --START--
INFO: Run Behavior\BuildLiteBehavior [ RunTime:0.000023s ]
INFO: [ app_init ] --END-- [ RunTime:0.000188s ]
INFO: [ app_begin ] --START--
INFO: Run Behavior\ReadHtmlCacheBehavior [ RunTime:0.000109s ]
INFO: [ app_begin ] --END-- [ RunTime:0.000182s ]
NOTIC: [8] Undefined index: persistent /weixin/webdata/sign-f2f/ThinkPHP/Library/Think/Cache/Driver/Redis.class.php 第 41 行.
NOTIC: [8] Undefined index: timeout /weixin/webdata/sign-f2f/ThinkPHP/Library/Think/Cache/Driver/Redis.class.php 第 43 行.
NOTIC: [8] Undefined index: timeout /weixin/webdata/sign-f2f/ThinkPHP/Library/Think/Cache/Driver/Redis.class.php 第 45 行.

[ 2016-10-23T17:47:10+08:00 ] 127.0.0.1 /sign-f2f/wx/indexApi
INFO: [ app_init ] --START--
INFO: Run Behavior\BuildLiteBehavior [ RunTime:0.000021s ]
INFO: [ app_init ] --END-- [ RunTime:0.000146s ]
INFO: [ app_begin ] --START--
INFO: Run Behavior\ReadHtmlCacheBehavior [ RunTime:0.000096s ]
INFO: [ app_begin ] --END-- [ RunTime:0.000151s ]
NOTIC: [8] Undefined index: persistent /weixin/webdata/sign-f2f/ThinkPHP/Library/Think/Cache/Driver/Redis.class.php 第 41 行.
NOTIC: [8] Undefined index: timeout /weixin/webdata/sign-f2f/ThinkPHP/Library/Think/Cache/Driver/Redis.class.php 第 43 行.
NOTIC: [8] Undefined index: timeout /weixin/webdata/sign-f2f/ThinkPHP/Library/Think/Cache/Driver/Redis.class.php 第 45 行.
SQL: SHOW COLUMNS FROM `ini` [ RunTime:0.0010s ]
SQL: SELECT * FROM `ini`  [ RunTime:0.0001s ]
SQL: SHOW COLUMNS FROM `common` [ RunTime:0.0006s ]
SQL: SELECT * FROM `common` WHERE `power` = 0  [ RunTime:0.0001s ]

[ 2016-10-23T17:47:16+08:00 ] 127.0.0.1 /sign-f2f/wx/indexApi
INFO: [ app_init ] --START--
INFO: Run Behavior\BuildLiteBehavior [ RunTime:0.000022s ]
INFO: [ app_init ] --END-- [ RunTime:0.000151s ]
INFO: [ app_begin ] --START--
INFO: Run Behavior\ReadHtmlCacheBehavior [ RunTime:0.000096s ]
INFO: [ app_begin ] --END-- [ RunTime:0.000167s ]
NOTIC: [8] Undefined index: persistent /weixin/webdata/sign-f2f/ThinkPHP/Library/Think/Cache/Driver/Redis.class.php 第 41 行.
NOTIC: [8] Undefined index: timeout /weixin/webdata/sign-f2f/ThinkPHP/Library/Think/Cache/Driver/Redis.class.php 第 43 行.
NOTIC: [8] Undefined index: timeout /weixin/webdata/sign-f2f/ThinkPHP/Library/Think/Cache/Driver/Redis.class.php 第 45 行.
SQL: SHOW COLUMNS FROM `ini` [ RunTime:0.0007s ]
SQL: SELECT * FROM `ini`  [ RunTime:0.0001s ]
SQL: SHOW COLUMNS FROM `common` [ RunTime:0.0005s ]
SQL: SELECT * FROM `common` WHERE `power` = 0  [ RunTime:0.0001s ]

[ 2016-10-23T17:57:47+08:00 ] 127.0.0.1 /sign-f2f/wx/indexApi
INFO: [ app_init ] --START--
INFO: Run Behavior\BuildLiteBehavior [ RunTime:0.000023s ]
INFO: [ app_init ] --END-- [ RunTime:0.000165s ]
INFO: [ app_begin ] --START--
INFO: Run Behavior\ReadHtmlCacheBehavior [ RunTime:0.000119s ]
INFO: [ app_begin ] --END-- [ RunTime:0.000215s ]
NOTIC: [8] Undefined index: persistent /weixin/webdata/sign-f2f/ThinkPHP/Library/Think/Cache/Driver/Redis.class.php 第 41 行.
NOTIC: [8] Undefined index: timeout /weixin/webdata/sign-f2f/ThinkPHP/Library/Think/Cache/Driver/Redis.class.php 第 43 行.
NOTIC: [8] Undefined index: timeout /weixin/webdata/sign-f2f/ThinkPHP/Library/Think/Cache/Driver/Redis.class.php 第 45 行.
SQL: SHOW COLUMNS FROM `ini` [ RunTime:0.0011s ]
SQL: SELECT * FROM `ini`  [ RunTime:0.0002s ]
SQL: SHOW COLUMNS FROM `common` [ RunTime:0.0009s ]
SQL: SELECT * FROM `common` WHERE `power` = 0  [ RunTime:0.0002s ]

[ 2016-10-23T21:56:22+08:00 ] 127.0.0.1 /sign-f2f/wx/indexApi
INFO: [ app_init ] --START--
INFO: Run Behavior\BuildLiteBehavior [ RunTime:0.000023s ]
INFO: [ app_init ] --END-- [ RunTime:0.000171s ]
INFO: [ app_begin ] --START--
INFO: Run Behavior\ReadHtmlCacheBehavior [ RunTime:0.000102s ]
INFO: [ app_begin ] --END-- [ RunTime:0.000173s ]
NOTIC: [8] Undefined index: persistent /weixin/webdata/sign-f2f/ThinkPHP/Library/Think/Cache/Driver/Redis.class.php 第 41 行.
NOTIC: [8] Undefined index: timeout /weixin/webdata/sign-f2f/ThinkPHP/Library/Think/Cache/Driver/Redis.class.php 第 43 行.
NOTIC: [8] Undefined index: timeout /weixin/webdata/sign-f2f/ThinkPHP/Library/Think/Cache/Driver/Redis.class.php 第 45 行.

[ 2016-10-23T21:56:25+08:00 ] 127.0.0.1 /sign-f2f/wx/indexApi
INFO: [ app_init ] --START--
INFO: Run Behavior\BuildLiteBehavior [ RunTime:0.000023s ]
INFO: [ app_init ] --END-- [ RunTime:0.000162s ]
INFO: [ app_begin ] --START--
INFO: Run Behavior\ReadHtmlCacheBehavior [ RunTime:0.000095s ]
INFO: [ app_begin ] --END-- [ RunTime:0.000166s ]
NOTIC: [8] Undefined index: persistent /weixin/webdata/sign-f2f/ThinkPHP/Library/Think/Cache/Driver/Redis.class.php 第 41 行.
NOTIC: [8] Undefined index: timeout /weixin/webdata/sign-f2f/ThinkPHP/Library/Think/Cache/Driver/Redis.class.php 第 43 行.
NOTIC: [8] Undefined index: timeout /weixin/webdata/sign-f2f/ThinkPHP/Library/Think/Cache/Driver/Redis.class.php 第 45 行.
SQL: SHOW COLUMNS FROM `ini` [ RunTime:0.0013s ]
SQL: SELECT * FROM `ini`  [ RunTime:0.0002s ]
SQL: SHOW COLUMNS FROM `common` [ RunTime:0.0009s ]
SQL: SELECT * FROM `common` WHERE `power` = 0  [ RunTime:0.0002s ]

[ 2016-10-23T22:13:37+08:00 ] 127.0.0.1 /sign-f2f/wx/indexApi
INFO: [ app_init ] --START--
INFO: Run Behavior\BuildLiteBehavior [ RunTime:0.000023s ]
INFO: [ app_init ] --END-- [ RunTime:0.000170s ]
INFO: [ app_begin ] --START--
INFO: Run Behavior\ReadHtmlCacheBehavior [ RunTime:0.000116s ]
INFO: [ app_begin ] --END-- [ RunTime:0.000188s ]
NOTIC: [8] Undefined index: persistent /weixin/webdata/sign-f2f/ThinkPHP/Library/Think/Cache/Driver/Redis.class.php 第 41 行.
NOTIC: [8] Undefined index: timeout /weixin/webdata/sign-f2f/ThinkPHP/Library/Think/Cache/Driver/Redis.class.php 第 43 行.
NOTIC: [8] Undefined index: timeout /weixin/webdata/sign-f2f/ThinkPHP/Library/Think/Cache/Driver/Redis.class.php 第 45 行.
SQL: SHOW COLUMNS FROM `ini` [ RunTime:0.0006s ]
SQL: SELECT * FROM `ini`  [ RunTime:0.0001s ]
SQL: SHOW COLUMNS FROM `common` [ RunTime:0.0005s ]
SQL: SELECT * FROM `common` WHERE `power` = 0  [ RunTime:0.0001s ]

[ 2016-10-23T22:28:40+08:00 ] 127.0.0.1 /sign-f2f/wx/indexApi
INFO: [ app_init ] --START--
INFO: Run Behavior\BuildLiteBehavior [ RunTime:0.000022s ]
INFO: [ app_init ] --END-- [ RunTime:0.000188s ]
INFO: [ app_begin ] --START--
INFO: Run Behavior\ReadHtmlCacheBehavior [ RunTime:0.000066s ]
INFO: [ app_begin ] --END-- [ RunTime:0.000109s ]
NOTIC: [8] Undefined index: persistent /weixin/webdata/sign-f2f/ThinkPHP/Library/Think/Cache/Driver/Redis.class.php 第 41 行.
NOTIC: [8] Undefined index: timeout /weixin/webdata/sign-f2f/ThinkPHP/Library/Think/Cache/Driver/Redis.class.php 第 43 行.
NOTIC: [8] Undefined index: timeout /weixin/webdata/sign-f2f/ThinkPHP/Library/Think/Cache/Driver/Redis.class.php 第 45 行.

[ 2016-10-23T22:28:42+08:00 ] 127.0.0.1 /sign-f2f/wx/indexApi
INFO: [ app_init ] --START--
INFO: Run Behavior\BuildLiteBehavior [ RunTime:0.000020s ]
INFO: [ app_init ] --END-- [ RunTime:0.000127s ]
INFO: [ app_begin ] --START--
INFO: Run Behavior\ReadHtmlCacheBehavior [ RunTime:0.000063s ]
INFO: [ app_begin ] --END-- [ RunTime:0.000130s ]
NOTIC: [8] Undefined index: persistent /weixin/webdata/sign-f2f/ThinkPHP/Library/Think/Cache/Driver/Redis.class.php 第 41 行.
NOTIC: [8] Undefined index: timeout /weixin/webdata/sign-f2f/ThinkPHP/Library/Think/Cache/Driver/Redis.class.php 第 43 行.
NOTIC: [8] Undefined index: timeout /weixin/webdata/sign-f2f/ThinkPHP/Library/Think/Cache/Driver/Redis.class.php 第 45 行.
SQL: SHOW COLUMNS FROM `ini` [ RunTime:0.0008s ]
SQL: SELECT * FROM `ini`  [ RunTime:0.0001s ]
SQL: SHOW COLUMNS FROM `common` [ RunTime:0.0005s ]
SQL: SELECT * FROM `common` WHERE `power` = 0  [ RunTime:0.0001s ]

[ 2016-10-23T22:28:47+08:00 ] 127.0.0.1 /sign-f2f/wx/studentApi/getConfig?url=http:%2F%2Fwechat.hnust.cn%2Fsign-f2f%2Fwx%3Fv%3D160531
INFO: [ app_init ] --START--
INFO: Run Behavior\BuildLiteBehavior [ RunTime:0.000021s ]
INFO: [ app_init ] --END-- [ RunTime:0.000159s ]
INFO: [ app_begin ] --START--
INFO: Run Behavior\ReadHtmlCacheBehavior [ RunTime:0.000096s ]
INFO: [ app_begin ] --END-- [ RunTime:0.000166s ]
NOTIC: [8] Undefined index: persistent /weixin/webdata/sign-f2f/ThinkPHP/Library/Think/Cache/Driver/Redis.class.php 第 41 行.
NOTIC: [8] Undefined index: timeout /weixin/webdata/sign-f2f/ThinkPHP/Library/Think/Cache/Driver/Redis.class.php 第 43 行.
NOTIC: [8] Undefined index: timeout /weixin/webdata/sign-f2f/ThinkPHP/Library/Think/Cache/Driver/Redis.class.php 第 45 行.
SQL: SHOW COLUMNS FROM `ini` [ RunTime:0.0006s ]
SQL: SELECT * FROM `ini`  [ RunTime:0.0001s ]

[ 2016-10-23T22:28:52+08:00 ] 127.0.0.1 /sign-f2f/wx/studentApi/getQRCode
INFO: [ app_init ] --START--
INFO: Run Behavior\BuildLiteBehavior [ RunTime:0.000022s ]
INFO: [ app_init ] --END-- [ RunTime:0.000152s ]
INFO: [ app_begin ] --START--
INFO: Run Behavior\ReadHtmlCacheBehavior [ RunTime:0.000069s ]
INFO: [ app_begin ] --END-- [ RunTime:0.000139s ]
NOTIC: [8] Undefined index: persistent /weixin/webdata/sign-f2f/ThinkPHP/Library/Think/Cache/Driver/Redis.class.php 第 41 行.
NOTIC: [8] Undefined index: timeout /weixin/webdata/sign-f2f/ThinkPHP/Library/Think/Cache/Driver/Redis.class.php 第 43 行.
NOTIC: [8] Undefined index: timeout /weixin/webdata/sign-f2f/ThinkPHP/Library/Think/Cache/Driver/Redis.class.php 第 45 行.
SQL: SHOW COLUMNS FROM `ini` [ RunTime:0.0009s ]
SQL: SELECT * FROM `ini`  [ RunTime:0.0001s ]

[ 2016-10-23T22:28:54+08:00 ] 127.0.0.1 /sign-f2f/wx/indexApi
INFO: [ app_init ] --START--
INFO: Run Behavior\BuildLiteBehavior [ RunTime:0.000023s ]
INFO: [ app_init ] --END-- [ RunTime:0.000155s ]
INFO: [ app_begin ] --START--
INFO: Run Behavior\ReadHtmlCacheBehavior [ RunTime:0.000072s ]
INFO: [ app_begin ] --END-- [ RunTime:0.000140s ]
NOTIC: [8] Undefined index: persistent /weixin/webdata/sign-f2f/ThinkPHP/Library/Think/Cache/Driver/Redis.class.php 第 41 行.
NOTIC: [8] Undefined index: timeout /weixin/webdata/sign-f2f/ThinkPHP/Library/Think/Cache/Driver/Redis.class.php 第 43 行.
NOTIC: [8] Undefined index: timeout /weixin/webdata/sign-f2f/ThinkPHP/Library/Think/Cache/Driver/Redis.class.php 第 45 行.
SQL: SHOW COLUMNS FROM `ini` [ RunTime:0.0010s ]
SQL: SELECT * FROM `ini`  [ RunTime:0.0002s ]
SQL: SHOW COLUMNS FROM `common` [ RunTime:0.0009s ]
SQL: SELECT * FROM `common` WHERE `power` = 0  [ RunTime:0.0001s ]

[ 2016-10-23T23:54:41+08:00 ] 127.0.0.1 /sign-f2f/wx/indexApi
INFO: [ app_init ] --START--
INFO: Run Behavior\BuildLiteBehavior [ RunTime:0.000033s ]
INFO: [ app_init ] --END-- [ RunTime:0.000185s ]
INFO: [ app_begin ] --START--
INFO: Run Behavior\ReadHtmlCacheBehavior [ RunTime:0.000103s ]
INFO: [ app_begin ] --END-- [ RunTime:0.000177s ]
NOTIC: [8] Undefined index: persistent /weixin/webdata/sign-f2f/ThinkPHP/Library/Think/Cache/Driver/Redis.class.php 第 41 行.
NOTIC: [8] Undefined index: timeout /weixin/webdata/sign-f2f/ThinkPHP/Library/Think/Cache/Driver/Redis.class.php 第 43 行.
NOTIC: [8] Undefined index: timeout /weixin/webdata/sign-f2f/ThinkPHP/Library/Think/Cache/Driver/Redis.class.php 第 45 行.
SQL: SHOW COLUMNS FROM `ini` [ RunTime:0.0013s ]
SQL: SELECT * FROM `ini`  [ RunTime:0.0002s ]
SQL: SHOW COLUMNS FROM `common` [ RunTime:0.0008s ]
SQL: SELECT * FROM `common` WHERE `power` = 0  [ RunTime:0.0001s ]

